Tue Mar 25 22:38:54 -05 2025: Cargando módulo python/3.6.0_miniconda-4.3.11_gcc-11.2.0
Tue Mar 25 22:38:54 -05 2025: activando venv abc4sfa
Tue Mar 25 22:38:54 -05 2025: Ejecutando Rscript abc4sfa/1_simulation_hn/jobs/main_id=s13.R
Simulation 1 has began at: 2025-03-25 22:40:20.662556 
Batch 0 / 20  time:  2025-03-25 22:40:20.665248 
Batch 1 / 20  time:  2025-03-25 22:45:15.178248 
Batch 2 / 20  time:  2025-03-25 22:50:07.831016 
Batch 3 / 20  time:  2025-03-25 22:54:59.421352 
Batch 4 / 20  time:  2025-03-25 22:59:53.19705 
Batch 5 / 20  time:  2025-03-25 23:04:49.247178 
Batch 6 / 20  time:  2025-03-25 23:09:41.511348 
Batch 7 / 20  time:  2025-03-25 23:14:34.684754 
Batch 8 / 20  time:  2025-03-25 23:19:28.186669 
Batch 9 / 20  time:  2025-03-25 23:24:19.74413 
Batch 10 / 20  time:  2025-03-25 23:29:13.771698 
Batch 11 / 20  time:  2025-03-25 23:34:07.855534 
Batch 12 / 20  time:  2025-03-25 23:38:57.890957 
Batch 13 / 20  time:  2025-03-25 23:43:50.360837 
Batch 14 / 20  time:  2025-03-25 23:48:45.242584 
Batch 15 / 20  time:  2025-03-25 23:53:35.587679 
Batch 16 / 20  time:  2025-03-25 23:58:29.5507 
Batch 17 / 20  time:  2025-03-26 00:03:25.482117 
Batch 18 / 20  time:  2025-03-26 00:08:20.619432 
Batch 19 / 20  time:  2025-03-26 00:13:17.836957 
Simulation 1 has concluded at: 2025-03-26 00:18:12.349898 
Simulation 2 has began at: 2025-03-26 00:18:12.389753 
Batch 0 / 20  time:  2025-03-26 00:18:12.687297 
Batch 1 / 20  time:  2025-03-26 00:23:02.522449 
Batch 2 / 20  time:  2025-03-26 00:27:55.395212 
Batch 3 / 20  time:  2025-03-26 00:32:48.065779 
Batch 4 / 20  time:  2025-03-26 00:37:38.648029 
Batch 5 / 20  time:  2025-03-26 00:42:31.311016 
Batch 6 / 20  time:  2025-03-26 00:47:22.465202 
Batch 7 / 20  time:  2025-03-26 00:52:15.01417 
Batch 8 / 20  time:  2025-03-26 00:57:06.662006 
Batch 9 / 20  time:  2025-03-26 01:01:58.300397 
Batch 10 / 20  time:  2025-03-26 01:06:48.268682 
Batch 11 / 20  time:  2025-03-26 01:11:39.393906 
Batch 12 / 20  time:  2025-03-26 01:16:31.057362 
Batch 13 / 20  time:  2025-03-26 01:21:19.819571 
Batch 14 / 20  time:  2025-03-26 01:26:11.657633 
Batch 15 / 20  time:  2025-03-26 01:31:02.501555 
Batch 16 / 20  time:  2025-03-26 01:35:51.471952 
Batch 17 / 20  time:  2025-03-26 01:40:43.73571 
Batch 18 / 20  time:  2025-03-26 01:45:35.359915 
Batch 19 / 20  time:  2025-03-26 01:50:23.767596 
Simulation 2 has concluded at: 2025-03-26 01:55:14.867426 
Simulation 3 has began at: 2025-03-26 01:55:14.869381 
Batch 0 / 20  time:  2025-03-26 01:55:14.876796 
Batch 1 / 20  time:  2025-03-26 02:00:06.046085 
Batch 2 / 20  time:  2025-03-26 02:04:57.184451 
Batch 3 / 20  time:  2025-03-26 02:09:48.569895 
Batch 4 / 20  time:  2025-03-26 02:14:40.194008 
Batch 5 / 20  time:  2025-03-26 02:19:28.442511 
Batch 6 / 20  time:  2025-03-26 02:24:18.071518 
Batch 7 / 20  time:  2025-03-26 02:29:08.002292 
Batch 8 / 20  time:  2025-03-26 02:33:59.30145 
Batch 9 / 20  time:  2025-03-26 02:38:48.923829 
Batch 10 / 20  time:  2025-03-26 02:43:39.455374 
Batch 11 / 20  time:  2025-03-26 02:48:26.719285 
Batch 12 / 20  time:  2025-03-26 02:53:18.601254 
Batch 13 / 20  time:  2025-03-26 02:58:09.23735 
Batch 14 / 20  time:  2025-03-26 03:02:58.153886 
Batch 15 / 20  time:  2025-03-26 03:07:49.612838 
Batch 16 / 20  time:  2025-03-26 03:12:38.959445 
Batch 17 / 20  time:  2025-03-26 03:17:27.24373 
Batch 18 / 20  time:  2025-03-26 03:22:16.535404 
Batch 19 / 20  time:  2025-03-26 03:27:05.026413 
Simulation 3 has concluded at: 2025-03-26 03:31:54.401353 
Simulation 4 has began at: 2025-03-26 03:31:54.403452 
Batch 0 / 20  time:  2025-03-26 03:31:54.407164 
Batch 1 / 20  time:  2025-03-26 03:36:43.863435 
Batch 2 / 20  time:  2025-03-26 03:41:34.560075 
Batch 3 / 20  time:  2025-03-26 03:46:22.380308 
Batch 4 / 20  time:  2025-03-26 03:51:12.464003 
Batch 5 / 20  time:  2025-03-26 03:56:00.783041 
Batch 6 / 20  time:  2025-03-26 04:00:49.359643 
Batch 7 / 20  time:  2025-03-26 04:05:40.052817 
Batch 8 / 20  time:  2025-03-26 04:10:29.881485 
Batch 9 / 20  time:  2025-03-26 04:15:16.644422 
Batch 10 / 20  time:  2025-03-26 04:20:03.561317 
Batch 11 / 20  time:  2025-03-26 04:24:51.982083 
Batch 12 / 20  time:  2025-03-26 04:29:40.868468 
Batch 13 / 20  time:  2025-03-26 04:34:32.543216 
Batch 14 / 20  time:  2025-03-26 04:39:21.389993 
Batch 15 / 20  time:  2025-03-26 04:44:10.499286 
Batch 16 / 20  time:  2025-03-26 04:48:58.30791 
Batch 17 / 20  time:  2025-03-26 04:53:47.36674 
Batch 18 / 20  time:  2025-03-26 04:58:34.672605 
Batch 19 / 20  time:  2025-03-26 05:03:26.97276 
Simulation 4 has concluded at: 2025-03-26 05:08:16.533468 
Simulation 5 has began at: 2025-03-26 05:08:16.535967 
Batch 0 / 20  time:  2025-03-26 05:08:16.541447 
Batch 1 / 20  time:  2025-03-26 05:13:03.7119 
Batch 2 / 20  time:  2025-03-26 05:17:51.122412 
Batch 3 / 20  time:  2025-03-26 05:22:38.782491 
Batch 4 / 20  time:  2025-03-26 05:27:26.629344 
Batch 5 / 20  time:  2025-03-26 05:32:16.154557 
Batch 6 / 20  time:  2025-03-26 05:37:06.360296 
Batch 7 / 20  time:  2025-03-26 05:41:54.32075 
Batch 8 / 20  time:  2025-03-26 05:46:42.946772 
Batch 9 / 20  time:  2025-03-26 05:51:31.569866 
Batch 10 / 20  time:  2025-03-26 05:56:21.732439 
Batch 11 / 20  time:  2025-03-26 06:01:12.135651 
Batch 12 / 20  time:  2025-03-26 06:06:02.086245 
Batch 13 / 20  time:  2025-03-26 06:10:51.91195 
Batch 14 / 20  time:  2025-03-26 06:15:42.714243 
Batch 15 / 20  time:  2025-03-26 06:20:32.060821 
Batch 16 / 20  time:  2025-03-26 06:25:20.835864 
Batch 17 / 20  time:  2025-03-26 06:30:09.845956 
Batch 18 / 20  time:  2025-03-26 06:34:58.037369 
Batch 19 / 20  time:  2025-03-26 06:39:45.972738 
Simulation 5 has concluded at: 2025-03-26 06:44:37.139558 
Simulation 6 has began at: 2025-03-26 06:44:37.142151 
Batch 0 / 20  time:  2025-03-26 06:44:37.147569 
Batch 1 / 20  time:  2025-03-26 06:49:24.958699 
Batch 2 / 20  time:  2025-03-26 06:54:13.410295 
Batch 3 / 20  time:  2025-03-26 06:59:01.837129 
Batch 4 / 20  time:  2025-03-26 07:03:50.799192 
Batch 5 / 20  time:  2025-03-26 07:08:38.272265 
Batch 6 / 20  time:  2025-03-26 07:13:27.042248 
Batch 7 / 20  time:  2025-03-26 07:18:15.267749 
Batch 8 / 20  time:  2025-03-26 07:23:03.370095 
Batch 9 / 20  time:  2025-03-26 07:27:50.535116 
Batch 10 / 20  time:  2025-03-26 07:32:39.556039 
Batch 11 / 20  time:  2025-03-26 07:37:28.801527 
Batch 12 / 20  time:  2025-03-26 07:42:18.597561 
Batch 13 / 20  time:  2025-03-26 07:47:07.196397 
Batch 14 / 20  time:  2025-03-26 07:51:54.246092 
Batch 15 / 20  time:  2025-03-26 07:56:42.17537 
Batch 16 / 20  time:  2025-03-26 08:01:33.425327 
Batch 17 / 20  time:  2025-03-26 08:06:25.85226 
Batch 18 / 20  time:  2025-03-26 08:11:15.007051 
Batch 19 / 20  time:  2025-03-26 08:16:03.305057 
Simulation 6 has concluded at: 2025-03-26 08:20:50.739525 
Simulation 7 has began at: 2025-03-26 08:20:50.74223 
Batch 0 / 20  time:  2025-03-26 08:20:50.749931 
Batch 1 / 20  time:  2025-03-26 08:25:37.112169 
Batch 2 / 20  time:  2025-03-26 08:30:24.330874 
Batch 3 / 20  time:  2025-03-26 08:35:11.094667 
Batch 4 / 20  time:  2025-03-26 08:39:57.143823 
Batch 5 / 20  time:  2025-03-26 08:44:44.472619 
Batch 6 / 20  time:  2025-03-26 08:49:29.986471 
Batch 7 / 20  time:  2025-03-26 08:54:16.50027 
Batch 8 / 20  time:  2025-03-26 08:59:03.857208 
Batch 9 / 20  time:  2025-03-26 09:03:50.303317 
Batch 10 / 20  time:  2025-03-26 09:08:37.08422 
Batch 11 / 20  time:  2025-03-26 09:13:26.095422 
Batch 12 / 20  time:  2025-03-26 09:18:09.869145 
Batch 13 / 20  time:  2025-03-26 09:22:56.735259 
Batch 14 / 20  time:  2025-03-26 09:27:42.745233 
Batch 15 / 20  time:  2025-03-26 09:32:27.231184 
Batch 16 / 20  time:  2025-03-26 09:37:13.975009 
Batch 17 / 20  time:  2025-03-26 09:42:00.184993 
Batch 18 / 20  time:  2025-03-26 09:46:43.930885 
Batch 19 / 20  time:  2025-03-26 09:51:31.078211 
Simulation 7 has concluded at: 2025-03-26 09:56:16.050344 
Simulation 8 has began at: 2025-03-26 09:56:16.052944 
Batch 0 / 20  time:  2025-03-26 09:56:16.056725 
Batch 1 / 20  time:  2025-03-26 10:01:01.468998 
Batch 2 / 20  time:  2025-03-26 10:05:49.179856 
Batch 3 / 20  time:  2025-03-26 10:10:35.351826 
Batch 4 / 20  time:  2025-03-26 10:15:20.712934 
Batch 5 / 20  time:  2025-03-26 10:20:06.108082 
Batch 6 / 20  time:  2025-03-26 10:24:51.88324 
Batch 7 / 20  time:  2025-03-26 10:29:34.600367 
Batch 8 / 20  time:  2025-03-26 10:34:21.874902 
Batch 9 / 20  time:  2025-03-26 10:39:09.367274 
Batch 10 / 20  time:  2025-03-26 10:43:53.849544 
Batch 11 / 20  time:  2025-03-26 10:48:39.091419 
Batch 12 / 20  time:  2025-03-26 10:53:24.278181 
Batch 13 / 20  time:  2025-03-26 10:58:09.023511 
Batch 14 / 20  time:  2025-03-26 11:02:53.512789 
Batch 15 / 20  time:  2025-03-26 11:07:39.426011 
Batch 16 / 20  time:  2025-03-26 11:12:22.997015 
Batch 17 / 20  time:  2025-03-26 11:17:12.715094 
Batch 18 / 20  time:  2025-03-26 11:21:59.739946 
Batch 19 / 20  time:  2025-03-26 11:26:43.920772 
Simulation 8 has concluded at: 2025-03-26 11:31:29.938456 
Simulation 9 has began at: 2025-03-26 11:31:29.941992 
Batch 0 / 20  time:  2025-03-26 11:31:29.945259 
Batch 1 / 20  time:  2025-03-26 11:36:16.130064 
Batch 2 / 20  time:  2025-03-26 11:41:00.709107 
Batch 3 / 20  time:  2025-03-26 11:45:46.309132 
Batch 4 / 20  time:  2025-03-26 11:50:31.202582 
Batch 5 / 20  time:  2025-03-26 11:55:15.305765 
Batch 6 / 20  time:  2025-03-26 12:00:03.545232 
Batch 7 / 20  time:  2025-03-26 12:04:54.079329 
Batch 8 / 20  time:  2025-03-26 12:09:40.408708 
Batch 9 / 20  time:  2025-03-26 12:14:25.05194 
Batch 10 / 20  time:  2025-03-26 12:19:11.337181 
Batch 11 / 20  time:  2025-03-26 12:24:00.427846 
Batch 12 / 20  time:  2025-03-26 12:28:45.868626 
Batch 13 / 20  time:  2025-03-26 12:33:31.375405 
Batch 14 / 20  time:  2025-03-26 12:38:15.976923 
Batch 15 / 20  time:  2025-03-26 12:43:08.26852 
Batch 16 / 20  time:  2025-03-26 12:47:54.808305 
Batch 17 / 20  time:  2025-03-26 12:52:43.216376 
Batch 18 / 20  time:  2025-03-26 12:57:30.379112 
Batch 19 / 20  time:  2025-03-26 13:02:15.80979 
Simulation 9 has concluded at: 2025-03-26 13:07:01.763824 
Simulation 10 has began at: 2025-03-26 13:07:01.767491 
Batch 0 / 20  time:  2025-03-26 13:07:01.771139 
Batch 1 / 20  time:  2025-03-26 13:11:46.935255 
Batch 2 / 20  time:  2025-03-26 13:16:31.60447 
Batch 3 / 20  time:  2025-03-26 13:21:16.104316 
Batch 4 / 20  time:  2025-03-26 13:25:59.710121 
Batch 5 / 20  time:  2025-03-26 13:30:46.1702 
Batch 6 / 20  time:  2025-03-26 13:35:32.832315 
Batch 7 / 20  time:  2025-03-26 13:40:18.292518 
Batch 8 / 20  time:  2025-03-26 13:45:04.089718 
Batch 9 / 20  time:  2025-03-26 13:49:47.225993 
Batch 10 / 20  time:  2025-03-26 13:54:31.020612 
Batch 11 / 20  time:  2025-03-26 13:59:16.213827 
Batch 12 / 20  time:  2025-03-26 14:04:02.595167 
Batch 13 / 20  time:  2025-03-26 14:08:48.584124 
Batch 14 / 20  time:  2025-03-26 14:13:33.375433 
Batch 15 / 20  time:  2025-03-26 14:18:17.922725 
Batch 16 / 20  time:  2025-03-26 14:23:02.564149 
Batch 17 / 20  time:  2025-03-26 14:27:47.35722 
Batch 18 / 20  time:  2025-03-26 14:32:33.295889 
Batch 19 / 20  time:  2025-03-26 14:37:21.179609 
Simulation 10 has concluded at: 2025-03-26 14:42:07.714858 
Simulation 11 has began at: 2025-03-26 14:42:07.718296 
Batch 0 / 20  time:  2025-03-26 14:42:07.72201 
Batch 1 / 20  time:  2025-03-26 14:46:53.353048 
Batch 2 / 20  time:  2025-03-26 14:51:37.327021 
Batch 3 / 20  time:  2025-03-26 14:56:20.990513 
Batch 4 / 20  time:  2025-03-26 15:01:07.151576 
Batch 5 / 20  time:  2025-03-26 15:05:54.162154 
Batch 6 / 20  time:  2025-03-26 15:10:39.508187 
Batch 7 / 20  time:  2025-03-26 15:15:25.300975 
Batch 8 / 20  time:  2025-03-26 15:20:10.486006 
Batch 9 / 20  time:  2025-03-26 15:24:52.928977 
Batch 10 / 20  time:  2025-03-26 15:29:37.437856 
Batch 11 / 20  time:  2025-03-26 15:34:22.459816 
Batch 12 / 20  time:  2025-03-26 15:39:07.002795 
Batch 13 / 20  time:  2025-03-26 15:43:49.920389 
Batch 14 / 20  time:  2025-03-26 15:48:34.671405 
Batch 15 / 20  time:  2025-03-26 15:53:18.247857 
Batch 16 / 20  time:  2025-03-26 15:58:02.135858 
Batch 17 / 20  time:  2025-03-26 16:02:47.542476 
Batch 18 / 20  time:  2025-03-26 16:07:33.100087 
Batch 19 / 20  time:  2025-03-26 16:12:20.144342 
Simulation 11 has concluded at: 2025-03-26 16:17:05.418177 
Simulation 12 has began at: 2025-03-26 16:17:05.421633 
Batch 0 / 20  time:  2025-03-26 16:17:05.424895 
Batch 1 / 20  time:  2025-03-26 16:21:52.157423 
Batch 2 / 20  time:  2025-03-26 16:26:36.617176 
Batch 3 / 20  time:  2025-03-26 16:31:21.517196 
Batch 4 / 20  time:  2025-03-26 16:36:04.407171 
Batch 5 / 20  time:  2025-03-26 16:40:48.198775 
Batch 6 / 20  time:  2025-03-26 16:45:31.56505 
Batch 7 / 20  time:  2025-03-26 16:50:13.947114 
Batch 8 / 20  time:  2025-03-26 16:54:57.810562 
Batch 9 / 20  time:  2025-03-26 16:59:40.030123 
Batch 10 / 20  time:  2025-03-26 17:04:23.97812 
Batch 11 / 20  time:  2025-03-26 17:09:06.131455 
Batch 12 / 20  time:  2025-03-26 17:13:51.015776 
Batch 13 / 20  time:  2025-03-26 17:18:34.042348 
Batch 14 / 20  time:  2025-03-26 17:23:15.645319 
Batch 15 / 20  time:  2025-03-26 17:27:58.271368 
Batch 16 / 20  time:  2025-03-26 17:32:41.314227 
Batch 17 / 20  time:  2025-03-26 17:37:23.962048 
Batch 18 / 20  time:  2025-03-26 17:42:06.896154 
Batch 19 / 20  time:  2025-03-26 17:46:48.173234 
Simulation 12 has concluded at: 2025-03-26 17:51:30.6736 
Simulation 13 has began at: 2025-03-26 17:51:30.677543 
Batch 0 / 20  time:  2025-03-26 17:51:30.684352 
Batch 1 / 20  time:  2025-03-26 17:56:14.123778 
Batch 2 / 20  time:  2025-03-26 18:00:57.174073 
Batch 3 / 20  time:  2025-03-26 18:05:39.844895 
Batch 4 / 20  time:  2025-03-26 18:10:24.040862 
Batch 5 / 20  time:  2025-03-26 18:15:07.307777 
Batch 6 / 20  time:  2025-03-26 18:19:50.652779 
Batch 7 / 20  time:  2025-03-26 18:24:33.818296 
Batch 8 / 20  time:  2025-03-26 18:29:19.347838 
Batch 9 / 20  time:  2025-03-26 18:34:02.029338 
Batch 10 / 20  time:  2025-03-26 18:38:46.083597 
Batch 11 / 20  time:  2025-03-26 18:43:29.7389 
Batch 12 / 20  time:  2025-03-26 18:48:12.142962 
Batch 13 / 20  time:  2025-03-26 18:52:56.344906 
Batch 14 / 20  time:  2025-03-26 18:57:41.960304 
Batch 15 / 20  time:  2025-03-26 19:02:24.829924 
Batch 16 / 20  time:  2025-03-26 19:07:09.280453 
Batch 17 / 20  time:  2025-03-26 19:11:53.26971 
Batch 18 / 20  time:  2025-03-26 19:16:36.470974 
Batch 19 / 20  time:  2025-03-26 19:21:18.676752 
Simulation 13 has concluded at: 2025-03-26 19:26:01.360939 
Simulation 14 has began at: 2025-03-26 19:26:01.378571 
Batch 0 / 20  time:  2025-03-26 19:26:01.381968 
Batch 1 / 20  time:  2025-03-26 19:30:44.074839 
Batch 2 / 20  time:  2025-03-26 19:35:27.58933 
Batch 3 / 20  time:  2025-03-26 19:40:10.807436 
Batch 4 / 20  time:  2025-03-26 19:44:52.42564 
Batch 5 / 20  time:  2025-03-26 19:49:34.78978 
Batch 6 / 20  time:  2025-03-26 19:54:17.255522 
Batch 7 / 20  time:  2025-03-26 19:58:58.932569 
Batch 8 / 20  time:  2025-03-26 20:03:43.990361 
Batch 9 / 20  time:  2025-03-26 20:08:27.863991 
Batch 10 / 20  time:  2025-03-26 20:13:10.893342 
Batch 11 / 20  time:  2025-03-26 20:17:53.146587 
Batch 12 / 20  time:  2025-03-26 20:22:35.327376 
Batch 13 / 20  time:  2025-03-26 20:27:17.266719 
Batch 14 / 20  time:  2025-03-26 20:32:01.005042 
Batch 15 / 20  time:  2025-03-26 20:36:45.252445 
Batch 16 / 20  time:  2025-03-26 20:41:28.725893 
Batch 17 / 20  time:  2025-03-26 20:46:11.335079 
Batch 18 / 20  time:  2025-03-26 20:50:53.33933 
Batch 19 / 20  time:  2025-03-26 20:55:36.197517 
Simulation 14 has concluded at: 2025-03-26 21:00:18.344946 
Simulation 15 has began at: 2025-03-26 21:00:18.349226 
Batch 0 / 20  time:  2025-03-26 21:00:18.352432 
Batch 1 / 20  time:  2025-03-26 21:05:02.851016 
Batch 2 / 20  time:  2025-03-26 21:09:47.416225 
Batch 3 / 20  time:  2025-03-26 21:14:28.408279 
Batch 4 / 20  time:  2025-03-26 21:19:10.234113 
Batch 5 / 20  time:  2025-03-26 21:23:53.888515 
Batch 6 / 20  time:  2025-03-26 21:28:35.671425 
Batch 7 / 20  time:  2025-03-26 21:33:21.084418 
Batch 8 / 20  time:  2025-03-26 21:38:08.763197 
Batch 9 / 20  time:  2025-03-26 21:42:52.348482 
Batch 10 / 20  time:  2025-03-26 21:47:38.531129 
Batch 11 / 20  time:  2025-03-26 21:52:19.868333 
Batch 12 / 20  time:  2025-03-26 21:57:01.034558 
Batch 13 / 20  time:  2025-03-26 22:01:44.103023 
Batch 14 / 20  time:  2025-03-26 22:06:27.872632 
Batch 15 / 20  time:  2025-03-26 22:11:09.755012 
Batch 16 / 20  time:  2025-03-26 22:15:51.846539 
Batch 17 / 20  time:  2025-03-26 22:20:35.00697 
Batch 18 / 20  time:  2025-03-26 22:25:16.724637 
Batch 19 / 20  time:  2025-03-26 22:29:59.444938 
Simulation 15 has concluded at: 2025-03-26 22:34:44.191794 
Simulation 16 has began at: 2025-03-26 22:34:44.196557 
Batch 0 / 20  time:  2025-03-26 22:34:44.200347 
Batch 1 / 20  time:  2025-03-26 22:39:27.14747 
Batch 2 / 20  time:  2025-03-26 22:44:11.065109 
Batch 3 / 20  time:  2025-03-26 22:48:53.016901 
Batch 4 / 20  time:  2025-03-26 22:53:34.181269 
Batch 5 / 20  time:  2025-03-26 22:58:16.354956 
Batch 6 / 20  time:  2025-03-26 23:02:59.816968 
Batch 7 / 20  time:  2025-03-26 23:07:43.513878 
Batch 8 / 20  time:  2025-03-26 23:12:25.899396 
Batch 9 / 20  time:  2025-03-26 23:17:09.241363 
Batch 10 / 20  time:  2025-03-26 23:21:51.948141 
Batch 11 / 20  time:  2025-03-26 23:26:34.774916 
Batch 12 / 20  time:  2025-03-26 23:31:18.590267 
Batch 13 / 20  time:  2025-03-26 23:36:01.196546 
Batch 14 / 20  time:  2025-03-26 23:40:44.117809 
Batch 15 / 20  time:  2025-03-26 23:45:25.508999 
Batch 16 / 20  time:  2025-03-26 23:50:07.682346 
Batch 17 / 20  time:  2025-03-26 23:54:50.010511 
Batch 18 / 20  time:  2025-03-26 23:59:33.793824 
Batch 19 / 20  time:  2025-03-27 00:04:19.013937 
Simulation 16 has concluded at: 2025-03-27 00:09:05.084896 
Simulation 17 has began at: 2025-03-27 00:09:05.0896 
Batch 0 / 20  time:  2025-03-27 00:09:05.09285 
Batch 1 / 20  time:  2025-03-27 00:13:47.007461 
Batch 2 / 20  time:  2025-03-27 00:18:29.781274 
Batch 3 / 20  time:  2025-03-27 00:23:11.666222 
Batch 4 / 20  time:  2025-03-27 00:27:53.169914 
Batch 5 / 20  time:  2025-03-27 00:32:35.279329 
Batch 6 / 20  time:  2025-03-27 00:37:20.224787 
Batch 7 / 20  time:  2025-03-27 00:42:01.957751 
Batch 8 / 20  time:  2025-03-27 00:46:44.863528 
Batch 9 / 20  time:  2025-03-27 00:51:25.828561 
Batch 10 / 20  time:  2025-03-27 00:56:08.545589 
Batch 11 / 20  time:  2025-03-27 01:00:51.916697 
Batch 12 / 20  time:  2025-03-27 01:05:36.322671 
Batch 13 / 20  time:  2025-03-27 01:10:20.499446 
Batch 14 / 20  time:  2025-03-27 01:15:08.868425 
Batch 15 / 20  time:  2025-03-27 01:19:55.686244 
Batch 16 / 20  time:  2025-03-27 01:24:37.209203 
Batch 17 / 20  time:  2025-03-27 01:29:19.127317 
Batch 18 / 20  time:  2025-03-27 01:34:07.297544 
Batch 19 / 20  time:  2025-03-27 01:38:55.420225 
Simulation 17 has concluded at: 2025-03-27 01:43:41.351439 
Simulation 18 has began at: 2025-03-27 01:43:41.356136 
Batch 0 / 20  time:  2025-03-27 01:43:41.359145 
Batch 1 / 20  time:  2025-03-27 01:48:27.795937 
Batch 2 / 20  time:  2025-03-27 01:53:10.366401 
Batch 3 / 20  time:  2025-03-27 01:57:52.280639 
Batch 4 / 20  time:  2025-03-27 02:02:36.510765 
Batch 5 / 20  time:  2025-03-27 02:07:19.982515 
Batch 6 / 20  time:  2025-03-27 02:12:04.506931 
Batch 7 / 20  time:  2025-03-27 02:16:49.271764 
Batch 8 / 20  time:  2025-03-27 02:21:33.447803 
Batch 9 / 20  time:  2025-03-27 02:26:17.586314 
Batch 10 / 20  time:  2025-03-27 02:31:02.478909 
Batch 11 / 20  time:  2025-03-27 02:35:48.056158 
Batch 12 / 20  time:  2025-03-27 02:40:30.019531 
Batch 13 / 20  time:  2025-03-27 02:45:13.753539 
Batch 14 / 20  time:  2025-03-27 02:49:59.681472 
Batch 15 / 20  time:  2025-03-27 02:54:42.458466 
Batch 16 / 20  time:  2025-03-27 02:59:28.1215 
Batch 17 / 20  time:  2025-03-27 03:04:13.086497 
Batch 18 / 20  time:  2025-03-27 03:08:59.082662 
Batch 19 / 20  time:  2025-03-27 03:13:42.360629 
Simulation 18 has concluded at: 2025-03-27 03:18:26.040077 
Simulation 19 has began at: 2025-03-27 03:18:26.045407 
Batch 0 / 20  time:  2025-03-27 03:18:26.048979 
Batch 1 / 20  time:  2025-03-27 03:23:08.954267 
Batch 2 / 20  time:  2025-03-27 03:27:51.172374 
Batch 3 / 20  time:  2025-03-27 03:32:34.583274 
Batch 4 / 20  time:  2025-03-27 03:37:18.407808 
Batch 5 / 20  time:  2025-03-27 03:42:00.944286 
Batch 6 / 20  time:  2025-03-27 03:46:45.279716 
Batch 7 / 20  time:  2025-03-27 03:51:27.881472 
Batch 8 / 20  time:  2025-03-27 03:56:11.98772 
Batch 9 / 20  time:  2025-03-27 04:00:58.815373 
Batch 10 / 20  time:  2025-03-27 04:05:44.838045 
Batch 11 / 20  time:  2025-03-27 04:10:33.054294 
Batch 12 / 20  time:  2025-03-27 04:15:22.588343 
Batch 13 / 20  time:  2025-03-27 04:20:12.759402 
Batch 14 / 20  time:  2025-03-27 04:24:56.845471 
Batch 15 / 20  time:  2025-03-27 04:29:39.821083 
Batch 16 / 20  time:  2025-03-27 04:34:24.587195 
Batch 17 / 20  time:  2025-03-27 04:39:06.675706 
Batch 18 / 20  time:  2025-03-27 04:43:50.445516 
Batch 19 / 20  time:  2025-03-27 04:48:32.587789 
Simulation 19 has concluded at: 2025-03-27 04:53:14.791911 
Simulation 20 has began at: 2025-03-27 04:53:14.797184 
Batch 0 / 20  time:  2025-03-27 04:53:14.800854 
Batch 1 / 20  time:  2025-03-27 04:57:56.161403 
Batch 2 / 20  time:  2025-03-27 05:02:37.987128 
Batch 3 / 20  time:  2025-03-27 05:07:21.267533 
Batch 4 / 20  time:  2025-03-27 05:12:03.609973 
Batch 5 / 20  time:  2025-03-27 05:16:47.206646 
Batch 6 / 20  time:  2025-03-27 05:21:29.133116 
Batch 7 / 20  time:  2025-03-27 05:26:11.880328 
Batch 8 / 20  time:  2025-03-27 05:30:56.020575 
Batch 9 / 20  time:  2025-03-27 05:35:38.608559 
Batch 10 / 20  time:  2025-03-27 05:40:21.40424 
Batch 11 / 20  time:  2025-03-27 05:45:05.070411 
Batch 12 / 20  time:  2025-03-27 05:49:47.011822 
Batch 13 / 20  time:  2025-03-27 05:54:29.156725 
Batch 14 / 20  time:  2025-03-27 05:59:12.393779 
Batch 15 / 20  time:  2025-03-27 06:03:55.314105 
Batch 16 / 20  time:  2025-03-27 06:08:39.056466 
Batch 17 / 20  time:  2025-03-27 06:13:21.718846 
Batch 18 / 20  time:  2025-03-27 06:18:04.720325 
Batch 19 / 20  time:  2025-03-27 06:22:44.505522 
Simulation 20 has concluded at: 2025-03-27 06:27:26.474346 
Simulation 21 has began at: 2025-03-27 06:27:26.491927 
Batch 0 / 20  time:  2025-03-27 06:27:26.495267 
Batch 1 / 20  time:  2025-03-27 06:32:10.264302 
Batch 2 / 20  time:  2025-03-27 06:36:53.351565 
Batch 3 / 20  time:  2025-03-27 06:41:35.638794 
Batch 4 / 20  time:  2025-03-27 06:46:19.565842 
Batch 5 / 20  time:  2025-03-27 06:51:00.825307 
Batch 6 / 20  time:  2025-03-27 06:55:42.619619 
Batch 7 / 20  time:  2025-03-27 07:00:25.830648 
Batch 8 / 20  time:  2025-03-27 07:05:07.929008 
Batch 9 / 20  time:  2025-03-27 07:09:50.215369 
Batch 10 / 20  time:  2025-03-27 07:14:33.266299 
Batch 11 / 20  time:  2025-03-27 07:19:14.986855 
Batch 12 / 20  time:  2025-03-27 07:23:57.35256 
Batch 13 / 20  time:  2025-03-27 07:28:39.532048 
Batch 14 / 20  time:  2025-03-27 07:33:22.905765 
Batch 15 / 20  time:  2025-03-27 07:38:04.368087 
Batch 16 / 20  time:  2025-03-27 07:42:46.406216 
Batch 17 / 20  time:  2025-03-27 07:47:28.156579 
Batch 18 / 20  time:  2025-03-27 07:52:09.58137 
Batch 19 / 20  time:  2025-03-27 07:56:50.730908 
Simulation 21 has concluded at: 2025-03-27 08:01:33.418247 
Simulation 22 has began at: 2025-03-27 08:01:33.423877 
Batch 0 / 20  time:  2025-03-27 08:01:33.427015 
Batch 1 / 20  time:  2025-03-27 08:06:16.78265 
Batch 2 / 20  time:  2025-03-27 08:10:59.735734 
Batch 3 / 20  time:  2025-03-27 08:15:41.752437 
Batch 4 / 20  time:  2025-03-27 08:20:23.607116 
Batch 5 / 20  time:  2025-03-27 08:25:05.783935 
Batch 6 / 20  time:  2025-03-27 08:29:46.829331 
Batch 7 / 20  time:  2025-03-27 08:34:29.21995 
Batch 8 / 20  time:  2025-03-27 08:39:11.299654 
Batch 9 / 20  time:  2025-03-27 08:43:52.827484 
Batch 10 / 20  time:  2025-03-27 08:48:33.931079 
Batch 11 / 20  time:  2025-03-27 08:53:16.151644 
Batch 12 / 20  time:  2025-03-27 08:57:58.200891 
Batch 13 / 20  time:  2025-03-27 09:02:41.894283 
Batch 14 / 20  time:  2025-03-27 09:07:25.546225 
Batch 15 / 20  time:  2025-03-27 09:12:06.758764 
Batch 16 / 20  time:  2025-03-27 09:16:47.608039 
Batch 17 / 20  time:  2025-03-27 09:21:29.277014 
Batch 18 / 20  time:  2025-03-27 09:26:11.890987 
Batch 19 / 20  time:  2025-03-27 09:30:54.265312 
Simulation 22 has concluded at: 2025-03-27 09:35:37.728037 
Simulation 23 has began at: 2025-03-27 09:35:37.733857 
Batch 0 / 20  time:  2025-03-27 09:35:37.737054 
Batch 1 / 20  time:  2025-03-27 09:40:20.518696 
Batch 2 / 20  time:  2025-03-27 09:45:03.025142 
Batch 3 / 20  time:  2025-03-27 09:49:44.862332 
Batch 4 / 20  time:  2025-03-27 09:54:27.067679 
Batch 5 / 20  time:  2025-03-27 09:59:09.549271 
Batch 6 / 20  time:  2025-03-27 10:03:53.823598 
Batch 7 / 20  time:  2025-03-27 10:08:37.183057 
Batch 8 / 20  time:  2025-03-27 10:13:19.069032 
Batch 9 / 20  time:  2025-03-27 10:18:01.278244 
Batch 10 / 20  time:  2025-03-27 10:22:43.238233 
Batch 11 / 20  time:  2025-03-27 10:27:25.843352 
Batch 12 / 20  time:  2025-03-27 10:32:09.721846 
Batch 13 / 20  time:  2025-03-27 10:36:53.180346 
Batch 14 / 20  time:  2025-03-27 10:41:34.643792 
Batch 15 / 20  time:  2025-03-27 10:46:15.617943 
Batch 16 / 20  time:  2025-03-27 10:50:58.815648 
Batch 17 / 20  time:  2025-03-27 10:55:41.221066 
Batch 18 / 20  time:  2025-03-27 11:00:23.922013 
Batch 19 / 20  time:  2025-03-27 11:05:07.447667 
Simulation 23 has concluded at: 2025-03-27 11:09:48.897314 
Simulation 24 has began at: 2025-03-27 11:09:48.903759 
Batch 0 / 20  time:  2025-03-27 11:09:48.906991 
Batch 1 / 20  time:  2025-03-27 11:14:29.522936 
Batch 2 / 20  time:  2025-03-27 11:19:11.608387 
Batch 3 / 20  time:  2025-03-27 11:23:53.148117 
Batch 4 / 20  time:  2025-03-27 11:28:34.473221 
Batch 5 / 20  time:  2025-03-27 11:33:18.150305 
Batch 6 / 20  time:  2025-03-27 11:37:59.984753 
Batch 7 / 20  time:  2025-03-27 11:42:42.465351 
Batch 8 / 20  time:  2025-03-27 11:47:25.019613 
Batch 9 / 20  time:  2025-03-27 11:52:06.070907 
Batch 10 / 20  time:  2025-03-27 11:56:47.948263 
Batch 11 / 20  time:  2025-03-27 12:01:30.806144 
Batch 12 / 20  time:  2025-03-27 12:06:13.907809 
Batch 13 / 20  time:  2025-03-27 12:10:56.087358 
Batch 14 / 20  time:  2025-03-27 12:15:38.764335 
Batch 15 / 20  time:  2025-03-27 12:20:19.688188 
Batch 16 / 20  time:  2025-03-27 12:25:01.130279 
Batch 17 / 20  time:  2025-03-27 12:29:42.563314 
Batch 18 / 20  time:  2025-03-27 12:34:25.520035 
Batch 19 / 20  time:  2025-03-27 12:39:07.642694 
Simulation 24 has concluded at: 2025-03-27 12:43:49.513572 
Simulation 25 has began at: 2025-03-27 12:43:49.520311 
Batch 0 / 20  time:  2025-03-27 12:43:49.524912 
Batch 1 / 20  time:  2025-03-27 12:48:32.355562 
Batch 2 / 20  time:  2025-03-27 12:53:13.759593 
Batch 3 / 20  time:  2025-03-27 12:57:55.980219 
Batch 4 / 20  time:  2025-03-27 13:02:38.675809 
Batch 5 / 20  time:  2025-03-27 13:07:20.875874 
Batch 6 / 20  time:  2025-03-27 13:12:03.498574 
Batch 7 / 20  time:  2025-03-27 13:16:45.756937 
Batch 8 / 20  time:  2025-03-27 13:21:27.506718 
Batch 9 / 20  time:  2025-03-27 13:26:09.412678 
Batch 10 / 20  time:  2025-03-27 13:30:54.607158 
Batch 11 / 20  time:  2025-03-27 13:35:36.990113 
Batch 12 / 20  time:  2025-03-27 13:40:20.043236 
Batch 13 / 20  time:  2025-03-27 13:45:01.840151 
Batch 14 / 20  time:  2025-03-27 13:49:44.852097 
Batch 15 / 20  time:  2025-03-27 13:54:27.525007 
Batch 16 / 20  time:  2025-03-27 13:59:10.311257 
Batch 17 / 20  time:  2025-03-27 14:03:52.067786 
Batch 18 / 20  time:  2025-03-27 14:08:36.174698 
Batch 19 / 20  time:  2025-03-27 14:13:17.92993 
Simulation 25 has concluded at: 2025-03-27 14:18:00.117027 
Simulation 26 has began at: 2025-03-27 14:18:00.123789 
Batch 0 / 20  time:  2025-03-27 14:18:00.127372 
Batch 1 / 20  time:  2025-03-27 14:22:41.705574 
Batch 2 / 20  time:  2025-03-27 14:27:25.609281 
Batch 3 / 20  time:  2025-03-27 14:32:08.150934 
Batch 4 / 20  time:  2025-03-27 14:36:56.081227 
Batch 5 / 20  time:  2025-03-27 14:41:45.474491 
Batch 6 / 20  time:  2025-03-27 14:46:33.021035 
Batch 7 / 20  time:  2025-03-27 14:51:24.690135 
Batch 8 / 20  time:  2025-03-27 14:56:09.280452 
Batch 9 / 20  time:  2025-03-27 15:00:56.588593 
Batch 10 / 20  time:  2025-03-27 15:05:43.709925 
Batch 11 / 20  time:  2025-03-27 15:10:25.768123 
Batch 12 / 20  time:  2025-03-27 15:15:11.788644 
Batch 13 / 20  time:  2025-03-27 15:19:54.281069 
Batch 14 / 20  time:  2025-03-27 15:24:39.41924 
Batch 15 / 20  time:  2025-03-27 15:29:21.360419 
Batch 16 / 20  time:  2025-03-27 15:34:05.813783 
Batch 17 / 20  time:  2025-03-27 15:38:48.759121 
Batch 18 / 20  time:  2025-03-27 15:43:32.720553 
Batch 19 / 20  time:  2025-03-27 15:48:15.90759 
Simulation 26 has concluded at: 2025-03-27 15:53:02.514195 
Simulation 27 has began at: 2025-03-27 15:53:02.520781 
Batch 0 / 20  time:  2025-03-27 15:53:02.523929 
Batch 1 / 20  time:  2025-03-27 15:57:45.036628 
Batch 2 / 20  time:  2025-03-27 16:02:27.822044 
Batch 3 / 20  time:  2025-03-27 16:07:12.697123 
Batch 4 / 20  time:  2025-03-27 16:11:57.157357 
Batch 5 / 20  time:  2025-03-27 16:16:42.363255 
Batch 6 / 20  time:  2025-03-27 16:21:26.484818 
Batch 7 / 20  time:  2025-03-27 16:26:10.698427 
Batch 8 / 20  time:  2025-03-27 16:30:55.398061 
Batch 9 / 20  time:  2025-03-27 16:35:39.843889 
Batch 10 / 20  time:  2025-03-27 16:40:25.366579 
Batch 11 / 20  time:  2025-03-27 16:45:07.524797 
Batch 12 / 20  time:  2025-03-27 16:49:50.548886 
Batch 13 / 20  time:  2025-03-27 16:54:32.980015 
Batch 14 / 20  time:  2025-03-27 16:59:15.514443 
Batch 15 / 20  time:  2025-03-27 17:04:01.785103 
Batch 16 / 20  time:  2025-03-27 17:08:46.051878 
Batch 17 / 20  time:  2025-03-27 17:13:27.72138 
Batch 18 / 20  time:  2025-03-27 17:18:16.174774 
Batch 19 / 20  time:  2025-03-27 17:22:57.970141 
Simulation 27 has concluded at: 2025-03-27 17:27:40.059693 
Simulation 28 has began at: 2025-03-27 17:27:40.178834 
Batch 0 / 20  time:  2025-03-27 17:27:40.18194 
Batch 1 / 20  time:  2025-03-27 17:32:26.732421 
Batch 2 / 20  time:  2025-03-27 17:37:17.111389 
Batch 3 / 20  time:  2025-03-27 17:42:04.378952 
Batch 4 / 20  time:  2025-03-27 17:46:46.993233 
Batch 5 / 20  time:  2025-03-27 17:51:31.379564 
Batch 6 / 20  time:  2025-03-27 17:56:18.887092 
Batch 7 / 20  time:  2025-03-27 18:01:04.214585 
Batch 8 / 20  time:  2025-03-27 18:05:50.151282 
Batch 9 / 20  time:  2025-03-27 18:10:32.889098 
Batch 10 / 20  time:  2025-03-27 18:15:16.740786 
Batch 11 / 20  time:  2025-03-27 18:19:59.503201 
Batch 12 / 20  time:  2025-03-27 18:24:45.645336 
Batch 13 / 20  time:  2025-03-27 18:29:28.32637 
Batch 14 / 20  time:  2025-03-27 18:34:11.309428 
Batch 15 / 20  time:  2025-03-27 18:39:00.347009 
Batch 16 / 20  time:  2025-03-27 18:43:47.042049 
Batch 17 / 20  time:  2025-03-27 18:48:30.704641 
Batch 18 / 20  time:  2025-03-27 18:53:20.780154 
Batch 19 / 20  time:  2025-03-27 18:58:04.041922 
Simulation 28 has concluded at: 2025-03-27 19:02:48.861817 
Simulation 29 has began at: 2025-03-27 19:02:49.190564 
Batch 0 / 20  time:  2025-03-27 19:02:49.193676 
Batch 1 / 20  time:  2025-03-27 19:07:32.256022 
Batch 2 / 20  time:  2025-03-27 19:12:14.544004 
Batch 3 / 20  time:  2025-03-27 19:16:56.945785 
Batch 4 / 20  time:  2025-03-27 19:21:39.010418 
Batch 5 / 20  time:  2025-03-27 19:26:19.644005 
Batch 6 / 20  time:  2025-03-27 19:31:02.759665 
Batch 7 / 20  time:  2025-03-27 19:35:45.317068 
Batch 8 / 20  time:  2025-03-27 19:40:27.349522 
Batch 9 / 20  time:  2025-03-27 19:45:10.78336 
Batch 10 / 20  time:  2025-03-27 19:49:52.627394 
Batch 11 / 20  time:  2025-03-27 19:54:37.97313 
Batch 12 / 20  time:  2025-03-27 19:59:19.385553 
Batch 13 / 20  time:  2025-03-27 20:04:03.306413 
Batch 14 / 20  time:  2025-03-27 20:08:46.506351 
Batch 15 / 20  time:  2025-03-27 20:13:31.827712 
Batch 16 / 20  time:  2025-03-27 20:18:19.261772 
Batch 17 / 20  time:  2025-03-27 20:23:02.017826 
Batch 18 / 20  time:  2025-03-27 20:27:46.20163 
Batch 19 / 20  time:  2025-03-27 20:32:29.984668 
Simulation 29 has concluded at: 2025-03-27 20:37:17.02867 
Simulation 30 has began at: 2025-03-27 20:37:17.092896 
Batch 0 / 20  time:  2025-03-27 20:37:17.095934 
Batch 1 / 20  time:  2025-03-27 20:41:59.6159 
Batch 2 / 20  time:  2025-03-27 20:46:41.820185 
Batch 3 / 20  time:  2025-03-27 20:51:22.182279 
Batch 4 / 20  time:  2025-03-27 20:56:04.072389 
Batch 5 / 20  time:  2025-03-27 21:00:45.797117 
Batch 6 / 20  time:  2025-03-27 21:05:29.334624 
Batch 7 / 20  time:  2025-03-27 21:10:12.687972 
Batch 8 / 20  time:  2025-03-27 21:14:54.947078 
Batch 9 / 20  time:  2025-03-27 21:19:36.882868 
Batch 10 / 20  time:  2025-03-27 21:24:20.782132 
Batch 11 / 20  time:  2025-03-27 21:29:02.980421 
Batch 12 / 20  time:  2025-03-27 21:33:46.919614 
Batch 13 / 20  time:  2025-03-27 21:38:29.308552 
Batch 14 / 20  time:  2025-03-27 21:43:10.82016 
Batch 15 / 20  time:  2025-03-27 21:47:52.30657 
Batch 16 / 20  time:  2025-03-27 21:52:34.339563 
Batch 17 / 20  time:  2025-03-27 21:57:15.96705 
Batch 18 / 20  time:  2025-03-27 22:01:57.621217 
Batch 19 / 20  time:  2025-03-27 22:06:40.35209 
Simulation 30 has concluded at: 2025-03-27 22:11:22.296969 
Simulation 31 has began at: 2025-03-27 22:11:22.385232 
Batch 0 / 20  time:  2025-03-27 22:11:22.388806 
Batch 1 / 20  time:  2025-03-27 22:16:03.314673 
Batch 2 / 20  time:  2025-03-27 22:20:46.843076 
Batch 3 / 20  time:  2025-03-27 22:25:28.129672 
Batch 4 / 20  time:  2025-03-27 22:30:09.888646 
Batch 5 / 20  time:  2025-03-27 22:34:52.063823 
Batch 6 / 20  time:  2025-03-27 22:39:34.564934 
Batch 7 / 20  time:  2025-03-27 22:44:13.845076 
Batch 8 / 20  time:  2025-03-27 22:48:55.883602 
Batch 9 / 20  time:  2025-03-27 22:53:36.718119 
Batch 10 / 20  time:  2025-03-27 22:58:18.982935 
Batch 11 / 20  time:  2025-03-27 23:03:02.339416 
Batch 12 / 20  time:  2025-03-27 23:07:46.177267 
Batch 13 / 20  time:  2025-03-27 23:12:28.36455 
Batch 14 / 20  time:  2025-03-27 23:17:11.202127 
Batch 15 / 20  time:  2025-03-27 23:21:53.925781 
Batch 16 / 20  time:  2025-03-27 23:26:37.982537 
Batch 17 / 20  time:  2025-03-27 23:31:19.876899 
Batch 18 / 20  time:  2025-03-27 23:36:03.113899 
Batch 19 / 20  time:  2025-03-27 23:40:43.810387 
Simulation 31 has concluded at: 2025-03-27 23:45:26.259033 
Simulation 32 has began at: 2025-03-27 23:45:26.375172 
Batch 0 / 20  time:  2025-03-27 23:45:26.37863 
Batch 1 / 20  time:  2025-03-27 23:50:07.916114 
Batch 2 / 20  time:  2025-03-27 23:54:50.294795 
Batch 3 / 20  time:  2025-03-27 23:59:31.670708 
Batch 4 / 20  time:  2025-03-28 00:04:13.01319 
Batch 5 / 20  time:  2025-03-28 00:08:54.121501 
Batch 6 / 20  time:  2025-03-28 00:13:36.575574 
Batch 7 / 20  time:  2025-03-28 00:18:18.077007 
Batch 8 / 20  time:  2025-03-28 00:22:59.346723 
Batch 9 / 20  time:  2025-03-28 00:27:40.906813 
Batch 10 / 20  time:  2025-03-28 00:32:24.124008 
Batch 11 / 20  time:  2025-03-28 00:37:06.281886 
Batch 12 / 20  time:  2025-03-28 00:41:49.437978 
Batch 13 / 20  time:  2025-03-28 00:46:31.596046 
Batch 14 / 20  time:  2025-03-28 00:51:13.065434 
Batch 15 / 20  time:  2025-03-28 00:55:55.797213 
Batch 16 / 20  time:  2025-03-28 01:00:38.497123 
Batch 17 / 20  time:  2025-03-28 01:05:24.480767 
Batch 18 / 20  time:  2025-03-28 01:10:06.586665 
Batch 19 / 20  time:  2025-03-28 01:14:49.306986 
Simulation 32 has concluded at: 2025-03-28 01:19:31.933651 
Simulation 33 has began at: 2025-03-28 01:19:31.942014 
Batch 0 / 20  time:  2025-03-28 01:19:31.955171 
Batch 1 / 20  time:  2025-03-28 01:24:14.393282 
Batch 2 / 20  time:  2025-03-28 01:28:58.01227 
Batch 3 / 20  time:  2025-03-28 01:33:40.185188 
Batch 4 / 20  time:  2025-03-28 01:38:24.586295 
Batch 5 / 20  time:  2025-03-28 01:43:06.116206 
Batch 6 / 20  time:  2025-03-28 01:47:48.987696 
Batch 7 / 20  time:  2025-03-28 01:52:31.286051 
Batch 8 / 20  time:  2025-03-28 01:57:14.84869 
Batch 9 / 20  time:  2025-03-28 02:01:57.051397 
Batch 10 / 20  time:  2025-03-28 02:06:40.140934 
Batch 11 / 20  time:  2025-03-28 02:11:23.289563 
Batch 12 / 20  time:  2025-03-28 02:16:04.232416 
Batch 13 / 20  time:  2025-03-28 02:20:47.966026 
Batch 14 / 20  time:  2025-03-28 02:25:30.179689 
Batch 15 / 20  time:  2025-03-28 02:30:11.171829 
Batch 16 / 20  time:  2025-03-28 02:34:55.698119 
Batch 17 / 20  time:  2025-03-28 02:39:37.351179 
Batch 18 / 20  time:  2025-03-28 02:44:18.825973 
Batch 19 / 20  time:  2025-03-28 02:49:00.398911 
Simulation 33 has concluded at: 2025-03-28 02:53:42.983467 
Simulation 34 has began at: 2025-03-28 02:53:42.991905 
Batch 0 / 20  time:  2025-03-28 02:53:42.995234 
Batch 1 / 20  time:  2025-03-28 02:58:23.665184 
Batch 2 / 20  time:  2025-03-28 03:03:06.805767 
Batch 3 / 20  time:  2025-03-28 03:07:47.8004 
Batch 4 / 20  time:  2025-03-28 03:12:29.50694 
Batch 5 / 20  time:  2025-03-28 03:17:13.014361 
Batch 6 / 20  time:  2025-03-28 03:21:57.469986 
Batch 7 / 20  time:  2025-03-28 03:26:39.904448 
Batch 8 / 20  time:  2025-03-28 03:31:24.004983 
Batch 9 / 20  time:  2025-03-28 03:36:07.95529 
Batch 10 / 20  time:  2025-03-28 03:40:50.060742 
Batch 11 / 20  time:  2025-03-28 03:45:31.037036 
Batch 12 / 20  time:  2025-03-28 03:50:13.430161 
Batch 13 / 20  time:  2025-03-28 03:54:55.32641 
Batch 14 / 20  time:  2025-03-28 03:59:36.718596 
Batch 15 / 20  time:  2025-03-28 04:04:19.030369 
Batch 16 / 20  time:  2025-03-28 04:09:01.468118 
Batch 17 / 20  time:  2025-03-28 04:13:45.890333 
Batch 18 / 20  time:  2025-03-28 04:18:28.726949 
Batch 19 / 20  time:  2025-03-28 04:23:08.55246 
Simulation 34 has concluded at: 2025-03-28 04:27:51.229005 
Simulation 35 has began at: 2025-03-28 04:27:51.237903 
Batch 0 / 20  time:  2025-03-28 04:27:51.241208 
Batch 1 / 20  time:  2025-03-28 04:32:33.219224 
Batch 2 / 20  time:  2025-03-28 04:37:16.173818 
Batch 3 / 20  time:  2025-03-28 04:41:58.942587 
Batch 4 / 20  time:  2025-03-28 04:46:42.331029 
Batch 5 / 20  time:  2025-03-28 04:51:24.347283 
Batch 6 / 20  time:  2025-03-28 04:56:06.31091 
Batch 7 / 20  time:  2025-03-28 05:00:48.768416 
Batch 8 / 20  time:  2025-03-28 05:05:30.142994 
Batch 9 / 20  time:  2025-03-28 05:10:12.001629 
Batch 10 / 20  time:  2025-03-28 05:14:54.407873 
Batch 11 / 20  time:  2025-03-28 05:19:36.086731 
Batch 12 / 20  time:  2025-03-28 05:24:18.907827 
Batch 13 / 20  time:  2025-03-28 05:29:00.956929 
Batch 14 / 20  time:  2025-03-28 05:33:43.27678 
Batch 15 / 20  time:  2025-03-28 05:38:26.506055 
Batch 16 / 20  time:  2025-03-28 05:43:08.914189 
Batch 17 / 20  time:  2025-03-28 05:47:49.616581 
Batch 18 / 20  time:  2025-03-28 05:52:34.047432 
Batch 19 / 20  time:  2025-03-28 05:57:16.471686 
Simulation 35 has concluded at: 2025-03-28 06:02:00.118639 
Simulation 36 has began at: 2025-03-28 06:02:00.135915 
Batch 0 / 20  time:  2025-03-28 06:02:00.139028 
Batch 1 / 20  time:  2025-03-28 06:06:43.912832 
Batch 2 / 20  time:  2025-03-28 06:11:26.394817 
Batch 3 / 20  time:  2025-03-28 06:16:07.280251 
Batch 4 / 20  time:  2025-03-28 06:20:48.221182 
Batch 5 / 20  time:  2025-03-28 06:25:29.137146 
Batch 6 / 20  time:  2025-03-28 06:30:10.346514 
Batch 7 / 20  time:  2025-03-28 06:34:53.628435 
Batch 8 / 20  time:  2025-03-28 06:39:35.790653 
Batch 9 / 20  time:  2025-03-28 06:44:15.918717 
Batch 10 / 20  time:  2025-03-28 06:48:56.684504 
Batch 11 / 20  time:  2025-03-28 06:53:38.325372 
Batch 12 / 20  time:  2025-03-28 06:58:19.584502 
Batch 13 / 20  time:  2025-03-28 07:03:03.335755 
Batch 14 / 20  time:  2025-03-28 07:07:44.536561 
Batch 15 / 20  time:  2025-03-28 07:12:25.897688 
Batch 16 / 20  time:  2025-03-28 07:17:08.028065 
Batch 17 / 20  time:  2025-03-28 07:21:51.438785 
Batch 18 / 20  time:  2025-03-28 07:26:32.837362 
Batch 19 / 20  time:  2025-03-28 07:31:15.87033 
Simulation 36 has concluded at: 2025-03-28 07:35:59.18854 
Simulation 37 has began at: 2025-03-28 07:35:59.197641 
Batch 0 / 20  time:  2025-03-28 07:35:59.20096 
Batch 1 / 20  time:  2025-03-28 07:40:39.664141 
Batch 2 / 20  time:  2025-03-28 07:45:21.748621 
Batch 3 / 20  time:  2025-03-28 07:50:03.755423 
Batch 4 / 20  time:  2025-03-28 07:54:45.157006 
Batch 5 / 20  time:  2025-03-28 07:59:27.248174 
Batch 6 / 20  time:  2025-03-28 08:04:10.470294 
Batch 7 / 20  time:  2025-03-28 08:08:50.529874 
Batch 8 / 20  time:  2025-03-28 08:13:34.80308 
Batch 9 / 20  time:  2025-03-28 08:18:17.332898 
Batch 10 / 20  time:  2025-03-28 08:22:59.069523 
Batch 11 / 20  time:  2025-03-28 08:27:43.260959 
Batch 12 / 20  time:  2025-03-28 08:32:25.600616 
Batch 13 / 20  time:  2025-03-28 08:37:06.756523 
Batch 14 / 20  time:  2025-03-28 08:41:48.878714 
Batch 15 / 20  time:  2025-03-28 08:46:29.088284 
Batch 16 / 20  time:  2025-03-28 08:51:10.089834 
Batch 17 / 20  time:  2025-03-28 08:55:51.818896 
Batch 18 / 20  time:  2025-03-28 09:00:35.625945 
Batch 19 / 20  time:  2025-03-28 09:05:18.571354 
Simulation 37 has concluded at: 2025-03-28 09:10:02.008868 
Simulation 38 has began at: 2025-03-28 09:10:02.023962 
Batch 0 / 20  time:  2025-03-28 09:10:02.027477 
Batch 1 / 20  time:  2025-03-28 09:14:45.481455 
Batch 2 / 20  time:  2025-03-28 09:19:25.74852 
Batch 3 / 20  time:  2025-03-28 09:24:09.735588 
Batch 4 / 20  time:  2025-03-28 09:28:51.650739 
Batch 5 / 20  time:  2025-03-28 09:33:36.380932 
Batch 6 / 20  time:  2025-03-28 09:38:19.028087 
Batch 7 / 20  time:  2025-03-28 09:43:01.061792 
Batch 8 / 20  time:  2025-03-28 09:47:43.655933 
Batch 9 / 20  time:  2025-03-28 09:52:26.00798 
Batch 10 / 20  time:  2025-03-28 09:57:10.763596 
Batch 11 / 20  time:  2025-03-28 10:01:52.835394 
Batch 12 / 20  time:  2025-03-28 10:06:36.272932 
Batch 13 / 20  time:  2025-03-28 10:11:18.576676 
Batch 14 / 20  time:  2025-03-28 10:16:00.967035 
Batch 15 / 20  time:  2025-03-28 10:20:42.469996 
Batch 16 / 20  time:  2025-03-28 10:25:23.486326 
Batch 17 / 20  time:  2025-03-28 10:30:05.346943 
Batch 18 / 20  time:  2025-03-28 10:34:48.316195 
Batch 19 / 20  time:  2025-03-28 10:39:31.350341 
Simulation 38 has concluded at: 2025-03-28 10:44:13.699415 
Simulation 39 has began at: 2025-03-28 10:44:13.731797 
Batch 0 / 20  time:  2025-03-28 10:44:13.734925 
Batch 1 / 20  time:  2025-03-28 10:48:53.743674 
Batch 2 / 20  time:  2025-03-28 10:53:37.171877 
Batch 3 / 20  time:  2025-03-28 10:58:18.458344 
Batch 4 / 20  time:  2025-03-28 11:03:01.661212 
Batch 5 / 20  time:  2025-03-28 11:07:44.711663 
Batch 6 / 20  time:  2025-03-28 11:12:27.120433 
Batch 7 / 20  time:  2025-03-28 11:17:13.041503 
Batch 8 / 20  time:  2025-03-28 11:21:56.041287 
Batch 9 / 20  time:  2025-03-28 11:26:37.622495 
Batch 10 / 20  time:  2025-03-28 11:31:22.386989 
Batch 11 / 20  time:  2025-03-28 11:36:08.36326 
Batch 12 / 20  time:  2025-03-28 11:40:50.843416 
Batch 13 / 20  time:  2025-03-28 11:45:34.286465 
Batch 14 / 20  time:  2025-03-28 11:50:17.278171 
Batch 15 / 20  time:  2025-03-28 11:55:00.295745 
Batch 16 / 20  time:  2025-03-28 11:59:41.191028 
Batch 17 / 20  time:  2025-03-28 12:04:24.566607 
Batch 18 / 20  time:  2025-03-28 12:09:04.822195 
Batch 19 / 20  time:  2025-03-28 12:13:47.260011 
Simulation 39 has concluded at: 2025-03-28 12:18:29.859568 
Simulation 40 has began at: 2025-03-28 12:18:29.86899 
Batch 0 / 20  time:  2025-03-28 12:18:29.872103 
Batch 1 / 20  time:  2025-03-28 12:23:12.898845 
Batch 2 / 20  time:  2025-03-28 12:27:54.986633 
Batch 3 / 20  time:  2025-03-28 12:32:39.958712 
Batch 4 / 20  time:  2025-03-28 12:37:24.042476 
Batch 5 / 20  time:  2025-03-28 12:42:07.565127 
Batch 6 / 20  time:  2025-03-28 12:46:52.551695 
Batch 7 / 20  time:  2025-03-28 12:51:33.129355 
Batch 8 / 20  time:  2025-03-28 12:56:13.662224 
Batch 9 / 20  time:  2025-03-28 13:00:54.773772 
Batch 10 / 20  time:  2025-03-28 13:05:35.115383 
Batch 11 / 20  time:  2025-03-28 13:10:16.897125 
Batch 12 / 20  time:  2025-03-28 13:14:58.116167 
Batch 13 / 20  time:  2025-03-28 13:19:39.638248 
Batch 14 / 20  time:  2025-03-28 13:24:26.925437 
Batch 15 / 20  time:  2025-03-28 13:29:08.790281 
Batch 16 / 20  time:  2025-03-28 13:33:51.488892 
Batch 17 / 20  time:  2025-03-28 13:38:36.258762 
Batch 18 / 20  time:  2025-03-28 13:43:19.515574 
Batch 19 / 20  time:  2025-03-28 13:48:00.321395 
Simulation 40 has concluded at: 2025-03-28 13:52:42.531873 
Simulation 41 has began at: 2025-03-28 13:52:42.543824 
Batch 0 / 20  time:  2025-03-28 13:52:42.547395 
Batch 1 / 20  time:  2025-03-28 13:57:23.798266 
Batch 2 / 20  time:  2025-03-28 14:02:11.167243 
Batch 3 / 20  time:  2025-03-28 14:06:54.950938 
Batch 4 / 20  time:  2025-03-28 14:11:37.192157 
Batch 5 / 20  time:  2025-03-28 14:16:17.725406 
Batch 6 / 20  time:  2025-03-28 14:20:58.106113 
Batch 7 / 20  time:  2025-03-28 14:25:39.089656 
Batch 8 / 20  time:  2025-03-28 14:30:21.421807 
Batch 9 / 20  time:  2025-03-28 14:35:02.94823 
Batch 10 / 20  time:  2025-03-28 14:39:46.773499 
Batch 11 / 20  time:  2025-03-28 14:44:27.401895 
Batch 12 / 20  time:  2025-03-28 14:49:08.56578 
Batch 13 / 20  time:  2025-03-28 14:53:54.115932 
Batch 14 / 20  time:  2025-03-28 14:58:35.853419 
Batch 15 / 20  time:  2025-03-28 15:03:20.576762 
Batch 16 / 20  time:  2025-03-28 15:08:03.978789 
Batch 17 / 20  time:  2025-03-28 15:12:44.074186 
Batch 18 / 20  time:  2025-03-28 15:17:25.810451 
Batch 19 / 20  time:  2025-03-28 15:22:07.830176 
Simulation 41 has concluded at: 2025-03-28 15:26:48.28184 
Simulation 42 has began at: 2025-03-28 15:26:48.291653 
Batch 0 / 20  time:  2025-03-28 15:26:48.295018 
Batch 1 / 20  time:  2025-03-28 15:31:32.367573 
Batch 2 / 20  time:  2025-03-28 15:36:17.566817 
Batch 3 / 20  time:  2025-03-28 15:40:58.118339 
Batch 4 / 20  time:  2025-03-28 15:45:41.403771 
Batch 5 / 20  time:  2025-03-28 15:50:22.427504 
Batch 6 / 20  time:  2025-03-28 15:55:02.856109 
Batch 7 / 20  time:  2025-03-28 15:59:42.76123 
Batch 8 / 20  time:  2025-03-28 16:04:25.476725 
Batch 9 / 20  time:  2025-03-28 16:09:04.491786 
Batch 10 / 20  time:  2025-03-28 16:13:45.740041 
Batch 11 / 20  time:  2025-03-28 16:18:27.20542 
Batch 12 / 20  time:  2025-03-28 16:23:07.920737 
Batch 13 / 20  time:  2025-03-28 16:27:48.663629 
Batch 14 / 20  time:  2025-03-28 16:32:29.55178 
Batch 15 / 20  time:  2025-03-28 16:37:11.207712 
Batch 16 / 20  time:  2025-03-28 16:41:53.302764 
Batch 17 / 20  time:  2025-03-28 16:46:34.00934 
Batch 18 / 20  time:  2025-03-28 16:51:14.418344 
Batch 19 / 20  time:  2025-03-28 16:55:55.017036 
Simulation 42 has concluded at: 2025-03-28 17:00:38.033667 
Simulation 43 has began at: 2025-03-28 17:00:38.124236 
Batch 0 / 20  time:  2025-03-28 17:00:38.127879 
Batch 1 / 20  time:  2025-03-28 17:05:20.277471 
Batch 2 / 20  time:  2025-03-28 17:10:00.962386 
Batch 3 / 20  time:  2025-03-28 17:14:41.794488 
Batch 4 / 20  time:  2025-03-28 17:19:21.31104 
Batch 5 / 20  time:  2025-03-28 17:24:03.066072 
Batch 6 / 20  time:  2025-03-28 17:28:44.303985 
Batch 7 / 20  time:  2025-03-28 17:33:26.884946 
Batch 8 / 20  time:  2025-03-28 17:38:09.286453 
Batch 9 / 20  time:  2025-03-28 17:42:51.263844 
Batch 10 / 20  time:  2025-03-28 17:47:32.977381 
Batch 11 / 20  time:  2025-03-28 17:52:14.030731 
Batch 12 / 20  time:  2025-03-28 17:56:56.113052 
Batch 13 / 20  time:  2025-03-28 18:01:38.12818 
Batch 14 / 20  time:  2025-03-28 18:06:20.224617 
Batch 15 / 20  time:  2025-03-28 18:11:01.579082 
Batch 16 / 20  time:  2025-03-28 18:15:41.868247 
Batch 17 / 20  time:  2025-03-28 18:20:22.71639 
Batch 18 / 20  time:  2025-03-28 18:25:04.383147 
Batch 19 / 20  time:  2025-03-28 18:29:46.398488 
Simulation 43 has concluded at: 2025-03-28 18:34:29.567674 
Simulation 44 has began at: 2025-03-28 18:34:29.577584 
Batch 0 / 20  time:  2025-03-28 18:34:29.580798 
Batch 1 / 20  time:  2025-03-28 18:39:10.991262 
Batch 2 / 20  time:  2025-03-28 18:43:53.48544 
Batch 3 / 20  time:  2025-03-28 18:48:35.031116 
Batch 4 / 20  time:  2025-03-28 18:53:16.732595 
Batch 5 / 20  time:  2025-03-28 18:57:59.966372 
Batch 6 / 20  time:  2025-03-28 19:02:40.865796 
Batch 7 / 20  time:  2025-03-28 19:07:22.672455 
Batch 8 / 20  time:  2025-03-28 19:12:09.378461 
Batch 9 / 20  time:  2025-03-28 19:16:50.744858 
Batch 10 / 20  time:  2025-03-28 19:21:32.650901 
Batch 11 / 20  time:  2025-03-28 19:26:13.340338 
Batch 12 / 20  time:  2025-03-28 19:30:56.617437 
Batch 13 / 20  time:  2025-03-28 19:35:42.109545 
Batch 14 / 20  time:  2025-03-28 19:40:24.339547 
Batch 15 / 20  time:  2025-03-28 19:45:05.215335 
Batch 16 / 20  time:  2025-03-28 19:49:46.398608 
Batch 17 / 20  time:  2025-03-28 19:54:27.836423 
Batch 18 / 20  time:  2025-03-28 19:59:10.487325 
Batch 19 / 20  time:  2025-03-28 20:03:53.99323 
Simulation 44 has concluded at: 2025-03-28 20:08:36.869281 
Simulation 45 has began at: 2025-03-28 20:08:36.889305 
Batch 0 / 20  time:  2025-03-28 20:08:36.892497 
Batch 1 / 20  time:  2025-03-28 20:13:20.114491 
Batch 2 / 20  time:  2025-03-28 20:18:02.520598 
Batch 3 / 20  time:  2025-03-28 20:22:44.88766 
Batch 4 / 20  time:  2025-03-28 20:27:26.769318 
Batch 5 / 20  time:  2025-03-28 20:32:12.397343 
Batch 6 / 20  time:  2025-03-28 20:36:58.515525 
Batch 7 / 20  time:  2025-03-28 20:41:40.300208 
Batch 8 / 20  time:  2025-03-28 20:46:24.245204 
Batch 9 / 20  time:  2025-03-28 20:51:06.497412 
Batch 10 / 20  time:  2025-03-28 20:55:49.439651 
Batch 11 / 20  time:  2025-03-28 21:00:31.075905 
Batch 12 / 20  time:  2025-03-28 21:05:13.574413 
Batch 13 / 20  time:  2025-03-28 21:09:54.405874 
Batch 14 / 20  time:  2025-03-28 21:14:35.577831 
Batch 15 / 20  time:  2025-03-28 21:19:16.786384 
Batch 16 / 20  time:  2025-03-28 21:23:58.123548 
Batch 17 / 20  time:  2025-03-28 21:28:40.457346 
Batch 18 / 20  time:  2025-03-28 21:33:26.161195 
Batch 19 / 20  time:  2025-03-28 21:38:07.0738 
Simulation 45 has concluded at: 2025-03-28 21:42:50.529201 
Simulation 46 has began at: 2025-03-28 21:42:50.557853 
Batch 0 / 20  time:  2025-03-28 21:42:50.561138 
Batch 1 / 20  time:  2025-03-28 21:47:33.253305 
Batch 2 / 20  time:  2025-03-28 21:52:14.228611 
Batch 3 / 20  time:  2025-03-28 21:56:55.908705 
Batch 4 / 20  time:  2025-03-28 22:01:41.045467 
Batch 5 / 20  time:  2025-03-28 22:06:25.896023 
Batch 6 / 20  time:  2025-03-28 22:11:08.761109 
Batch 7 / 20  time:  2025-03-28 22:15:51.299291 
Batch 8 / 20  time:  2025-03-28 22:20:32.756582 
Batch 9 / 20  time:  2025-03-28 22:25:17.247435 
Batch 10 / 20  time:  2025-03-28 22:30:01.353972 
Batch 11 / 20  time:  2025-03-28 22:34:45.764034 
Batch 12 / 20  time:  2025-03-28 22:39:27.419072 
Batch 13 / 20  time:  2025-03-28 22:44:11.05889 
Batch 14 / 20  time:  2025-03-28 22:48:52.49036 
Batch 15 / 20  time:  2025-03-28 22:53:35.672704 
Batch 16 / 20  time:  2025-03-28 22:58:19.122834 
Batch 17 / 20  time:  2025-03-28 23:03:00.897643 
Batch 18 / 20  time:  2025-03-28 23:07:46.026983 
Batch 19 / 20  time:  2025-03-28 23:12:31.737729 
Simulation 46 has concluded at: 2025-03-28 23:17:14.433475 
Simulation 47 has began at: 2025-03-28 23:17:14.444669 
Batch 0 / 20  time:  2025-03-28 23:17:14.448229 
Batch 1 / 20  time:  2025-03-28 23:21:58.321405 
Batch 2 / 20  time:  2025-03-28 23:26:40.939895 
Batch 3 / 20  time:  2025-03-28 23:31:28.70461 
Batch 4 / 20  time:  2025-03-28 23:36:14.231224 
Batch 5 / 20  time:  2025-03-28 23:40:56.395843 
Batch 6 / 20  time:  2025-03-28 23:45:39.961682 
Batch 7 / 20  time:  2025-03-28 23:50:26.112562 
Batch 8 / 20  time:  2025-03-28 23:55:14.332119 
Batch 9 / 20  time:  2025-03-29 00:00:00.771499 
Batch 10 / 20  time:  2025-03-29 00:04:46.114 
Batch 11 / 20  time:  2025-03-29 00:09:29.198951 
Batch 12 / 20  time:  2025-03-29 00:14:12.643358 
Batch 13 / 20  time:  2025-03-29 00:18:54.197442 
Batch 14 / 20  time:  2025-03-29 00:23:35.623199 
Batch 15 / 20  time:  2025-03-29 00:28:20.635932 
Batch 16 / 20  time:  2025-03-29 00:33:05.019905 
Batch 17 / 20  time:  2025-03-29 00:37:47.758434 
Batch 18 / 20  time:  2025-03-29 00:42:31.122102 
Batch 19 / 20  time:  2025-03-29 00:47:13.21418 
Simulation 47 has concluded at: 2025-03-29 00:51:54.56725 
Simulation 48 has began at: 2025-03-29 00:51:54.578079 
Batch 0 / 20  time:  2025-03-29 00:51:54.581283 
Batch 1 / 20  time:  2025-03-29 00:56:39.235322 
Batch 2 / 20  time:  2025-03-29 01:01:23.620004 
Batch 3 / 20  time:  2025-03-29 01:06:07.343744 
Batch 4 / 20  time:  2025-03-29 01:10:48.911192 
Batch 5 / 20  time:  2025-03-29 01:15:32.400425 
Batch 6 / 20  time:  2025-03-29 01:20:13.609926 
Batch 7 / 20  time:  2025-03-29 01:24:55.264378 
Batch 8 / 20  time:  2025-03-29 01:29:36.436651 
Batch 9 / 20  time:  2025-03-29 01:34:19.649919 
Batch 10 / 20  time:  2025-03-29 01:39:02.238528 
Batch 11 / 20  time:  2025-03-29 01:43:43.026203 
Batch 12 / 20  time:  2025-03-29 01:48:24.664407 
Batch 13 / 20  time:  2025-03-29 01:53:08.547094 
Batch 14 / 20  time:  2025-03-29 01:57:55.180866 
Batch 15 / 20  time:  2025-03-29 02:02:40.849438 
Batch 16 / 20  time:  2025-03-29 02:07:22.459684 
Batch 17 / 20  time:  2025-03-29 02:12:08.617165 
Batch 18 / 20  time:  2025-03-29 02:16:57.253922 
Batch 19 / 20  time:  2025-03-29 02:21:44.189984 
Simulation 48 has concluded at: 2025-03-29 02:26:30.567503 
Simulation 49 has began at: 2025-03-29 02:26:30.578995 
Batch 0 / 20  time:  2025-03-29 02:26:30.582337 
Batch 1 / 20  time:  2025-03-29 02:31:13.366115 
Batch 2 / 20  time:  2025-03-29 02:35:58.505245 
Batch 3 / 20  time:  2025-03-29 02:40:40.532787 
Batch 4 / 20  time:  2025-03-29 02:45:21.995778 
Batch 5 / 20  time:  2025-03-29 02:50:03.996342 
Batch 6 / 20  time:  2025-03-29 02:54:46.253317 
Batch 7 / 20  time:  2025-03-29 02:59:27.51907 
Batch 8 / 20  time:  2025-03-29 03:04:12.133346 
Batch 9 / 20  time:  2025-03-29 03:08:55.148404 
Batch 10 / 20  time:  2025-03-29 03:13:37.729409 
Batch 11 / 20  time:  2025-03-29 03:18:19.963546 
Batch 12 / 20  time:  2025-03-29 03:23:02.403135 
Batch 13 / 20  time:  2025-03-29 03:27:47.344746 
Batch 14 / 20  time:  2025-03-29 03:32:33.180096 
Batch 15 / 20  time:  2025-03-29 03:37:14.746809 
Batch 16 / 20  time:  2025-03-29 03:41:55.74007 
Batch 17 / 20  time:  2025-03-29 03:46:37.757956 
Batch 18 / 20  time:  2025-03-29 03:51:20.823764 
Batch 19 / 20  time:  2025-03-29 03:56:01.971035 
Simulation 49 has concluded at: 2025-03-29 04:00:45.284642 
Simulation 50 has began at: 2025-03-29 04:00:45.296194 
Batch 0 / 20  time:  2025-03-29 04:00:45.299408 
Batch 1 / 20  time:  2025-03-29 04:05:29.440046 
Batch 2 / 20  time:  2025-03-29 04:10:10.779195 
Batch 3 / 20  time:  2025-03-29 04:14:51.898912 
Batch 4 / 20  time:  2025-03-29 04:19:34.795692 
Batch 5 / 20  time:  2025-03-29 04:24:15.009079 
Batch 6 / 20  time:  2025-03-29 04:28:56.529219 
Batch 7 / 20  time:  2025-03-29 04:33:40.58569 
Batch 8 / 20  time:  2025-03-29 04:38:21.412863 
Batch 9 / 20  time:  2025-03-29 04:43:02.10911 
Batch 10 / 20  time:  2025-03-29 04:47:43.982225 
Batch 11 / 20  time:  2025-03-29 04:52:25.933313 
Batch 12 / 20  time:  2025-03-29 04:57:08.102948 
Batch 13 / 20  time:  2025-03-29 05:01:52.805721 
Batch 14 / 20  time:  2025-03-29 05:06:37.720023 
Batch 15 / 20  time:  2025-03-29 05:11:21.536705 
Batch 16 / 20  time:  2025-03-29 05:16:03.422538 
Batch 17 / 20  time:  2025-03-29 05:20:44.323726 
Batch 18 / 20  time:  2025-03-29 05:25:27.434577 
Batch 19 / 20  time:  2025-03-29 05:30:09.92323 
Simulation 50 has concluded at: 2025-03-29 05:34:54.918051 
Simulation 51 has began at: 2025-03-29 05:34:54.92971 
Batch 0 / 20  time:  2025-03-29 05:34:54.933039 
Batch 1 / 20  time:  2025-03-29 05:39:35.753296 
Batch 2 / 20  time:  2025-03-29 05:44:18.57005 
Batch 3 / 20  time:  2025-03-29 05:49:00.915323 
Batch 4 / 20  time:  2025-03-29 05:53:42.341938 
Batch 5 / 20  time:  2025-03-29 05:58:27.080603 
Batch 6 / 20  time:  2025-03-29 06:03:10.706576 
Batch 7 / 20  time:  2025-03-29 06:07:53.748979 
Batch 8 / 20  time:  2025-03-29 06:12:37.186889 
Batch 9 / 20  time:  2025-03-29 06:17:19.903515 
Batch 10 / 20  time:  2025-03-29 06:22:01.602459 
Batch 11 / 20  time:  2025-03-29 06:26:43.627835 
Batch 12 / 20  time:  2025-03-29 06:31:27.506688 
Batch 13 / 20  time:  2025-03-29 06:36:12.560217 
Batch 14 / 20  time:  2025-03-29 06:40:58.064814 
Batch 15 / 20  time:  2025-03-29 06:45:41.074977 
Batch 16 / 20  time:  2025-03-29 06:50:26.630922 
Batch 17 / 20  time:  2025-03-29 06:55:09.111361 
Batch 18 / 20  time:  2025-03-29 06:59:52.225065 
Batch 19 / 20  time:  2025-03-29 07:04:35.470202 
Simulation 51 has concluded at: 2025-03-29 07:09:19.167959 
Simulation 52 has began at: 2025-03-29 07:09:19.179413 
Batch 0 / 20  time:  2025-03-29 07:09:19.182564 
Batch 1 / 20  time:  2025-03-29 07:14:02.238605 
Batch 2 / 20  time:  2025-03-29 07:18:47.000951 
Batch 3 / 20  time:  2025-03-29 07:23:30.043435 
Batch 4 / 20  time:  2025-03-29 07:28:12.281702 
Batch 5 / 20  time:  2025-03-29 07:32:55.646222 
Batch 6 / 20  time:  2025-03-29 07:37:39.487831 
Batch 7 / 20  time:  2025-03-29 07:42:20.041297 
Batch 8 / 20  time:  2025-03-29 07:47:03.04842 
Batch 9 / 20  time:  2025-03-29 07:51:45.700376 
Batch 10 / 20  time:  2025-03-29 07:56:28.230076 
Batch 11 / 20  time:  2025-03-29 08:01:11.929191 
Batch 12 / 20  time:  2025-03-29 08:05:55.275193 
Batch 13 / 20  time:  2025-03-29 08:10:36.532717 
Batch 14 / 20  time:  2025-03-29 08:15:18.458122 
Batch 15 / 20  time:  2025-03-29 08:19:59.08685 
Batch 16 / 20  time:  2025-03-29 08:24:41.231387 
Batch 17 / 20  time:  2025-03-29 08:29:22.660702 
Batch 18 / 20  time:  2025-03-29 08:34:06.96179 
Batch 19 / 20  time:  2025-03-29 08:38:49.526032 
Simulation 52 has concluded at: 2025-03-29 08:43:29.986186 
Simulation 53 has began at: 2025-03-29 08:43:29.998062 
Batch 0 / 20  time:  2025-03-29 08:43:30.001427 
Batch 1 / 20  time:  2025-03-29 08:48:11.237036 
Batch 2 / 20  time:  2025-03-29 08:52:53.530077 
Batch 3 / 20  time:  2025-03-29 08:57:35.559447 
Batch 4 / 20  time:  2025-03-29 09:02:17.233085 
Batch 5 / 20  time:  2025-03-29 09:06:58.78575 
Batch 6 / 20  time:  2025-03-29 09:11:40.792625 
Batch 7 / 20  time:  2025-03-29 09:16:21.199513 
Batch 8 / 20  time:  2025-03-29 09:21:02.378692 
Batch 9 / 20  time:  2025-03-29 09:25:43.567687 
Batch 10 / 20  time:  2025-03-29 09:30:26.806024 
Batch 11 / 20  time:  2025-03-29 09:35:09.896016 
Batch 12 / 20  time:  2025-03-29 09:39:51.436358 
Batch 13 / 20  time:  2025-03-29 09:44:33.802452 
Batch 14 / 20  time:  2025-03-29 09:49:15.32154 
Batch 15 / 20  time:  2025-03-29 09:53:57.145345 
Batch 16 / 20  time:  2025-03-29 09:58:38.896606 
Batch 17 / 20  time:  2025-03-29 10:03:23.26984 
Batch 18 / 20  time:  2025-03-29 10:08:04.628708 
Batch 19 / 20  time:  2025-03-29 10:12:45.988425 
Simulation 53 has concluded at: 2025-03-29 10:17:27.474144 
Simulation 54 has began at: 2025-03-29 10:17:27.486466 
Batch 0 / 20  time:  2025-03-29 10:17:27.489861 
Batch 1 / 20  time:  2025-03-29 10:22:08.81508 
Batch 2 / 20  time:  2025-03-29 10:26:49.754373 
Batch 3 / 20  time:  2025-03-29 10:31:33.942242 
Batch 4 / 20  time:  2025-03-29 10:36:17.243976 
Batch 5 / 20  time:  2025-03-29 10:40:58.529295 
Batch 6 / 20  time:  2025-03-29 10:45:39.76912 
Batch 7 / 20  time:  2025-03-29 10:50:20.759948 
Batch 8 / 20  time:  2025-03-29 10:55:03.409307 
Batch 9 / 20  time:  2025-03-29 10:59:44.515436 
Batch 10 / 20  time:  2025-03-29 11:04:28.924228 
Batch 11 / 20  time:  2025-03-29 11:09:10.48557 
Batch 12 / 20  time:  2025-03-29 11:13:52.5137 
Batch 13 / 20  time:  2025-03-29 11:18:32.975302 
Batch 14 / 20  time:  2025-03-29 11:23:15.855428 
Batch 15 / 20  time:  2025-03-29 11:27:56.575786 
Batch 16 / 20  time:  2025-03-29 11:32:39.469979 
Batch 17 / 20  time:  2025-03-29 11:37:21.650606 
Batch 18 / 20  time:  2025-03-29 11:42:02.799281 
Batch 19 / 20  time:  2025-03-29 11:46:45.731806 
Simulation 54 has concluded at: 2025-03-29 11:51:26.380246 
Simulation 55 has began at: 2025-03-29 11:51:26.392854 
Batch 0 / 20  time:  2025-03-29 11:51:26.396022 
Batch 1 / 20  time:  2025-03-29 11:56:09.161397 
Batch 2 / 20  time:  2025-03-29 12:00:50.952632 
Batch 3 / 20  time:  2025-03-29 12:05:34.474943 
Batch 4 / 20  time:  2025-03-29 12:10:15.134658 
Batch 5 / 20  time:  2025-03-29 12:14:56.672975 
Batch 6 / 20  time:  2025-03-29 12:19:38.329212 
Batch 7 / 20  time:  2025-03-29 12:24:18.80708 
Batch 8 / 20  time:  2025-03-29 12:29:00.656777 
Batch 9 / 20  time:  2025-03-29 12:33:43.471271 
Batch 10 / 20  time:  2025-03-29 12:38:25.270075 
Batch 11 / 20  time:  2025-03-29 12:43:07.446917 
Batch 12 / 20  time:  2025-03-29 12:47:49.096815 
Batch 13 / 20  time:  2025-03-29 12:52:31.590494 
Batch 14 / 20  time:  2025-03-29 12:57:11.917748 
Batch 15 / 20  time:  2025-03-29 13:01:54.582896 
Batch 16 / 20  time:  2025-03-29 13:06:36.13354 
Batch 17 / 20  time:  2025-03-29 13:11:16.39153 
Batch 18 / 20  time:  2025-03-29 13:15:58.787764 
Batch 19 / 20  time:  2025-03-29 13:20:38.844564 
Simulation 55 has concluded at: 2025-03-29 13:25:20.11887 
Simulation 56 has began at: 2025-03-29 13:25:20.131752 
Batch 0 / 20  time:  2025-03-29 13:25:20.137005 
Batch 1 / 20  time:  2025-03-29 13:30:03.301393 
Batch 2 / 20  time:  2025-03-29 13:34:48.733427 
Batch 3 / 20  time:  2025-03-29 13:39:30.835807 
Batch 4 / 20  time:  2025-03-29 13:44:12.614136 
Batch 5 / 20  time:  2025-03-29 13:48:54.513969 
Batch 6 / 20  time:  2025-03-29 13:53:35.863227 
Batch 7 / 20  time:  2025-03-29 13:58:16.632709 
Batch 8 / 20  time:  2025-03-29 14:02:58.571929 
Batch 9 / 20  time:  2025-03-29 14:07:40.785696 
Batch 10 / 20  time:  2025-03-29 14:12:23.333821 
Batch 11 / 20  time:  2025-03-29 14:17:03.550603 
Batch 12 / 20  time:  2025-03-29 14:21:44.5804 
Batch 13 / 20  time:  2025-03-29 14:26:26.821849 
Batch 14 / 20  time:  2025-03-29 14:31:15.227969 
Batch 15 / 20  time:  2025-03-29 14:35:56.908789 
Batch 16 / 20  time:  2025-03-29 14:40:38.480715 
Batch 17 / 20  time:  2025-03-29 14:45:21.460331 
Batch 18 / 20  time:  2025-03-29 14:50:04.228461 
Batch 19 / 20  time:  2025-03-29 14:54:44.455729 
Simulation 56 has concluded at: 2025-03-29 14:59:25.841489 
Simulation 57 has began at: 2025-03-29 14:59:25.854464 
Batch 0 / 20  time:  2025-03-29 14:59:25.85793 
Batch 1 / 20  time:  2025-03-29 15:04:07.044748 
Batch 2 / 20  time:  2025-03-29 15:08:50.298915 
Batch 3 / 20  time:  2025-03-29 15:13:31.621695 
Batch 4 / 20  time:  2025-03-29 15:18:13.765795 
Batch 5 / 20  time:  2025-03-29 15:22:56.404217 
Batch 6 / 20  time:  2025-03-29 15:27:39.277798 
Batch 7 / 20  time:  2025-03-29 15:32:23.732443 
Batch 8 / 20  time:  2025-03-29 15:37:08.018077 
Batch 9 / 20  time:  2025-03-29 15:41:50.086836 
Batch 10 / 20  time:  2025-03-29 15:46:32.112748 
Batch 11 / 20  time:  2025-03-29 15:51:14.197381 
Batch 12 / 20  time:  2025-03-29 15:55:56.04866 
Batch 13 / 20  time:  2025-03-29 16:00:40.967294 
Batch 14 / 20  time:  2025-03-29 16:05:24.706239 
Batch 15 / 20  time:  2025-03-29 16:10:07.300325 
Batch 16 / 20  time:  2025-03-29 16:14:49.34232 
Batch 17 / 20  time:  2025-03-29 16:19:32.892246 
Batch 18 / 20  time:  2025-03-29 16:24:16.138758 
Batch 19 / 20  time:  2025-03-29 16:28:58.441453 
Simulation 57 has concluded at: 2025-03-29 16:33:40.892346 
Simulation 58 has began at: 2025-03-29 16:33:40.905622 
Batch 0 / 20  time:  2025-03-29 16:33:40.90879 
Batch 1 / 20  time:  2025-03-29 16:38:23.044875 
Batch 2 / 20  time:  2025-03-29 16:43:06.320294 
Batch 3 / 20  time:  2025-03-29 16:47:47.811219 
Batch 4 / 20  time:  2025-03-29 16:52:30.224562 
Batch 5 / 20  time:  2025-03-29 16:57:13.413954 
Batch 6 / 20  time:  2025-03-29 17:01:58.354491 
Batch 7 / 20  time:  2025-03-29 17:06:40.305542 
Batch 8 / 20  time:  2025-03-29 17:11:22.995537 
Batch 9 / 20  time:  2025-03-29 17:16:07.607576 
Batch 10 / 20  time:  2025-03-29 17:20:49.119467 
Batch 11 / 20  time:  2025-03-29 17:25:31.314986 
Batch 12 / 20  time:  2025-03-29 17:30:13.06747 
Batch 13 / 20  time:  2025-03-29 17:34:55.053032 
Batch 14 / 20  time:  2025-03-29 17:39:38.42909 
Batch 15 / 20  time:  2025-03-29 17:44:20.722512 
Batch 16 / 20  time:  2025-03-29 17:49:03.390858 
Batch 17 / 20  time:  2025-03-29 17:53:46.019092 
Batch 18 / 20  time:  2025-03-29 17:58:27.492855 
Batch 19 / 20  time:  2025-03-29 18:03:10.625954 
Simulation 58 has concluded at: 2025-03-29 18:07:52.115749 
Simulation 59 has began at: 2025-03-29 18:07:52.128758 
Batch 0 / 20  time:  2025-03-29 18:07:52.131889 
Batch 1 / 20  time:  2025-03-29 18:12:32.92355 
Batch 2 / 20  time:  2025-03-29 18:17:14.12813 
Batch 3 / 20  time:  2025-03-29 18:21:56.658862 
Batch 4 / 20  time:  2025-03-29 18:26:37.316431 
Batch 5 / 20  time:  2025-03-29 18:31:21.423374 
Batch 6 / 20  time:  2025-03-29 18:36:05.33522 
Batch 7 / 20  time:  2025-03-29 18:40:48.840312 
Batch 8 / 20  time:  2025-03-29 18:45:29.958369 
Batch 9 / 20  time:  2025-03-29 18:50:15.360403 
Batch 10 / 20  time:  2025-03-29 18:54:58.356985 
Batch 11 / 20  time:  2025-03-29 18:59:40.206145 
Batch 12 / 20  time:  2025-03-29 19:04:24.918015 
Batch 13 / 20  time:  2025-03-29 19:09:06.482544 
Batch 14 / 20  time:  2025-03-29 19:13:48.456318 
Batch 15 / 20  time:  2025-03-29 19:18:31.178643 
Batch 16 / 20  time:  2025-03-29 19:23:19.47058 
Batch 17 / 20  time:  2025-03-29 19:28:02.697465 
Batch 18 / 20  time:  2025-03-29 19:32:46.937726 
Batch 19 / 20  time:  2025-03-29 19:37:27.969908 
Simulation 59 has concluded at: 2025-03-29 19:42:12.583463 
Simulation 60 has began at: 2025-03-29 19:42:12.620688 
Batch 0 / 20  time:  2025-03-29 19:42:12.624005 
Batch 1 / 20  time:  2025-03-29 19:46:55.142639 
Batch 2 / 20  time:  2025-03-29 19:51:37.31115 
Batch 3 / 20  time:  2025-03-29 19:56:18.466823 
Batch 4 / 20  time:  2025-03-29 20:01:03.163388 
Batch 5 / 20  time:  2025-03-29 20:05:47.665184 
Batch 6 / 20  time:  2025-03-29 20:10:29.099132 
Batch 7 / 20  time:  2025-03-29 20:15:10.654842 
Batch 8 / 20  time:  2025-03-29 20:19:52.764722 
Batch 9 / 20  time:  2025-03-29 20:24:37.102161 
Batch 10 / 20  time:  2025-03-29 20:29:20.784618 
Batch 11 / 20  time:  2025-03-29 20:34:05.154628 
Batch 12 / 20  time:  2025-03-29 20:38:47.489227 
Batch 13 / 20  time:  2025-03-29 20:43:30.307878 
Batch 14 / 20  time:  2025-03-29 20:48:12.852599 
Batch 15 / 20  time:  2025-03-29 20:52:53.403536 
Batch 16 / 20  time:  2025-03-29 20:57:34.228124 
Batch 17 / 20  time:  2025-03-29 21:02:18.374726 
Batch 18 / 20  time:  2025-03-29 21:06:59.753369 
Batch 19 / 20  time:  2025-03-29 21:11:42.910556 
Simulation 60 has concluded at: 2025-03-29 21:16:25.552711 
Simulation 61 has began at: 2025-03-29 21:16:25.566535 
Batch 0 / 20  time:  2025-03-29 21:16:25.569937 
Batch 1 / 20  time:  2025-03-29 21:21:09.209469 
Batch 2 / 20  time:  2025-03-29 21:25:52.379438 
Batch 3 / 20  time:  2025-03-29 21:30:36.602888 
Batch 4 / 20  time:  2025-03-29 21:35:21.080366 
Batch 5 / 20  time:  2025-03-29 21:40:06.671614 
Batch 6 / 20  time:  2025-03-29 21:44:48.238695 
Batch 7 / 20  time:  2025-03-29 21:49:29.393847 
Batch 8 / 20  time:  2025-03-29 21:54:11.874376 
Batch 9 / 20  time:  2025-03-29 21:58:53.28618 
Batch 10 / 20  time:  2025-03-29 22:03:35.702815 
Batch 11 / 20  time:  2025-03-29 22:08:17.439137 
Batch 12 / 20  time:  2025-03-29 22:12:58.672319 
Batch 13 / 20  time:  2025-03-29 22:17:38.660246 
Batch 14 / 20  time:  2025-03-29 22:22:20.737759 
Batch 15 / 20  time:  2025-03-29 22:27:03.591595 
Batch 16 / 20  time:  2025-03-29 22:31:47.895519 
Batch 17 / 20  time:  2025-03-29 22:36:32.569885 
Batch 18 / 20  time:  2025-03-29 22:41:14.332962 
Batch 19 / 20  time:  2025-03-29 22:46:00.770347 
Simulation 61 has concluded at: 2025-03-29 22:50:43.345748 
Simulation 62 has began at: 2025-03-29 22:50:43.359812 
Batch 0 / 20  time:  2025-03-29 22:50:43.363169 
Batch 1 / 20  time:  2025-03-29 22:55:26.818737 
Batch 2 / 20  time:  2025-03-29 23:00:08.664964 
Batch 3 / 20  time:  2025-03-29 23:04:51.896034 
Batch 4 / 20  time:  2025-03-29 23:09:33.859618 
Batch 5 / 20  time:  2025-03-29 23:14:15.45926 
Batch 6 / 20  time:  2025-03-29 23:19:02.132085 
Batch 7 / 20  time:  2025-03-29 23:23:49.028366 
Batch 8 / 20  time:  2025-03-29 23:28:35.697384 
Batch 9 / 20  time:  2025-03-29 23:33:23.378383 
Batch 10 / 20  time:  2025-03-29 23:38:06.50368 
Batch 11 / 20  time:  2025-03-29 23:42:49.78122 
Batch 12 / 20  time:  2025-03-29 23:47:33.496892 
Batch 13 / 20  time:  2025-03-29 23:52:15.005858 
Batch 14 / 20  time:  2025-03-29 23:56:57.373343 
Batch 15 / 20  time:  2025-03-30 00:01:40.247802 
Batch 16 / 20  time:  2025-03-30 00:06:22.069455 
Batch 17 / 20  time:  2025-03-30 00:11:04.328039 
Batch 18 / 20  time:  2025-03-30 00:15:47.184558 
Batch 19 / 20  time:  2025-03-30 00:20:29.570721 
Simulation 62 has concluded at: 2025-03-30 00:25:11.459403 
Simulation 63 has began at: 2025-03-30 00:25:11.473862 
Batch 0 / 20  time:  2025-03-30 00:25:11.477004 
Batch 1 / 20  time:  2025-03-30 00:29:52.564456 
Batch 2 / 20  time:  2025-03-30 00:34:36.971169 
Batch 3 / 20  time:  2025-03-30 00:39:17.922233 
Batch 4 / 20  time:  2025-03-30 00:44:02.709685 
Batch 5 / 20  time:  2025-03-30 00:48:44.789264 
Batch 6 / 20  time:  2025-03-30 00:53:26.049967 
Batch 7 / 20  time:  2025-03-30 00:58:08.436537 
Batch 8 / 20  time:  2025-03-30 01:02:50.218843 
Batch 9 / 20  time:  2025-03-30 01:07:43.140953 
Batch 10 / 20  time:  2025-03-30 01:12:31.184448 
Batch 11 / 20  time:  2025-03-30 01:17:12.892579 
Batch 12 / 20  time:  2025-03-30 01:21:55.827047 
Batch 13 / 20  time:  2025-03-30 01:26:36.668676 
Batch 14 / 20  time:  2025-03-30 01:31:19.729807 
Batch 15 / 20  time:  2025-03-30 01:36:02.927588 
Batch 16 / 20  time:  2025-03-30 01:40:49.312074 
Batch 17 / 20  time:  2025-03-30 01:45:37.249877 
Batch 18 / 20  time:  2025-03-30 01:50:24.951954 
Batch 19 / 20  time:  2025-03-30 01:55:11.313854 
Simulation 63 has concluded at: 2025-03-30 01:59:54.081219 
Simulation 64 has began at: 2025-03-30 01:59:54.104586 
Batch 0 / 20  time:  2025-03-30 01:59:54.117674 
Batch 1 / 20  time:  2025-03-30 02:04:39.083594 
Batch 2 / 20  time:  2025-03-30 02:09:20.674172 
Batch 3 / 20  time:  2025-03-30 02:14:04.200048 
Batch 4 / 20  time:  2025-03-30 02:18:45.99515 
Batch 5 / 20  time:  2025-03-30 02:23:29.114789 
Batch 6 / 20  time:  2025-03-30 02:28:12.621233 
Batch 7 / 20  time:  2025-03-30 02:32:56.387825 
Batch 8 / 20  time:  2025-03-30 02:37:39.893666 
Batch 9 / 20  time:  2025-03-30 02:42:22.212173 
Batch 10 / 20  time:  2025-03-30 02:47:07.623019 
Batch 11 / 20  time:  2025-03-30 02:51:49.398942 
Batch 12 / 20  time:  2025-03-30 02:56:33.606846 
Batch 13 / 20  time:  2025-03-30 03:01:24.426583 
Batch 14 / 20  time:  2025-03-30 03:06:17.687285 
Batch 15 / 20  time:  2025-03-30 03:11:10.907286 
Batch 16 / 20  time:  2025-03-30 03:16:02.590791 
Batch 17 / 20  time:  2025-03-30 03:20:50.616808 
Batch 18 / 20  time:  2025-03-30 03:25:39.683887 
Batch 19 / 20  time:  2025-03-30 03:30:23.706264 
Simulation 64 has concluded at: 2025-03-30 03:35:10.216058 
Simulation 65 has began at: 2025-03-30 03:35:10.232281 
Batch 0 / 20  time:  2025-03-30 03:35:10.237425 
Batch 1 / 20  time:  2025-03-30 03:39:52.958334 
Batch 2 / 20  time:  2025-03-30 03:44:35.793002 
Batch 3 / 20  time:  2025-03-30 03:49:17.592063 
Batch 4 / 20  time:  2025-03-30 03:53:58.629186 
Batch 5 / 20  time:  2025-03-30 03:58:38.462521 
Batch 6 / 20  time:  2025-03-30 04:03:20.864461 
Batch 7 / 20  time:  2025-03-30 04:08:02.991825 
Batch 8 / 20  time:  2025-03-30 04:12:44.494187 
Batch 9 / 20  time:  2025-03-30 04:17:26.249487 
Batch 10 / 20  time:  2025-03-30 04:22:07.643017 
Batch 11 / 20  time:  2025-03-30 04:26:48.325978 
Batch 12 / 20  time:  2025-03-30 04:31:31.449136 
Batch 13 / 20  time:  2025-03-30 04:36:15.003486 
Batch 14 / 20  time:  2025-03-30 04:40:56.820128 
Batch 15 / 20  time:  2025-03-30 04:45:38.845644 
Batch 16 / 20  time:  2025-03-30 04:50:21.015225 
Batch 17 / 20  time:  2025-03-30 04:55:02.962042 
Batch 18 / 20  time:  2025-03-30 04:59:45.741384 
Batch 19 / 20  time:  2025-03-30 05:04:27.179142 
Simulation 65 has concluded at: 2025-03-30 05:09:09.962302 
Simulation 66 has began at: 2025-03-30 05:09:09.976423 
Batch 0 / 20  time:  2025-03-30 05:09:09.979728 
Batch 1 / 20  time:  2025-03-30 05:13:52.985552 
Batch 2 / 20  time:  2025-03-30 05:18:35.753096 
Batch 3 / 20  time:  2025-03-30 05:23:20.266488 
Batch 4 / 20  time:  2025-03-30 05:28:04.484577 
Batch 5 / 20  time:  2025-03-30 05:32:48.961491 
Batch 6 / 20  time:  2025-03-30 05:37:31.967686 
Batch 7 / 20  time:  2025-03-30 05:42:12.398488 
Batch 8 / 20  time:  2025-03-30 05:46:55.323652 
Batch 9 / 20  time:  2025-03-30 05:51:37.577123 
Batch 10 / 20  time:  2025-03-30 05:56:19.169302 
Batch 11 / 20  time:  2025-03-30 06:01:02.153801 
Batch 12 / 20  time:  2025-03-30 06:05:44.859618 
Batch 13 / 20  time:  2025-03-30 06:10:27.486692 
Batch 14 / 20  time:  2025-03-30 06:15:09.812315 
Batch 15 / 20  time:  2025-03-30 06:19:50.924719 
Batch 16 / 20  time:  2025-03-30 06:24:34.249956 
Batch 17 / 20  time:  2025-03-30 06:29:16.863458 
Batch 18 / 20  time:  2025-03-30 06:34:01.810042 
Batch 19 / 20  time:  2025-03-30 06:38:44.57868 
Simulation 66 has concluded at: 2025-03-30 06:43:27.558713 
Simulation 67 has began at: 2025-03-30 06:43:27.581007 
Batch 0 / 20  time:  2025-03-30 06:43:27.5845 
Batch 1 / 20  time:  2025-03-30 06:48:10.51023 
Batch 2 / 20  time:  2025-03-30 06:52:52.557819 
Batch 3 / 20  time:  2025-03-30 06:57:32.704337 
Batch 4 / 20  time:  2025-03-30 07:02:14.093193 
Batch 5 / 20  time:  2025-03-30 07:06:54.520848 
Batch 6 / 20  time:  2025-03-30 07:11:35.336127 
Batch 7 / 20  time:  2025-03-30 07:16:15.561 
Batch 8 / 20  time:  2025-03-30 07:20:56.319718 
Batch 9 / 20  time:  2025-03-30 07:25:38.978074 
Batch 10 / 20  time:  2025-03-30 07:30:21.572267 
Batch 11 / 20  time:  2025-03-30 07:35:05.970449 
Batch 12 / 20  time:  2025-03-30 07:39:47.254921 
Batch 13 / 20  time:  2025-03-30 07:44:28.176651 
Batch 14 / 20  time:  2025-03-30 07:49:09.435061 
Batch 15 / 20  time:  2025-03-30 07:53:50.158314 
Batch 16 / 20  time:  2025-03-30 07:58:31.13841 
Batch 17 / 20  time:  2025-03-30 08:03:13.374213 
Batch 18 / 20  time:  2025-03-30 08:07:56.681969 
Batch 19 / 20  time:  2025-03-30 08:12:40.742434 
Simulation 67 has concluded at: 2025-03-30 08:17:22.068167 
Simulation 68 has began at: 2025-03-30 08:17:22.083164 
Batch 0 / 20  time:  2025-03-30 08:17:22.086414 
Batch 1 / 20  time:  2025-03-30 08:22:02.643758 
Batch 2 / 20  time:  2025-03-30 08:26:43.927766 
Batch 3 / 20  time:  2025-03-30 08:31:26.016195 
Batch 4 / 20  time:  2025-03-30 08:36:07.48843 
Batch 5 / 20  time:  2025-03-30 08:40:47.163383 
Batch 6 / 20  time:  2025-03-30 08:45:27.335543 
Batch 7 / 20  time:  2025-03-30 08:50:09.406647 
Batch 8 / 20  time:  2025-03-30 08:54:50.953793 
Batch 9 / 20  time:  2025-03-30 08:59:32.73091 
Batch 10 / 20  time:  2025-03-30 09:04:16.437207 
Batch 11 / 20  time:  2025-03-30 09:08:57.501099 
Batch 12 / 20  time:  2025-03-30 09:13:38.197791 
Batch 13 / 20  time:  2025-03-30 09:18:18.814942 
Batch 14 / 20  time:  2025-03-30 09:23:00.745837 
Batch 15 / 20  time:  2025-03-30 09:27:42.045195 
Batch 16 / 20  time:  2025-03-30 09:32:23.840191 
Batch 17 / 20  time:  2025-03-30 09:37:05.839961 
Batch 18 / 20  time:  2025-03-30 09:41:47.654536 
Batch 19 / 20  time:  2025-03-30 09:46:29.704284 
Simulation 68 has concluded at: 2025-03-30 09:51:10.328214 
Simulation 69 has began at: 2025-03-30 09:51:10.343612 
Batch 0 / 20  time:  2025-03-30 09:51:10.347023 
Batch 1 / 20  time:  2025-03-30 09:55:52.287844 
Batch 2 / 20  time:  2025-03-30 10:00:34.579798 
Batch 3 / 20  time:  2025-03-30 10:05:18.382408 
Batch 4 / 20  time:  2025-03-30 10:10:00.361231 
Batch 5 / 20  time:  2025-03-30 10:14:42.126985 
Batch 6 / 20  time:  2025-03-30 10:19:24.845634 
Batch 7 / 20  time:  2025-03-30 10:24:10.441365 
Batch 8 / 20  time:  2025-03-30 10:28:52.370079 
Batch 9 / 20  time:  2025-03-30 10:33:37.698364 
Batch 10 / 20  time:  2025-03-30 10:38:19.293169 
Batch 11 / 20  time:  2025-03-30 10:42:59.450772 
Batch 12 / 20  time:  2025-03-30 10:47:40.487156 
Batch 13 / 20  time:  2025-03-30 10:52:22.795091 
Batch 14 / 20  time:  2025-03-30 10:57:05.076361 
Batch 15 / 20  time:  2025-03-30 11:01:49.753621 
Batch 16 / 20  time:  2025-03-30 11:06:32.257454 
Batch 17 / 20  time:  2025-03-30 11:11:16.501326 
Batch 18 / 20  time:  2025-03-30 11:16:01.479298 
Batch 19 / 20  time:  2025-03-30 11:20:44.887777 
Simulation 69 has concluded at: 2025-03-30 11:25:28.175674 
Simulation 70 has began at: 2025-03-30 11:25:28.243402 
Batch 0 / 20  time:  2025-03-30 11:25:28.246866 
Batch 1 / 20  time:  2025-03-30 11:30:12.238185 
Batch 2 / 20  time:  2025-03-30 11:34:56.288078 
Batch 3 / 20  time:  2025-03-30 11:39:38.509428 
Batch 4 / 20  time:  2025-03-30 11:44:20.436422 
Batch 5 / 20  time:  2025-03-30 11:49:01.755261 
Batch 6 / 20  time:  2025-03-30 11:53:47.506235 
Batch 7 / 20  time:  2025-03-30 11:58:30.579582 
Batch 8 / 20  time:  2025-03-30 12:03:14.45728 
Batch 9 / 20  time:  2025-03-30 12:07:57.528028 
Batch 10 / 20  time:  2025-03-30 12:12:39.129863 
Batch 11 / 20  time:  2025-03-30 12:17:19.852014 
Batch 12 / 20  time:  2025-03-30 12:22:02.018074 
Batch 13 / 20  time:  2025-03-30 12:26:45.181457 
Batch 14 / 20  time:  2025-03-30 12:31:27.837185 
Batch 15 / 20  time:  2025-03-30 12:36:10.294556 
Batch 16 / 20  time:  2025-03-30 12:40:53.644206 
Batch 17 / 20  time:  2025-03-30 12:45:35.95584 
Batch 18 / 20  time:  2025-03-30 12:50:16.31855 
Batch 19 / 20  time:  2025-03-30 12:54:57.861238 
Simulation 70 has concluded at: 2025-03-30 12:59:39.920283 
Simulation 71 has began at: 2025-03-30 12:59:39.935438 
Batch 0 / 20  time:  2025-03-30 12:59:39.939078 
Batch 1 / 20  time:  2025-03-30 13:04:22.051729 
Batch 2 / 20  time:  2025-03-30 13:09:03.25602 
Batch 3 / 20  time:  2025-03-30 13:13:44.234945 
Batch 4 / 20  time:  2025-03-30 13:18:27.437783 
Batch 5 / 20  time:  2025-03-30 13:23:07.918474 
Batch 6 / 20  time:  2025-03-30 13:27:49.776464 
Batch 7 / 20  time:  2025-03-30 13:32:32.017805 
Batch 8 / 20  time:  2025-03-30 13:37:14.114727 
Batch 9 / 20  time:  2025-03-30 13:41:55.703978 
Batch 10 / 20  time:  2025-03-30 13:46:37.843641 
Batch 11 / 20  time:  2025-03-30 13:51:18.99271 
Batch 12 / 20  time:  2025-03-30 13:56:00.602283 
Batch 13 / 20  time:  2025-03-30 14:00:42.670882 
Batch 14 / 20  time:  2025-03-30 14:05:27.633609 
Batch 15 / 20  time:  2025-03-30 14:10:10.786212 
Batch 16 / 20  time:  2025-03-30 14:14:55.379959 
Batch 17 / 20  time:  2025-03-30 14:19:37.103252 
Batch 18 / 20  time:  2025-03-30 14:24:18.924107 
Batch 19 / 20  time:  2025-03-30 14:29:08.669405 
Simulation 71 has concluded at: 2025-03-30 14:33:50.803796 
Simulation 72 has began at: 2025-03-30 14:33:50.887209 
Batch 0 / 20  time:  2025-03-30 14:33:50.890659 
Batch 1 / 20  time:  2025-03-30 14:38:33.694555 
Batch 2 / 20  time:  2025-03-30 14:43:17.521044 
Batch 3 / 20  time:  2025-03-30 14:47:58.952006 
Batch 4 / 20  time:  2025-03-30 14:52:40.849487 
Batch 5 / 20  time:  2025-03-30 14:57:22.070873 
Batch 6 / 20  time:  2025-03-30 15:02:07.183285 
Batch 7 / 20  time:  2025-03-30 15:06:49.367667 
Batch 8 / 20  time:  2025-03-30 15:11:31.641563 
Batch 9 / 20  time:  2025-03-30 15:16:13.754447 
Batch 10 / 20  time:  2025-03-30 15:20:56.388889 
Batch 11 / 20  time:  2025-03-30 15:25:37.143058 
Batch 12 / 20  time:  2025-03-30 15:30:20.407311 
Batch 13 / 20  time:  2025-03-30 15:35:03.887647 
Batch 14 / 20  time:  2025-03-30 15:39:46.398402 
Batch 15 / 20  time:  2025-03-30 15:44:28.224618 
Batch 16 / 20  time:  2025-03-30 15:49:10.716069 
Batch 17 / 20  time:  2025-03-30 15:53:55.885791 
Batch 18 / 20  time:  2025-03-30 15:58:44.291364 
Batch 19 / 20  time:  2025-03-30 16:03:26.492601 
Simulation 72 has concluded at: 2025-03-30 16:08:11.316721 
Simulation 73 has began at: 2025-03-30 16:08:11.332644 
Batch 0 / 20  time:  2025-03-30 16:08:11.336075 
Batch 1 / 20  time:  2025-03-30 16:12:53.510178 
Batch 2 / 20  time:  2025-03-30 16:17:36.01262 
Batch 3 / 20  time:  2025-03-30 16:22:18.56106 
Batch 4 / 20  time:  2025-03-30 16:26:59.886726 
Batch 5 / 20  time:  2025-03-30 16:31:44.880903 
Batch 6 / 20  time:  2025-03-30 16:36:28.967453 
Batch 7 / 20  time:  2025-03-30 16:41:11.463947 
Batch 8 / 20  time:  2025-03-30 16:45:54.301417 
Batch 9 / 20  time:  2025-03-30 16:50:38.073198 
Batch 10 / 20  time:  2025-03-30 16:55:24.774806 
Batch 11 / 20  time:  2025-03-30 17:00:06.752845 
Batch 12 / 20  time:  2025-03-30 17:04:50.144773 
Batch 13 / 20  time:  2025-03-30 17:09:32.676501 
Batch 14 / 20  time:  2025-03-30 17:14:14.814343 
Batch 15 / 20  time:  2025-03-30 17:18:57.977003 
Batch 16 / 20  time:  2025-03-30 17:23:40.368646 
Batch 17 / 20  time:  2025-03-30 17:28:26.076008 
Batch 18 / 20  time:  2025-03-30 17:33:10.065815 
Batch 19 / 20  time:  2025-03-30 17:37:51.915995 
Simulation 73 has concluded at: 2025-03-30 17:42:33.771194 
Simulation 74 has began at: 2025-03-30 17:42:33.813383 
Batch 0 / 20  time:  2025-03-30 17:42:33.816552 
Batch 1 / 20  time:  2025-03-30 17:47:16.142715 
Batch 2 / 20  time:  2025-03-30 17:51:58.996067 
Batch 3 / 20  time:  2025-03-30 17:56:40.53651 
Batch 4 / 20  time:  2025-03-30 18:01:26.970513 
Batch 5 / 20  time:  2025-03-30 18:06:09.681177 
Batch 6 / 20  time:  2025-03-30 18:10:52.290295 
Batch 7 / 20  time:  2025-03-30 18:15:35.484602 
Batch 8 / 20  time:  2025-03-30 18:20:18.68454 
Batch 9 / 20  time:  2025-03-30 18:25:00.6983 
Batch 10 / 20  time:  2025-03-30 18:29:43.578415 
Batch 11 / 20  time:  2025-03-30 18:34:26.344119 
Batch 12 / 20  time:  2025-03-30 18:39:08.289986 
Batch 13 / 20  time:  2025-03-30 18:43:50.397589 
Batch 14 / 20  time:  2025-03-30 18:48:31.204942 
Batch 15 / 20  time:  2025-03-30 18:53:13.186883 
Batch 16 / 20  time:  2025-03-30 18:57:55.221801 
Batch 17 / 20  time:  2025-03-30 19:02:38.350566 
Batch 18 / 20  time:  2025-03-30 19:07:22.97526 
Batch 19 / 20  time:  2025-03-30 19:12:05.653894 
Simulation 74 has concluded at: 2025-03-30 19:16:49.695767 
Simulation 75 has began at: 2025-03-30 19:16:49.719604 
Batch 0 / 20  time:  2025-03-30 19:16:49.722698 
Batch 1 / 20  time:  2025-03-30 19:21:34.793904 
Batch 2 / 20  time:  2025-03-30 19:26:17.728413 
Batch 3 / 20  time:  2025-03-30 19:31:01.851893 
Batch 4 / 20  time:  2025-03-30 19:35:45.04335 
Batch 5 / 20  time:  2025-03-30 19:40:27.95414 
Batch 6 / 20  time:  2025-03-30 19:45:11.096863 
Batch 7 / 20  time:  2025-03-30 19:49:52.92572 
Batch 8 / 20  time:  2025-03-30 19:54:37.12702 
Batch 9 / 20  time:  2025-03-30 19:59:18.486893 
Batch 10 / 20  time:  2025-03-30 20:04:01.87456 
Batch 11 / 20  time:  2025-03-30 20:08:44.126982 
Batch 12 / 20  time:  2025-03-30 20:13:27.046911 
Batch 13 / 20  time:  2025-03-30 20:18:09.79128 
Batch 14 / 20  time:  2025-03-30 20:22:52.776093 
Batch 15 / 20  time:  2025-03-30 20:27:36.315471 
Batch 16 / 20  time:  2025-03-30 20:32:18.143038 
Batch 17 / 20  time:  2025-03-30 20:37:04.592613 
Batch 18 / 20  time:  2025-03-30 20:41:47.360941 
Batch 19 / 20  time:  2025-03-30 20:46:29.932752 
Simulation 75 has concluded at: 2025-03-30 20:51:11.739231 
Simulation 76 has began at: 2025-03-30 20:51:11.756395 
Batch 0 / 20  time:  2025-03-30 20:51:11.759715 
Batch 1 / 20  time:  2025-03-30 20:55:55.225794 
Batch 2 / 20  time:  2025-03-30 21:00:38.260408 
Batch 3 / 20  time:  2025-03-30 21:05:20.266793 
Batch 4 / 20  time:  2025-03-30 21:10:01.986696 
Batch 5 / 20  time:  2025-03-30 21:14:44.980901 
Batch 6 / 20  time:  2025-03-30 21:19:25.970125 
Batch 7 / 20  time:  2025-03-30 21:24:08.456224 
Batch 8 / 20  time:  2025-03-30 21:28:49.126354 
Batch 9 / 20  time:  2025-03-30 21:33:36.142765 
Batch 10 / 20  time:  2025-03-30 21:38:17.205125 
Batch 11 / 20  time:  2025-03-30 21:42:58.770449 
Batch 12 / 20  time:  2025-03-30 21:47:39.171616 
Batch 13 / 20  time:  2025-03-30 21:52:19.942172 
Batch 14 / 20  time:  2025-03-30 21:57:01.559232 
Batch 15 / 20  time:  2025-03-30 22:01:43.957134 
Batch 16 / 20  time:  2025-03-30 22:06:25.409074 
Batch 17 / 20  time:  2025-03-30 22:11:06.113716 
Batch 18 / 20  time:  2025-03-30 22:15:46.806364 
Batch 19 / 20  time:  2025-03-30 22:20:27.632246 
Simulation 76 has concluded at: 2025-03-30 22:25:09.426005 
Simulation 77 has began at: 2025-03-30 22:25:09.449869 
Batch 0 / 20  time:  2025-03-30 22:25:09.453063 
Batch 1 / 20  time:  2025-03-30 22:29:50.082192 
Batch 2 / 20  time:  2025-03-30 22:34:31.740712 
Batch 3 / 20  time:  2025-03-30 22:39:12.828326 
Batch 4 / 20  time:  2025-03-30 22:43:53.823777 
Batch 5 / 20  time:  2025-03-30 22:48:34.702886 
Batch 6 / 20  time:  2025-03-30 22:53:15.800561 
Batch 7 / 20  time:  2025-03-30 22:57:56.627635 
Batch 8 / 20  time:  2025-03-30 23:02:38.451643 
