Tue Mar 25 22:38:54 -05 2025: Cargando módulo python/3.6.0_miniconda-4.3.11_gcc-11.2.0
Tue Mar 25 22:38:54 -05 2025: activando venv abc4sfa
Tue Mar 25 22:38:54 -05 2025: Ejecutando Rscript abc4sfa/1_simulation_hn/jobs/main_id=s1.R
Simulation 1 has began at: 2025-03-25 22:38:33.310911 
Batch 0 / 20  time:  2025-03-25 22:38:33.313149 
Batch 1 / 20  time:  2025-03-25 22:42:59.639772 
Batch 2 / 20  time:  2025-03-25 22:47:26.976519 
Batch 3 / 20  time:  2025-03-25 22:51:51.632343 
Batch 4 / 20  time:  2025-03-25 22:56:17.616844 
Batch 5 / 20  time:  2025-03-25 23:00:46.052112 
Batch 6 / 20  time:  2025-03-25 23:05:13.161714 
Batch 7 / 20  time:  2025-03-25 23:09:38.140161 
Batch 8 / 20  time:  2025-03-25 23:14:02.442355 
Batch 9 / 20  time:  2025-03-25 23:18:29.87852 
Batch 10 / 20  time:  2025-03-25 23:22:54.038486 
Batch 11 / 20  time:  2025-03-25 23:27:18.527674 
Batch 12 / 20  time:  2025-03-25 23:31:44.046327 
Batch 13 / 20  time:  2025-03-25 23:36:11.625851 
Batch 14 / 20  time:  2025-03-25 23:40:35.897057 
Batch 15 / 20  time:  2025-03-25 23:45:00.07484 
Batch 16 / 20  time:  2025-03-25 23:49:26.83204 
Batch 17 / 20  time:  2025-03-25 23:53:52.771399 
Batch 18 / 20  time:  2025-03-25 23:58:15.46115 
Batch 19 / 20  time:  2025-03-26 00:02:40.635927 
Simulation 1 has concluded at: 2025-03-26 00:07:08.218266 
Simulation 2 has began at: 2025-03-26 00:07:08.226522 
Batch 0 / 20  time:  2025-03-26 00:07:08.289671 
Batch 1 / 20  time:  2025-03-26 00:11:32.13501 
Batch 2 / 20  time:  2025-03-26 00:15:56.007091 
Batch 3 / 20  time:  2025-03-26 00:20:19.127937 
Batch 4 / 20  time:  2025-03-26 00:24:40.818708 
Batch 5 / 20  time:  2025-03-26 00:29:04.121151 
Batch 6 / 20  time:  2025-03-26 00:33:27.427014 
Batch 7 / 20  time:  2025-03-26 00:37:50.578537 
Batch 8 / 20  time:  2025-03-26 00:42:13.495336 
Batch 9 / 20  time:  2025-03-26 00:46:36.753164 
Batch 10 / 20  time:  2025-03-26 00:50:59.568848 
Batch 11 / 20  time:  2025-03-26 00:55:26.656286 
Batch 12 / 20  time:  2025-03-26 00:59:53.108549 
Batch 13 / 20  time:  2025-03-26 01:04:14.73792 
Batch 14 / 20  time:  2025-03-26 01:08:37.257873 
Batch 15 / 20  time:  2025-03-26 01:12:58.966137 
Batch 16 / 20  time:  2025-03-26 01:17:25.214408 
Batch 17 / 20  time:  2025-03-26 01:21:47.011448 
Batch 18 / 20  time:  2025-03-26 01:26:10.467231 
Batch 19 / 20  time:  2025-03-26 01:30:32.015584 
Simulation 2 has concluded at: 2025-03-26 01:34:52.853634 
Simulation 3 has began at: 2025-03-26 01:34:52.855513 
Batch 0 / 20  time:  2025-03-26 01:34:52.873066 
Batch 1 / 20  time:  2025-03-26 01:39:14.127841 
Batch 2 / 20  time:  2025-03-26 01:43:34.100816 
Batch 3 / 20  time:  2025-03-26 01:47:57.132362 
Batch 4 / 20  time:  2025-03-26 01:52:19.180141 
Batch 5 / 20  time:  2025-03-26 01:56:41.742724 
Batch 6 / 20  time:  2025-03-26 02:01:03.71658 
Batch 7 / 20  time:  2025-03-26 02:05:25.786734 
Batch 8 / 20  time:  2025-03-26 02:09:47.308302 
Batch 9 / 20  time:  2025-03-26 02:14:08.537721 
Batch 10 / 20  time:  2025-03-26 02:18:30.557194 
Batch 11 / 20  time:  2025-03-26 02:22:53.046682 
Batch 12 / 20  time:  2025-03-26 02:27:15.509332 
Batch 13 / 20  time:  2025-03-26 02:31:38.214462 
Batch 14 / 20  time:  2025-03-26 02:36:01.264931 
Batch 15 / 20  time:  2025-03-26 02:40:23.837494 
Batch 16 / 20  time:  2025-03-26 02:44:46.037789 
Batch 17 / 20  time:  2025-03-26 02:49:08.124866 
Batch 18 / 20  time:  2025-03-26 02:53:30.998899 
Batch 19 / 20  time:  2025-03-26 02:57:54.040844 
Simulation 3 has concluded at: 2025-03-26 03:02:14.458712 
Simulation 4 has began at: 2025-03-26 03:02:14.460993 
Batch 0 / 20  time:  2025-03-26 03:02:14.463842 
Batch 1 / 20  time:  2025-03-26 03:06:35.549574 
Batch 2 / 20  time:  2025-03-26 03:10:56.921093 
Batch 3 / 20  time:  2025-03-26 03:15:15.237541 
Batch 4 / 20  time:  2025-03-26 03:19:36.053036 
Batch 5 / 20  time:  2025-03-26 03:23:56.752866 
Batch 6 / 20  time:  2025-03-26 03:28:15.921198 
Batch 7 / 20  time:  2025-03-26 03:32:37.347643 
Batch 8 / 20  time:  2025-03-26 03:36:59.431998 
Batch 9 / 20  time:  2025-03-26 03:41:18.036911 
Batch 10 / 20  time:  2025-03-26 03:45:40.29582 
Batch 11 / 20  time:  2025-03-26 03:50:01.544907 
Batch 12 / 20  time:  2025-03-26 03:54:20.58321 
Batch 13 / 20  time:  2025-03-26 03:58:40.7878 
Batch 14 / 20  time:  2025-03-26 04:03:04.272064 
Batch 15 / 20  time:  2025-03-26 04:07:24.303709 
Batch 16 / 20  time:  2025-03-26 04:11:45.477651 
Batch 17 / 20  time:  2025-03-26 04:16:06.153994 
Batch 18 / 20  time:  2025-03-26 04:20:25.629074 
Batch 19 / 20  time:  2025-03-26 04:24:45.516307 
Simulation 4 has concluded at: 2025-03-26 04:29:06.026681 
Simulation 5 has began at: 2025-03-26 04:29:06.028738 
Batch 0 / 20  time:  2025-03-26 04:29:06.032935 
Batch 1 / 20  time:  2025-03-26 04:33:25.837219 
Batch 2 / 20  time:  2025-03-26 04:37:46.624896 
Batch 3 / 20  time:  2025-03-26 04:42:05.498265 
Batch 4 / 20  time:  2025-03-26 04:46:23.190853 
Batch 5 / 20  time:  2025-03-26 04:50:43.288745 
Batch 6 / 20  time:  2025-03-26 04:55:02.886921 
Batch 7 / 20  time:  2025-03-26 04:59:22.934756 
Batch 8 / 20  time:  2025-03-26 05:03:44.865551 
Batch 9 / 20  time:  2025-03-26 05:08:06.295443 
Batch 10 / 20  time:  2025-03-26 05:12:24.524411 
Batch 11 / 20  time:  2025-03-26 05:16:44.130228 
Batch 12 / 20  time:  2025-03-26 05:21:03.693047 
Batch 13 / 20  time:  2025-03-26 05:25:24.455869 
Batch 14 / 20  time:  2025-03-26 05:29:44.407794 
Batch 15 / 20  time:  2025-03-26 05:34:05.539962 
Batch 16 / 20  time:  2025-03-26 05:38:24.404807 
Batch 17 / 20  time:  2025-03-26 05:42:44.00246 
Batch 18 / 20  time:  2025-03-26 05:47:04.119226 
Batch 19 / 20  time:  2025-03-26 05:51:21.628347 
Simulation 5 has concluded at: 2025-03-26 05:55:41.957917 
Simulation 6 has began at: 2025-03-26 05:55:41.960011 
Batch 0 / 20  time:  2025-03-26 05:55:41.966425 
Batch 1 / 20  time:  2025-03-26 06:00:01.756899 
Batch 2 / 20  time:  2025-03-26 06:04:21.512052 
Batch 3 / 20  time:  2025-03-26 06:08:41.922877 
Batch 4 / 20  time:  2025-03-26 06:13:01.910024 
Batch 5 / 20  time:  2025-03-26 06:17:19.720214 
Batch 6 / 20  time:  2025-03-26 06:21:39.549171 
Batch 7 / 20  time:  2025-03-26 06:25:59.467042 
Batch 8 / 20  time:  2025-03-26 06:30:17.825399 
Batch 9 / 20  time:  2025-03-26 06:34:37.096282 
Batch 10 / 20  time:  2025-03-26 06:38:57.470651 
Batch 11 / 20  time:  2025-03-26 06:43:18.854995 
Batch 12 / 20  time:  2025-03-26 06:47:45.825695 
Batch 13 / 20  time:  2025-03-26 06:52:07.881225 
Batch 14 / 20  time:  2025-03-26 06:56:28.001708 
Batch 15 / 20  time:  2025-03-26 07:00:51.19215 
Batch 16 / 20  time:  2025-03-26 07:05:14.706831 
Batch 17 / 20  time:  2025-03-26 07:09:36.345634 
Batch 18 / 20  time:  2025-03-26 07:13:56.73637 
Batch 19 / 20  time:  2025-03-26 07:18:17.320932 
Simulation 6 has concluded at: 2025-03-26 07:22:40.194753 
Simulation 7 has began at: 2025-03-26 07:22:40.197408 
Batch 0 / 20  time:  2025-03-26 07:22:40.201721 
Batch 1 / 20  time:  2025-03-26 07:26:59.643279 
Batch 2 / 20  time:  2025-03-26 07:31:20.744342 
Batch 3 / 20  time:  2025-03-26 07:35:42.174527 
Batch 4 / 20  time:  2025-03-26 07:40:03.332873 
Batch 5 / 20  time:  2025-03-26 07:44:24.77707 
Batch 6 / 20  time:  2025-03-26 07:48:44.719872 
Batch 7 / 20  time:  2025-03-26 07:53:05.596623 
Batch 8 / 20  time:  2025-03-26 07:57:27.743161 
Batch 9 / 20  time:  2025-03-26 08:01:48.033222 
Batch 10 / 20  time:  2025-03-26 08:06:09.295836 
Batch 11 / 20  time:  2025-03-26 08:10:28.7178 
Batch 12 / 20  time:  2025-03-26 08:14:48.067641 
Batch 13 / 20  time:  2025-03-26 08:19:08.193532 
Batch 14 / 20  time:  2025-03-26 08:23:27.513286 
Batch 15 / 20  time:  2025-03-26 08:27:44.789987 
Batch 16 / 20  time:  2025-03-26 08:32:08.725744 
Batch 17 / 20  time:  2025-03-26 08:36:34.458026 
Batch 18 / 20  time:  2025-03-26 08:40:53.582897 
Batch 19 / 20  time:  2025-03-26 08:45:11.814962 
Simulation 7 has concluded at: 2025-03-26 08:49:32.490224 
Simulation 8 has began at: 2025-03-26 08:49:32.492605 
Batch 0 / 20  time:  2025-03-26 08:49:32.496676 
Batch 1 / 20  time:  2025-03-26 08:53:50.131373 
Batch 2 / 20  time:  2025-03-26 08:58:08.937801 
Batch 3 / 20  time:  2025-03-26 09:02:27.786134 
Batch 4 / 20  time:  2025-03-26 09:06:46.962542 
Batch 5 / 20  time:  2025-03-26 09:11:05.595314 
Batch 6 / 20  time:  2025-03-26 09:15:24.66599 
Batch 7 / 20  time:  2025-03-26 09:19:43.88157 
Batch 8 / 20  time:  2025-03-26 09:24:04.025403 
Batch 9 / 20  time:  2025-03-26 09:28:29.168441 
Batch 10 / 20  time:  2025-03-26 09:32:55.774264 
Batch 11 / 20  time:  2025-03-26 09:37:22.472776 
Batch 12 / 20  time:  2025-03-26 09:41:41.658407 
Batch 13 / 20  time:  2025-03-26 09:46:00.771456 
Batch 14 / 20  time:  2025-03-26 09:50:19.946658 
Batch 15 / 20  time:  2025-03-26 09:54:38.640795 
Batch 16 / 20  time:  2025-03-26 09:58:57.708494 
Batch 17 / 20  time:  2025-03-26 10:03:18.342583 
Batch 18 / 20  time:  2025-03-26 10:07:39.782159 
Batch 19 / 20  time:  2025-03-26 10:12:09.105515 
Simulation 8 has concluded at: 2025-03-26 10:16:35.085403 
Simulation 9 has began at: 2025-03-26 10:16:35.088319 
Batch 0 / 20  time:  2025-03-26 10:16:35.093659 
Batch 1 / 20  time:  2025-03-26 10:21:00.041102 
Batch 2 / 20  time:  2025-03-26 10:25:18.640602 
Batch 3 / 20  time:  2025-03-26 10:29:36.91106 
Batch 4 / 20  time:  2025-03-26 10:33:58.399809 
Batch 5 / 20  time:  2025-03-26 10:38:16.557523 
Batch 6 / 20  time:  2025-03-26 10:42:36.151005 
Batch 7 / 20  time:  2025-03-26 10:46:54.883351 
Batch 8 / 20  time:  2025-03-26 10:51:13.574196 
Batch 9 / 20  time:  2025-03-26 10:55:39.693969 
Batch 10 / 20  time:  2025-03-26 11:00:06.839009 
Batch 11 / 20  time:  2025-03-26 11:04:31.974118 
Batch 12 / 20  time:  2025-03-26 11:08:58.193492 
Batch 13 / 20  time:  2025-03-26 11:13:21.638543 
Batch 14 / 20  time:  2025-03-26 11:17:42.751322 
Batch 15 / 20  time:  2025-03-26 11:22:00.373156 
Batch 16 / 20  time:  2025-03-26 11:26:18.605386 
Batch 17 / 20  time:  2025-03-26 11:30:37.720679 
Batch 18 / 20  time:  2025-03-26 11:35:01.54128 
Batch 19 / 20  time:  2025-03-26 11:39:20.904029 
Simulation 9 has concluded at: 2025-03-26 11:43:43.300914 
Simulation 10 has began at: 2025-03-26 11:43:43.303788 
Batch 0 / 20  time:  2025-03-26 11:43:43.306812 
Batch 1 / 20  time:  2025-03-26 11:48:03.120066 
Batch 2 / 20  time:  2025-03-26 11:52:23.107421 
Batch 3 / 20  time:  2025-03-26 11:56:40.249037 
Batch 4 / 20  time:  2025-03-26 12:00:58.666863 
Batch 5 / 20  time:  2025-03-26 12:05:21.064788 
Batch 6 / 20  time:  2025-03-26 12:09:42.381844 
Batch 7 / 20  time:  2025-03-26 12:14:03.649426 
Batch 8 / 20  time:  2025-03-26 12:18:23.07596 
Batch 9 / 20  time:  2025-03-26 12:22:43.734473 
Batch 10 / 20  time:  2025-03-26 12:27:03.125851 
Batch 11 / 20  time:  2025-03-26 12:31:23.097657 
Batch 12 / 20  time:  2025-03-26 12:35:47.083151 
Batch 13 / 20  time:  2025-03-26 12:40:14.025929 
Batch 14 / 20  time:  2025-03-26 12:44:33.579713 
Batch 15 / 20  time:  2025-03-26 12:48:51.962831 
Batch 16 / 20  time:  2025-03-26 12:53:12.806502 
Batch 17 / 20  time:  2025-03-26 12:57:38.868351 
Batch 18 / 20  time:  2025-03-26 13:01:59.057351 
Batch 19 / 20  time:  2025-03-26 13:06:18.926719 
Simulation 10 has concluded at: 2025-03-26 13:10:38.715419 
Simulation 11 has began at: 2025-03-26 13:10:38.718421 
Batch 0 / 20  time:  2025-03-26 13:10:38.721588 
Batch 1 / 20  time:  2025-03-26 13:14:58.710673 
Batch 2 / 20  time:  2025-03-26 13:19:17.81764 
Batch 3 / 20  time:  2025-03-26 13:23:41.68528 
Batch 4 / 20  time:  2025-03-26 13:28:04.793195 
Batch 5 / 20  time:  2025-03-26 13:32:24.018245 
Batch 6 / 20  time:  2025-03-26 13:36:43.629499 
Batch 7 / 20  time:  2025-03-26 13:41:05.391704 
Batch 8 / 20  time:  2025-03-26 13:45:23.178719 
Batch 9 / 20  time:  2025-03-26 13:49:43.580912 
Batch 10 / 20  time:  2025-03-26 13:54:08.414879 
Batch 11 / 20  time:  2025-03-26 13:58:36.009957 
Batch 12 / 20  time:  2025-03-26 14:03:04.161791 
Batch 13 / 20  time:  2025-03-26 14:07:33.161578 
Batch 14 / 20  time:  2025-03-26 14:11:59.74869 
Batch 15 / 20  time:  2025-03-26 14:16:25.616847 
Batch 16 / 20  time:  2025-03-26 14:20:54.864444 
Batch 17 / 20  time:  2025-03-26 14:25:21.190583 
Batch 18 / 20  time:  2025-03-26 14:29:48.130627 
Batch 19 / 20  time:  2025-03-26 14:34:11.698246 
Simulation 11 has concluded at: 2025-03-26 14:38:39.020478 
Simulation 12 has began at: 2025-03-26 14:38:39.023666 
Batch 0 / 20  time:  2025-03-26 14:38:39.026037 
Batch 1 / 20  time:  2025-03-26 14:43:05.278987 
Batch 2 / 20  time:  2025-03-26 14:47:26.050627 
Batch 3 / 20  time:  2025-03-26 14:51:51.38516 
Batch 4 / 20  time:  2025-03-26 14:56:17.15516 
Batch 5 / 20  time:  2025-03-26 15:00:45.123086 
Batch 6 / 20  time:  2025-03-26 15:05:10.820148 
Batch 7 / 20  time:  2025-03-26 15:09:30.913758 
Batch 8 / 20  time:  2025-03-26 15:13:49.701615 
Batch 9 / 20  time:  2025-03-26 15:18:10.343471 
Batch 10 / 20  time:  2025-03-26 15:22:35.247782 
Batch 11 / 20  time:  2025-03-26 15:26:54.658147 
Batch 12 / 20  time:  2025-03-26 15:31:13.640672 
Batch 13 / 20  time:  2025-03-26 15:35:33.186438 
Batch 14 / 20  time:  2025-03-26 15:39:51.851154 
Batch 15 / 20  time:  2025-03-26 15:44:10.229784 
Batch 16 / 20  time:  2025-03-26 15:48:27.622184 
Batch 17 / 20  time:  2025-03-26 15:52:48.030699 
Batch 18 / 20  time:  2025-03-26 15:57:09.415934 
Batch 19 / 20  time:  2025-03-26 16:01:34.349567 
Simulation 12 has concluded at: 2025-03-26 16:05:59.526726 
Simulation 13 has began at: 2025-03-26 16:05:59.530107 
Batch 0 / 20  time:  2025-03-26 16:05:59.532926 
Batch 1 / 20  time:  2025-03-26 16:10:22.838457 
Batch 2 / 20  time:  2025-03-26 16:14:47.686437 
Batch 3 / 20  time:  2025-03-26 16:19:06.070597 
Batch 4 / 20  time:  2025-03-26 16:23:31.107242 
Batch 5 / 20  time:  2025-03-26 16:27:55.676332 
Batch 6 / 20  time:  2025-03-26 16:32:20.741781 
Batch 7 / 20  time:  2025-03-26 16:36:45.727159 
Batch 8 / 20  time:  2025-03-26 16:41:10.22255 
Batch 9 / 20  time:  2025-03-26 16:45:35.355526 
Batch 10 / 20  time:  2025-03-26 16:49:55.38091 
Batch 11 / 20  time:  2025-03-26 16:54:19.195601 
Batch 12 / 20  time:  2025-03-26 16:58:45.170056 
Batch 13 / 20  time:  2025-03-26 17:03:09.56121 
Batch 14 / 20  time:  2025-03-26 17:07:30.204495 
Batch 15 / 20  time:  2025-03-26 17:11:54.467947 
Batch 16 / 20  time:  2025-03-26 17:16:19.377947 
Batch 17 / 20  time:  2025-03-26 17:20:37.640823 
Batch 18 / 20  time:  2025-03-26 17:25:02.830024 
Batch 19 / 20  time:  2025-03-26 17:29:22.57799 
Simulation 13 has concluded at: 2025-03-26 17:33:42.23426 
Simulation 14 has began at: 2025-03-26 17:33:42.237871 
Batch 0 / 20  time:  2025-03-26 17:33:42.241644 
Batch 1 / 20  time:  2025-03-26 17:38:02.294832 
Batch 2 / 20  time:  2025-03-26 17:42:27.680656 
Batch 3 / 20  time:  2025-03-26 17:46:45.01958 
Batch 4 / 20  time:  2025-03-26 17:51:03.84925 
Batch 5 / 20  time:  2025-03-26 17:55:24.06957 
Batch 6 / 20  time:  2025-03-26 17:59:48.250112 
Batch 7 / 20  time:  2025-03-26 18:04:13.904346 
Batch 8 / 20  time:  2025-03-26 18:08:39.781354 
Batch 9 / 20  time:  2025-03-26 18:12:58.388112 
Batch 10 / 20  time:  2025-03-26 18:17:18.392838 
Batch 11 / 20  time:  2025-03-26 18:21:38.45324 
Batch 12 / 20  time:  2025-03-26 18:26:00.266788 
Batch 13 / 20  time:  2025-03-26 18:30:26.349004 
Batch 14 / 20  time:  2025-03-26 18:34:47.027851 
Batch 15 / 20  time:  2025-03-26 18:39:12.292141 
Batch 16 / 20  time:  2025-03-26 18:43:27.736793 
Batch 17 / 20  time:  2025-03-26 18:47:44.730919 
Batch 18 / 20  time:  2025-03-26 18:52:05.322272 
Batch 19 / 20  time:  2025-03-26 18:56:24.164339 
Simulation 14 has concluded at: 2025-03-26 19:00:44.105055 
Simulation 15 has began at: 2025-03-26 19:00:44.108707 
Batch 0 / 20  time:  2025-03-26 19:00:44.111506 
Batch 1 / 20  time:  2025-03-26 19:05:07.327676 
Batch 2 / 20  time:  2025-03-26 19:09:27.499793 
Batch 3 / 20  time:  2025-03-26 19:13:51.784287 
Batch 4 / 20  time:  2025-03-26 19:18:11.504514 
Batch 5 / 20  time:  2025-03-26 19:22:27.595987 
Batch 6 / 20  time:  2025-03-26 19:26:47.674791 
Batch 7 / 20  time:  2025-03-26 19:31:08.001703 
Batch 8 / 20  time:  2025-03-26 19:35:29.658767 
Batch 9 / 20  time:  2025-03-26 19:39:53.365707 
Batch 10 / 20  time:  2025-03-26 19:44:18.348308 
Batch 11 / 20  time:  2025-03-26 19:48:34.264503 
Batch 12 / 20  time:  2025-03-26 19:52:50.541516 
Batch 13 / 20  time:  2025-03-26 19:57:10.672775 
Batch 14 / 20  time:  2025-03-26 20:01:32.553619 
Batch 15 / 20  time:  2025-03-26 20:05:58.207163 
Batch 16 / 20  time:  2025-03-26 20:10:25.28727 
Batch 17 / 20  time:  2025-03-26 20:14:44.19488 
Batch 18 / 20  time:  2025-03-26 20:19:10.093655 
Batch 19 / 20  time:  2025-03-26 20:23:34.624068 
Simulation 15 has concluded at: 2025-03-26 20:27:53.420067 
Simulation 16 has began at: 2025-03-26 20:27:53.451043 
Batch 0 / 20  time:  2025-03-26 20:27:53.453358 
Batch 1 / 20  time:  2025-03-26 20:32:17.578667 
Batch 2 / 20  time:  2025-03-26 20:36:43.267675 
Batch 3 / 20  time:  2025-03-26 20:41:01.25668 
Batch 4 / 20  time:  2025-03-26 20:45:20.953786 
Batch 5 / 20  time:  2025-03-26 20:49:46.509652 
Batch 6 / 20  time:  2025-03-26 20:54:09.395309 
Batch 7 / 20  time:  2025-03-26 20:58:32.663531 
Batch 8 / 20  time:  2025-03-26 21:02:56.96862 
Batch 9 / 20  time:  2025-03-26 21:07:20.963201 
Batch 10 / 20  time:  2025-03-26 21:11:46.372853 
Batch 11 / 20  time:  2025-03-26 21:16:04.124498 
Batch 12 / 20  time:  2025-03-26 21:20:24.097037 
Batch 13 / 20  time:  2025-03-26 21:24:47.456587 
Batch 14 / 20  time:  2025-03-26 21:29:07.260983 
Batch 15 / 20  time:  2025-03-26 21:33:31.661469 
Batch 16 / 20  time:  2025-03-26 21:37:50.492622 
Batch 17 / 20  time:  2025-03-26 21:42:15.124324 
Batch 18 / 20  time:  2025-03-26 21:46:38.131919 
Batch 19 / 20  time:  2025-03-26 21:50:57.034065 
Simulation 16 has concluded at: 2025-03-26 21:55:21.822102 
Simulation 17 has began at: 2025-03-26 21:55:21.826312 
Batch 0 / 20  time:  2025-03-26 21:55:21.829295 
Batch 1 / 20  time:  2025-03-26 21:59:49.034379 
Batch 2 / 20  time:  2025-03-26 22:04:13.511826 
Batch 3 / 20  time:  2025-03-26 22:08:33.446345 
Batch 4 / 20  time:  2025-03-26 22:12:53.691187 
Batch 5 / 20  time:  2025-03-26 22:17:11.212506 
Batch 6 / 20  time:  2025-03-26 22:21:36.529181 
Batch 7 / 20  time:  2025-03-26 22:25:55.613494 
Batch 8 / 20  time:  2025-03-26 22:30:21.612168 
Batch 9 / 20  time:  2025-03-26 22:34:48.665448 
Batch 10 / 20  time:  2025-03-26 22:39:08.610405 
Batch 11 / 20  time:  2025-03-26 22:43:34.181126 
Batch 12 / 20  time:  2025-03-26 22:47:59.644867 
Batch 13 / 20  time:  2025-03-26 22:52:17.46167 
Batch 14 / 20  time:  2025-03-26 22:56:42.852169 
Batch 15 / 20  time:  2025-03-26 23:01:08.173772 
Batch 16 / 20  time:  2025-03-26 23:05:29.061934 
Batch 17 / 20  time:  2025-03-26 23:09:46.60276 
Batch 18 / 20  time:  2025-03-26 23:14:05.061071 
Batch 19 / 20  time:  2025-03-26 23:18:25.862012 
Simulation 17 has concluded at: 2025-03-26 23:22:49.859791 
Simulation 18 has began at: 2025-03-26 23:22:49.87622 
Batch 0 / 20  time:  2025-03-26 23:22:49.895464 
Batch 1 / 20  time:  2025-03-26 23:27:14.128143 
Batch 2 / 20  time:  2025-03-26 23:31:42.096545 
Batch 3 / 20  time:  2025-03-26 23:36:05.232726 
Batch 4 / 20  time:  2025-03-26 23:40:22.616428 
Batch 5 / 20  time:  2025-03-26 23:44:45.817627 
Batch 6 / 20  time:  2025-03-26 23:49:04.469218 
Batch 7 / 20  time:  2025-03-26 23:53:28.288061 
Batch 8 / 20  time:  2025-03-26 23:57:45.195801 
Batch 9 / 20  time:  2025-03-27 00:02:08.509591 
Batch 10 / 20  time:  2025-03-27 00:06:32.541382 
Batch 11 / 20  time:  2025-03-27 00:10:54.204517 
Batch 12 / 20  time:  2025-03-27 00:15:18.088892 
Batch 13 / 20  time:  2025-03-27 00:19:42.720701 
Batch 14 / 20  time:  2025-03-27 00:24:05.320277 
Batch 15 / 20  time:  2025-03-27 00:28:24.162504 
Batch 16 / 20  time:  2025-03-27 00:32:47.54587 
Batch 17 / 20  time:  2025-03-27 00:37:12.256436 
Batch 18 / 20  time:  2025-03-27 00:41:29.300949 
Batch 19 / 20  time:  2025-03-27 00:45:46.523082 
Simulation 18 has concluded at: 2025-03-27 00:50:07.753811 
Simulation 19 has began at: 2025-03-27 00:50:07.783392 
Batch 0 / 20  time:  2025-03-27 00:50:07.786913 
Batch 1 / 20  time:  2025-03-27 00:54:30.848135 
Batch 2 / 20  time:  2025-03-27 00:58:53.365515 
Batch 3 / 20  time:  2025-03-27 01:03:15.963925 
Batch 4 / 20  time:  2025-03-27 01:07:38.810498 
Batch 5 / 20  time:  2025-03-27 01:12:01.945945 
Batch 6 / 20  time:  2025-03-27 01:16:19.842757 
Batch 7 / 20  time:  2025-03-27 01:20:42.772969 
Batch 8 / 20  time:  2025-03-27 01:25:05.441885 
Batch 9 / 20  time:  2025-03-27 01:29:27.506921 
Batch 10 / 20  time:  2025-03-27 01:33:52.334362 
Batch 11 / 20  time:  2025-03-27 01:38:11.205976 
Batch 12 / 20  time:  2025-03-27 01:42:33.367837 
Batch 13 / 20  time:  2025-03-27 01:46:52.180142 
Batch 14 / 20  time:  2025-03-27 01:51:16.940296 
Batch 15 / 20  time:  2025-03-27 01:55:33.332773 
Batch 16 / 20  time:  2025-03-27 01:59:51.233827 
Batch 17 / 20  time:  2025-03-27 02:04:10.861547 
Batch 18 / 20  time:  2025-03-27 02:08:32.242258 
Batch 19 / 20  time:  2025-03-27 02:12:47.466538 
Simulation 19 has concluded at: 2025-03-27 02:17:10.380649 
Simulation 20 has began at: 2025-03-27 02:17:10.38515 
Batch 0 / 20  time:  2025-03-27 02:17:10.38821 
Batch 1 / 20  time:  2025-03-27 02:21:30.553365 
Batch 2 / 20  time:  2025-03-27 02:25:47.490124 
Batch 3 / 20  time:  2025-03-27 02:30:06.527809 
Batch 4 / 20  time:  2025-03-27 02:34:25.654166 
Batch 5 / 20  time:  2025-03-27 02:38:42.243405 
Batch 6 / 20  time:  2025-03-27 02:43:01.531276 
Batch 7 / 20  time:  2025-03-27 02:47:20.887512 
Batch 8 / 20  time:  2025-03-27 02:51:39.006669 
Batch 9 / 20  time:  2025-03-27 02:55:56.333421 
Batch 10 / 20  time:  2025-03-27 03:00:18.847851 
Batch 11 / 20  time:  2025-03-27 03:04:38.700032 
Batch 12 / 20  time:  2025-03-27 03:08:55.731924 
Batch 13 / 20  time:  2025-03-27 03:13:11.975043 
Batch 14 / 20  time:  2025-03-27 03:17:27.554948 
Batch 15 / 20  time:  2025-03-27 03:21:46.791155 
Batch 16 / 20  time:  2025-03-27 03:26:02.925434 
Batch 17 / 20  time:  2025-03-27 03:30:22.633065 
Batch 18 / 20  time:  2025-03-27 03:34:44.732233 
Batch 19 / 20  time:  2025-03-27 03:39:02.763897 
Simulation 20 has concluded at: 2025-03-27 03:43:20.487152 
Simulation 21 has began at: 2025-03-27 03:43:20.491951 
Batch 0 / 20  time:  2025-03-27 03:43:20.495692 
Batch 1 / 20  time:  2025-03-27 03:47:36.726048 
Batch 2 / 20  time:  2025-03-27 03:51:54.326822 
Batch 3 / 20  time:  2025-03-27 03:56:16.716131 
Batch 4 / 20  time:  2025-03-27 04:00:39.599702 
Batch 5 / 20  time:  2025-03-27 04:04:57.242056 
Batch 6 / 20  time:  2025-03-27 04:09:15.339033 
Batch 7 / 20  time:  2025-03-27 04:13:31.815984 
Batch 8 / 20  time:  2025-03-27 04:17:47.466303 
Batch 9 / 20  time:  2025-03-27 04:22:02.645915 
Batch 10 / 20  time:  2025-03-27 04:26:19.03938 
Batch 11 / 20  time:  2025-03-27 04:30:35.652675 
Batch 12 / 20  time:  2025-03-27 04:34:53.321014 
Batch 13 / 20  time:  2025-03-27 04:39:10.398757 
Batch 14 / 20  time:  2025-03-27 04:43:30.524551 
Batch 15 / 20  time:  2025-03-27 04:47:45.726561 
Batch 16 / 20  time:  2025-03-27 04:52:09.418623 
Batch 17 / 20  time:  2025-03-27 04:56:29.515826 
Batch 18 / 20  time:  2025-03-27 05:00:48.255705 
Batch 19 / 20  time:  2025-03-27 05:05:10.586532 
Simulation 21 has concluded at: 2025-03-27 05:09:26.880806 
Simulation 22 has began at: 2025-03-27 05:09:26.886146 
Batch 0 / 20  time:  2025-03-27 05:09:26.88906 
Batch 1 / 20  time:  2025-03-27 05:13:44.474719 
Batch 2 / 20  time:  2025-03-27 05:17:58.913969 
Batch 3 / 20  time:  2025-03-27 05:22:14.854099 
Batch 4 / 20  time:  2025-03-27 05:26:31.729763 
Batch 5 / 20  time:  2025-03-27 05:30:48.645691 
Batch 6 / 20  time:  2025-03-27 05:35:12.548799 
Batch 7 / 20  time:  2025-03-27 05:39:28.550768 
Batch 8 / 20  time:  2025-03-27 05:43:47.723967 
Batch 9 / 20  time:  2025-03-27 05:48:08.35501 
Batch 10 / 20  time:  2025-03-27 05:52:29.699055 
Batch 11 / 20  time:  2025-03-27 05:56:47.957702 
Batch 12 / 20  time:  2025-03-27 06:01:11.836697 
Batch 13 / 20  time:  2025-03-27 06:05:32.556574 
Batch 14 / 20  time:  2025-03-27 06:09:56.363208 
Batch 15 / 20  time:  2025-03-27 06:14:12.140684 
Batch 16 / 20  time:  2025-03-27 06:18:27.737323 
Batch 17 / 20  time:  2025-03-27 06:22:43.695403 
Batch 18 / 20  time:  2025-03-27 06:26:59.546188 
Batch 19 / 20  time:  2025-03-27 06:31:17.418845 
Simulation 22 has concluded at: 2025-03-27 06:35:46.51591 
Simulation 23 has began at: 2025-03-27 06:35:46.533294 
Batch 0 / 20  time:  2025-03-27 06:35:46.537123 
Batch 1 / 20  time:  2025-03-27 06:40:13.277926 
Batch 2 / 20  time:  2025-03-27 06:44:36.723337 
Batch 3 / 20  time:  2025-03-27 06:48:59.824433 
Batch 4 / 20  time:  2025-03-27 06:53:22.039741 
Batch 5 / 20  time:  2025-03-27 06:57:42.966919 
Batch 6 / 20  time:  2025-03-27 07:02:02.775314 
Batch 7 / 20  time:  2025-03-27 07:06:23.282078 
Batch 8 / 20  time:  2025-03-27 07:10:42.845416 
Batch 9 / 20  time:  2025-03-27 07:15:02.898339 
Batch 10 / 20  time:  2025-03-27 07:19:23.078762 
Batch 11 / 20  time:  2025-03-27 07:23:37.174949 
Batch 12 / 20  time:  2025-03-27 07:27:51.87611 
Batch 13 / 20  time:  2025-03-27 07:32:10.757584 
Batch 14 / 20  time:  2025-03-27 07:36:29.203466 
Batch 15 / 20  time:  2025-03-27 07:40:45.385211 
Batch 16 / 20  time:  2025-03-27 07:45:00.314512 
Batch 17 / 20  time:  2025-03-27 07:49:15.977721 
Batch 18 / 20  time:  2025-03-27 07:53:31.128289 
Batch 19 / 20  time:  2025-03-27 07:57:45.375945 
Simulation 23 has concluded at: 2025-03-27 08:02:01.98653 
Simulation 24 has began at: 2025-03-27 08:02:01.991737 
Batch 0 / 20  time:  2025-03-27 08:02:01.993947 
Batch 1 / 20  time:  2025-03-27 08:06:19.513068 
Batch 2 / 20  time:  2025-03-27 08:10:39.182004 
Batch 3 / 20  time:  2025-03-27 08:15:03.384829 
Batch 4 / 20  time:  2025-03-27 08:19:23.578397 
Batch 5 / 20  time:  2025-03-27 08:23:43.814828 
Batch 6 / 20  time:  2025-03-27 08:28:04.046327 
Batch 7 / 20  time:  2025-03-27 08:32:24.25299 
Batch 8 / 20  time:  2025-03-27 08:36:49.161724 
Batch 9 / 20  time:  2025-03-27 08:41:12.545478 
Batch 10 / 20  time:  2025-03-27 08:45:33.113107 
Batch 11 / 20  time:  2025-03-27 08:49:48.439177 
Batch 12 / 20  time:  2025-03-27 08:54:07.726022 
Batch 13 / 20  time:  2025-03-27 08:58:22.900204 
Batch 14 / 20  time:  2025-03-27 09:02:40.617776 
Batch 15 / 20  time:  2025-03-27 09:07:01.29513 
Batch 16 / 20  time:  2025-03-27 09:11:26.490373 
Batch 17 / 20  time:  2025-03-27 09:15:50.008824 
Batch 18 / 20  time:  2025-03-27 09:20:14.060431 
Batch 19 / 20  time:  2025-03-27 09:24:35.968739 
Simulation 24 has concluded at: 2025-03-27 09:28:57.672897 
Simulation 25 has began at: 2025-03-27 09:28:57.678232 
Batch 0 / 20  time:  2025-03-27 09:28:57.680588 
Batch 1 / 20  time:  2025-03-27 09:33:15.607747 
Batch 2 / 20  time:  2025-03-27 09:37:32.725794 
Batch 3 / 20  time:  2025-03-27 09:41:48.279296 
Batch 4 / 20  time:  2025-03-27 09:46:03.708664 
Batch 5 / 20  time:  2025-03-27 09:50:18.690021 
Batch 6 / 20  time:  2025-03-27 09:54:33.826783 
Batch 7 / 20  time:  2025-03-27 09:58:48.720177 
Batch 8 / 20  time:  2025-03-27 10:03:03.449392 
Batch 9 / 20  time:  2025-03-27 10:07:21.951975 
Batch 10 / 20  time:  2025-03-27 10:11:37.142982 
Batch 11 / 20  time:  2025-03-27 10:15:50.47216 
Batch 12 / 20  time:  2025-03-27 10:20:05.476431 
Batch 13 / 20  time:  2025-03-27 10:24:21.797462 
Batch 14 / 20  time:  2025-03-27 10:28:36.642852 
Batch 15 / 20  time:  2025-03-27 10:32:52.777983 
Batch 16 / 20  time:  2025-03-27 10:37:08.712692 
Batch 17 / 20  time:  2025-03-27 10:41:24.26171 
Batch 18 / 20  time:  2025-03-27 10:45:39.260222 
Batch 19 / 20  time:  2025-03-27 10:49:53.741442 
Simulation 25 has concluded at: 2025-03-27 10:54:17.936954 
Simulation 26 has began at: 2025-03-27 10:54:17.942214 
Batch 0 / 20  time:  2025-03-27 10:54:17.944929 
Batch 1 / 20  time:  2025-03-27 10:58:32.866668 
Batch 2 / 20  time:  2025-03-27 11:02:49.951014 
Batch 3 / 20  time:  2025-03-27 11:07:05.502105 
Batch 4 / 20  time:  2025-03-27 11:11:22.4089 
Batch 5 / 20  time:  2025-03-27 11:15:37.262553 
Batch 6 / 20  time:  2025-03-27 11:19:51.300608 
Batch 7 / 20  time:  2025-03-27 11:24:06.190822 
Batch 8 / 20  time:  2025-03-27 11:28:21.247814 
Batch 9 / 20  time:  2025-03-27 11:32:37.853664 
Batch 10 / 20  time:  2025-03-27 11:37:00.360944 
Batch 11 / 20  time:  2025-03-27 11:41:14.239617 
Batch 12 / 20  time:  2025-03-27 11:45:35.32351 
Batch 13 / 20  time:  2025-03-27 11:49:58.571353 
Batch 14 / 20  time:  2025-03-27 11:54:18.667289 
Batch 15 / 20  time:  2025-03-27 11:58:42.722806 
Batch 16 / 20  time:  2025-03-27 12:03:02.933823 
Batch 17 / 20  time:  2025-03-27 12:07:25.408417 
Batch 18 / 20  time:  2025-03-27 12:11:41.492674 
Batch 19 / 20  time:  2025-03-27 12:15:56.965884 
Simulation 26 has concluded at: 2025-03-27 12:20:11.825144 
Simulation 27 has began at: 2025-03-27 12:20:11.885303 
Batch 0 / 20  time:  2025-03-27 12:20:11.887802 
Batch 1 / 20  time:  2025-03-27 12:24:26.914593 
Batch 2 / 20  time:  2025-03-27 12:28:41.677384 
Batch 3 / 20  time:  2025-03-27 12:32:57.266869 
Batch 4 / 20  time:  2025-03-27 12:37:13.032679 
Batch 5 / 20  time:  2025-03-27 12:41:27.196124 
Batch 6 / 20  time:  2025-03-27 12:45:42.255775 
Batch 7 / 20  time:  2025-03-27 12:49:56.948836 
Batch 8 / 20  time:  2025-03-27 12:54:11.216672 
Batch 9 / 20  time:  2025-03-27 12:58:25.965159 
Batch 10 / 20  time:  2025-03-27 13:02:42.744305 
Batch 11 / 20  time:  2025-03-27 13:06:59.64919 
Batch 12 / 20  time:  2025-03-27 13:11:15.231436 
Batch 13 / 20  time:  2025-03-27 13:15:30.088773 
Batch 14 / 20  time:  2025-03-27 13:19:46.295002 
Batch 15 / 20  time:  2025-03-27 13:24:00.927972 
Batch 16 / 20  time:  2025-03-27 13:28:17.371994 
Batch 17 / 20  time:  2025-03-27 13:32:33.713702 
Batch 18 / 20  time:  2025-03-27 13:36:51.593648 
Batch 19 / 20  time:  2025-03-27 13:41:06.864737 
Simulation 27 has concluded at: 2025-03-27 13:45:21.883926 
Simulation 28 has began at: 2025-03-27 13:45:21.889679 
Batch 0 / 20  time:  2025-03-27 13:45:21.891974 
Batch 1 / 20  time:  2025-03-27 13:49:36.537029 
Batch 2 / 20  time:  2025-03-27 13:53:50.505035 
Batch 3 / 20  time:  2025-03-27 13:58:04.665163 
Batch 4 / 20  time:  2025-03-27 14:02:20.124406 
Batch 5 / 20  time:  2025-03-27 14:06:34.14845 
Batch 6 / 20  time:  2025-03-27 14:10:49.925867 
Batch 7 / 20  time:  2025-03-27 14:15:03.894035 
Batch 8 / 20  time:  2025-03-27 14:19:18.380318 
Batch 9 / 20  time:  2025-03-27 14:23:35.805895 
Batch 10 / 20  time:  2025-03-27 14:27:49.961414 
Batch 11 / 20  time:  2025-03-27 14:32:04.402782 
Batch 12 / 20  time:  2025-03-27 14:36:22.695546 
Batch 13 / 20  time:  2025-03-27 14:40:37.578745 
Batch 14 / 20  time:  2025-03-27 14:44:52.366277 
Batch 15 / 20  time:  2025-03-27 14:49:07.040782 
Batch 16 / 20  time:  2025-03-27 14:53:22.394288 
Batch 17 / 20  time:  2025-03-27 14:57:36.659857 
Batch 18 / 20  time:  2025-03-27 15:01:52.316947 
Batch 19 / 20  time:  2025-03-27 15:06:07.792278 
Simulation 28 has concluded at: 2025-03-27 15:10:21.504099 
Simulation 29 has began at: 2025-03-27 15:10:21.509926 
Batch 0 / 20  time:  2025-03-27 15:10:21.512182 
Batch 1 / 20  time:  2025-03-27 15:14:35.952305 
Batch 2 / 20  time:  2025-03-27 15:18:50.765845 
Batch 3 / 20  time:  2025-03-27 15:23:06.410413 
Batch 4 / 20  time:  2025-03-27 15:27:21.57863 
Batch 5 / 20  time:  2025-03-27 15:31:36.404539 
Batch 6 / 20  time:  2025-03-27 15:35:52.348332 
Batch 7 / 20  time:  2025-03-27 15:40:06.702334 
Batch 8 / 20  time:  2025-03-27 15:44:23.371084 
Batch 9 / 20  time:  2025-03-27 15:48:37.445527 
Batch 10 / 20  time:  2025-03-27 15:52:52.686466 
Batch 11 / 20  time:  2025-03-27 15:57:07.057462 
Batch 12 / 20  time:  2025-03-27 16:01:22.255038 
Batch 13 / 20  time:  2025-03-27 16:05:38.076427 
Batch 14 / 20  time:  2025-03-27 16:09:53.508245 
Batch 15 / 20  time:  2025-03-27 16:14:08.389525 
Batch 16 / 20  time:  2025-03-27 16:18:22.512542 
Batch 17 / 20  time:  2025-03-27 16:22:36.62689 
Batch 18 / 20  time:  2025-03-27 16:26:52.276535 
Batch 19 / 20  time:  2025-03-27 16:31:07.503143 
Simulation 29 has concluded at: 2025-03-27 16:35:23.454072 
Simulation 30 has began at: 2025-03-27 16:35:23.45988 
Batch 0 / 20  time:  2025-03-27 16:35:23.462308 
Batch 1 / 20  time:  2025-03-27 16:39:37.832913 
Batch 2 / 20  time:  2025-03-27 16:43:53.437288 
Batch 3 / 20  time:  2025-03-27 16:48:07.359619 
Batch 4 / 20  time:  2025-03-27 16:52:22.961862 
Batch 5 / 20  time:  2025-03-27 16:56:38.93807 
Batch 6 / 20  time:  2025-03-27 17:00:54.061119 
Batch 7 / 20  time:  2025-03-27 17:05:08.024051 
Batch 8 / 20  time:  2025-03-27 17:09:23.011786 
Batch 9 / 20  time:  2025-03-27 17:13:36.818849 
Batch 10 / 20  time:  2025-03-27 17:17:52.254768 
Batch 11 / 20  time:  2025-03-27 17:22:06.469874 
Batch 12 / 20  time:  2025-03-27 17:26:21.419339 
Batch 13 / 20  time:  2025-03-27 17:30:36.218936 
Batch 14 / 20  time:  2025-03-27 17:34:50.795303 
Batch 15 / 20  time:  2025-03-27 17:39:06.130376 
Batch 16 / 20  time:  2025-03-27 17:43:20.094575 
Batch 17 / 20  time:  2025-03-27 17:47:34.701182 
Batch 18 / 20  time:  2025-03-27 17:51:48.708828 
Batch 19 / 20  time:  2025-03-27 17:56:01.986875 
Simulation 30 has concluded at: 2025-03-27 18:00:16.74493 
Simulation 31 has began at: 2025-03-27 18:00:16.838473 
Batch 0 / 20  time:  2025-03-27 18:00:16.841007 
Batch 1 / 20  time:  2025-03-27 18:04:31.790078 
Batch 2 / 20  time:  2025-03-27 18:08:45.800753 
Batch 3 / 20  time:  2025-03-27 18:13:00.590717 
Batch 4 / 20  time:  2025-03-27 18:17:15.461834 
Batch 5 / 20  time:  2025-03-27 18:21:29.364976 
Batch 6 / 20  time:  2025-03-27 18:25:44.643111 
Batch 7 / 20  time:  2025-03-27 18:29:59.530651 
Batch 8 / 20  time:  2025-03-27 18:34:13.942814 
Batch 9 / 20  time:  2025-03-27 18:38:29.322714 
Batch 10 / 20  time:  2025-03-27 18:42:45.171395 
Batch 11 / 20  time:  2025-03-27 18:46:59.279222 
Batch 12 / 20  time:  2025-03-27 18:51:13.355163 
Batch 13 / 20  time:  2025-03-27 18:55:27.858624 
Batch 14 / 20  time:  2025-03-27 18:59:41.91538 
Batch 15 / 20  time:  2025-03-27 19:03:56.19264 
Batch 16 / 20  time:  2025-03-27 19:08:11.833611 
Batch 17 / 20  time:  2025-03-27 19:12:24.590244 
Batch 18 / 20  time:  2025-03-27 19:16:39.63929 
Batch 19 / 20  time:  2025-03-27 19:20:53.716302 
Simulation 31 has concluded at: 2025-03-27 19:25:07.445001 
Simulation 32 has began at: 2025-03-27 19:25:07.563321 
Batch 0 / 20  time:  2025-03-27 19:25:07.565682 
Batch 1 / 20  time:  2025-03-27 19:29:21.6263 
Batch 2 / 20  time:  2025-03-27 19:33:36.011093 
Batch 3 / 20  time:  2025-03-27 19:37:49.518092 
Batch 4 / 20  time:  2025-03-27 19:42:04.248921 
Batch 5 / 20  time:  2025-03-27 19:46:18.546963 
Batch 6 / 20  time:  2025-03-27 19:50:32.71729 
Batch 7 / 20  time:  2025-03-27 19:54:46.326005 
Batch 8 / 20  time:  2025-03-27 19:59:01.100514 
Batch 9 / 20  time:  2025-03-27 20:03:14.782738 
Batch 10 / 20  time:  2025-03-27 20:07:28.851878 
Batch 11 / 20  time:  2025-03-27 20:11:43.000771 
Batch 12 / 20  time:  2025-03-27 20:15:57.086196 
Batch 13 / 20  time:  2025-03-27 20:20:11.61559 
Batch 14 / 20  time:  2025-03-27 20:24:26.707028 
Batch 15 / 20  time:  2025-03-27 20:28:40.082623 
Batch 16 / 20  time:  2025-03-27 20:32:54.969362 
Batch 17 / 20  time:  2025-03-27 20:37:09.27632 
Batch 18 / 20  time:  2025-03-27 20:41:24.096832 
Batch 19 / 20  time:  2025-03-27 20:45:38.327538 
Simulation 32 has concluded at: 2025-03-27 20:49:52.376006 
Simulation 33 has began at: 2025-03-27 20:49:52.447053 
Batch 0 / 20  time:  2025-03-27 20:49:52.470585 
Batch 1 / 20  time:  2025-03-27 20:54:06.081713 
Batch 2 / 20  time:  2025-03-27 20:58:19.758965 
Batch 3 / 20  time:  2025-03-27 21:02:34.974601 
Batch 4 / 20  time:  2025-03-27 21:06:50.081496 
Batch 5 / 20  time:  2025-03-27 21:11:03.74633 
Batch 6 / 20  time:  2025-03-27 21:15:19.609468 
Batch 7 / 20  time:  2025-03-27 21:19:33.923122 
Batch 8 / 20  time:  2025-03-27 21:23:48.442255 
Batch 9 / 20  time:  2025-03-27 21:28:02.612393 
Batch 10 / 20  time:  2025-03-27 21:32:17.125306 
Batch 11 / 20  time:  2025-03-27 21:36:31.149917 
Batch 12 / 20  time:  2025-03-27 21:40:45.644703 
Batch 13 / 20  time:  2025-03-27 21:44:59.81023 
Batch 14 / 20  time:  2025-03-27 21:49:14.156214 
Batch 15 / 20  time:  2025-03-27 21:53:28.95664 
Batch 16 / 20  time:  2025-03-27 21:57:42.832985 
Batch 17 / 20  time:  2025-03-27 22:01:56.660685 
Batch 18 / 20  time:  2025-03-27 22:06:10.552727 
Batch 19 / 20  time:  2025-03-27 22:10:23.432291 
Simulation 33 has concluded at: 2025-03-27 22:14:36.990809 
Simulation 34 has began at: 2025-03-27 22:14:37.002511 
Batch 0 / 20  time:  2025-03-27 22:14:37.004762 
Batch 1 / 20  time:  2025-03-27 22:18:51.323307 
Batch 2 / 20  time:  2025-03-27 22:23:05.264876 
Batch 3 / 20  time:  2025-03-27 22:27:18.336719 
Batch 4 / 20  time:  2025-03-27 22:31:32.67194 
Batch 5 / 20  time:  2025-03-27 22:35:46.285335 
Batch 6 / 20  time:  2025-03-27 22:40:00.71269 
Batch 7 / 20  time:  2025-03-27 22:44:13.700209 
Batch 8 / 20  time:  2025-03-27 22:48:26.842921 
Batch 9 / 20  time:  2025-03-27 22:52:40.234065 
Batch 10 / 20  time:  2025-03-27 22:56:54.344808 
Batch 11 / 20  time:  2025-03-27 23:01:07.553278 
Batch 12 / 20  time:  2025-03-27 23:05:21.325201 
Batch 13 / 20  time:  2025-03-27 23:09:35.429871 
Batch 14 / 20  time:  2025-03-27 23:13:49.907868 
Batch 15 / 20  time:  2025-03-27 23:18:02.985891 
Batch 16 / 20  time:  2025-03-27 23:22:16.681391 
Batch 17 / 20  time:  2025-03-27 23:26:29.677256 
Batch 18 / 20  time:  2025-03-27 23:30:44.086226 
Batch 19 / 20  time:  2025-03-27 23:34:56.902869 
Simulation 34 has concluded at: 2025-03-27 23:39:10.437467 
Simulation 35 has began at: 2025-03-27 23:39:10.594709 
Batch 0 / 20  time:  2025-03-27 23:39:10.597105 
Batch 1 / 20  time:  2025-03-27 23:43:24.048493 
Batch 2 / 20  time:  2025-03-27 23:47:38.122986 
Batch 3 / 20  time:  2025-03-27 23:51:53.212517 
Batch 4 / 20  time:  2025-03-27 23:56:06.584723 
Batch 5 / 20  time:  2025-03-28 00:00:20.153876 
Batch 6 / 20  time:  2025-03-28 00:04:35.133134 
Batch 7 / 20  time:  2025-03-28 00:08:48.799516 
Batch 8 / 20  time:  2025-03-28 00:13:02.698548 
Batch 9 / 20  time:  2025-03-28 00:17:16.177593 
Batch 10 / 20  time:  2025-03-28 00:21:29.247306 
Batch 11 / 20  time:  2025-03-28 00:25:42.363713 
Batch 12 / 20  time:  2025-03-28 00:29:56.05435 
Batch 13 / 20  time:  2025-03-28 00:34:09.384535 
Batch 14 / 20  time:  2025-03-28 00:38:24.837196 
Batch 15 / 20  time:  2025-03-28 00:42:38.594529 
Batch 16 / 20  time:  2025-03-28 00:46:52.034908 
Batch 17 / 20  time:  2025-03-28 00:51:05.494588 
Batch 18 / 20  time:  2025-03-28 00:55:20.0064 
Batch 19 / 20  time:  2025-03-28 00:59:33.536065 
Simulation 35 has concluded at: 2025-03-28 01:03:48.464186 
Simulation 36 has began at: 2025-03-28 01:03:48.517706 
Batch 0 / 20  time:  2025-03-28 01:03:48.519925 
Batch 1 / 20  time:  2025-03-28 01:08:03.47515 
Batch 2 / 20  time:  2025-03-28 01:12:17.15851 
Batch 3 / 20  time:  2025-03-28 01:16:32.019783 
Batch 4 / 20  time:  2025-03-28 01:20:45.274607 
Batch 5 / 20  time:  2025-03-28 01:24:58.845862 
Batch 6 / 20  time:  2025-03-28 01:29:13.279166 
Batch 7 / 20  time:  2025-03-28 01:33:27.023114 
Batch 8 / 20  time:  2025-03-28 01:37:42.000371 
Batch 9 / 20  time:  2025-03-28 01:41:55.361295 
Batch 10 / 20  time:  2025-03-28 01:46:10.345092 
Batch 11 / 20  time:  2025-03-28 01:50:33.943825 
Batch 12 / 20  time:  2025-03-28 01:54:48.445077 
Batch 13 / 20  time:  2025-03-28 01:59:02.820383 
Batch 14 / 20  time:  2025-03-28 02:03:16.846045 
Batch 15 / 20  time:  2025-03-28 02:07:31.419425 
Batch 16 / 20  time:  2025-03-28 02:11:45.894855 
Batch 17 / 20  time:  2025-03-28 02:15:58.925687 
Batch 18 / 20  time:  2025-03-28 02:20:13.087234 
Batch 19 / 20  time:  2025-03-28 02:24:26.686162 
Simulation 36 has concluded at: 2025-03-28 02:28:40.398345 
Simulation 37 has began at: 2025-03-28 02:28:40.465729 
Batch 0 / 20  time:  2025-03-28 02:28:40.471595 
Batch 1 / 20  time:  2025-03-28 02:32:55.566694 
Batch 2 / 20  time:  2025-03-28 02:37:10.953978 
Batch 3 / 20  time:  2025-03-28 02:41:25.142756 
Batch 4 / 20  time:  2025-03-28 02:45:39.872946 
Batch 5 / 20  time:  2025-03-28 02:49:54.003047 
Batch 6 / 20  time:  2025-03-28 02:54:07.214423 
Batch 7 / 20  time:  2025-03-28 02:58:20.991008 
Batch 8 / 20  time:  2025-03-28 03:02:35.450471 
Batch 9 / 20  time:  2025-03-28 03:06:49.649096 
Batch 10 / 20  time:  2025-03-28 03:11:04.792776 
Batch 11 / 20  time:  2025-03-28 03:15:19.540148 
Batch 12 / 20  time:  2025-03-28 03:19:33.386944 
Batch 13 / 20  time:  2025-03-28 03:23:47.785926 
Batch 14 / 20  time:  2025-03-28 03:28:01.382512 
Batch 15 / 20  time:  2025-03-28 03:32:15.400292 
Batch 16 / 20  time:  2025-03-28 03:36:30.14123 
Batch 17 / 20  time:  2025-03-28 03:40:44.601451 
Batch 18 / 20  time:  2025-03-28 03:44:58.168956 
Batch 19 / 20  time:  2025-03-28 03:49:11.358174 
Simulation 37 has concluded at: 2025-03-28 03:53:24.123647 
Simulation 38 has began at: 2025-03-28 03:53:24.179061 
Batch 0 / 20  time:  2025-03-28 03:53:24.181306 
Batch 1 / 20  time:  2025-03-28 03:57:37.138241 
Batch 2 / 20  time:  2025-03-28 04:01:51.335067 
Batch 3 / 20  time:  2025-03-28 04:06:04.838463 
Batch 4 / 20  time:  2025-03-28 04:10:23.551427 
Batch 5 / 20  time:  2025-03-28 04:14:37.485057 
Batch 6 / 20  time:  2025-03-28 04:18:51.07387 
Batch 7 / 20  time:  2025-03-28 04:23:03.58376 
Batch 8 / 20  time:  2025-03-28 04:27:17.688109 
Batch 9 / 20  time:  2025-03-28 04:31:32.600863 
Batch 10 / 20  time:  2025-03-28 04:35:47.361581 
Batch 11 / 20  time:  2025-03-28 04:40:01.183287 
Batch 12 / 20  time:  2025-03-28 04:44:14.886216 
Batch 13 / 20  time:  2025-03-28 04:48:28.459025 
Batch 14 / 20  time:  2025-03-28 04:52:42.573398 
Batch 15 / 20  time:  2025-03-28 04:56:56.287083 
Batch 16 / 20  time:  2025-03-28 05:01:12.162353 
Batch 17 / 20  time:  2025-03-28 05:05:26.917298 
Batch 18 / 20  time:  2025-03-28 05:09:41.977133 
Batch 19 / 20  time:  2025-03-28 05:13:54.931396 
Simulation 38 has concluded at: 2025-03-28 05:18:09.326401 
Simulation 39 has began at: 2025-03-28 05:18:09.39731 
Batch 0 / 20  time:  2025-03-28 05:18:09.40091 
Batch 1 / 20  time:  2025-03-28 05:22:23.823285 
Batch 2 / 20  time:  2025-03-28 05:26:37.26283 
Batch 3 / 20  time:  2025-03-28 05:30:51.697111 
Batch 4 / 20  time:  2025-03-28 05:35:06.200593 
Batch 5 / 20  time:  2025-03-28 05:39:20.48631 
Batch 6 / 20  time:  2025-03-28 05:43:34.108739 
Batch 7 / 20  time:  2025-03-28 05:47:47.402996 
Batch 8 / 20  time:  2025-03-28 05:52:05.236957 
Batch 9 / 20  time:  2025-03-28 05:56:18.126869 
Batch 10 / 20  time:  2025-03-28 06:00:32.256966 
Batch 11 / 20  time:  2025-03-28 06:04:46.022775 
Batch 12 / 20  time:  2025-03-28 06:09:00.247868 
Batch 13 / 20  time:  2025-03-28 06:13:13.341871 
Batch 14 / 20  time:  2025-03-28 06:17:26.836747 
Batch 15 / 20  time:  2025-03-28 06:21:39.79065 
Batch 16 / 20  time:  2025-03-28 06:25:53.187878 
Batch 17 / 20  time:  2025-03-28 06:30:06.662267 
Batch 18 / 20  time:  2025-03-28 06:34:22.621143 
Batch 19 / 20  time:  2025-03-28 06:38:36.610549 
Simulation 39 has concluded at: 2025-03-28 06:42:49.59057 
Simulation 40 has began at: 2025-03-28 06:42:49.610263 
Batch 0 / 20  time:  2025-03-28 06:42:49.61269 
Batch 1 / 20  time:  2025-03-28 06:47:03.273472 
Batch 2 / 20  time:  2025-03-28 06:51:17.071693 
Batch 3 / 20  time:  2025-03-28 06:55:31.03467 
Batch 4 / 20  time:  2025-03-28 06:59:45.189247 
Batch 5 / 20  time:  2025-03-28 07:03:59.485131 
Batch 6 / 20  time:  2025-03-28 07:08:12.960049 
Batch 7 / 20  time:  2025-03-28 07:12:27.123194 
Batch 8 / 20  time:  2025-03-28 07:16:40.44296 
Batch 9 / 20  time:  2025-03-28 07:20:53.1904 
Batch 10 / 20  time:  2025-03-28 07:25:06.75343 
Batch 11 / 20  time:  2025-03-28 07:29:20.114008 
Batch 12 / 20  time:  2025-03-28 07:33:34.618149 
Batch 13 / 20  time:  2025-03-28 07:37:48.760145 
Batch 14 / 20  time:  2025-03-28 07:42:02.484124 
Batch 15 / 20  time:  2025-03-28 07:46:15.185988 
Batch 16 / 20  time:  2025-03-28 07:50:28.990014 
Batch 17 / 20  time:  2025-03-28 07:54:42.575744 
Batch 18 / 20  time:  2025-03-28 07:58:58.533717 
Batch 19 / 20  time:  2025-03-28 08:03:13.148202 
Simulation 40 has concluded at: 2025-03-28 08:07:28.436203 
Simulation 41 has began at: 2025-03-28 08:07:28.449304 
Batch 0 / 20  time:  2025-03-28 08:07:28.451666 
Batch 1 / 20  time:  2025-03-28 08:11:42.465467 
Batch 2 / 20  time:  2025-03-28 08:15:56.749758 
Batch 3 / 20  time:  2025-03-28 08:20:09.420283 
Batch 4 / 20  time:  2025-03-28 08:24:23.38495 
Batch 5 / 20  time:  2025-03-28 08:28:36.820949 
Batch 6 / 20  time:  2025-03-28 08:32:51.686921 
Batch 7 / 20  time:  2025-03-28 08:37:05.334502 
Batch 8 / 20  time:  2025-03-28 08:41:18.753373 
Batch 9 / 20  time:  2025-03-28 08:45:33.404448 
Batch 10 / 20  time:  2025-03-28 08:49:46.831444 
Batch 11 / 20  time:  2025-03-28 08:54:01.316793 
Batch 12 / 20  time:  2025-03-28 08:58:15.891548 
Batch 13 / 20  time:  2025-03-28 09:02:29.200318 
Batch 14 / 20  time:  2025-03-28 09:06:44.60242 
Batch 15 / 20  time:  2025-03-28 09:10:57.311022 
Batch 16 / 20  time:  2025-03-28 09:15:12.662441 
Batch 17 / 20  time:  2025-03-28 09:19:26.229779 
Batch 18 / 20  time:  2025-03-28 09:23:39.734666 
Batch 19 / 20  time:  2025-03-28 09:27:52.822026 
Simulation 41 has concluded at: 2025-03-28 09:32:07.030757 
Simulation 42 has began at: 2025-03-28 09:32:07.051396 
Batch 0 / 20  time:  2025-03-28 09:32:07.053753 
Batch 1 / 20  time:  2025-03-28 09:36:21.803013 
Batch 2 / 20  time:  2025-03-28 09:40:34.496895 
Batch 3 / 20  time:  2025-03-28 09:44:48.606349 
Batch 4 / 20  time:  2025-03-28 09:49:02.466 
Batch 5 / 20  time:  2025-03-28 09:53:15.842457 
Batch 6 / 20  time:  2025-03-28 09:57:30.235333 
Batch 7 / 20  time:  2025-03-28 10:01:44.296195 
Batch 8 / 20  time:  2025-03-28 10:05:58.961296 
Batch 9 / 20  time:  2025-03-28 10:10:12.614842 
Batch 10 / 20  time:  2025-03-28 10:14:26.180047 
Batch 11 / 20  time:  2025-03-28 10:18:38.986305 
Batch 12 / 20  time:  2025-03-28 10:22:52.334593 
Batch 13 / 20  time:  2025-03-28 10:27:06.803777 
Batch 14 / 20  time:  2025-03-28 10:31:20.541738 
Batch 15 / 20  time:  2025-03-28 10:35:35.338851 
Batch 16 / 20  time:  2025-03-28 10:39:48.760464 
Batch 17 / 20  time:  2025-03-28 10:44:02.507571 
Batch 18 / 20  time:  2025-03-28 10:48:16.03433 
Batch 19 / 20  time:  2025-03-28 10:52:29.593745 
Simulation 42 has concluded at: 2025-03-28 10:56:44.01738 
Simulation 43 has began at: 2025-03-28 10:56:44.027012 
Batch 0 / 20  time:  2025-03-28 10:56:44.030358 
Batch 1 / 20  time:  2025-03-28 11:00:58.225824 
Batch 2 / 20  time:  2025-03-28 11:05:12.584518 
Batch 3 / 20  time:  2025-03-28 11:09:25.828189 
Batch 4 / 20  time:  2025-03-28 11:13:39.559445 
Batch 5 / 20  time:  2025-03-28 11:17:52.92518 
Batch 6 / 20  time:  2025-03-28 11:22:07.91789 
Batch 7 / 20  time:  2025-03-28 11:26:21.867027 
Batch 8 / 20  time:  2025-03-28 11:30:36.133237 
Batch 9 / 20  time:  2025-03-28 11:34:50.577899 
Batch 10 / 20  time:  2025-03-28 11:39:04.85221 
Batch 11 / 20  time:  2025-03-28 11:43:17.466915 
Batch 12 / 20  time:  2025-03-28 11:47:31.099664 
Batch 13 / 20  time:  2025-03-28 11:51:45.314506 
Batch 14 / 20  time:  2025-03-28 11:55:58.930447 
Batch 15 / 20  time:  2025-03-28 12:00:11.755429 
Batch 16 / 20  time:  2025-03-28 12:04:26.776915 
Batch 17 / 20  time:  2025-03-28 12:08:40.952119 
Batch 18 / 20  time:  2025-03-28 12:12:53.957865 
Batch 19 / 20  time:  2025-03-28 12:17:06.847407 
Simulation 43 has concluded at: 2025-03-28 12:21:20.958981 
Simulation 44 has began at: 2025-03-28 12:21:20.967293 
Batch 0 / 20  time:  2025-03-28 12:21:20.969654 
Batch 1 / 20  time:  2025-03-28 12:25:33.489735 
Batch 2 / 20  time:  2025-03-28 12:29:47.5769 
Batch 3 / 20  time:  2025-03-28 12:34:03.027498 
Batch 4 / 20  time:  2025-03-28 12:38:17.477064 
Batch 5 / 20  time:  2025-03-28 12:42:31.635837 
Batch 6 / 20  time:  2025-03-28 12:46:45.495371 
Batch 7 / 20  time:  2025-03-28 12:50:58.558863 
Batch 8 / 20  time:  2025-03-28 12:55:12.147847 
Batch 9 / 20  time:  2025-03-28 12:59:25.699558 
Batch 10 / 20  time:  2025-03-28 13:03:40.10378 
Batch 11 / 20  time:  2025-03-28 13:07:54.44686 
Batch 12 / 20  time:  2025-03-28 13:12:08.851254 
Batch 13 / 20  time:  2025-03-28 13:16:22.095693 
Batch 14 / 20  time:  2025-03-28 13:20:36.890099 
Batch 15 / 20  time:  2025-03-28 13:24:50.035815 
Batch 16 / 20  time:  2025-03-28 13:29:04.166462 
Batch 17 / 20  time:  2025-03-28 13:33:18.379199 
Batch 18 / 20  time:  2025-03-28 13:37:32.891449 
Batch 19 / 20  time:  2025-03-28 13:41:46.775363 
Simulation 44 has concluded at: 2025-03-28 13:46:01.09646 
Simulation 45 has began at: 2025-03-28 13:46:01.104999 
Batch 0 / 20  time:  2025-03-28 13:46:01.107376 
Batch 1 / 20  time:  2025-03-28 13:50:14.756594 
Batch 2 / 20  time:  2025-03-28 13:54:28.218939 
Batch 3 / 20  time:  2025-03-28 13:58:41.433663 
Batch 4 / 20  time:  2025-03-28 14:02:56.227054 
Batch 5 / 20  time:  2025-03-28 14:07:11.300961 
Batch 6 / 20  time:  2025-03-28 14:11:26.713633 
Batch 7 / 20  time:  2025-03-28 14:15:40.151028 
Batch 8 / 20  time:  2025-03-28 14:19:54.751054 
Batch 9 / 20  time:  2025-03-28 14:24:07.786796 
Batch 10 / 20  time:  2025-03-28 14:28:21.999923 
Batch 11 / 20  time:  2025-03-28 14:32:35.22131 
Batch 12 / 20  time:  2025-03-28 14:36:49.746138 
Batch 13 / 20  time:  2025-03-28 14:41:04.959407 
Batch 14 / 20  time:  2025-03-28 14:45:19.680089 
Batch 15 / 20  time:  2025-03-28 14:49:32.837241 
Batch 16 / 20  time:  2025-03-28 14:53:46.260681 
Batch 17 / 20  time:  2025-03-28 14:57:59.664106 
Batch 18 / 20  time:  2025-03-28 15:02:13.183404 
Batch 19 / 20  time:  2025-03-28 15:06:27.09007 
Simulation 45 has concluded at: 2025-03-28 15:10:41.903246 
Simulation 46 has began at: 2025-03-28 15:10:41.912464 
Batch 0 / 20  time:  2025-03-28 15:10:41.914836 
Batch 1 / 20  time:  2025-03-28 15:14:56.257371 
Batch 2 / 20  time:  2025-03-28 15:19:10.594705 
Batch 3 / 20  time:  2025-03-28 15:23:23.419788 
Batch 4 / 20  time:  2025-03-28 15:27:38.167744 
Batch 5 / 20  time:  2025-03-28 15:31:54.019909 
Batch 6 / 20  time:  2025-03-28 15:36:09.284896 
Batch 7 / 20  time:  2025-03-28 15:40:23.122933 
Batch 8 / 20  time:  2025-03-28 15:44:37.026377 
Batch 9 / 20  time:  2025-03-28 15:48:50.419496 
Batch 10 / 20  time:  2025-03-28 15:53:04.678889 
Batch 11 / 20  time:  2025-03-28 15:57:18.162687 
Batch 12 / 20  time:  2025-03-28 16:01:32.249892 
Batch 13 / 20  time:  2025-03-28 16:05:46.208924 
Batch 14 / 20  time:  2025-03-28 16:10:00.095071 
Batch 15 / 20  time:  2025-03-28 16:14:12.726689 
Batch 16 / 20  time:  2025-03-28 16:18:25.839711 
Batch 17 / 20  time:  2025-03-28 16:22:40.900446 
Batch 18 / 20  time:  2025-03-28 16:26:54.177326 
Batch 19 / 20  time:  2025-03-28 16:31:09.927187 
Simulation 46 has concluded at: 2025-03-28 16:35:25.523828 
Simulation 47 has began at: 2025-03-28 16:35:25.533528 
Batch 0 / 20  time:  2025-03-28 16:35:25.535834 
Batch 1 / 20  time:  2025-03-28 16:39:38.50928 
Batch 2 / 20  time:  2025-03-28 16:43:52.386864 
Batch 3 / 20  time:  2025-03-28 16:48:07.225019 
Batch 4 / 20  time:  2025-03-28 16:52:20.287355 
Batch 5 / 20  time:  2025-03-28 16:56:33.382655 
Batch 6 / 20  time:  2025-03-28 17:00:48.078437 
Batch 7 / 20  time:  2025-03-28 17:05:02.392315 
Batch 8 / 20  time:  2025-03-28 17:09:17.251218 
Batch 9 / 20  time:  2025-03-28 17:13:30.411207 
Batch 10 / 20  time:  2025-03-28 17:17:43.665357 
Batch 11 / 20  time:  2025-03-28 17:21:57.756828 
Batch 12 / 20  time:  2025-03-28 17:26:11.153822 
Batch 13 / 20  time:  2025-03-28 17:30:24.980045 
Batch 14 / 20  time:  2025-03-28 17:34:40.774122 
Batch 15 / 20  time:  2025-03-28 17:38:55.539075 
Batch 16 / 20  time:  2025-03-28 17:43:09.369166 
Batch 17 / 20  time:  2025-03-28 17:47:23.331684 
Batch 18 / 20  time:  2025-03-28 17:51:36.038289 
Batch 19 / 20  time:  2025-03-28 17:55:49.440343 
Simulation 47 has concluded at: 2025-03-28 18:00:03.122185 
Simulation 48 has began at: 2025-03-28 18:00:03.131301 
Batch 0 / 20  time:  2025-03-28 18:00:03.133573 
Batch 1 / 20  time:  2025-03-28 18:04:17.878335 
Batch 2 / 20  time:  2025-03-28 18:08:32.737784 
Batch 3 / 20  time:  2025-03-28 18:12:46.239806 
Batch 4 / 20  time:  2025-03-28 18:17:00.26089 
Batch 5 / 20  time:  2025-03-28 18:21:13.410908 
Batch 6 / 20  time:  2025-03-28 18:25:27.34902 
Batch 7 / 20  time:  2025-03-28 18:29:39.802747 
Batch 8 / 20  time:  2025-03-28 18:33:54.01303 
Batch 9 / 20  time:  2025-03-28 18:38:08.479125 
Batch 10 / 20  time:  2025-03-28 18:42:22.670773 
Batch 11 / 20  time:  2025-03-28 18:46:35.68188 
Batch 12 / 20  time:  2025-03-28 18:50:49.776832 
Batch 13 / 20  time:  2025-03-28 18:55:02.960499 
Batch 14 / 20  time:  2025-03-28 18:59:16.901751 
Batch 15 / 20  time:  2025-03-28 19:03:30.421185 
Batch 16 / 20  time:  2025-03-28 19:07:45.414647 
Batch 17 / 20  time:  2025-03-28 19:11:59.251075 
Batch 18 / 20  time:  2025-03-28 19:16:14.238275 
Batch 19 / 20  time:  2025-03-28 19:20:28.406341 
Simulation 48 has concluded at: 2025-03-28 19:24:45.042659 
Simulation 49 has began at: 2025-03-28 19:24:45.08079 
Batch 0 / 20  time:  2025-03-28 19:24:45.084519 
Batch 1 / 20  time:  2025-03-28 19:28:59.869456 
Batch 2 / 20  time:  2025-03-28 19:33:15.019998 
Batch 3 / 20  time:  2025-03-28 19:37:29.674483 
Batch 4 / 20  time:  2025-03-28 19:41:43.723954 
Batch 5 / 20  time:  2025-03-28 19:45:57.996113 
Batch 6 / 20  time:  2025-03-28 19:50:11.244857 
Batch 7 / 20  time:  2025-03-28 19:54:26.928957 
Batch 8 / 20  time:  2025-03-28 19:58:41.840149 
Batch 9 / 20  time:  2025-03-28 20:02:56.741584 
Batch 10 / 20  time:  2025-03-28 20:07:12.405688 
Batch 11 / 20  time:  2025-03-28 20:11:26.805461 
Batch 12 / 20  time:  2025-03-28 20:15:39.634292 
Batch 13 / 20  time:  2025-03-28 20:19:53.596062 
Batch 14 / 20  time:  2025-03-28 20:24:08.44495 
Batch 15 / 20  time:  2025-03-28 20:28:23.163131 
Batch 16 / 20  time:  2025-03-28 20:32:37.611113 
Batch 17 / 20  time:  2025-03-28 20:36:53.11572 
Batch 18 / 20  time:  2025-03-28 20:41:07.662191 
Batch 19 / 20  time:  2025-03-28 20:45:21.144003 
Simulation 49 has concluded at: 2025-03-28 20:49:42.391682 
Simulation 50 has began at: 2025-03-28 20:49:42.401188 
Batch 0 / 20  time:  2025-03-28 20:49:42.403668 
Batch 1 / 20  time:  2025-03-28 20:53:56.519288 
Batch 2 / 20  time:  2025-03-28 20:58:11.7034 
Batch 3 / 20  time:  2025-03-28 21:02:25.435431 
Batch 4 / 20  time:  2025-03-28 21:06:41.435549 
Batch 5 / 20  time:  2025-03-28 21:10:55.914397 
Batch 6 / 20  time:  2025-03-28 21:15:10.43636 
Batch 7 / 20  time:  2025-03-28 21:19:24.00262 
Batch 8 / 20  time:  2025-03-28 21:23:38.308668 
Batch 9 / 20  time:  2025-03-28 21:27:53.550605 
Batch 10 / 20  time:  2025-03-28 21:32:09.477056 
Batch 11 / 20  time:  2025-03-28 21:36:24.911122 
Batch 12 / 20  time:  2025-03-28 21:40:39.167483 
Batch 13 / 20  time:  2025-03-28 21:44:53.310896 
Batch 14 / 20  time:  2025-03-28 21:49:08.382206 
Batch 15 / 20  time:  2025-03-28 21:53:21.876379 
Batch 16 / 20  time:  2025-03-28 21:57:36.200823 
Batch 17 / 20  time:  2025-03-28 22:01:49.914632 
Batch 18 / 20  time:  2025-03-28 22:06:05.334905 
Batch 19 / 20  time:  2025-03-28 22:10:18.973651 
Simulation 50 has concluded at: 2025-03-28 22:14:32.761017 
Simulation 51 has began at: 2025-03-28 22:14:32.770218 
Batch 0 / 20  time:  2025-03-28 22:14:32.772634 
Batch 1 / 20  time:  2025-03-28 22:18:46.357848 
Batch 2 / 20  time:  2025-03-28 22:23:00.654115 
Batch 3 / 20  time:  2025-03-28 22:27:14.818438 
Batch 4 / 20  time:  2025-03-28 22:31:29.414686 
Batch 5 / 20  time:  2025-03-28 22:35:43.708711 
Batch 6 / 20  time:  2025-03-28 22:39:58.139184 
Batch 7 / 20  time:  2025-03-28 22:44:12.480145 
Batch 8 / 20  time:  2025-03-28 22:48:26.458502 
Batch 9 / 20  time:  2025-03-28 22:52:39.72723 
Batch 10 / 20  time:  2025-03-28 22:56:53.76452 
Batch 11 / 20  time:  2025-03-28 23:01:07.961923 
Batch 12 / 20  time:  2025-03-28 23:05:21.898396 
Batch 13 / 20  time:  2025-03-28 23:09:35.76807 
Batch 14 / 20  time:  2025-03-28 23:13:49.697817 
Batch 15 / 20  time:  2025-03-28 23:18:03.035112 
Batch 16 / 20  time:  2025-03-28 23:22:16.335072 
Batch 17 / 20  time:  2025-03-28 23:26:29.40391 
Batch 18 / 20  time:  2025-03-28 23:30:45.070095 
Batch 19 / 20  time:  2025-03-28 23:34:59.706703 
Simulation 51 has concluded at: 2025-03-28 23:39:13.662238 
Simulation 52 has began at: 2025-03-28 23:39:13.671752 
Batch 0 / 20  time:  2025-03-28 23:39:13.674012 
Batch 1 / 20  time:  2025-03-28 23:43:27.058875 
Batch 2 / 20  time:  2025-03-28 23:47:40.66463 
Batch 3 / 20  time:  2025-03-28 23:51:55.762747 
Batch 4 / 20  time:  2025-03-28 23:56:09.390441 
Batch 5 / 20  time:  2025-03-29 00:00:22.382211 
Batch 6 / 20  time:  2025-03-29 00:04:37.898257 
Batch 7 / 20  time:  2025-03-29 00:08:52.736109 
Batch 8 / 20  time:  2025-03-29 00:13:07.486594 
Batch 9 / 20  time:  2025-03-29 00:17:21.918921 
Batch 10 / 20  time:  2025-03-29 00:21:37.114692 
Batch 11 / 20  time:  2025-03-29 00:25:50.144037 
Batch 12 / 20  time:  2025-03-29 00:30:04.579652 
Batch 13 / 20  time:  2025-03-29 00:34:20.415999 
Batch 14 / 20  time:  2025-03-29 00:38:35.303912 
Batch 15 / 20  time:  2025-03-29 00:42:49.023175 
Batch 16 / 20  time:  2025-03-29 00:47:01.826257 
Batch 17 / 20  time:  2025-03-29 00:51:14.958931 
Batch 18 / 20  time:  2025-03-29 00:55:28.561908 
Batch 19 / 20  time:  2025-03-29 00:59:41.868704 
Simulation 52 has concluded at: 2025-03-29 01:03:56.378126 
Simulation 53 has began at: 2025-03-29 01:03:56.388137 
Batch 0 / 20  time:  2025-03-29 01:03:56.390486 
Batch 1 / 20  time:  2025-03-29 01:08:10.3212 
Batch 2 / 20  time:  2025-03-29 01:12:24.149093 
Batch 3 / 20  time:  2025-03-29 01:16:37.270705 
Batch 4 / 20  time:  2025-03-29 01:20:51.586873 
Batch 5 / 20  time:  2025-03-29 01:25:04.776604 
Batch 6 / 20  time:  2025-03-29 01:29:18.100717 
Batch 7 / 20  time:  2025-03-29 01:33:32.136695 
Batch 8 / 20  time:  2025-03-29 01:37:46.59157 
Batch 9 / 20  time:  2025-03-29 01:41:59.193602 
Batch 10 / 20  time:  2025-03-29 01:46:14.064293 
Batch 11 / 20  time:  2025-03-29 01:50:27.426918 
Batch 12 / 20  time:  2025-03-29 01:54:40.828366 
Batch 13 / 20  time:  2025-03-29 01:58:53.646079 
Batch 14 / 20  time:  2025-03-29 02:03:07.684109 
Batch 15 / 20  time:  2025-03-29 02:07:21.138913 
Batch 16 / 20  time:  2025-03-29 02:11:34.625289 
Batch 17 / 20  time:  2025-03-29 02:15:47.818962 
Batch 18 / 20  time:  2025-03-29 02:20:01.979194 
Batch 19 / 20  time:  2025-03-29 02:24:14.943202 
Simulation 53 has concluded at: 2025-03-29 02:28:28.162738 
Simulation 54 has began at: 2025-03-29 02:28:28.172565 
Batch 0 / 20  time:  2025-03-29 02:28:28.175153 
Batch 1 / 20  time:  2025-03-29 02:32:44.532798 
Batch 2 / 20  time:  2025-03-29 02:36:58.473369 
Batch 3 / 20  time:  2025-03-29 02:41:12.175163 
Batch 4 / 20  time:  2025-03-29 02:45:25.014182 
Batch 5 / 20  time:  2025-03-29 02:49:38.373349 
Batch 6 / 20  time:  2025-03-29 02:53:51.981707 
Batch 7 / 20  time:  2025-03-29 02:58:04.860455 
Batch 8 / 20  time:  2025-03-29 03:02:19.138381 
Batch 9 / 20  time:  2025-03-29 03:06:34.250976 
Batch 10 / 20  time:  2025-03-29 03:10:48.781178 
Batch 11 / 20  time:  2025-03-29 03:15:01.616925 
Batch 12 / 20  time:  2025-03-29 03:19:15.356279 
Batch 13 / 20  time:  2025-03-29 03:23:28.600292 
Batch 14 / 20  time:  2025-03-29 03:27:42.021709 
Batch 15 / 20  time:  2025-03-29 03:31:55.217624 
Batch 16 / 20  time:  2025-03-29 03:36:11.114704 
Batch 17 / 20  time:  2025-03-29 03:40:24.28203 
Batch 18 / 20  time:  2025-03-29 03:44:39.145239 
Batch 19 / 20  time:  2025-03-29 03:48:52.292609 
Simulation 54 has concluded at: 2025-03-29 03:53:05.550051 
Simulation 55 has began at: 2025-03-29 03:53:05.560348 
Batch 0 / 20  time:  2025-03-29 03:53:05.562936 
Batch 1 / 20  time:  2025-03-29 03:57:19.473539 
Batch 2 / 20  time:  2025-03-29 04:01:33.248073 
Batch 3 / 20  time:  2025-03-29 04:05:47.85399 
Batch 4 / 20  time:  2025-03-29 04:10:01.730349 
Batch 5 / 20  time:  2025-03-29 04:14:15.839515 
Batch 6 / 20  time:  2025-03-29 04:18:30.722206 
Batch 7 / 20  time:  2025-03-29 04:22:44.563918 
Batch 8 / 20  time:  2025-03-29 04:26:58.74016 
Batch 9 / 20  time:  2025-03-29 04:31:13.016129 
Batch 10 / 20  time:  2025-03-29 04:35:28.493308 
Batch 11 / 20  time:  2025-03-29 04:39:41.389578 
Batch 12 / 20  time:  2025-03-29 04:43:55.261624 
Batch 13 / 20  time:  2025-03-29 04:48:10.022023 
Batch 14 / 20  time:  2025-03-29 04:52:23.420572 
Batch 15 / 20  time:  2025-03-29 04:56:36.202809 
Batch 16 / 20  time:  2025-03-29 05:00:51.122909 
Batch 17 / 20  time:  2025-03-29 05:05:06.825283 
Batch 18 / 20  time:  2025-03-29 05:09:20.571333 
Batch 19 / 20  time:  2025-03-29 05:13:34.291692 
Simulation 55 has concluded at: 2025-03-29 05:17:47.412777 
Simulation 56 has began at: 2025-03-29 05:17:47.422888 
Batch 0 / 20  time:  2025-03-29 05:17:47.425253 
Batch 1 / 20  time:  2025-03-29 05:22:01.229052 
Batch 2 / 20  time:  2025-03-29 05:26:14.601903 
Batch 3 / 20  time:  2025-03-29 05:30:30.081996 
Batch 4 / 20  time:  2025-03-29 05:34:44.726877 
Batch 5 / 20  time:  2025-03-29 05:38:58.803441 
Batch 6 / 20  time:  2025-03-29 05:43:12.586115 
Batch 7 / 20  time:  2025-03-29 05:47:25.931942 
Batch 8 / 20  time:  2025-03-29 05:51:38.8076 
Batch 9 / 20  time:  2025-03-29 05:55:52.63582 
Batch 10 / 20  time:  2025-03-29 06:00:06.398263 
Batch 11 / 20  time:  2025-03-29 06:04:21.187103 
Batch 12 / 20  time:  2025-03-29 06:08:36.395512 
Batch 13 / 20  time:  2025-03-29 06:12:50.503614 
Batch 14 / 20  time:  2025-03-29 06:17:05.896266 
Batch 15 / 20  time:  2025-03-29 06:21:20.385271 
Batch 16 / 20  time:  2025-03-29 06:25:34.41589 
Batch 17 / 20  time:  2025-03-29 06:29:48.528157 
Batch 18 / 20  time:  2025-03-29 06:34:03.772625 
Batch 19 / 20  time:  2025-03-29 06:38:17.594666 
Simulation 56 has concluded at: 2025-03-29 06:42:32.640044 
Simulation 57 has began at: 2025-03-29 06:42:32.650493 
Batch 0 / 20  time:  2025-03-29 06:42:32.652889 
Batch 1 / 20  time:  2025-03-29 06:46:46.511348 
Batch 2 / 20  time:  2025-03-29 06:51:00.465206 
Batch 3 / 20  time:  2025-03-29 06:55:15.892334 
Batch 4 / 20  time:  2025-03-29 06:59:31.086866 
Batch 5 / 20  time:  2025-03-29 07:03:46.135063 
Batch 6 / 20  time:  2025-03-29 07:08:01.259894 
Batch 7 / 20  time:  2025-03-29 07:12:15.518894 
Batch 8 / 20  time:  2025-03-29 07:16:29.498689 
Batch 9 / 20  time:  2025-03-29 07:20:43.238009 
Batch 10 / 20  time:  2025-03-29 07:24:58.983567 
Batch 11 / 20  time:  2025-03-29 07:29:13.561506 
Batch 12 / 20  time:  2025-03-29 07:33:29.329961 
Batch 13 / 20  time:  2025-03-29 07:37:43.412821 
Batch 14 / 20  time:  2025-03-29 07:41:56.947555 
Batch 15 / 20  time:  2025-03-29 07:46:10.42338 
Batch 16 / 20  time:  2025-03-29 07:50:24.428194 
Batch 17 / 20  time:  2025-03-29 07:54:38.646497 
Batch 18 / 20  time:  2025-03-29 07:58:53.285789 
Batch 19 / 20  time:  2025-03-29 08:03:07.311823 
Simulation 57 has concluded at: 2025-03-29 08:07:20.852998 
Simulation 58 has began at: 2025-03-29 08:07:20.863852 
Batch 0 / 20  time:  2025-03-29 08:07:20.866374 
Batch 1 / 20  time:  2025-03-29 08:11:34.594268 
Batch 2 / 20  time:  2025-03-29 08:15:51.671469 
Batch 3 / 20  time:  2025-03-29 08:20:04.237058 
Batch 4 / 20  time:  2025-03-29 08:24:20.125874 
Batch 5 / 20  time:  2025-03-29 08:28:35.161357 
Batch 6 / 20  time:  2025-03-29 08:32:49.518338 
Batch 7 / 20  time:  2025-03-29 08:37:04.181967 
Batch 8 / 20  time:  2025-03-29 08:41:17.555927 
Batch 9 / 20  time:  2025-03-29 08:45:31.631205 
Batch 10 / 20  time:  2025-03-29 08:49:45.352614 
Batch 11 / 20  time:  2025-03-29 08:53:58.638034 
Batch 12 / 20  time:  2025-03-29 08:58:14.707849 
Batch 13 / 20  time:  2025-03-29 09:02:28.576535 
Batch 14 / 20  time:  2025-03-29 09:06:42.97734 
Batch 15 / 20  time:  2025-03-29 09:10:55.340241 
Batch 16 / 20  time:  2025-03-29 09:15:08.324978 
Batch 17 / 20  time:  2025-03-29 09:19:21.983907 
Batch 18 / 20  time:  2025-03-29 09:23:35.265009 
Batch 19 / 20  time:  2025-03-29 09:27:48.110711 
Simulation 58 has concluded at: 2025-03-29 09:32:02.377133 
Simulation 59 has began at: 2025-03-29 09:32:02.387723 
Batch 0 / 20  time:  2025-03-29 09:32:02.390847 
Batch 1 / 20  time:  2025-03-29 09:36:16.905977 
Batch 2 / 20  time:  2025-03-29 09:40:31.226774 
Batch 3 / 20  time:  2025-03-29 09:44:44.940027 
Batch 4 / 20  time:  2025-03-29 09:48:58.634744 
Batch 5 / 20  time:  2025-03-29 09:53:12.802504 
Batch 6 / 20  time:  2025-03-29 09:57:27.048447 
Batch 7 / 20  time:  2025-03-29 10:01:41.15139 
Batch 8 / 20  time:  2025-03-29 10:05:56.509915 
Batch 9 / 20  time:  2025-03-29 10:10:09.796061 
Batch 10 / 20  time:  2025-03-29 10:14:23.204446 
Batch 11 / 20  time:  2025-03-29 10:18:37.453678 
Batch 12 / 20  time:  2025-03-29 10:22:50.46764 
Batch 13 / 20  time:  2025-03-29 10:27:03.384481 
Batch 14 / 20  time:  2025-03-29 10:31:17.05311 
Batch 15 / 20  time:  2025-03-29 10:35:32.10969 
Batch 16 / 20  time:  2025-03-29 10:39:45.686258 
Batch 17 / 20  time:  2025-03-29 10:43:59.368864 
Batch 18 / 20  time:  2025-03-29 10:48:14.025425 
Batch 19 / 20  time:  2025-03-29 10:52:26.886675 
Simulation 59 has concluded at: 2025-03-29 10:56:41.142658 
Simulation 60 has began at: 2025-03-29 10:56:41.153926 
Batch 0 / 20  time:  2025-03-29 10:56:41.156178 
Batch 1 / 20  time:  2025-03-29 11:00:54.937577 
Batch 2 / 20  time:  2025-03-29 11:05:10.024469 
Batch 3 / 20  time:  2025-03-29 11:09:23.244053 
Batch 4 / 20  time:  2025-03-29 11:13:36.597268 
Batch 5 / 20  time:  2025-03-29 11:17:49.038926 
Batch 6 / 20  time:  2025-03-29 11:22:03.420182 
Batch 7 / 20  time:  2025-03-29 11:26:16.301378 
Batch 8 / 20  time:  2025-03-29 11:30:30.251141 
Batch 9 / 20  time:  2025-03-29 11:34:45.072311 
Batch 10 / 20  time:  2025-03-29 11:38:59.426439 
Batch 11 / 20  time:  2025-03-29 11:43:12.693445 
Batch 12 / 20  time:  2025-03-29 11:47:27.554423 
Batch 13 / 20  time:  2025-03-29 11:51:41.332104 
Batch 14 / 20  time:  2025-03-29 11:55:54.519182 
Batch 15 / 20  time:  2025-03-29 12:00:08.045767 
Batch 16 / 20  time:  2025-03-29 12:04:22.783199 
Batch 17 / 20  time:  2025-03-29 12:08:36.379007 
Batch 18 / 20  time:  2025-03-29 12:12:49.933042 
Batch 19 / 20  time:  2025-03-29 12:17:02.856103 
Simulation 60 has concluded at: 2025-03-29 12:21:16.023528 
Simulation 61 has began at: 2025-03-29 12:21:16.035142 
Batch 0 / 20  time:  2025-03-29 12:21:16.037572 
Batch 1 / 20  time:  2025-03-29 12:25:29.189937 
Batch 2 / 20  time:  2025-03-29 12:29:42.44443 
Batch 3 / 20  time:  2025-03-29 12:33:57.735841 
Batch 4 / 20  time:  2025-03-29 12:38:12.010509 
Batch 5 / 20  time:  2025-03-29 12:42:25.133579 
Batch 6 / 20  time:  2025-03-29 12:46:38.409684 
Batch 7 / 20  time:  2025-03-29 12:50:51.896197 
Batch 8 / 20  time:  2025-03-29 12:55:05.060115 
Batch 9 / 20  time:  2025-03-29 12:59:18.213655 
Batch 10 / 20  time:  2025-03-29 13:03:32.054774 
Batch 11 / 20  time:  2025-03-29 13:07:46.065543 
Batch 12 / 20  time:  2025-03-29 13:11:59.099232 
Batch 13 / 20  time:  2025-03-29 13:16:12.593777 
Batch 14 / 20  time:  2025-03-29 13:20:26.154961 
Batch 15 / 20  time:  2025-03-29 13:24:39.480674 
Batch 16 / 20  time:  2025-03-29 13:28:53.150261 
Batch 17 / 20  time:  2025-03-29 13:33:07.222779 
Batch 18 / 20  time:  2025-03-29 13:37:23.037549 
Batch 19 / 20  time:  2025-03-29 13:41:36.745205 
Simulation 61 has concluded at: 2025-03-29 13:45:52.707046 
Simulation 62 has began at: 2025-03-29 13:45:52.71848 
Batch 0 / 20  time:  2025-03-29 13:45:52.720751 
Batch 1 / 20  time:  2025-03-29 13:50:06.257407 
Batch 2 / 20  time:  2025-03-29 13:54:19.827337 
Batch 3 / 20  time:  2025-03-29 13:58:32.959366 
Batch 4 / 20  time:  2025-03-29 14:02:47.651015 
Batch 5 / 20  time:  2025-03-29 14:07:03.915928 
Batch 6 / 20  time:  2025-03-29 14:11:17.289818 
Batch 7 / 20  time:  2025-03-29 14:15:30.102651 
Batch 8 / 20  time:  2025-03-29 14:19:42.827234 
Batch 9 / 20  time:  2025-03-29 14:23:55.329503 
Batch 10 / 20  time:  2025-03-29 14:28:08.127589 
Batch 11 / 20  time:  2025-03-29 14:32:22.712291 
Batch 12 / 20  time:  2025-03-29 14:36:36.686347 
Batch 13 / 20  time:  2025-03-29 14:40:50.544071 
Batch 14 / 20  time:  2025-03-29 14:45:03.95619 
Batch 15 / 20  time:  2025-03-29 14:49:17.071257 
Batch 16 / 20  time:  2025-03-29 14:53:29.728528 
Batch 17 / 20  time:  2025-03-29 14:57:42.724446 
Batch 18 / 20  time:  2025-03-29 15:01:56.566388 
Batch 19 / 20  time:  2025-03-29 15:06:10.338407 
Simulation 62 has concluded at: 2025-03-29 15:10:23.148466 
Simulation 63 has began at: 2025-03-29 15:10:23.159843 
Batch 0 / 20  time:  2025-03-29 15:10:23.162148 
Batch 1 / 20  time:  2025-03-29 15:14:36.305774 
Batch 2 / 20  time:  2025-03-29 15:18:50.230764 
Batch 3 / 20  time:  2025-03-29 15:23:03.724751 
Batch 4 / 20  time:  2025-03-29 15:27:18.790293 
Batch 5 / 20  time:  2025-03-29 15:31:32.949294 
Batch 6 / 20  time:  2025-03-29 15:35:48.362122 
Batch 7 / 20  time:  2025-03-29 15:40:02.555867 
Batch 8 / 20  time:  2025-03-29 15:44:16.678352 
Batch 9 / 20  time:  2025-03-29 15:48:36.602038 
Batch 10 / 20  time:  2025-03-29 15:52:51.804072 
Batch 11 / 20  time:  2025-03-29 15:57:06.610875 
Batch 12 / 20  time:  2025-03-29 16:01:22.059155 
Batch 13 / 20  time:  2025-03-29 16:05:39.057735 
Batch 14 / 20  time:  2025-03-29 16:09:59.234593 
Batch 15 / 20  time:  2025-03-29 16:14:19.942021 
Batch 16 / 20  time:  2025-03-29 16:18:34.725813 
Batch 17 / 20  time:  2025-03-29 16:22:49.565352 
Batch 18 / 20  time:  2025-03-29 16:27:11.405623 
Batch 19 / 20  time:  2025-03-29 16:31:26.571092 
Simulation 63 has concluded at: 2025-03-29 16:35:47.919193 
Simulation 64 has began at: 2025-03-29 16:35:47.930712 
Batch 0 / 20  time:  2025-03-29 16:35:47.932878 
Batch 1 / 20  time:  2025-03-29 16:40:01.624098 
Batch 2 / 20  time:  2025-03-29 16:44:23.522236 
Batch 3 / 20  time:  2025-03-29 16:48:40.12512 
Batch 4 / 20  time:  2025-03-29 16:52:56.583711 
Batch 5 / 20  time:  2025-03-29 16:57:14.295166 
Batch 6 / 20  time:  2025-03-29 17:01:35.319487 
Batch 7 / 20  time:  2025-03-29 17:05:53.616695 
Batch 8 / 20  time:  2025-03-29 17:10:10.000307 
Batch 9 / 20  time:  2025-03-29 17:14:26.999518 
Batch 10 / 20  time:  2025-03-29 17:18:40.65295 
Batch 11 / 20  time:  2025-03-29 17:22:54.977081 
Batch 12 / 20  time:  2025-03-29 17:27:11.279038 
Batch 13 / 20  time:  2025-03-29 17:31:26.756831 
Batch 14 / 20  time:  2025-03-29 17:35:41.741112 
Batch 15 / 20  time:  2025-03-29 17:39:57.496313 
Batch 16 / 20  time:  2025-03-29 17:44:14.736688 
Batch 17 / 20  time:  2025-03-29 17:48:28.540495 
Batch 18 / 20  time:  2025-03-29 17:52:45.036272 
Batch 19 / 20  time:  2025-03-29 17:56:59.107349 
Simulation 64 has concluded at: 2025-03-29 18:01:13.738523 
Simulation 65 has began at: 2025-03-29 18:01:13.7503 
Batch 0 / 20  time:  2025-03-29 18:01:13.752693 
Batch 1 / 20  time:  2025-03-29 18:05:30.083459 
Batch 2 / 20  time:  2025-03-29 18:09:44.810189 
Batch 3 / 20  time:  2025-03-29 18:13:58.509887 
Batch 4 / 20  time:  2025-03-29 18:18:12.148426 
Batch 5 / 20  time:  2025-03-29 18:22:25.885944 
Batch 6 / 20  time:  2025-03-29 18:26:40.430591 
Batch 7 / 20  time:  2025-03-29 18:30:54.838426 
Batch 8 / 20  time:  2025-03-29 18:35:09.970298 
Batch 9 / 20  time:  2025-03-29 18:39:24.467871 
Batch 10 / 20  time:  2025-03-29 18:43:37.368263 
Batch 11 / 20  time:  2025-03-29 18:47:50.496698 
Batch 12 / 20  time:  2025-03-29 18:52:03.810831 
Batch 13 / 20  time:  2025-03-29 18:56:15.937453 
Batch 14 / 20  time:  2025-03-29 19:00:31.429527 
Batch 15 / 20  time:  2025-03-29 19:04:48.024212 
Batch 16 / 20  time:  2025-03-29 19:09:02.580802 
Batch 17 / 20  time:  2025-03-29 19:13:15.922266 
Batch 18 / 20  time:  2025-03-29 19:17:29.198089 
Batch 19 / 20  time:  2025-03-29 19:21:43.248192 
Simulation 65 has concluded at: 2025-03-29 19:25:56.406786 
Simulation 66 has began at: 2025-03-29 19:25:56.419747 
Batch 0 / 20  time:  2025-03-29 19:25:56.422107 
Batch 1 / 20  time:  2025-03-29 19:30:09.478822 
Batch 2 / 20  time:  2025-03-29 19:34:25.259166 
Batch 3 / 20  time:  2025-03-29 19:38:39.438324 
Batch 4 / 20  time:  2025-03-29 19:42:52.600933 
Batch 5 / 20  time:  2025-03-29 19:47:07.884368 
Batch 6 / 20  time:  2025-03-29 19:51:22.229892 
Batch 7 / 20  time:  2025-03-29 19:55:46.218518 
Batch 8 / 20  time:  2025-03-29 20:00:10.291187 
Batch 9 / 20  time:  2025-03-29 20:04:26.185562 
Batch 10 / 20  time:  2025-03-29 20:08:43.291645 
Batch 11 / 20  time:  2025-03-29 20:12:56.131287 
Batch 12 / 20  time:  2025-03-29 20:17:10.234566 
Batch 13 / 20  time:  2025-03-29 20:21:22.473993 
Batch 14 / 20  time:  2025-03-29 20:25:36.181793 
Batch 15 / 20  time:  2025-03-29 20:29:49.705225 
Batch 16 / 20  time:  2025-03-29 20:34:05.027123 
Batch 17 / 20  time:  2025-03-29 20:38:19.388836 
Batch 18 / 20  time:  2025-03-29 20:42:34.449878 
Batch 19 / 20  time:  2025-03-29 20:46:49.300817 
Simulation 66 has concluded at: 2025-03-29 20:51:04.172384 
Simulation 67 has began at: 2025-03-29 20:51:04.184561 
Batch 0 / 20  time:  2025-03-29 20:51:04.186989 
Batch 1 / 20  time:  2025-03-29 20:55:17.677195 
Batch 2 / 20  time:  2025-03-29 20:59:31.434185 
Batch 3 / 20  time:  2025-03-29 21:03:46.076066 
Batch 4 / 20  time:  2025-03-29 21:08:00.463596 
Batch 5 / 20  time:  2025-03-29 21:12:13.659176 
Batch 6 / 20  time:  2025-03-29 21:16:29.234561 
Batch 7 / 20  time:  2025-03-29 21:20:42.384326 
Batch 8 / 20  time:  2025-03-29 21:24:56.540602 
Batch 9 / 20  time:  2025-03-29 21:29:10.265996 
Batch 10 / 20  time:  2025-03-29 21:33:25.106968 
Batch 11 / 20  time:  2025-03-29 21:37:38.74426 
Batch 12 / 20  time:  2025-03-29 21:41:52.693745 
Batch 13 / 20  time:  2025-03-29 21:46:06.400587 
Batch 14 / 20  time:  2025-03-29 21:50:20.454715 
Batch 15 / 20  time:  2025-03-29 21:54:33.393765 
Batch 16 / 20  time:  2025-03-29 21:58:47.354063 
Batch 17 / 20  time:  2025-03-29 22:03:01.348804 
Batch 18 / 20  time:  2025-03-29 22:07:16.077564 
Batch 19 / 20  time:  2025-03-29 22:11:29.264113 
Simulation 67 has concluded at: 2025-03-29 22:15:43.259501 
Simulation 68 has began at: 2025-03-29 22:15:43.272124 
Batch 0 / 20  time:  2025-03-29 22:15:43.274541 
Batch 1 / 20  time:  2025-03-29 22:20:00.357987 
Batch 2 / 20  time:  2025-03-29 22:24:14.696032 
Batch 3 / 20  time:  2025-03-29 22:28:27.424844 
Batch 4 / 20  time:  2025-03-29 22:32:42.595918 
Batch 5 / 20  time:  2025-03-29 22:36:57.904869 
Batch 6 / 20  time:  2025-03-29 22:41:12.225305 
Batch 7 / 20  time:  2025-03-29 22:45:26.508797 
Batch 8 / 20  time:  2025-03-29 22:49:41.026133 
Batch 9 / 20  time:  2025-03-29 22:53:57.443649 
Batch 10 / 20  time:  2025-03-29 22:58:20.424211 
Batch 11 / 20  time:  2025-03-29 23:02:41.136249 
Batch 12 / 20  time:  2025-03-29 23:06:56.689375 
Batch 13 / 20  time:  2025-03-29 23:11:09.28529 
Batch 14 / 20  time:  2025-03-29 23:15:25.793293 
Batch 15 / 20  time:  2025-03-29 23:19:38.293849 
Batch 16 / 20  time:  2025-03-29 23:23:50.805194 
Batch 17 / 20  time:  2025-03-29 23:28:03.181349 
Batch 18 / 20  time:  2025-03-29 23:32:16.478585 
Batch 19 / 20  time:  2025-03-29 23:36:30.185129 
Simulation 68 has concluded at: 2025-03-29 23:40:42.775759 
Simulation 69 has began at: 2025-03-29 23:40:42.788645 
Batch 0 / 20  time:  2025-03-29 23:40:42.791279 
Batch 1 / 20  time:  2025-03-29 23:44:56.988571 
Batch 2 / 20  time:  2025-03-29 23:49:13.981362 
Batch 3 / 20  time:  2025-03-29 23:53:27.607447 
Batch 4 / 20  time:  2025-03-29 23:57:42.433508 
Batch 5 / 20  time:  2025-03-30 00:01:56.04841 
Batch 6 / 20  time:  2025-03-30 00:06:10.386157 
Batch 7 / 20  time:  2025-03-30 00:10:24.952299 
Batch 8 / 20  time:  2025-03-30 00:14:39.105939 
Batch 9 / 20  time:  2025-03-30 00:18:53.311535 
Batch 10 / 20  time:  2025-03-30 00:23:06.406392 
Batch 11 / 20  time:  2025-03-30 00:27:18.520734 
Batch 12 / 20  time:  2025-03-30 00:31:33.125991 
Batch 13 / 20  time:  2025-03-30 00:35:48.298641 
Batch 14 / 20  time:  2025-03-30 00:40:00.504891 
Batch 15 / 20  time:  2025-03-30 00:44:12.974533 
Batch 16 / 20  time:  2025-03-30 00:48:25.819257 
Batch 17 / 20  time:  2025-03-30 00:52:38.824831 
Batch 18 / 20  time:  2025-03-30 00:56:51.466509 
Batch 19 / 20  time:  2025-03-30 01:01:09.473594 
Simulation 69 has concluded at: 2025-03-30 01:05:23.094294 
Simulation 70 has began at: 2025-03-30 01:05:23.106919 
Batch 0 / 20  time:  2025-03-30 01:05:23.109082 
Batch 1 / 20  time:  2025-03-30 01:09:35.88619 
Batch 2 / 20  time:  2025-03-30 01:13:49.43434 
Batch 3 / 20  time:  2025-03-30 01:18:02.804706 
Batch 4 / 20  time:  2025-03-30 01:22:16.163387 
Batch 5 / 20  time:  2025-03-30 01:26:28.701973 
Batch 6 / 20  time:  2025-03-30 01:30:44.116868 
Batch 7 / 20  time:  2025-03-30 01:34:58.917435 
Batch 8 / 20  time:  2025-03-30 01:39:12.349233 
Batch 9 / 20  time:  2025-03-30 01:43:27.236102 
Batch 10 / 20  time:  2025-03-30 01:47:41.407833 
Batch 11 / 20  time:  2025-03-30 01:51:54.069654 
Batch 12 / 20  time:  2025-03-30 01:56:08.602211 
Batch 13 / 20  time:  2025-03-30 02:00:22.046497 
Batch 14 / 20  time:  2025-03-30 02:04:37.769874 
Batch 15 / 20  time:  2025-03-30 02:08:51.958828 
Batch 16 / 20  time:  2025-03-30 02:13:06.18107 
Batch 17 / 20  time:  2025-03-30 02:17:20.127574 
Batch 18 / 20  time:  2025-03-30 02:21:33.268679 
Batch 19 / 20  time:  2025-03-30 02:25:46.347889 
Simulation 70 has concluded at: 2025-03-30 02:30:00.983551 
Simulation 71 has began at: 2025-03-30 02:30:00.99695 
Batch 0 / 20  time:  2025-03-30 02:30:00.999392 
Batch 1 / 20  time:  2025-03-30 02:34:17.404282 
Batch 2 / 20  time:  2025-03-30 02:38:30.986264 
Batch 3 / 20  time:  2025-03-30 02:42:44.539427 
Batch 4 / 20  time:  2025-03-30 02:46:57.562834 
Batch 5 / 20  time:  2025-03-30 02:51:10.192437 
Batch 6 / 20  time:  2025-03-30 02:55:28.108811 
Batch 7 / 20  time:  2025-03-30 02:59:42.270444 
Batch 8 / 20  time:  2025-03-30 03:03:57.709184 
Batch 9 / 20  time:  2025-03-30 03:08:12.284871 
Batch 10 / 20  time:  2025-03-30 03:12:25.385799 
Batch 11 / 20  time:  2025-03-30 03:16:38.166117 
Batch 12 / 20  time:  2025-03-30 03:20:51.464454 
Batch 13 / 20  time:  2025-03-30 03:25:04.091529 
Batch 14 / 20  time:  2025-03-30 03:29:16.901422 
Batch 15 / 20  time:  2025-03-30 03:33:32.609902 
Batch 16 / 20  time:  2025-03-30 03:37:47.248814 
Batch 17 / 20  time:  2025-03-30 03:41:59.852315 
Batch 18 / 20  time:  2025-03-30 03:46:13.750165 
Batch 19 / 20  time:  2025-03-30 03:50:26.655093 
Simulation 71 has concluded at: 2025-03-30 03:54:40.293142 
Simulation 72 has began at: 2025-03-30 03:54:40.305797 
Batch 0 / 20  time:  2025-03-30 03:54:40.307961 
Batch 1 / 20  time:  2025-03-30 03:58:53.154637 
Batch 2 / 20  time:  2025-03-30 04:03:05.768435 
Batch 3 / 20  time:  2025-03-30 04:07:19.807312 
Batch 4 / 20  time:  2025-03-30 04:11:34.813812 
Batch 5 / 20  time:  2025-03-30 04:15:47.157041 
Batch 6 / 20  time:  2025-03-30 04:20:00.405029 
Batch 7 / 20  time:  2025-03-30 04:24:12.770003 
Batch 8 / 20  time:  2025-03-30 04:28:35.586466 
Batch 9 / 20  time:  2025-03-30 04:32:49.729776 
Batch 10 / 20  time:  2025-03-30 04:37:03.252406 
Batch 11 / 20  time:  2025-03-30 04:41:16.152432 
Batch 12 / 20  time:  2025-03-30 04:45:29.725503 
Batch 13 / 20  time:  2025-03-30 04:49:42.545919 
Batch 14 / 20  time:  2025-03-30 04:53:54.959848 
Batch 15 / 20  time:  2025-03-30 04:58:06.931271 
Batch 16 / 20  time:  2025-03-30 05:02:19.586162 
Batch 17 / 20  time:  2025-03-30 05:06:36.197232 
Batch 18 / 20  time:  2025-03-30 05:10:50.594605 
Batch 19 / 20  time:  2025-03-30 05:15:05.289998 
Simulation 72 has concluded at: 2025-03-30 05:19:28.20489 
Simulation 73 has began at: 2025-03-30 05:19:28.218298 
Batch 0 / 20  time:  2025-03-30 05:19:28.220474 
Batch 1 / 20  time:  2025-03-30 05:23:42.628548 
Batch 2 / 20  time:  2025-03-30 05:27:55.009284 
Batch 3 / 20  time:  2025-03-30 05:32:08.084036 
Batch 4 / 20  time:  2025-03-30 05:36:24.276105 
Batch 5 / 20  time:  2025-03-30 05:40:39.435369 
Batch 6 / 20  time:  2025-03-30 05:44:52.499743 
Batch 7 / 20  time:  2025-03-30 05:49:05.011726 
Batch 8 / 20  time:  2025-03-30 05:53:18.534585 
Batch 9 / 20  time:  2025-03-30 05:57:31.623006 
Batch 10 / 20  time:  2025-03-30 06:01:45.910636 
Batch 11 / 20  time:  2025-03-30 06:06:01.708658 
Batch 12 / 20  time:  2025-03-30 06:10:16.401819 
Batch 13 / 20  time:  2025-03-30 06:14:29.809558 
Batch 14 / 20  time:  2025-03-30 06:18:42.845516 
Batch 15 / 20  time:  2025-03-30 06:22:55.176511 
Batch 16 / 20  time:  2025-03-30 06:27:07.235959 
Batch 17 / 20  time:  2025-03-30 06:31:19.785141 
Batch 18 / 20  time:  2025-03-30 06:35:34.76731 
Batch 19 / 20  time:  2025-03-30 06:39:47.025004 
Simulation 73 has concluded at: 2025-03-30 06:44:01.663757 
Simulation 74 has began at: 2025-03-30 06:44:01.682353 
Batch 0 / 20  time:  2025-03-30 06:44:01.684774 
Batch 1 / 20  time:  2025-03-30 06:48:15.839029 
Batch 2 / 20  time:  2025-03-30 06:52:28.49521 
Batch 3 / 20  time:  2025-03-30 06:56:40.109821 
Batch 4 / 20  time:  2025-03-30 07:00:54.014885 
Batch 5 / 20  time:  2025-03-30 07:05:07.03667 
Batch 6 / 20  time:  2025-03-30 07:09:21.15712 
Batch 7 / 20  time:  2025-03-30 07:13:41.827439 
Batch 8 / 20  time:  2025-03-30 07:18:01.375441 
Batch 9 / 20  time:  2025-03-30 07:22:15.097467 
Batch 10 / 20  time:  2025-03-30 07:26:28.006191 
Batch 11 / 20  time:  2025-03-30 07:30:41.02244 
Batch 12 / 20  time:  2025-03-30 07:34:57.540178 
Batch 13 / 20  time:  2025-03-30 07:39:12.933328 
Batch 14 / 20  time:  2025-03-30 07:43:26.276783 
Batch 15 / 20  time:  2025-03-30 07:47:39.507857 
Batch 16 / 20  time:  2025-03-30 07:51:51.90245 
Batch 17 / 20  time:  2025-03-30 07:56:04.25613 
Batch 18 / 20  time:  2025-03-30 08:00:17.207547 
Batch 19 / 20  time:  2025-03-30 08:04:31.039658 
Simulation 74 has concluded at: 2025-03-30 08:08:44.286957 
Simulation 75 has began at: 2025-03-30 08:08:44.300631 
Batch 0 / 20  time:  2025-03-30 08:08:44.305776 
Batch 1 / 20  time:  2025-03-30 08:12:57.053752 
Batch 2 / 20  time:  2025-03-30 08:17:09.717955 
Batch 3 / 20  time:  2025-03-30 08:21:23.301459 
Batch 4 / 20  time:  2025-03-30 08:25:37.47574 
Batch 5 / 20  time:  2025-03-30 08:29:50.412227 
Batch 6 / 20  time:  2025-03-30 08:34:04.945203 
Batch 7 / 20  time:  2025-03-30 08:38:18.224948 
Batch 8 / 20  time:  2025-03-30 08:42:31.151497 
Batch 9 / 20  time:  2025-03-30 08:46:43.333193 
Batch 10 / 20  time:  2025-03-30 08:50:55.657029 
Batch 11 / 20  time:  2025-03-30 08:55:08.238974 
Batch 12 / 20  time:  2025-03-30 08:59:20.789786 
Batch 13 / 20  time:  2025-03-30 09:03:35.594955 
Batch 14 / 20  time:  2025-03-30 09:07:50.341468 
Batch 15 / 20  time:  2025-03-30 09:12:02.972565 
Batch 16 / 20  time:  2025-03-30 09:16:15.768121 
Batch 17 / 20  time:  2025-03-30 09:20:27.981297 
Batch 18 / 20  time:  2025-03-30 09:24:40.444978 
Batch 19 / 20  time:  2025-03-30 09:28:52.355051 
Simulation 75 has concluded at: 2025-03-30 09:33:07.337843 
Simulation 76 has began at: 2025-03-30 09:33:07.35148 
Batch 0 / 20  time:  2025-03-30 09:33:07.353808 
Batch 1 / 20  time:  2025-03-30 09:37:19.930635 
Batch 2 / 20  time:  2025-03-30 09:41:32.170684 
Batch 3 / 20  time:  2025-03-30 09:45:43.987181 
Batch 4 / 20  time:  2025-03-30 09:49:56.82458 
Batch 5 / 20  time:  2025-03-30 09:54:09.747202 
Batch 6 / 20  time:  2025-03-30 09:58:22.216577 
Batch 7 / 20  time:  2025-03-30 10:02:35.200247 
Batch 8 / 20  time:  2025-03-30 10:06:48.819181 
Batch 9 / 20  time:  2025-03-30 10:11:01.683355 
Batch 10 / 20  time:  2025-03-30 10:15:15.444145 
Batch 11 / 20  time:  2025-03-30 10:19:28.667586 
Batch 12 / 20  time:  2025-03-30 10:23:40.443198 
Batch 13 / 20  time:  2025-03-30 10:27:52.879882 
Batch 14 / 20  time:  2025-03-30 10:32:06.016824 
Batch 15 / 20  time:  2025-03-30 10:36:20.333679 
Batch 16 / 20  time:  2025-03-30 10:40:33.527999 
Batch 17 / 20  time:  2025-03-30 10:44:45.71022 
Batch 18 / 20  time:  2025-03-30 10:48:59.421531 
Batch 19 / 20  time:  2025-03-30 10:53:11.99971 
Simulation 76 has concluded at: 2025-03-30 10:57:25.573229 
Simulation 77 has began at: 2025-03-30 10:57:25.586672 
Batch 0 / 20  time:  2025-03-30 10:57:25.589179 
Batch 1 / 20  time:  2025-03-30 11:01:39.315233 
Batch 2 / 20  time:  2025-03-30 11:05:57.543341 
Batch 3 / 20  time:  2025-03-30 11:10:13.817716 
Batch 4 / 20  time:  2025-03-30 11:14:27.927225 
Batch 5 / 20  time:  2025-03-30 11:18:40.435278 
Batch 6 / 20  time:  2025-03-30 11:22:53.488211 
Batch 7 / 20  time:  2025-03-30 11:27:05.483571 
Batch 8 / 20  time:  2025-03-30 11:31:18.310964 
Batch 9 / 20  time:  2025-03-30 11:35:32.976261 
Batch 10 / 20  time:  2025-03-30 11:39:46.208167 
Batch 11 / 20  time:  2025-03-30 11:43:58.96112 
Batch 12 / 20  time:  2025-03-30 11:48:12.735557 
Batch 13 / 20  time:  2025-03-30 11:52:25.851041 
Batch 14 / 20  time:  2025-03-30 11:56:38.546114 
Batch 15 / 20  time:  2025-03-30 12:00:51.395761 
Batch 16 / 20  time:  2025-03-30 12:05:05.494408 
Batch 17 / 20  time:  2025-03-30 12:09:18.650167 
Batch 18 / 20  time:  2025-03-30 12:13:31.571588 
Batch 19 / 20  time:  2025-03-30 12:17:44.360478 
Simulation 77 has concluded at: 2025-03-30 12:21:59.789541 
Simulation 78 has began at: 2025-03-30 12:21:59.821303 
Batch 0 / 20  time:  2025-03-30 12:21:59.82389 
Batch 1 / 20  time:  2025-03-30 12:26:13.309223 
Batch 2 / 20  time:  2025-03-30 12:30:27.948223 
Batch 3 / 20  time:  2025-03-30 12:34:42.918871 
Batch 4 / 20  time:  2025-03-30 12:38:58.209113 
Batch 5 / 20  time:  2025-03-30 12:43:12.525319 
Batch 6 / 20  time:  2025-03-30 12:47:26.751934 
Batch 7 / 20  time:  2025-03-30 12:51:39.913251 
Batch 8 / 20  time:  2025-03-30 12:55:53.093718 
Batch 9 / 20  time:  2025-03-30 13:00:06.55716 
Batch 10 / 20  time:  2025-03-30 13:04:21.819108 
Batch 11 / 20  time:  2025-03-30 13:08:35.224357 
Batch 12 / 20  time:  2025-03-30 13:12:48.394789 
Batch 13 / 20  time:  2025-03-30 13:17:00.768385 
Batch 14 / 20  time:  2025-03-30 13:21:14.768156 
Batch 15 / 20  time:  2025-03-30 13:25:27.183231 
Batch 16 / 20  time:  2025-03-30 13:29:39.961832 
Batch 17 / 20  time:  2025-03-30 13:33:56.174066 
Batch 18 / 20  time:  2025-03-30 13:38:12.836988 
Batch 19 / 20  time:  2025-03-30 13:42:25.624863 
Simulation 78 has concluded at: 2025-03-30 13:46:40.068269 
Simulation 79 has began at: 2025-03-30 13:46:40.082267 
Batch 0 / 20  time:  2025-03-30 13:46:40.08469 
Batch 1 / 20  time:  2025-03-30 13:50:53.669836 
Batch 2 / 20  time:  2025-03-30 13:55:07.704737 
Batch 3 / 20  time:  2025-03-30 13:59:21.764739 
Batch 4 / 20  time:  2025-03-30 14:03:36.507154 
Batch 5 / 20  time:  2025-03-30 14:07:50.621694 
Batch 6 / 20  time:  2025-03-30 14:12:03.082535 
Batch 7 / 20  time:  2025-03-30 14:16:15.107922 
Batch 8 / 20  time:  2025-03-30 14:20:28.14389 
Batch 9 / 20  time:  2025-03-30 14:24:41.210562 
Batch 10 / 20  time:  2025-03-30 14:28:54.29816 
Batch 11 / 20  time:  2025-03-30 14:33:08.571701 
Batch 12 / 20  time:  2025-03-30 14:37:24.828783 
Batch 13 / 20  time:  2025-03-30 14:41:38.734744 
Batch 14 / 20  time:  2025-03-30 14:45:51.727476 
Batch 15 / 20  time:  2025-03-30 14:50:05.696253 
Batch 16 / 20  time:  2025-03-30 14:54:19.088807 
Batch 17 / 20  time:  2025-03-30 14:58:32.636214 
Batch 18 / 20  time:  2025-03-30 15:02:46.728312 
Batch 19 / 20  time:  2025-03-30 15:07:00.20048 
Simulation 79 has concluded at: 2025-03-30 15:11:12.992885 
Simulation 80 has began at: 2025-03-30 15:11:13.007275 
Batch 0 / 20  time:  2025-03-30 15:11:13.009536 
Batch 1 / 20  time:  2025-03-30 15:15:25.52216 
Batch 2 / 20  time:  2025-03-30 15:19:38.649575 
Batch 3 / 20  time:  2025-03-30 15:23:51.129894 
Batch 4 / 20  time:  2025-03-30 15:28:03.59819 
Batch 5 / 20  time:  2025-03-30 15:32:17.061568 
Batch 6 / 20  time:  2025-03-30 15:36:33.100688 
Batch 7 / 20  time:  2025-03-30 15:40:47.074103 
Batch 8 / 20  time:  2025-03-30 15:45:00.806093 
Batch 9 / 20  time:  2025-03-30 15:49:13.564165 
Batch 10 / 20  time:  2025-03-30 15:53:26.879706 
Batch 11 / 20  time:  2025-03-30 15:57:39.569306 
Batch 12 / 20  time:  2025-03-30 16:01:53.769337 
Batch 13 / 20  time:  2025-03-30 16:06:07.323339 
Batch 14 / 20  time:  2025-03-30 16:10:21.526425 
Batch 15 / 20  time:  2025-03-30 16:14:35.519902 
Batch 16 / 20  time:  2025-03-30 16:18:48.799153 
Batch 17 / 20  time:  2025-03-30 16:23:03.036083 
Batch 18 / 20  time:  2025-03-30 16:27:18.606581 
Batch 19 / 20  time:  2025-03-30 16:31:33.593541 
Simulation 80 has concluded at: 2025-03-30 16:35:49.82308 
Simulation 81 has began at: 2025-03-30 16:35:49.843747 
Batch 0 / 20  time:  2025-03-30 16:35:49.845912 
Batch 1 / 20  time:  2025-03-30 16:40:03.8082 
Batch 2 / 20  time:  2025-03-30 16:44:19.030779 
Batch 3 / 20  time:  2025-03-30 16:48:31.921695 
Batch 4 / 20  time:  2025-03-30 16:52:46.048312 
Batch 5 / 20  time:  2025-03-30 16:56:59.413995 
Batch 6 / 20  time:  2025-03-30 17:01:14.115201 
Batch 7 / 20  time:  2025-03-30 17:05:28.651345 
Batch 8 / 20  time:  2025-03-30 17:09:42.130533 
Batch 9 / 20  time:  2025-03-30 17:13:54.228979 
Batch 10 / 20  time:  2025-03-30 17:18:06.694622 
Batch 11 / 20  time:  2025-03-30 17:22:19.365901 
Batch 12 / 20  time:  2025-03-30 17:26:32.653965 
Batch 13 / 20  time:  2025-03-30 17:30:47.153174 
Batch 14 / 20  time:  2025-03-30 17:35:03.543041 
Batch 15 / 20  time:  2025-03-30 17:39:16.891759 
Batch 16 / 20  time:  2025-03-30 17:43:31.755587 
Batch 17 / 20  time:  2025-03-30 17:47:45.163918 
Batch 18 / 20  time:  2025-03-30 17:52:06.753081 
Batch 19 / 20  time:  2025-03-30 17:56:19.413276 
Simulation 81 has concluded at: 2025-03-30 18:00:32.783255 
Simulation 82 has began at: 2025-03-30 18:00:32.799527 
Batch 0 / 20  time:  2025-03-30 18:00:32.801775 
Batch 1 / 20  time:  2025-03-30 18:04:50.858559 
Batch 2 / 20  time:  2025-03-30 18:09:09.656415 
Batch 3 / 20  time:  2025-03-30 18:13:25.733624 
Batch 4 / 20  time:  2025-03-30 18:17:41.375138 
Batch 5 / 20  time:  2025-03-30 18:21:56.237952 
Batch 6 / 20  time:  2025-03-30 18:26:11.001831 
Batch 7 / 20  time:  2025-03-30 18:30:25.015973 
Batch 8 / 20  time:  2025-03-30 18:34:41.411775 
Batch 9 / 20  time:  2025-03-30 18:38:56.218074 
Batch 10 / 20  time:  2025-03-30 18:43:09.750552 
Batch 11 / 20  time:  2025-03-30 18:47:21.575058 
Batch 12 / 20  time:  2025-03-30 18:51:33.762447 
Batch 13 / 20  time:  2025-03-30 18:55:47.157466 
Batch 14 / 20  time:  2025-03-30 19:00:01.46607 
Batch 15 / 20  time:  2025-03-30 19:04:17.605494 
Batch 16 / 20  time:  2025-03-30 19:08:35.569436 
Batch 17 / 20  time:  2025-03-30 19:12:58.834356 
Batch 18 / 20  time:  2025-03-30 19:17:12.999814 
Batch 19 / 20  time:  2025-03-30 19:21:26.387747 
Simulation 82 has concluded at: 2025-03-30 19:25:39.278943 
Simulation 83 has began at: 2025-03-30 19:25:39.305567 
Batch 0 / 20  time:  2025-03-30 19:25:39.308004 
Batch 1 / 20  time:  2025-03-30 19:29:51.891553 
Batch 2 / 20  time:  2025-03-30 19:34:06.773124 
Batch 3 / 20  time:  2025-03-30 19:38:21.726936 
Batch 4 / 20  time:  2025-03-30 19:42:35.320929 
Batch 5 / 20  time:  2025-03-30 19:46:47.568669 
Batch 6 / 20  time:  2025-03-30 19:51:00.620716 
Batch 7 / 20  time:  2025-03-30 19:55:13.191989 
Batch 8 / 20  time:  2025-03-30 19:59:26.333705 
Batch 9 / 20  time:  2025-03-30 20:03:39.967692 
Batch 10 / 20  time:  2025-03-30 20:07:53.804232 
Batch 11 / 20  time:  2025-03-30 20:12:06.569505 
Batch 12 / 20  time:  2025-03-30 20:16:20.26472 
Batch 13 / 20  time:  2025-03-30 20:20:32.346619 
Batch 14 / 20  time:  2025-03-30 20:24:45.332029 
Batch 15 / 20  time:  2025-03-30 20:28:58.049642 
Batch 16 / 20  time:  2025-03-30 20:33:11.93806 
Batch 17 / 20  time:  2025-03-30 20:37:25.035638 
Batch 18 / 20  time:  2025-03-30 20:41:38.556511 
Batch 19 / 20  time:  2025-03-30 20:45:50.853006 
Simulation 83 has concluded at: 2025-03-30 20:50:04.573366 
Simulation 84 has began at: 2025-03-30 20:50:04.592111 
Batch 0 / 20  time:  2025-03-30 20:50:04.594648 
Batch 1 / 20  time:  2025-03-30 20:54:17.670151 
Batch 2 / 20  time:  2025-03-30 20:58:30.530149 
Batch 3 / 20  time:  2025-03-30 21:02:46.338765 
Batch 4 / 20  time:  2025-03-30 21:06:59.764807 
Batch 5 / 20  time:  2025-03-30 21:11:12.312078 
Batch 6 / 20  time:  2025-03-30 21:15:24.705109 
Batch 7 / 20  time:  2025-03-30 21:19:36.917976 
Batch 8 / 20  time:  2025-03-30 21:23:49.898791 
Batch 9 / 20  time:  2025-03-30 21:28:04.140051 
Batch 10 / 20  time:  2025-03-30 21:32:17.80417 
Batch 11 / 20  time:  2025-03-30 21:36:32.059311 
Batch 12 / 20  time:  2025-03-30 21:40:44.628997 
Batch 13 / 20  time:  2025-03-30 21:45:05.886715 
Batch 14 / 20  time:  2025-03-30 21:49:19.120488 
Batch 15 / 20  time:  2025-03-30 21:53:31.089046 
Batch 16 / 20  time:  2025-03-30 21:57:43.520125 
Batch 17 / 20  time:  2025-03-30 22:01:56.463699 
Batch 18 / 20  time:  2025-03-30 22:06:10.498308 
Batch 19 / 20  time:  2025-03-30 22:10:23.017098 
Simulation 84 has concluded at: 2025-03-30 22:14:35.62634 
Simulation 85 has began at: 2025-03-30 22:14:35.641463 
Batch 0 / 20  time:  2025-03-30 22:14:35.644177 
Batch 1 / 20  time:  2025-03-30 22:18:47.97211 
Batch 2 / 20  time:  2025-03-30 22:23:01.071422 
Batch 3 / 20  time:  2025-03-30 22:27:13.222551 
Batch 4 / 20  time:  2025-03-30 22:31:26.180261 
Batch 5 / 20  time:  2025-03-30 22:35:39.413625 
Batch 6 / 20  time:  2025-03-30 22:39:54.100712 
Batch 7 / 20  time:  2025-03-30 22:44:06.758832 
Batch 8 / 20  time:  2025-03-30 22:48:18.891678 
Batch 9 / 20  time:  2025-03-30 22:52:31.960518 
Batch 10 / 20  time:  2025-03-30 22:56:46.358676 
Batch 11 / 20  time:  2025-03-30 23:01:01.583661 
