Wed Apr 23 02:18:00 -05 2025: Cargando módulo python/3.6.0_miniconda-4.3.11_gcc-11.2.0
Wed Apr 23 02:18:00 -05 2025: activando venv abc4sfa
Wed Apr 23 02:18:00 -05 2025: Ejecutando Rscript abc4sfa/1_simulation_hn//jobs/main_id=s14.R
Simulation 1 has began at: 2025-04-23 02:16:34.838257 
Batch 0 / 20  time:  2025-04-23 02:16:34.840042 
Batch 1 / 20  time:  2025-04-23 02:20:18.368578 
Batch 2 / 20  time:  2025-04-23 02:24:00.778597 
Batch 3 / 20  time:  2025-04-23 02:27:42.58516 
Batch 4 / 20  time:  2025-04-23 02:31:23.767518 
Batch 5 / 20  time:  2025-04-23 02:35:07.228853 
Batch 6 / 20  time:  2025-04-23 02:38:47.856117 
Batch 7 / 20  time:  2025-04-23 02:42:29.619021 
Batch 8 / 20  time:  2025-04-23 02:46:08.671437 
Batch 9 / 20  time:  2025-04-23 02:49:49.923105 
Batch 10 / 20  time:  2025-04-23 02:53:30.981301 
Batch 11 / 20  time:  2025-04-23 02:57:11.201438 
Batch 12 / 20  time:  2025-04-23 03:00:52.323184 
Batch 13 / 20  time:  2025-04-23 03:04:30.873086 
Batch 14 / 20  time:  2025-04-23 03:08:12.107486 
Batch 15 / 20  time:  2025-04-23 03:11:52.595484 
Batch 16 / 20  time:  2025-04-23 03:15:33.804526 
Batch 17 / 20  time:  2025-04-23 03:19:13.020399 
Batch 18 / 20  time:  2025-04-23 03:22:50.764938 
Batch 19 / 20  time:  2025-04-23 03:26:31.124672 
Simulation 1 has concluded at: 2025-04-23 03:30:10.498227 
Simulation 2 has began at: 2025-04-23 03:30:10.499812 
Batch 0 / 20  time:  2025-04-23 03:30:10.52678 
Batch 1 / 20  time:  2025-04-23 03:33:50.374055 
Batch 2 / 20  time:  2025-04-23 03:37:30.669309 
Batch 3 / 20  time:  2025-04-23 03:41:09.395867 
Batch 4 / 20  time:  2025-04-23 03:44:49.373412 
Batch 5 / 20  time:  2025-04-23 03:48:29.454053 
Batch 6 / 20  time:  2025-04-23 03:52:09.28202 
Batch 7 / 20  time:  2025-04-23 03:55:48.482403 
Batch 8 / 20  time:  2025-04-23 03:59:27.004238 
Batch 9 / 20  time:  2025-04-23 04:03:07.412901 
Batch 10 / 20  time:  2025-04-23 04:06:48.220581 
Batch 11 / 20  time:  2025-04-23 04:10:27.633368 
Batch 12 / 20  time:  2025-04-23 04:14:07.44054 
Batch 13 / 20  time:  2025-04-23 04:17:44.393919 
Batch 14 / 20  time:  2025-04-23 04:21:23.725634 
Batch 15 / 20  time:  2025-04-23 04:25:04.080066 
Batch 16 / 20  time:  2025-04-23 04:28:43.513252 
Batch 17 / 20  time:  2025-04-23 04:32:23.262296 
Batch 18 / 20  time:  2025-04-23 04:36:02.38625 
Batch 19 / 20  time:  2025-04-23 04:39:43.965227 
Simulation 2 has concluded at: 2025-04-23 04:43:23.038044 
Simulation 3 has began at: 2025-04-23 04:43:23.040169 
Batch 0 / 20  time:  2025-04-23 04:43:23.045445 
Batch 1 / 20  time:  2025-04-23 04:47:02.738577 
Batch 2 / 20  time:  2025-04-23 04:50:42.055975 
Batch 3 / 20  time:  2025-04-23 04:54:19.259411 
Batch 4 / 20  time:  2025-04-23 04:57:58.538107 
Batch 5 / 20  time:  2025-04-23 05:01:38.151294 
Batch 6 / 20  time:  2025-04-23 05:05:18.303253 
Batch 7 / 20  time:  2025-04-23 05:08:57.706903 
Batch 8 / 20  time:  2025-04-23 05:12:34.856364 
Batch 9 / 20  time:  2025-04-23 05:16:14.202574 
Batch 10 / 20  time:  2025-04-23 05:19:53.193886 
Batch 11 / 20  time:  2025-04-23 05:23:32.119287 
Batch 12 / 20  time:  2025-04-23 05:27:13.840739 
Batch 13 / 20  time:  2025-04-23 05:30:50.80187 
Batch 14 / 20  time:  2025-04-23 05:34:31.057512 
Batch 15 / 20  time:  2025-04-23 05:38:13.445347 
Batch 16 / 20  time:  2025-04-23 05:41:53.381989 
Batch 17 / 20  time:  2025-04-23 05:45:32.927218 
Batch 18 / 20  time:  2025-04-23 05:49:10.364711 
Batch 19 / 20  time:  2025-04-23 05:52:49.527859 
Simulation 3 has concluded at: 2025-04-23 05:56:28.635219 
Simulation 4 has began at: 2025-04-23 05:56:28.637304 
Batch 0 / 20  time:  2025-04-23 05:56:28.640939 
Batch 1 / 20  time:  2025-04-23 06:00:08.089504 
Batch 2 / 20  time:  2025-04-23 06:03:47.242814 
Batch 3 / 20  time:  2025-04-23 06:07:23.975755 
Batch 4 / 20  time:  2025-04-23 06:11:03.031059 
Batch 5 / 20  time:  2025-04-23 06:14:41.859184 
Batch 6 / 20  time:  2025-04-23 06:18:20.342555 
Batch 7 / 20  time:  2025-04-23 06:21:59.267317 
Batch 8 / 20  time:  2025-04-23 06:25:35.663272 
Batch 9 / 20  time:  2025-04-23 06:29:14.284085 
Batch 10 / 20  time:  2025-04-23 06:32:54.035322 
Batch 11 / 20  time:  2025-04-23 06:36:34.220131 
Batch 12 / 20  time:  2025-04-23 06:40:13.808399 
Batch 13 / 20  time:  2025-04-23 06:43:50.688949 
Batch 14 / 20  time:  2025-04-23 06:47:29.990008 
Batch 15 / 20  time:  2025-04-23 06:51:09.028044 
Batch 16 / 20  time:  2025-04-23 06:54:47.674652 
Batch 17 / 20  time:  2025-04-23 06:58:26.519739 
Batch 18 / 20  time:  2025-04-23 07:02:04.651514 
Batch 19 / 20  time:  2025-04-23 07:05:44.247244 
Simulation 4 has concluded at: 2025-04-23 07:09:22.931919 
Simulation 5 has began at: 2025-04-23 07:09:22.933775 
Batch 0 / 20  time:  2025-04-23 07:09:22.935822 
Batch 1 / 20  time:  2025-04-23 07:13:01.634321 
Batch 2 / 20  time:  2025-04-23 07:16:41.019979 
Batch 3 / 20  time:  2025-04-23 07:20:16.374972 
Batch 4 / 20  time:  2025-04-23 07:23:54.889818 
Batch 5 / 20  time:  2025-04-23 07:27:33.663396 
Batch 6 / 20  time:  2025-04-23 07:31:12.234202 
Batch 7 / 20  time:  2025-04-23 07:34:51.712852 
Batch 8 / 20  time:  2025-04-23 07:38:27.395479 
Batch 9 / 20  time:  2025-04-23 07:42:06.838066 
Batch 10 / 20  time:  2025-04-23 07:45:45.424672 
Batch 11 / 20  time:  2025-04-23 07:49:24.702524 
Batch 12 / 20  time:  2025-04-23 07:53:04.23377 
Batch 13 / 20  time:  2025-04-23 07:56:40.62848 
Batch 14 / 20  time:  2025-04-23 08:00:19.394693 
Batch 15 / 20  time:  2025-04-23 08:03:57.850539 
Batch 16 / 20  time:  2025-04-23 08:07:36.739012 
Batch 17 / 20  time:  2025-04-23 08:11:15.528171 
Batch 18 / 20  time:  2025-04-23 08:14:52.260328 
Batch 19 / 20  time:  2025-04-23 08:18:30.401325 
Simulation 5 has concluded at: 2025-04-23 08:22:09.24871 
Simulation 6 has began at: 2025-04-23 08:22:09.370451 
Batch 0 / 20  time:  2025-04-23 08:22:09.376146 
Batch 1 / 20  time:  2025-04-23 08:25:46.994545 
Batch 2 / 20  time:  2025-04-23 08:29:25.135166 
Batch 3 / 20  time:  2025-04-23 08:33:01.769952 
Batch 4 / 20  time:  2025-04-23 08:36:39.433583 
Batch 5 / 20  time:  2025-04-23 08:40:16.885748 
Batch 6 / 20  time:  2025-04-23 08:43:54.967067 
Batch 7 / 20  time:  2025-04-23 08:47:32.307965 
Batch 8 / 20  time:  2025-04-23 08:51:10.066448 
Batch 9 / 20  time:  2025-04-23 08:54:47.789236 
Batch 10 / 20  time:  2025-04-23 08:58:24.861975 
Batch 11 / 20  time:  2025-04-23 09:02:02.944389 
Batch 12 / 20  time:  2025-04-23 09:05:41.294496 
Batch 13 / 20  time:  2025-04-23 09:09:17.035774 
Batch 14 / 20  time:  2025-04-23 09:12:54.719236 
Batch 15 / 20  time:  2025-04-23 09:16:32.317888 
Batch 16 / 20  time:  2025-04-23 09:20:09.827029 
Batch 17 / 20  time:  2025-04-23 09:23:47.13516 
Batch 18 / 20  time:  2025-04-23 09:27:23.225379 
Batch 19 / 20  time:  2025-04-23 09:30:59.851311 
Simulation 6 has concluded at: 2025-04-23 09:34:37.251266 
Simulation 7 has began at: 2025-04-23 09:34:37.376038 
Batch 0 / 20  time:  2025-04-23 09:34:37.381128 
Batch 1 / 20  time:  2025-04-23 09:38:13.514676 
Batch 2 / 20  time:  2025-04-23 09:41:50.201966 
Batch 3 / 20  time:  2025-04-23 09:45:24.559694 
Batch 4 / 20  time:  2025-04-23 09:49:00.993374 
Batch 5 / 20  time:  2025-04-23 09:52:37.539114 
Batch 6 / 20  time:  2025-04-23 09:56:14.076544 
Batch 7 / 20  time:  2025-04-23 09:59:50.521249 
Batch 8 / 20  time:  2025-04-23 10:03:25.466868 
Batch 9 / 20  time:  2025-04-23 10:07:02.302262 
Batch 10 / 20  time:  2025-04-23 10:10:38.667186 
Batch 11 / 20  time:  2025-04-23 10:14:14.917374 
Batch 12 / 20  time:  2025-04-23 10:17:51.922816 
Batch 13 / 20  time:  2025-04-23 10:21:27.01115 
Batch 14 / 20  time:  2025-04-23 10:25:03.779777 
Batch 15 / 20  time:  2025-04-23 10:28:40.1604 
Batch 16 / 20  time:  2025-04-23 10:32:17.305108 
Batch 17 / 20  time:  2025-04-23 10:35:54.556735 
Batch 18 / 20  time:  2025-04-23 10:39:28.554577 
Batch 19 / 20  time:  2025-04-23 10:43:04.376813 
Simulation 7 has concluded at: 2025-04-23 10:46:41.007785 
Simulation 8 has began at: 2025-04-23 10:46:41.010228 
Batch 0 / 20  time:  2025-04-23 10:46:41.01345 
Batch 1 / 20  time:  2025-04-23 10:50:17.011453 
Batch 2 / 20  time:  2025-04-23 10:53:53.654584 
Batch 3 / 20  time:  2025-04-23 10:57:28.151123 
Batch 4 / 20  time:  2025-04-23 11:01:04.839161 
Batch 5 / 20  time:  2025-04-23 11:04:41.972452 
Batch 6 / 20  time:  2025-04-23 11:08:17.025646 
Batch 7 / 20  time:  2025-04-23 11:11:52.233067 
Batch 8 / 20  time:  2025-04-23 11:15:28.637204 
Batch 9 / 20  time:  2025-04-23 11:19:05.956331 
Batch 10 / 20  time:  2025-04-23 11:22:41.1553 
Batch 11 / 20  time:  2025-04-23 11:26:16.667492 
Batch 12 / 20  time:  2025-04-23 11:29:52.751585 
Batch 13 / 20  time:  2025-04-23 11:33:27.313142 
Batch 14 / 20  time:  2025-04-23 11:37:02.832 
Batch 15 / 20  time:  2025-04-23 11:40:37.120226 
Batch 16 / 20  time:  2025-04-23 11:44:12.042251 
Batch 17 / 20  time:  2025-04-23 11:47:47.499086 
Batch 18 / 20  time:  2025-04-23 11:51:21.231846 
Batch 19 / 20  time:  2025-04-23 11:54:56.331503 
Simulation 8 has concluded at: 2025-04-23 11:58:31.681169 
Simulation 9 has began at: 2025-04-23 11:58:31.691086 
Batch 0 / 20  time:  2025-04-23 11:58:31.695144 
Batch 1 / 20  time:  2025-04-23 12:02:07.501849 
Batch 2 / 20  time:  2025-04-23 12:05:42.70528 
Batch 3 / 20  time:  2025-04-23 12:09:16.065052 
Batch 4 / 20  time:  2025-04-23 12:12:51.372157 
Batch 5 / 20  time:  2025-04-23 12:16:26.747306 
Batch 6 / 20  time:  2025-04-23 12:20:00.778598 
Batch 7 / 20  time:  2025-04-23 12:23:36.13383 
Batch 8 / 20  time:  2025-04-23 12:27:09.394876 
Batch 9 / 20  time:  2025-04-23 12:30:44.583557 
Batch 10 / 20  time:  2025-04-23 12:34:20.33475 
Batch 11 / 20  time:  2025-04-23 12:37:56.206967 
Batch 12 / 20  time:  2025-04-23 12:41:30.405913 
Batch 13 / 20  time:  2025-04-23 12:45:03.531591 
Batch 14 / 20  time:  2025-04-23 12:48:38.518993 
Batch 15 / 20  time:  2025-04-23 12:52:12.869858 
Batch 16 / 20  time:  2025-04-23 12:55:47.316527 
Batch 17 / 20  time:  2025-04-23 12:59:22.751107 
Batch 18 / 20  time:  2025-04-23 13:02:59.596106 
Batch 19 / 20  time:  2025-04-23 13:06:35.151902 
Simulation 9 has concluded at: 2025-04-23 13:10:11.481551 
Simulation 10 has began at: 2025-04-23 13:10:11.484319 
Batch 0 / 20  time:  2025-04-23 13:10:11.486473 
Batch 1 / 20  time:  2025-04-23 13:13:47.641067 
Batch 2 / 20  time:  2025-04-23 13:17:23.169566 
Batch 3 / 20  time:  2025-04-23 13:20:55.738863 
Batch 4 / 20  time:  2025-04-23 13:24:30.598426 
Batch 5 / 20  time:  2025-04-23 13:28:05.360044 
Batch 6 / 20  time:  2025-04-23 13:31:40.393501 
Batch 7 / 20  time:  2025-04-23 13:35:16.46558 
Batch 8 / 20  time:  2025-04-23 13:38:49.506746 
Batch 9 / 20  time:  2025-04-23 13:42:24.772182 
Batch 10 / 20  time:  2025-04-23 13:46:00.1966 
Batch 11 / 20  time:  2025-04-23 13:49:34.975992 
Batch 12 / 20  time:  2025-04-23 13:53:09.650642 
Batch 13 / 20  time:  2025-04-23 13:56:42.531896 
Batch 14 / 20  time:  2025-04-23 14:00:16.641014 
Batch 15 / 20  time:  2025-04-23 14:03:51.537797 
Batch 16 / 20  time:  2025-04-23 14:07:26.616286 
Batch 17 / 20  time:  2025-04-23 14:11:01.783421 
Batch 18 / 20  time:  2025-04-23 14:14:37.223491 
Batch 19 / 20  time:  2025-04-23 14:18:11.927953 
Simulation 10 has concluded at: 2025-04-23 14:21:46.245248 
Simulation 11 has began at: 2025-04-23 14:21:46.27502 
Batch 0 / 20  time:  2025-04-23 14:21:46.280357 
Batch 1 / 20  time:  2025-04-23 14:25:19.927204 
Batch 2 / 20  time:  2025-04-23 14:28:55.146665 
Batch 3 / 20  time:  2025-04-23 14:32:30.053215 
Batch 4 / 20  time:  2025-04-23 14:36:04.48985 
Batch 5 / 20  time:  2025-04-23 14:39:39.045353 
Batch 6 / 20  time:  2025-04-23 14:43:13.168706 
Batch 7 / 20  time:  2025-04-23 14:46:46.649032 
Batch 8 / 20  time:  2025-04-23 14:50:18.700364 
Batch 9 / 20  time:  2025-04-23 14:53:53.552019 
Batch 10 / 20  time:  2025-04-23 14:57:26.436721 
Batch 11 / 20  time:  2025-04-23 15:00:59.996055 
Batch 12 / 20  time:  2025-04-23 15:04:33.923959 
Batch 13 / 20  time:  2025-04-23 15:08:06.3743 
Batch 14 / 20  time:  2025-04-23 15:11:40.125775 
Batch 15 / 20  time:  2025-04-23 15:15:13.660907 
Batch 16 / 20  time:  2025-04-23 15:18:47.517756 
Batch 17 / 20  time:  2025-04-23 15:22:21.334106 
Batch 18 / 20  time:  2025-04-23 15:25:54.029077 
Batch 19 / 20  time:  2025-04-23 15:29:28.813178 
Simulation 11 has concluded at: 2025-04-23 15:33:04.162426 
Simulation 12 has began at: 2025-04-23 15:33:04.165474 
Batch 0 / 20  time:  2025-04-23 15:33:04.17148 
Batch 1 / 20  time:  2025-04-23 15:36:38.33197 
Batch 2 / 20  time:  2025-04-23 15:40:11.29959 
Batch 3 / 20  time:  2025-04-23 15:43:45.956673 
Batch 4 / 20  time:  2025-04-23 15:47:25.722714 
Batch 5 / 20  time:  2025-04-23 15:51:00.221992 
Batch 6 / 20  time:  2025-04-23 15:54:33.262625 
Batch 7 / 20  time:  2025-04-23 15:58:08.259905 
Batch 8 / 20  time:  2025-04-23 16:01:39.593563 
Batch 9 / 20  time:  2025-04-23 16:05:12.258522 
Batch 10 / 20  time:  2025-04-23 16:08:45.244762 
Batch 11 / 20  time:  2025-04-23 16:12:17.621112 
Batch 12 / 20  time:  2025-04-23 16:15:52.280726 
Batch 13 / 20  time:  2025-04-23 16:19:24.021888 
Batch 14 / 20  time:  2025-04-23 16:22:56.990131 
Batch 15 / 20  time:  2025-04-23 16:26:29.373333 
Batch 16 / 20  time:  2025-04-23 16:30:04.067488 
Batch 17 / 20  time:  2025-04-23 16:33:36.893009 
Batch 18 / 20  time:  2025-04-23 16:37:09.177569 
Batch 19 / 20  time:  2025-04-23 16:40:41.773537 
Simulation 12 has concluded at: 2025-04-23 16:44:14.138829 
Simulation 13 has began at: 2025-04-23 16:44:14.149471 
Batch 0 / 20  time:  2025-04-23 16:44:14.15626 
Batch 1 / 20  time:  2025-04-23 16:47:47.390644 
Batch 2 / 20  time:  2025-04-23 16:51:19.952534 
Batch 3 / 20  time:  2025-04-23 16:54:51.857549 
Batch 4 / 20  time:  2025-04-23 16:58:25.357527 
Batch 5 / 20  time:  2025-04-23 17:01:58.866847 
Batch 6 / 20  time:  2025-04-23 17:05:33.206224 
Batch 7 / 20  time:  2025-04-23 17:09:05.540827 
Batch 8 / 20  time:  2025-04-23 17:12:43.608149 
Batch 9 / 20  time:  2025-04-23 17:16:21.676668 
Batch 10 / 20  time:  2025-04-23 17:19:59.8149 
Batch 11 / 20  time:  2025-04-23 17:23:32.801491 
Batch 12 / 20  time:  2025-04-23 17:27:05.957359 
Batch 13 / 20  time:  2025-04-23 17:30:38.080413 
Batch 14 / 20  time:  2025-04-23 17:34:10.91525 
Batch 15 / 20  time:  2025-04-23 17:37:43.779231 
Batch 16 / 20  time:  2025-04-23 17:41:16.454726 
Batch 17 / 20  time:  2025-04-23 17:44:49.208563 
Batch 18 / 20  time:  2025-04-23 17:48:21.450825 
Batch 19 / 20  time:  2025-04-23 17:51:54.456257 
Simulation 13 has concluded at: 2025-04-23 17:55:27.237153 
Simulation 14 has began at: 2025-04-23 17:55:27.336577 
Batch 0 / 20  time:  2025-04-23 17:55:27.343238 
Batch 1 / 20  time:  2025-04-23 17:59:00.585109 
Batch 2 / 20  time:  2025-04-23 18:02:33.827076 
Batch 3 / 20  time:  2025-04-23 18:06:06.398157 
Batch 4 / 20  time:  2025-04-23 18:09:38.979083 
Batch 5 / 20  time:  2025-04-23 18:13:12.636569 
Batch 6 / 20  time:  2025-04-23 18:16:45.513409 
Batch 7 / 20  time:  2025-04-23 18:20:17.621432 
Batch 8 / 20  time:  2025-04-23 18:23:50.352954 
Batch 9 / 20  time:  2025-04-23 18:27:23.851552 
Batch 10 / 20  time:  2025-04-23 18:30:56.801306 
Batch 11 / 20  time:  2025-04-23 18:34:29.943916 
Batch 12 / 20  time:  2025-04-23 18:38:03.392651 
Batch 13 / 20  time:  2025-04-23 18:41:33.774789 
Batch 14 / 20  time:  2025-04-23 18:45:06.438122 
Batch 15 / 20  time:  2025-04-23 18:48:39.273536 
Batch 16 / 20  time:  2025-04-23 18:52:12.223515 
Batch 17 / 20  time:  2025-04-23 18:55:45.601688 
Batch 18 / 20  time:  2025-04-23 18:59:17.921007 
Batch 19 / 20  time:  2025-04-23 19:02:51.366068 
Simulation 14 has concluded at: 2025-04-23 19:06:24.251367 
Simulation 15 has began at: 2025-04-23 19:06:24.255369 
Batch 0 / 20  time:  2025-04-23 19:06:24.259485 
Batch 1 / 20  time:  2025-04-23 19:09:57.978809 
Batch 2 / 20  time:  2025-04-23 19:13:30.463649 
Batch 3 / 20  time:  2025-04-23 19:17:01.940747 
Batch 4 / 20  time:  2025-04-23 19:20:34.211817 
Batch 5 / 20  time:  2025-04-23 19:24:06.991809 
Batch 6 / 20  time:  2025-04-23 19:27:40.292768 
Batch 7 / 20  time:  2025-04-23 19:31:13.300415 
Batch 8 / 20  time:  2025-04-23 19:34:45.308612 
Batch 9 / 20  time:  2025-04-23 19:38:18.161651 
Batch 10 / 20  time:  2025-04-23 19:41:51.017988 
Batch 11 / 20  time:  2025-04-23 19:45:24.158456 
Batch 12 / 20  time:  2025-04-23 19:48:56.627236 
Batch 13 / 20  time:  2025-04-23 19:52:28.28844 
Batch 14 / 20  time:  2025-04-23 19:56:01.140548 
Batch 15 / 20  time:  2025-04-23 19:59:34.334682 
Batch 16 / 20  time:  2025-04-23 20:03:06.324609 
Batch 17 / 20  time:  2025-04-23 20:06:39.529017 
Batch 18 / 20  time:  2025-04-23 20:10:12.014198 
Batch 19 / 20  time:  2025-04-23 20:13:44.932884 
Simulation 15 has concluded at: 2025-04-23 20:17:16.987113 
Simulation 16 has began at: 2025-04-23 20:17:16.990906 
Batch 0 / 20  time:  2025-04-23 20:17:16.993191 
Batch 1 / 20  time:  2025-04-23 20:20:49.95283 
Batch 2 / 20  time:  2025-04-23 20:24:22.935962 
Batch 3 / 20  time:  2025-04-23 20:27:54.098841 
Batch 4 / 20  time:  2025-04-23 20:31:27.375899 
Batch 5 / 20  time:  2025-04-23 20:35:00.258769 
Batch 6 / 20  time:  2025-04-23 20:38:33.547573 
Batch 7 / 20  time:  2025-04-23 20:42:05.778207 
Batch 8 / 20  time:  2025-04-23 20:45:38.02528 
Batch 9 / 20  time:  2025-04-23 20:49:09.968351 
Batch 10 / 20  time:  2025-04-23 20:52:42.868229 
Batch 11 / 20  time:  2025-04-23 20:56:15.435811 
Batch 12 / 20  time:  2025-04-23 20:59:48.47057 
Batch 13 / 20  time:  2025-04-23 21:03:21.315194 
Batch 14 / 20  time:  2025-04-23 21:06:54.215323 
Batch 15 / 20  time:  2025-04-23 21:10:27.315715 
Batch 16 / 20  time:  2025-04-23 21:13:59.908668 
Batch 17 / 20  time:  2025-04-23 21:17:33.434436 
Batch 18 / 20  time:  2025-04-23 21:21:05.063777 
Batch 19 / 20  time:  2025-04-23 21:24:36.730843 
Simulation 16 has concluded at: 2025-04-23 21:28:10.364913 
Simulation 17 has began at: 2025-04-23 21:28:10.369062 
Batch 0 / 20  time:  2025-04-23 21:28:10.370942 
Batch 1 / 20  time:  2025-04-23 21:31:43.34213 
Batch 2 / 20  time:  2025-04-23 21:35:17.061432 
Batch 3 / 20  time:  2025-04-23 21:38:48.905436 
Batch 4 / 20  time:  2025-04-23 21:42:21.933177 
Batch 5 / 20  time:  2025-04-23 21:45:54.378593 
Batch 6 / 20  time:  2025-04-23 21:49:27.194187 
Batch 7 / 20  time:  2025-04-23 21:52:59.351096 
Batch 8 / 20  time:  2025-04-23 21:56:31.331643 
Batch 9 / 20  time:  2025-04-23 22:00:03.208048 
Batch 10 / 20  time:  2025-04-23 22:03:35.461024 
Batch 11 / 20  time:  2025-04-23 22:07:08.381139 
Batch 12 / 20  time:  2025-04-23 22:10:41.002407 
Batch 13 / 20  time:  2025-04-23 22:14:12.277146 
Batch 14 / 20  time:  2025-04-23 22:17:45.08762 
Batch 15 / 20  time:  2025-04-23 22:21:17.669957 
Batch 16 / 20  time:  2025-04-23 22:24:49.907416 
Batch 17 / 20  time:  2025-04-23 22:28:20.931728 
Batch 18 / 20  time:  2025-04-23 22:31:51.695517 
Batch 19 / 20  time:  2025-04-23 22:35:24.503887 
Simulation 17 has concluded at: 2025-04-23 22:38:56.426955 
Simulation 18 has began at: 2025-04-23 22:38:56.430967 
Batch 0 / 20  time:  2025-04-23 22:38:56.432786 
Batch 1 / 20  time:  2025-04-23 22:42:28.588375 
Batch 2 / 20  time:  2025-04-23 22:46:00.579506 
Batch 3 / 20  time:  2025-04-23 22:49:32.077011 
Batch 4 / 20  time:  2025-04-23 22:53:04.631766 
Batch 5 / 20  time:  2025-04-23 22:56:37.323424 
Batch 6 / 20  time:  2025-04-23 23:00:10.450562 
Batch 7 / 20  time:  2025-04-23 23:03:43.327637 
Batch 8 / 20  time:  2025-04-23 23:07:15.396724 
Batch 9 / 20  time:  2025-04-23 23:10:47.464014 
Batch 10 / 20  time:  2025-04-23 23:14:20.145736 
Batch 11 / 20  time:  2025-04-23 23:17:52.166274 
Batch 12 / 20  time:  2025-04-23 23:21:24.070049 
Batch 13 / 20  time:  2025-04-23 23:24:55.894776 
Batch 14 / 20  time:  2025-04-23 23:28:28.937443 
Batch 15 / 20  time:  2025-04-23 23:32:01.254988 
Batch 16 / 20  time:  2025-04-23 23:35:34.820262 
Batch 17 / 20  time:  2025-04-23 23:39:07.517863 
Batch 18 / 20  time:  2025-04-23 23:42:38.958431 
Batch 19 / 20  time:  2025-04-23 23:46:11.649799 
Simulation 18 has concluded at: 2025-04-23 23:49:44.642617 
Simulation 19 has began at: 2025-04-23 23:49:44.646955 
Batch 0 / 20  time:  2025-04-23 23:49:44.648965 
Batch 1 / 20  time:  2025-04-23 23:53:22.334761 
Batch 2 / 20  time:  2025-04-23 23:56:54.627051 
Batch 3 / 20  time:  2025-04-24 00:00:26.938184 
