Wed Mar 19 18:59:16 -05 2025: Cargando módulo python/3.6.0_miniconda-4.3.11_gcc-11.2.0
Wed Mar 19 18:59:16 -05 2025: activando venv abc4sfa
Wed Mar 19 18:59:16 -05 2025: Ejecutando Rscript negacion_empirica/jobs/main_id=s13.R
Simulation 1 has began at: 2025-03-19 18:59:24.646757 
Batch 0 / 20  time:  2025-03-19 18:59:24.649641 
Batch 1 / 20  time:  2025-03-19 19:04:11.653141 
Batch 2 / 20  time:  2025-03-19 19:08:54.842973 
Batch 3 / 20  time:  2025-03-19 19:14:22.907937 
Batch 4 / 20  time:  2025-03-19 19:19:21.776785 
Batch 5 / 20  time:  2025-03-19 19:24:05.569482 
Batch 6 / 20  time:  2025-03-19 19:28:51.56848 
Batch 7 / 20  time:  2025-03-19 19:33:33.491835 
Batch 8 / 20  time:  2025-03-19 19:38:17.618331 
Batch 9 / 20  time:  2025-03-19 19:43:03.578032 
Batch 10 / 20  time:  2025-03-19 19:47:52.305632 
Batch 11 / 20  time:  2025-03-19 19:53:22.970324 
Batch 12 / 20  time:  2025-03-19 19:58:03.278538 
Batch 13 / 20  time:  2025-03-19 20:02:45.799029 
Batch 14 / 20  time:  2025-03-19 20:07:27.688652 
Batch 15 / 20  time:  2025-03-19 20:12:07.491624 
Batch 16 / 20  time:  2025-03-19 20:16:48.673858 
Batch 17 / 20  time:  2025-03-19 20:21:30.684762 
Batch 18 / 20  time:  2025-03-19 20:26:12.860312 
Batch 19 / 20  time:  2025-03-19 20:30:56.267362 
Simulation 1 has concluded at: 2025-03-19 20:35:39.557067 
Simulation 2 has began at: 2025-03-19 20:35:39.570246 
Batch 0 / 20  time:  2025-03-19 20:35:39.745552 
Batch 1 / 20  time:  2025-03-19 20:40:22.413316 
Batch 2 / 20  time:  2025-03-19 20:45:03.842534 
Batch 3 / 20  time:  2025-03-19 20:49:43.890432 
Batch 4 / 20  time:  2025-03-19 20:54:23.969405 
Batch 5 / 20  time:  2025-03-19 20:59:05.638057 
Batch 6 / 20  time:  2025-03-19 21:03:48.475448 
Batch 7 / 20  time:  2025-03-19 21:08:29.519893 
Batch 8 / 20  time:  2025-03-19 21:13:10.54006 
Batch 9 / 20  time:  2025-03-19 21:17:51.768748 
Batch 10 / 20  time:  2025-03-19 21:22:31.01017 
Batch 11 / 20  time:  2025-03-19 21:27:12.816113 
Batch 12 / 20  time:  2025-03-19 21:31:57.229989 
Batch 13 / 20  time:  2025-03-19 21:36:38.533511 
Batch 14 / 20  time:  2025-03-19 21:41:18.515066 
Batch 15 / 20  time:  2025-03-19 21:46:00.020487 
Batch 16 / 20  time:  2025-03-19 21:50:39.418054 
Batch 17 / 20  time:  2025-03-19 21:55:20.634875 
Batch 18 / 20  time:  2025-03-19 22:00:01.612244 
Batch 19 / 20  time:  2025-03-19 22:04:44.534013 
Simulation 2 has concluded at: 2025-03-19 22:09:25.964839 
Simulation 3 has began at: 2025-03-19 22:09:25.985846 
Batch 0 / 20  time:  2025-03-19 22:09:25.991091 
Batch 1 / 20  time:  2025-03-19 22:14:07.820179 
Batch 2 / 20  time:  2025-03-19 22:18:47.709279 
Batch 3 / 20  time:  2025-03-19 22:23:27.824902 
Batch 4 / 20  time:  2025-03-19 22:28:11.402978 
Batch 5 / 20  time:  2025-03-19 22:32:58.92541 
Batch 6 / 20  time:  2025-03-19 22:37:41.247576 
Batch 7 / 20  time:  2025-03-19 22:42:20.531133 
Batch 8 / 20  time:  2025-03-19 22:47:04.622592 
Batch 9 / 20  time:  2025-03-19 22:51:44.547906 
Batch 10 / 20  time:  2025-03-19 22:56:25.507411 
Batch 11 / 20  time:  2025-03-19 23:01:04.2033 
Batch 12 / 20  time:  2025-03-19 23:05:45.836058 
Batch 13 / 20  time:  2025-03-19 23:10:27.176621 
Batch 14 / 20  time:  2025-03-19 23:15:06.520299 
Batch 15 / 20  time:  2025-03-19 23:19:47.661548 
Batch 16 / 20  time:  2025-03-19 23:24:28.489547 
Batch 17 / 20  time:  2025-03-19 23:29:08.595884 
Batch 18 / 20  time:  2025-03-19 23:33:50.681926 
Batch 19 / 20  time:  2025-03-19 23:38:31.657151 
Simulation 3 has concluded at: 2025-03-19 23:43:10.352685 
Simulation 4 has began at: 2025-03-19 23:43:10.354902 
Batch 0 / 20  time:  2025-03-19 23:43:10.358824 
Batch 1 / 20  time:  2025-03-19 23:47:51.267324 
Batch 2 / 20  time:  2025-03-19 23:52:33.250431 
Batch 3 / 20  time:  2025-03-19 23:57:12.896409 
Batch 4 / 20  time:  2025-03-20 00:01:56.588407 
Batch 5 / 20  time:  2025-03-20 00:06:37.629026 
Batch 6 / 20  time:  2025-03-20 00:11:17.474897 
Batch 7 / 20  time:  2025-03-20 00:15:58.436798 
Batch 8 / 20  time:  2025-03-20 00:20:39.33081 
Batch 9 / 20  time:  2025-03-20 00:25:18.362791 
Batch 10 / 20  time:  2025-03-20 00:29:59.205934 
Batch 11 / 20  time:  2025-03-20 00:34:40.496906 
Batch 12 / 20  time:  2025-03-20 00:39:19.164474 
Batch 13 / 20  time:  2025-03-20 00:43:59.43703 
Batch 14 / 20  time:  2025-03-20 00:48:40.736209 
Batch 15 / 20  time:  2025-03-20 00:53:19.088207 
Batch 16 / 20  time:  2025-03-20 00:58:00.368002 
Batch 17 / 20  time:  2025-03-20 01:02:41.883847 
Batch 18 / 20  time:  2025-03-20 01:07:22.411949 
Batch 19 / 20  time:  2025-03-20 01:12:02.515316 
Simulation 4 has concluded at: 2025-03-20 01:16:43.600954 
Simulation 5 has began at: 2025-03-20 01:16:43.602997 
Batch 0 / 20  time:  2025-03-20 01:16:43.607854 
Batch 1 / 20  time:  2025-03-20 01:21:24.389441 
Batch 2 / 20  time:  2025-03-20 01:26:05.816245 
Batch 3 / 20  time:  2025-03-20 01:30:49.468627 
Batch 4 / 20  time:  2025-03-20 01:35:32.152746 
Batch 5 / 20  time:  2025-03-20 01:40:14.222643 
Batch 6 / 20  time:  2025-03-20 01:44:55.120419 
Batch 7 / 20  time:  2025-03-20 01:49:35.738827 
Batch 8 / 20  time:  2025-03-20 01:54:16.981345 
Batch 9 / 20  time:  2025-03-20 01:58:57.808284 
Batch 10 / 20  time:  2025-03-20 02:03:38.704773 
Batch 11 / 20  time:  2025-03-20 02:08:20.548335 
Batch 12 / 20  time:  2025-03-20 02:13:02.160797 
Batch 13 / 20  time:  2025-03-20 02:17:41.734613 
Batch 14 / 20  time:  2025-03-20 02:22:26.462966 
Batch 15 / 20  time:  2025-03-20 02:27:07.731817 
Batch 16 / 20  time:  2025-03-20 02:31:49.240356 
Batch 17 / 20  time:  2025-03-20 02:36:31.46514 
Batch 18 / 20  time:  2025-03-20 02:41:12.718453 
Batch 19 / 20  time:  2025-03-20 02:45:51.970573 
Simulation 5 has concluded at: 2025-03-20 02:50:32.303558 
Simulation 6 has began at: 2025-03-20 02:50:32.322312 
Batch 0 / 20  time:  2025-03-20 02:50:32.332814 
Batch 1 / 20  time:  2025-03-20 02:55:14.445446 
Batch 2 / 20  time:  2025-03-20 02:59:54.376272 
Batch 3 / 20  time:  2025-03-20 03:04:35.299253 
Batch 4 / 20  time:  2025-03-20 03:09:15.626663 
Batch 5 / 20  time:  2025-03-20 03:13:53.440861 
Batch 6 / 20  time:  2025-03-20 03:18:32.776128 
Batch 7 / 20  time:  2025-03-20 03:23:12.564186 
Batch 8 / 20  time:  2025-03-20 03:27:50.920314 
Batch 9 / 20  time:  2025-03-20 03:32:29.488713 
Batch 10 / 20  time:  2025-03-20 03:37:12.918262 
Batch 11 / 20  time:  2025-03-20 03:41:51.805431 
Batch 12 / 20  time:  2025-03-20 03:46:30.935998 
Batch 13 / 20  time:  2025-03-20 03:51:09.330234 
Batch 14 / 20  time:  2025-03-20 03:55:47.654953 
Batch 15 / 20  time:  2025-03-20 04:00:25.298773 
Batch 16 / 20  time:  2025-03-20 04:05:07.006299 
Batch 17 / 20  time:  2025-03-20 04:09:45.742393 
Batch 18 / 20  time:  2025-03-20 04:14:23.594205 
Batch 19 / 20  time:  2025-03-20 04:19:01.459048 
Simulation 6 has concluded at: 2025-03-20 04:23:39.330112 
Simulation 7 has began at: 2025-03-20 04:23:39.352045 
Batch 0 / 20  time:  2025-03-20 04:23:39.356772 
Batch 1 / 20  time:  2025-03-20 04:28:16.909 
Batch 2 / 20  time:  2025-03-20 04:32:56.164073 
Batch 3 / 20  time:  2025-03-20 04:37:37.864202 
Batch 4 / 20  time:  2025-03-20 04:42:17.357494 
Batch 5 / 20  time:  2025-03-20 04:46:56.820131 
Batch 6 / 20  time:  2025-03-20 04:51:34.967411 
Batch 7 / 20  time:  2025-03-20 04:56:16.159423 
Batch 8 / 20  time:  2025-03-20 05:00:54.552725 
Batch 9 / 20  time:  2025-03-20 05:05:34.669533 
Batch 10 / 20  time:  2025-03-20 05:10:13.346798 
Batch 11 / 20  time:  2025-03-20 05:14:52.159397 
Batch 12 / 20  time:  2025-03-20 05:19:34.594134 
Batch 13 / 20  time:  2025-03-20 05:24:13.094257 
Batch 14 / 20  time:  2025-03-20 05:28:51.332915 
Batch 15 / 20  time:  2025-03-20 05:33:28.615449 
Batch 16 / 20  time:  2025-03-20 05:38:07.221632 
Batch 17 / 20  time:  2025-03-20 05:42:45.290952 
Batch 18 / 20  time:  2025-03-20 05:47:23.887863 
Batch 19 / 20  time:  2025-03-20 05:52:02.477586 
Simulation 7 has concluded at: 2025-03-20 05:56:41.292593 
Simulation 8 has began at: 2025-03-20 05:56:41.310685 
Batch 0 / 20  time:  2025-03-20 05:56:41.318651 
Batch 1 / 20  time:  2025-03-20 06:01:19.98518 
Batch 2 / 20  time:  2025-03-20 06:06:01.9283 
Batch 3 / 20  time:  2025-03-20 06:10:40.759478 
Batch 4 / 20  time:  2025-03-20 06:15:18.597365 
Batch 5 / 20  time:  2025-03-20 06:19:57.895775 
Batch 6 / 20  time:  2025-03-20 06:24:36.69192 
Batch 7 / 20  time:  2025-03-20 06:29:13.966188 
Batch 8 / 20  time:  2025-03-20 06:33:54.148956 
Batch 9 / 20  time:  2025-03-20 06:38:34.159012 
Batch 10 / 20  time:  2025-03-20 06:43:12.539436 
Batch 11 / 20  time:  2025-03-20 06:47:53.061621 
Batch 12 / 20  time:  2025-03-20 06:52:32.419314 
Batch 13 / 20  time:  2025-03-20 06:57:11.053262 
Batch 14 / 20  time:  2025-03-20 07:01:51.925033 
Batch 15 / 20  time:  2025-03-20 07:06:32.340237 
Batch 16 / 20  time:  2025-03-20 07:11:10.950305 
Batch 17 / 20  time:  2025-03-20 07:15:50.636458 
Batch 18 / 20  time:  2025-03-20 07:20:29.806348 
Batch 19 / 20  time:  2025-03-20 07:25:07.872027 
Simulation 8 has concluded at: 2025-03-20 07:29:46.907871 
Simulation 9 has began at: 2025-03-20 07:29:46.91142 
Batch 0 / 20  time:  2025-03-20 07:29:46.914994 
Batch 1 / 20  time:  2025-03-20 07:34:32.162747 
Batch 2 / 20  time:  2025-03-20 07:39:12.895223 
Batch 3 / 20  time:  2025-03-20 07:43:57.303716 
Batch 4 / 20  time:  2025-03-20 07:48:35.252867 
Batch 5 / 20  time:  2025-03-20 07:53:12.502218 
Batch 6 / 20  time:  2025-03-20 07:57:49.076261 
Batch 7 / 20  time:  2025-03-20 08:02:27.489139 
Batch 8 / 20  time:  2025-03-20 08:07:05.610718 
Batch 9 / 20  time:  2025-03-20 08:11:43.909858 
Batch 10 / 20  time:  2025-03-20 08:16:22.68883 
Batch 11 / 20  time:  2025-03-20 08:20:58.7774 
Batch 12 / 20  time:  2025-03-20 08:25:35.956908 
Batch 13 / 20  time:  2025-03-20 08:30:13.595092 
Batch 14 / 20  time:  2025-03-20 08:34:52.172744 
Batch 15 / 20  time:  2025-03-20 08:39:35.250913 
Batch 16 / 20  time:  2025-03-20 08:44:13.380197 
Batch 17 / 20  time:  2025-03-20 08:48:50.246462 
Batch 18 / 20  time:  2025-03-20 08:53:28.528674 
Batch 19 / 20  time:  2025-03-20 08:58:09.432326 
Simulation 9 has concluded at: 2025-03-20 09:02:48.582787 
Simulation 10 has began at: 2025-03-20 09:02:48.585926 
Batch 0 / 20  time:  2025-03-20 09:02:48.589976 
Batch 1 / 20  time:  2025-03-20 09:07:27.152342 
Batch 2 / 20  time:  2025-03-20 09:12:08.221691 
Batch 3 / 20  time:  2025-03-20 09:16:45.86711 
Batch 4 / 20  time:  2025-03-20 09:21:25.947447 
Batch 5 / 20  time:  2025-03-20 09:26:06.085093 
Batch 6 / 20  time:  2025-03-20 09:30:45.48241 
Batch 7 / 20  time:  2025-03-20 09:35:24.693948 
Batch 8 / 20  time:  2025-03-20 09:40:04.163724 
Batch 9 / 20  time:  2025-03-20 09:44:41.172668 
Batch 10 / 20  time:  2025-03-20 09:49:22.608457 
Batch 11 / 20  time:  2025-03-20 09:54:02.693265 
Batch 12 / 20  time:  2025-03-20 09:58:39.334149 
Batch 13 / 20  time:  2025-03-20 10:03:17.610847 
Batch 14 / 20  time:  2025-03-20 10:07:56.3368 
Batch 15 / 20  time:  2025-03-20 10:12:34.163816 
Batch 16 / 20  time:  2025-03-20 10:17:11.703433 
Batch 17 / 20  time:  2025-03-20 10:21:52.169518 
Batch 18 / 20  time:  2025-03-20 10:26:31.967677 
Batch 19 / 20  time:  2025-03-20 10:31:09.574038 
Simulation 10 has concluded at: 2025-03-20 10:35:48.998742 
Simulation 11 has began at: 2025-03-20 10:35:49.002176 
Batch 0 / 20  time:  2025-03-20 10:35:49.005364 
Batch 1 / 20  time:  2025-03-20 10:40:27.427129 
Batch 2 / 20  time:  2025-03-20 10:45:04.739814 
Batch 3 / 20  time:  2025-03-20 10:49:47.235168 
Batch 4 / 20  time:  2025-03-20 10:54:22.390398 
Batch 5 / 20  time:  2025-03-20 10:58:58.784129 
Batch 6 / 20  time:  2025-03-20 11:03:36.789472 
Batch 7 / 20  time:  2025-03-20 11:08:13.269001 
Batch 8 / 20  time:  2025-03-20 11:12:52.475781 
Batch 9 / 20  time:  2025-03-20 11:17:28.893605 
Batch 10 / 20  time:  2025-03-20 11:22:03.662071 
Batch 11 / 20  time:  2025-03-20 11:26:40.114576 
Batch 12 / 20  time:  2025-03-20 11:31:21.74993 
Batch 13 / 20  time:  2025-03-20 11:35:59.153304 
Batch 14 / 20  time:  2025-03-20 11:40:38.396608 
Batch 15 / 20  time:  2025-03-20 11:45:15.078364 
Batch 16 / 20  time:  2025-03-20 11:49:51.809017 
Batch 17 / 20  time:  2025-03-20 11:54:27.89785 
Batch 18 / 20  time:  2025-03-20 11:59:04.897297 
Batch 19 / 20  time:  2025-03-20 12:03:45.503982 
Simulation 11 has concluded at: 2025-03-20 12:08:24.344857 
Simulation 12 has began at: 2025-03-20 12:08:24.348478 
Batch 0 / 20  time:  2025-03-20 12:08:24.351462 
Batch 1 / 20  time:  2025-03-20 12:13:00.798819 
Batch 2 / 20  time:  2025-03-20 12:17:38.411676 
Batch 3 / 20  time:  2025-03-20 12:22:14.526035 
Batch 4 / 20  time:  2025-03-20 12:26:50.134607 
Batch 5 / 20  time:  2025-03-20 12:31:25.533131 
Batch 6 / 20  time:  2025-03-20 12:36:02.527045 
Batch 7 / 20  time:  2025-03-20 12:40:40.354458 
Batch 8 / 20  time:  2025-03-20 12:45:21.374481 
Batch 9 / 20  time:  2025-03-20 12:49:59.323448 
Batch 10 / 20  time:  2025-03-20 12:54:41.408761 
Batch 11 / 20  time:  2025-03-20 12:59:18.366387 
Batch 12 / 20  time:  2025-03-20 13:03:56.176654 
Batch 13 / 20  time:  2025-03-20 13:08:35.06174 
Batch 14 / 20  time:  2025-03-20 13:13:11.731356 
Batch 15 / 20  time:  2025-03-20 13:17:47.104507 
Batch 16 / 20  time:  2025-03-20 13:22:24.422535 
Batch 17 / 20  time:  2025-03-20 13:27:02.172839 
Batch 18 / 20  time:  2025-03-20 13:31:41.769822 
Batch 19 / 20  time:  2025-03-20 13:36:20.529497 
Simulation 12 has concluded at: 2025-03-20 13:40:58.720202 
Simulation 13 has began at: 2025-03-20 13:40:58.724197 
Batch 0 / 20  time:  2025-03-20 13:40:58.727487 
Batch 1 / 20  time:  2025-03-20 13:45:33.18461 
Batch 2 / 20  time:  2025-03-20 13:50:11.006727 
Batch 3 / 20  time:  2025-03-20 13:54:47.108851 
Batch 4 / 20  time:  2025-03-20 13:59:23.278351 
Batch 5 / 20  time:  2025-03-20 14:04:01.354273 
Batch 6 / 20  time:  2025-03-20 14:08:38.824322 
Batch 7 / 20  time:  2025-03-20 14:13:14.852823 
Batch 8 / 20  time:  2025-03-20 14:17:52.756857 
Batch 9 / 20  time:  2025-03-20 14:22:30.319776 
Batch 10 / 20  time:  2025-03-20 14:27:08.048717 
Batch 11 / 20  time:  2025-03-20 14:31:47.549599 
Batch 12 / 20  time:  2025-03-20 14:36:23.342397 
Batch 13 / 20  time:  2025-03-20 14:40:59.159908 
Batch 14 / 20  time:  2025-03-20 14:45:35.249452 
Batch 15 / 20  time:  2025-03-20 14:50:12.316771 
Batch 16 / 20  time:  2025-03-20 14:54:49.056187 
Batch 17 / 20  time:  2025-03-20 14:59:26.63633 
Batch 18 / 20  time:  2025-03-20 15:04:08.203624 
Batch 19 / 20  time:  2025-03-20 15:08:51.505114 
Simulation 13 has concluded at: 2025-03-20 15:13:29.925753 
Simulation 14 has began at: 2025-03-20 15:13:29.929797 
Batch 0 / 20  time:  2025-03-20 15:13:29.932839 
Batch 1 / 20  time:  2025-03-20 15:18:06.082559 
Batch 2 / 20  time:  2025-03-20 15:22:45.971865 
Batch 3 / 20  time:  2025-03-20 15:27:24.353733 
Batch 4 / 20  time:  2025-03-20 15:32:05.329245 
Batch 5 / 20  time:  2025-03-20 15:36:46.483916 
Batch 6 / 20  time:  2025-03-20 15:41:22.847094 
Batch 7 / 20  time:  2025-03-20 15:46:00.857795 
Batch 8 / 20  time:  2025-03-20 15:50:45.012777 
Batch 9 / 20  time:  2025-03-20 15:55:23.192364 
Batch 10 / 20  time:  2025-03-20 16:00:01.224378 
Batch 11 / 20  time:  2025-03-20 16:04:37.97225 
Batch 12 / 20  time:  2025-03-20 16:09:14.959211 
Batch 13 / 20  time:  2025-03-20 16:13:50.65466 
Batch 14 / 20  time:  2025-03-20 16:18:27.838619 
Batch 15 / 20  time:  2025-03-20 16:23:04.703541 
Batch 16 / 20  time:  2025-03-20 16:27:41.253201 
Batch 17 / 20  time:  2025-03-20 16:32:17.929248 
Batch 18 / 20  time:  2025-03-20 16:36:56.572048 
Batch 19 / 20  time:  2025-03-20 16:41:37.462526 
Simulation 14 has concluded at: 2025-03-20 16:46:16.506855 
Simulation 15 has began at: 2025-03-20 16:46:16.51096 
Batch 0 / 20  time:  2025-03-20 16:46:16.514063 
Batch 1 / 20  time:  2025-03-20 16:50:55.437645 
Batch 2 / 20  time:  2025-03-20 16:55:34.280163 
Batch 3 / 20  time:  2025-03-20 17:00:12.63158 
Batch 4 / 20  time:  2025-03-20 17:04:53.268234 
Batch 5 / 20  time:  2025-03-20 17:09:32.307516 
Batch 6 / 20  time:  2025-03-20 17:14:10.288331 
Batch 7 / 20  time:  2025-03-20 17:18:47.837406 
Batch 8 / 20  time:  2025-03-20 17:23:24.540738 
Batch 9 / 20  time:  2025-03-20 17:28:02.180124 
Batch 10 / 20  time:  2025-03-20 17:32:39.810648 
Batch 11 / 20  time:  2025-03-20 17:37:17.05111 
Batch 12 / 20  time:  2025-03-20 17:41:54.775371 
Batch 13 / 20  time:  2025-03-20 17:46:33.320821 
Batch 14 / 20  time:  2025-03-20 17:51:08.706728 
Batch 15 / 20  time:  2025-03-20 17:55:45.849308 
Batch 16 / 20  time:  2025-03-20 18:00:25.566353 
Batch 17 / 20  time:  2025-03-20 18:05:05.007427 
Batch 18 / 20  time:  2025-03-20 18:09:46.207739 
Batch 19 / 20  time:  2025-03-20 18:14:30.937651 
Simulation 15 has concluded at: 2025-03-20 18:19:10.531047 
Simulation 16 has began at: 2025-03-20 18:19:10.535472 
Batch 0 / 20  time:  2025-03-20 18:19:10.538415 
Batch 1 / 20  time:  2025-03-20 18:23:48.760726 
Batch 2 / 20  time:  2025-03-20 18:28:27.178396 
Batch 3 / 20  time:  2025-03-20 18:33:03.526248 
Batch 4 / 20  time:  2025-03-20 18:37:41.266257 
Batch 5 / 20  time:  2025-03-20 18:42:18.064512 
Batch 6 / 20  time:  2025-03-20 18:46:53.721992 
Batch 7 / 20  time:  2025-03-20 18:51:31.340107 
Batch 8 / 20  time:  2025-03-20 18:56:10.023457 
Batch 9 / 20  time:  2025-03-20 19:00:48.957706 
Batch 10 / 20  time:  2025-03-20 19:05:28.131398 
Batch 11 / 20  time:  2025-03-20 19:10:04.831134 
Batch 12 / 20  time:  2025-03-20 19:14:39.083352 
Batch 13 / 20  time:  2025-03-20 19:19:14.128607 
Batch 14 / 20  time:  2025-03-20 19:23:51.930543 
Batch 15 / 20  time:  2025-03-20 19:28:35.383109 
Batch 16 / 20  time:  2025-03-20 19:33:18.736341 
Batch 17 / 20  time:  2025-03-20 19:37:58.326079 
Batch 18 / 20  time:  2025-03-20 19:42:37.486275 
Batch 19 / 20  time:  2025-03-20 19:47:16.082535 
Simulation 16 has concluded at: 2025-03-20 19:51:56.66268 
Simulation 17 has began at: 2025-03-20 19:51:56.705537 
Batch 0 / 20  time:  2025-03-20 19:51:56.708971 
Batch 1 / 20  time:  2025-03-20 19:56:35.273107 
Batch 2 / 20  time:  2025-03-20 20:01:16.001104 
Batch 3 / 20  time:  2025-03-20 20:05:54.711635 
Batch 4 / 20  time:  2025-03-20 20:10:32.859607 
Batch 5 / 20  time:  2025-03-20 20:15:12.951583 
Batch 6 / 20  time:  2025-03-20 20:19:51.977412 
Batch 7 / 20  time:  2025-03-20 20:24:28.889412 
Batch 8 / 20  time:  2025-03-20 20:29:07.196287 
Batch 9 / 20  time:  2025-03-20 20:33:49.545951 
Batch 10 / 20  time:  2025-03-20 20:38:28.794083 
Batch 11 / 20  time:  2025-03-20 20:43:07.979691 
Batch 12 / 20  time:  2025-03-20 20:47:47.03281 
Batch 13 / 20  time:  2025-03-20 20:52:28.443052 
Batch 14 / 20  time:  2025-03-20 20:57:06.616658 
Batch 15 / 20  time:  2025-03-20 21:01:46.38386 
Batch 16 / 20  time:  2025-03-20 21:06:26.539868 
Batch 17 / 20  time:  2025-03-20 21:11:04.654729 
Batch 18 / 20  time:  2025-03-20 21:15:44.011387 
Batch 19 / 20  time:  2025-03-20 21:20:23.032024 
Simulation 17 has concluded at: 2025-03-20 21:25:03.714393 
Simulation 18 has began at: 2025-03-20 21:25:03.719178 
Batch 0 / 20  time:  2025-03-20 21:25:03.72247 
Batch 1 / 20  time:  2025-03-20 21:29:42.075605 
Batch 2 / 20  time:  2025-03-20 21:34:21.615959 
Batch 3 / 20  time:  2025-03-20 21:39:00.486446 
Batch 4 / 20  time:  2025-03-20 21:43:38.167199 
Batch 5 / 20  time:  2025-03-20 21:48:16.569947 
Batch 6 / 20  time:  2025-03-20 21:52:55.665253 
Batch 7 / 20  time:  2025-03-20 21:57:34.225793 
Batch 8 / 20  time:  2025-03-20 22:02:15.725893 
Batch 9 / 20  time:  2025-03-20 22:06:55.667758 
Batch 10 / 20  time:  2025-03-20 22:11:34.92145 
Batch 11 / 20  time:  2025-03-20 22:16:14.377734 
Batch 12 / 20  time:  2025-03-20 22:20:55.341741 
Batch 13 / 20  time:  2025-03-20 22:25:35.348333 
Batch 14 / 20  time:  2025-03-20 22:30:14.658374 
Batch 15 / 20  time:  2025-03-20 22:34:56.701842 
Batch 16 / 20  time:  2025-03-20 22:39:35.4592 
Batch 17 / 20  time:  2025-03-20 22:44:13.992354 
Batch 18 / 20  time:  2025-03-20 22:48:52.560726 
Batch 19 / 20  time:  2025-03-20 22:53:33.23143 
Simulation 18 has concluded at: 2025-03-20 22:58:12.616866 
Simulation 19 has began at: 2025-03-20 22:58:12.622043 
Batch 0 / 20  time:  2025-03-20 22:58:12.625077 
Batch 1 / 20  time:  2025-03-20 23:02:50.698713 
Batch 2 / 20  time:  2025-03-20 23:07:30.387978 
Batch 3 / 20  time:  2025-03-20 23:12:09.059094 
Batch 4 / 20  time:  2025-03-20 23:16:47.243501 
Batch 5 / 20  time:  2025-03-20 23:21:26.505487 
Batch 6 / 20  time:  2025-03-20 23:26:03.787498 
Batch 7 / 20  time:  2025-03-20 23:30:41.870393 
Batch 8 / 20  time:  2025-03-20 23:35:22.24981 
Batch 9 / 20  time:  2025-03-20 23:39:59.493648 
Batch 10 / 20  time:  2025-03-20 23:44:39.408828 
Batch 11 / 20  time:  2025-03-20 23:49:19.154843 
Batch 12 / 20  time:  2025-03-20 23:53:58.323109 
Batch 13 / 20  time:  2025-03-20 23:58:36.886441 
Batch 14 / 20  time:  2025-03-21 00:03:17.482123 
Batch 15 / 20  time:  2025-03-21 00:07:58.407058 
Batch 16 / 20  time:  2025-03-21 00:12:37.94446 
Batch 17 / 20  time:  2025-03-21 00:17:16.766085 
Batch 18 / 20  time:  2025-03-21 00:21:53.832485 
Batch 19 / 20  time:  2025-03-21 00:26:31.05094 
Simulation 19 has concluded at: 2025-03-21 00:31:10.00619 
Simulation 20 has began at: 2025-03-21 00:31:10.011267 
Batch 0 / 20  time:  2025-03-21 00:31:10.014294 
Batch 1 / 20  time:  2025-03-21 00:35:51.028845 
Batch 2 / 20  time:  2025-03-21 00:40:30.638189 
Batch 3 / 20  time:  2025-03-21 00:45:11.030121 
Batch 4 / 20  time:  2025-03-21 00:49:49.899307 
Batch 5 / 20  time:  2025-03-21 00:54:29.183009 
Batch 6 / 20  time:  2025-03-21 00:59:10.246087 
Batch 7 / 20  time:  2025-03-21 01:03:47.637036 
Batch 8 / 20  time:  2025-03-21 01:08:27.270623 
Batch 9 / 20  time:  2025-03-21 01:13:08.406164 
Batch 10 / 20  time:  2025-03-21 01:17:46.260386 
Batch 11 / 20  time:  2025-03-21 01:22:23.85721 
Batch 12 / 20  time:  2025-03-21 01:27:02.122867 
Batch 13 / 20  time:  2025-03-21 01:31:42.956491 
Batch 14 / 20  time:  2025-03-21 01:36:22.29523 
Batch 15 / 20  time:  2025-03-21 01:41:00.378217 
Batch 16 / 20  time:  2025-03-21 01:45:37.248449 
Batch 17 / 20  time:  2025-03-21 01:50:15.273481 
Batch 18 / 20  time:  2025-03-21 01:54:58.07003 
Batch 19 / 20  time:  2025-03-21 01:59:35.365213 
Simulation 20 has concluded at: 2025-03-21 02:04:14.846059 
Simulation 21 has began at: 2025-03-21 02:04:14.852088 
Batch 0 / 20  time:  2025-03-21 02:04:14.855417 
Batch 1 / 20  time:  2025-03-21 02:08:51.699075 
Batch 2 / 20  time:  2025-03-21 02:13:33.130083 
Batch 3 / 20  time:  2025-03-21 02:18:11.58411 
Batch 4 / 20  time:  2025-03-21 02:22:49.920125 
Batch 5 / 20  time:  2025-03-21 02:27:28.158529 
Batch 6 / 20  time:  2025-03-21 02:32:06.990988 
Batch 7 / 20  time:  2025-03-21 02:36:47.019773 
Batch 8 / 20  time:  2025-03-21 02:41:22.308976 
Batch 9 / 20  time:  2025-03-21 02:45:58.63697 
Batch 10 / 20  time:  2025-03-21 02:50:35.662282 
Batch 11 / 20  time:  2025-03-21 02:55:12.366225 
Batch 12 / 20  time:  2025-03-21 02:59:49.348668 
Batch 13 / 20  time:  2025-03-21 03:04:29.881035 
Batch 14 / 20  time:  2025-03-21 03:09:09.6835 
Batch 15 / 20  time:  2025-03-21 03:13:46.944643 
Batch 16 / 20  time:  2025-03-21 03:18:24.357033 
Batch 17 / 20  time:  2025-03-21 03:23:02.176743 
Batch 18 / 20  time:  2025-03-21 03:27:37.133371 
Batch 19 / 20  time:  2025-03-21 03:32:13.287336 
Simulation 21 has concluded at: 2025-03-21 03:36:50.9986 
Simulation 22 has began at: 2025-03-21 03:36:51.00429 
Batch 0 / 20  time:  2025-03-21 03:36:51.007596 
Batch 1 / 20  time:  2025-03-21 03:41:28.520641 
Batch 2 / 20  time:  2025-03-21 03:46:04.990988 
Batch 3 / 20  time:  2025-03-21 03:50:41.392265 
Batch 4 / 20  time:  2025-03-21 03:55:16.998944 
Batch 5 / 20  time:  2025-03-21 03:59:56.166898 
Batch 6 / 20  time:  2025-03-21 04:04:35.554483 
Batch 7 / 20  time:  2025-03-21 04:09:15.691801 
Batch 8 / 20  time:  2025-03-21 04:13:51.741412 
Batch 9 / 20  time:  2025-03-21 04:18:30.196948 
Batch 10 / 20  time:  2025-03-21 04:23:08.719125 
Batch 11 / 20  time:  2025-03-21 04:27:46.393007 
Batch 12 / 20  time:  2025-03-21 04:32:22.546617 
Batch 13 / 20  time:  2025-03-21 04:36:59.679147 
Batch 14 / 20  time:  2025-03-21 04:41:37.240858 
Batch 15 / 20  time:  2025-03-21 04:46:14.252662 
Batch 16 / 20  time:  2025-03-21 04:50:51.774624 
Batch 17 / 20  time:  2025-03-21 04:55:29.200109 
Batch 18 / 20  time:  2025-03-21 05:00:07.082825 
Batch 19 / 20  time:  2025-03-21 05:04:44.367358 
Simulation 22 has concluded at: 2025-03-21 05:09:23.818672 
Simulation 23 has began at: 2025-03-21 05:09:23.825186 
Batch 0 / 20  time:  2025-03-21 05:09:23.828226 
Batch 1 / 20  time:  2025-03-21 05:14:00.859012 
Batch 2 / 20  time:  2025-03-21 05:18:42.112684 
Batch 3 / 20  time:  2025-03-21 05:23:20.115721 
Batch 4 / 20  time:  2025-03-21 05:27:55.850876 
Batch 5 / 20  time:  2025-03-21 05:32:31.72326 
Batch 6 / 20  time:  2025-03-21 05:37:10.254447 
Batch 7 / 20  time:  2025-03-21 05:41:47.394425 
Batch 8 / 20  time:  2025-03-21 05:46:23.377609 
Batch 9 / 20  time:  2025-03-21 05:51:00.141378 
Batch 10 / 20  time:  2025-03-21 05:55:38.201979 
Batch 11 / 20  time:  2025-03-21 06:00:13.11884 
Batch 12 / 20  time:  2025-03-21 06:04:49.792272 
Batch 13 / 20  time:  2025-03-21 06:09:26.063277 
Batch 14 / 20  time:  2025-03-21 06:14:03.578347 
Batch 15 / 20  time:  2025-03-21 06:18:41.059123 
Batch 16 / 20  time:  2025-03-21 06:23:20.06351 
Batch 17 / 20  time:  2025-03-21 06:27:58.970689 
Batch 18 / 20  time:  2025-03-21 06:32:34.838042 
Batch 19 / 20  time:  2025-03-21 06:37:11.057266 
Simulation 23 has concluded at: 2025-03-21 06:41:49.816814 
Simulation 24 has began at: 2025-03-21 06:41:49.823152 
Batch 0 / 20  time:  2025-03-21 06:41:49.826189 
Batch 1 / 20  time:  2025-03-21 06:46:30.342349 
Batch 2 / 20  time:  2025-03-21 06:51:12.64749 
Batch 3 / 20  time:  2025-03-21 06:55:48.358589 
Batch 4 / 20  time:  2025-03-21 07:00:23.810267 
Batch 5 / 20  time:  2025-03-21 07:05:01.159775 
Batch 6 / 20  time:  2025-03-21 07:09:39.592057 
Batch 7 / 20  time:  2025-03-21 07:14:15.877445 
Batch 8 / 20  time:  2025-03-21 07:18:51.96941 
Batch 9 / 20  time:  2025-03-21 07:23:26.595411 
Batch 10 / 20  time:  2025-03-21 07:28:02.049502 
Batch 11 / 20  time:  2025-03-21 07:32:39.204595 
Batch 12 / 20  time:  2025-03-21 07:37:16.302772 
Batch 13 / 20  time:  2025-03-21 07:41:51.858877 
Batch 14 / 20  time:  2025-03-21 07:46:27.912811 
Batch 15 / 20  time:  2025-03-21 07:51:04.793786 
Batch 16 / 20  time:  2025-03-21 07:55:39.782454 
Batch 17 / 20  time:  2025-03-21 08:00:15.72211 
Batch 18 / 20  time:  2025-03-21 08:04:53.853903 
Batch 19 / 20  time:  2025-03-21 08:09:29.904497 
Simulation 24 has concluded at: 2025-03-21 08:14:05.892347 
Simulation 25 has began at: 2025-03-21 08:14:05.947374 
Batch 0 / 20  time:  2025-03-21 08:14:05.950479 
Batch 1 / 20  time:  2025-03-21 08:18:41.403679 
Batch 2 / 20  time:  2025-03-21 08:23:18.13324 
Batch 3 / 20  time:  2025-03-21 08:27:53.95277 
Batch 4 / 20  time:  2025-03-21 08:32:30.404084 
Batch 5 / 20  time:  2025-03-21 08:37:06.879416 
Batch 6 / 20  time:  2025-03-21 08:41:42.455495 
Batch 7 / 20  time:  2025-03-21 08:46:17.081713 
Batch 8 / 20  time:  2025-03-21 08:50:51.736301 
Batch 9 / 20  time:  2025-03-21 08:55:27.503179 
Batch 10 / 20  time:  2025-03-21 09:00:03.890412 
Batch 11 / 20  time:  2025-03-21 09:04:44.253747 
Batch 12 / 20  time:  2025-03-21 09:09:20.368092 
Batch 13 / 20  time:  2025-03-21 09:13:55.900361 
Batch 14 / 20  time:  2025-03-21 09:18:29.703104 
Batch 15 / 20  time:  2025-03-21 09:23:04.379983 
Batch 16 / 20  time:  2025-03-21 09:27:39.635975 
Batch 17 / 20  time:  2025-03-21 09:32:15.64758 
Batch 18 / 20  time:  2025-03-21 09:36:52.543767 
Batch 19 / 20  time:  2025-03-21 09:41:27.807584 
Simulation 25 has concluded at: 2025-03-21 09:46:03.027268 
Simulation 26 has began at: 2025-03-21 09:46:03.0337 
Batch 0 / 20  time:  2025-03-21 09:46:03.036728 
Batch 1 / 20  time:  2025-03-21 09:50:39.257724 
Batch 2 / 20  time:  2025-03-21 09:55:19.657588 
Batch 3 / 20  time:  2025-03-21 09:59:59.066489 
Batch 4 / 20  time:  2025-03-21 10:04:35.936275 
Batch 5 / 20  time:  2025-03-21 10:09:16.584257 
Batch 6 / 20  time:  2025-03-21 10:13:53.598685 
Batch 7 / 20  time:  2025-03-21 10:18:28.590782 
Batch 8 / 20  time:  2025-03-21 10:23:04.197558 
Batch 9 / 20  time:  2025-03-21 10:27:39.471613 
Batch 10 / 20  time:  2025-03-21 10:32:15.89074 
Batch 11 / 20  time:  2025-03-21 10:36:52.165613 
Batch 12 / 20  time:  2025-03-21 10:41:27.018692 
Batch 13 / 20  time:  2025-03-21 10:46:04.130989 
Batch 14 / 20  time:  2025-03-21 10:50:40.277761 
Batch 15 / 20  time:  2025-03-21 10:55:15.274041 
Batch 16 / 20  time:  2025-03-21 10:59:50.821946 
Batch 17 / 20  time:  2025-03-21 11:04:26.711956 
Batch 18 / 20  time:  2025-03-21 11:09:02.012631 
Batch 19 / 20  time:  2025-03-21 11:13:37.80884 
Simulation 26 has concluded at: 2025-03-21 11:18:14.014249 
Simulation 27 has began at: 2025-03-21 11:18:14.021027 
Batch 0 / 20  time:  2025-03-21 11:18:14.024245 
Batch 1 / 20  time:  2025-03-21 11:22:48.41912 
Batch 2 / 20  time:  2025-03-21 11:27:24.508561 
Batch 3 / 20  time:  2025-03-21 11:31:59.989556 
Batch 4 / 20  time:  2025-03-21 11:36:35.499744 
Batch 5 / 20  time:  2025-03-21 11:41:11.074529 
Batch 6 / 20  time:  2025-03-21 11:45:47.078219 
Batch 7 / 20  time:  2025-03-21 11:50:21.39984 
Batch 8 / 20  time:  2025-03-21 11:54:56.353379 
Batch 9 / 20  time:  2025-03-21 11:59:31.754779 
Batch 10 / 20  time:  2025-03-21 12:04:07.7434 
Batch 11 / 20  time:  2025-03-21 12:08:43.003832 
Batch 12 / 20  time:  2025-03-21 12:13:18.112661 
Batch 13 / 20  time:  2025-03-21 12:17:53.719964 
Batch 14 / 20  time:  2025-03-21 12:22:29.017038 
Batch 15 / 20  time:  2025-03-21 12:27:03.731317 
Batch 16 / 20  time:  2025-03-21 12:31:38.398654 
Batch 17 / 20  time:  2025-03-21 12:36:18.378834 
Batch 18 / 20  time:  2025-03-21 12:40:53.886887 
Batch 19 / 20  time:  2025-03-21 12:45:28.181678 
Simulation 27 has concluded at: 2025-03-21 12:50:04.098853 
Simulation 28 has began at: 2025-03-21 12:50:04.105933 
Batch 0 / 20  time:  2025-03-21 12:50:04.108903 
Batch 1 / 20  time:  2025-03-21 12:54:39.365708 
Batch 2 / 20  time:  2025-03-21 12:59:19.562702 
Batch 3 / 20  time:  2025-03-21 13:03:55.501751 
Batch 4 / 20  time:  2025-03-21 13:08:31.560817 
Batch 5 / 20  time:  2025-03-21 13:13:06.124304 
Batch 6 / 20  time:  2025-03-21 13:17:42.947187 
Batch 7 / 20  time:  2025-03-21 13:22:18.335503 
Batch 8 / 20  time:  2025-03-21 13:26:52.175685 
Batch 9 / 20  time:  2025-03-21 13:31:27.633323 
Batch 10 / 20  time:  2025-03-21 13:36:03.563983 
Batch 11 / 20  time:  2025-03-21 13:40:39.231293 
Batch 12 / 20  time:  2025-03-21 13:45:14.034783 
Batch 13 / 20  time:  2025-03-21 13:49:50.214491 
Batch 14 / 20  time:  2025-03-21 13:54:24.168053 
Batch 15 / 20  time:  2025-03-21 13:58:59.835648 
Batch 16 / 20  time:  2025-03-21 14:03:35.508196 
Batch 17 / 20  time:  2025-03-21 14:08:12.275975 
Batch 18 / 20  time:  2025-03-21 14:12:47.56826 
Batch 19 / 20  time:  2025-03-21 14:17:24.525424 
Simulation 28 has concluded at: 2025-03-21 14:22:01.020416 
Simulation 29 has began at: 2025-03-21 14:22:01.027257 
Batch 0 / 20  time:  2025-03-21 14:22:01.030151 
Batch 1 / 20  time:  2025-03-21 14:26:35.258984 
Batch 2 / 20  time:  2025-03-21 14:31:11.141413 
Batch 3 / 20  time:  2025-03-21 14:35:46.780189 
Batch 4 / 20  time:  2025-03-21 14:40:23.471411 
Batch 5 / 20  time:  2025-03-21 14:45:00.606923 
Batch 6 / 20  time:  2025-03-21 14:49:36.55291 
Batch 7 / 20  time:  2025-03-21 14:54:11.721076 
Batch 8 / 20  time:  2025-03-21 14:58:47.686192 
Batch 9 / 20  time:  2025-03-21 15:03:23.379715 
Batch 10 / 20  time:  2025-03-21 15:07:59.23915 
Batch 11 / 20  time:  2025-03-21 15:12:33.389342 
Batch 12 / 20  time:  2025-03-21 15:17:09.268504 
Batch 13 / 20  time:  2025-03-21 15:21:43.371606 
Batch 14 / 20  time:  2025-03-21 15:26:19.098619 
Batch 15 / 20  time:  2025-03-21 15:30:52.383161 
Batch 16 / 20  time:  2025-03-21 15:35:30.589894 
Batch 17 / 20  time:  2025-03-21 15:40:07.423934 
Batch 18 / 20  time:  2025-03-21 15:44:43.041345 
Batch 19 / 20  time:  2025-03-21 15:49:19.914114 
Simulation 29 has concluded at: 2025-03-21 15:53:56.074234 
Simulation 30 has began at: 2025-03-21 15:53:56.081055 
Batch 0 / 20  time:  2025-03-21 15:53:56.0841 
Batch 1 / 20  time:  2025-03-21 15:58:31.347145 
Batch 2 / 20  time:  2025-03-21 16:03:08.664054 
Batch 3 / 20  time:  2025-03-21 16:07:44.895658 
Batch 4 / 20  time:  2025-03-21 16:12:20.623423 
Batch 5 / 20  time:  2025-03-21 16:16:56.9845 
Batch 6 / 20  time:  2025-03-21 16:21:33.985551 
Batch 7 / 20  time:  2025-03-21 16:26:09.092991 
Batch 8 / 20  time:  2025-03-21 16:30:46.468768 
Batch 9 / 20  time:  2025-03-21 16:35:23.060857 
Batch 10 / 20  time:  2025-03-21 16:39:59.186713 
Batch 11 / 20  time:  2025-03-21 16:44:35.651047 
Batch 12 / 20  time:  2025-03-21 16:49:11.536434 
Batch 13 / 20  time:  2025-03-21 16:53:46.805642 
Batch 14 / 20  time:  2025-03-21 16:58:22.185054 
Batch 15 / 20  time:  2025-03-21 17:02:58.846584 
Batch 16 / 20  time:  2025-03-21 17:07:34.903879 
Batch 17 / 20  time:  2025-03-21 17:12:11.81759 
Batch 18 / 20  time:  2025-03-21 17:16:47.731844 
Batch 19 / 20  time:  2025-03-21 17:21:21.084604 
Simulation 30 has concluded at: 2025-03-21 17:25:56.317214 
Simulation 31 has began at: 2025-03-21 17:25:56.324607 
Batch 0 / 20  time:  2025-03-21 17:25:56.327726 
Batch 1 / 20  time:  2025-03-21 17:30:35.260951 
Batch 2 / 20  time:  2025-03-21 17:35:10.843962 
Batch 3 / 20  time:  2025-03-21 17:39:47.614936 
Batch 4 / 20  time:  2025-03-21 17:44:24.352071 
Batch 5 / 20  time:  2025-03-21 17:49:00.496392 
Batch 6 / 20  time:  2025-03-21 17:53:36.128997 
Batch 7 / 20  time:  2025-03-21 17:58:11.472676 
Batch 8 / 20  time:  2025-03-21 18:02:47.627545 
Batch 9 / 20  time:  2025-03-21 18:07:25.17786 
Batch 10 / 20  time:  2025-03-21 18:12:02.136583 
Batch 11 / 20  time:  2025-03-21 18:16:37.878358 
Batch 12 / 20  time:  2025-03-21 18:21:16.8135 
Batch 13 / 20  time:  2025-03-21 18:25:52.58727 
Batch 14 / 20  time:  2025-03-21 18:30:26.913771 
Batch 15 / 20  time:  2025-03-21 18:35:03.212587 
Batch 16 / 20  time:  2025-03-21 18:39:40.252254 
Batch 17 / 20  time:  2025-03-21 18:44:14.758169 
Batch 18 / 20  time:  2025-03-21 18:48:51.40299 
Batch 19 / 20  time:  2025-03-21 18:53:29.893551 
Simulation 31 has concluded at: 2025-03-21 18:58:04.948897 
Simulation 32 has began at: 2025-03-21 18:58:04.956933 
Batch 0 / 20  time:  2025-03-21 18:58:04.959934 
Batch 1 / 20  time:  2025-03-21 19:02:39.640582 
Batch 2 / 20  time:  2025-03-21 19:07:17.57175 
Batch 3 / 20  time:  2025-03-21 19:11:53.876423 
Batch 4 / 20  time:  2025-03-21 19:16:30.04408 
Batch 5 / 20  time:  2025-03-21 19:21:05.965468 
Batch 6 / 20  time:  2025-03-21 19:25:41.356137 
Batch 7 / 20  time:  2025-03-21 19:30:16.621811 
Batch 8 / 20  time:  2025-03-21 19:34:52.189259 
Batch 9 / 20  time:  2025-03-21 19:39:27.955736 
Batch 10 / 20  time:  2025-03-21 19:44:05.545014 
Batch 11 / 20  time:  2025-03-21 19:48:39.502215 
Batch 12 / 20  time:  2025-03-21 19:53:14.437079 
Batch 13 / 20  time:  2025-03-21 19:57:50.923542 
Batch 14 / 20  time:  2025-03-21 20:02:26.981653 
Batch 15 / 20  time:  2025-03-21 20:07:00.540147 
Batch 16 / 20  time:  2025-03-21 20:11:36.240324 
Batch 17 / 20  time:  2025-03-21 20:16:12.469874 
Batch 18 / 20  time:  2025-03-21 20:20:48.718764 
Batch 19 / 20  time:  2025-03-21 20:25:25.052881 
Simulation 32 has concluded at: 2025-03-21 20:30:01.748437 
Simulation 33 has began at: 2025-03-21 20:30:01.756102 
Batch 0 / 20  time:  2025-03-21 20:30:01.771535 
Batch 1 / 20  time:  2025-03-21 20:34:37.755592 
Batch 2 / 20  time:  2025-03-21 20:39:13.719657 
Batch 3 / 20  time:  2025-03-21 20:43:50.54736 
Batch 4 / 20  time:  2025-03-21 20:48:25.624186 
Batch 5 / 20  time:  2025-03-21 20:53:02.44524 
Batch 6 / 20  time:  2025-03-21 20:57:38.967069 
Batch 7 / 20  time:  2025-03-21 21:02:13.746767 
Batch 8 / 20  time:  2025-03-21 21:06:50.513612 
Batch 9 / 20  time:  2025-03-21 21:11:25.847447 
Batch 10 / 20  time:  2025-03-21 21:15:59.393548 
Batch 11 / 20  time:  2025-03-21 21:20:35.703829 
Batch 12 / 20  time:  2025-03-21 21:25:14.100293 
Batch 13 / 20  time:  2025-03-21 21:29:48.996352 
Batch 14 / 20  time:  2025-03-21 21:34:24.62709 
Batch 15 / 20  time:  2025-03-21 21:39:03.107741 
Batch 16 / 20  time:  2025-03-21 21:43:40.781173 
Batch 17 / 20  time:  2025-03-21 21:48:18.44258 
Batch 18 / 20  time:  2025-03-21 21:52:56.194166 
Batch 19 / 20  time:  2025-03-21 21:57:32.73633 
Simulation 33 has concluded at: 2025-03-21 22:02:11.384546 
Simulation 34 has began at: 2025-03-21 22:02:11.392414 
Batch 0 / 20  time:  2025-03-21 22:02:11.395508 
Batch 1 / 20  time:  2025-03-21 22:06:50.74137 
Batch 2 / 20  time:  2025-03-21 22:11:27.367783 
Batch 3 / 20  time:  2025-03-21 22:16:05.387518 
Batch 4 / 20  time:  2025-03-21 22:20:42.003216 
Batch 5 / 20  time:  2025-03-21 22:25:20.081007 
Batch 6 / 20  time:  2025-03-21 22:29:54.86385 
Batch 7 / 20  time:  2025-03-21 22:34:31.115035 
Batch 8 / 20  time:  2025-03-21 22:39:05.741203 
Batch 9 / 20  time:  2025-03-21 22:43:43.723948 
Batch 10 / 20  time:  2025-03-21 22:48:21.592062 
Batch 11 / 20  time:  2025-03-21 22:52:58.280527 
Batch 12 / 20  time:  2025-03-21 22:57:34.566126 
Batch 13 / 20  time:  2025-03-21 23:02:10.664689 
Batch 14 / 20  time:  2025-03-21 23:06:47.429477 
Batch 15 / 20  time:  2025-03-21 23:11:23.475947 
Batch 16 / 20  time:  2025-03-21 23:15:59.395676 
Batch 17 / 20  time:  2025-03-21 23:20:34.106728 
Batch 18 / 20  time:  2025-03-21 23:25:10.296781 
Batch 19 / 20  time:  2025-03-21 23:29:45.886598 
Simulation 34 has concluded at: 2025-03-21 23:34:22.688108 
Simulation 35 has began at: 2025-03-21 23:34:22.696024 
Batch 0 / 20  time:  2025-03-21 23:34:22.699063 
Batch 1 / 20  time:  2025-03-21 23:38:58.25015 
Batch 2 / 20  time:  2025-03-21 23:43:32.966745 
Batch 3 / 20  time:  2025-03-21 23:48:08.629854 
Batch 4 / 20  time:  2025-03-21 23:52:43.681456 
Batch 5 / 20  time:  2025-03-21 23:57:19.235448 
Batch 6 / 20  time:  2025-03-22 00:01:54.689272 
Batch 7 / 20  time:  2025-03-22 00:06:30.535667 
Batch 8 / 20  time:  2025-03-22 00:11:06.288337 
Batch 9 / 20  time:  2025-03-22 00:15:42.309547 
Batch 10 / 20  time:  2025-03-22 00:20:16.931351 
Batch 11 / 20  time:  2025-03-22 00:24:52.353967 
Batch 12 / 20  time:  2025-03-22 00:29:27.926918 
Batch 13 / 20  time:  2025-03-22 00:34:02.126544 
Batch 14 / 20  time:  2025-03-22 00:38:38.590547 
Batch 15 / 20  time:  2025-03-22 00:43:13.319486 
Batch 16 / 20  time:  2025-03-22 00:47:48.244279 
Batch 17 / 20  time:  2025-03-22 00:52:24.67194 
Batch 18 / 20  time:  2025-03-22 00:57:02.146008 
Batch 19 / 20  time:  2025-03-22 01:01:37.072211 
Simulation 35 has concluded at: 2025-03-22 01:06:14.064411 
Simulation 36 has began at: 2025-03-22 01:06:14.072729 
Batch 0 / 20  time:  2025-03-22 01:06:14.07621 
Batch 1 / 20  time:  2025-03-22 01:10:50.420922 
Batch 2 / 20  time:  2025-03-22 01:15:26.80091 
Batch 3 / 20  time:  2025-03-22 01:20:03.095897 
Batch 4 / 20  time:  2025-03-22 01:24:39.896493 
Batch 5 / 20  time:  2025-03-22 01:29:14.790291 
Batch 6 / 20  time:  2025-03-22 01:33:51.369411 
Batch 7 / 20  time:  2025-03-22 01:38:30.753729 
Batch 8 / 20  time:  2025-03-22 01:43:08.247562 
Batch 9 / 20  time:  2025-03-22 01:47:44.66889 
Batch 10 / 20  time:  2025-03-22 01:52:20.944024 
Batch 11 / 20  time:  2025-03-22 01:56:58.657058 
Batch 12 / 20  time:  2025-03-22 02:01:36.451072 
Batch 13 / 20  time:  2025-03-22 02:06:16.450951 
Batch 14 / 20  time:  2025-03-22 02:10:53.522121 
Batch 15 / 20  time:  2025-03-22 02:15:30.450483 
Batch 16 / 20  time:  2025-03-22 02:20:05.571595 
Batch 17 / 20  time:  2025-03-22 02:24:40.4751 
Batch 18 / 20  time:  2025-03-22 02:29:16.293898 
Batch 19 / 20  time:  2025-03-22 02:33:53.401032 
Simulation 36 has concluded at: 2025-03-22 02:38:29.279036 
Simulation 37 has began at: 2025-03-22 02:38:29.305315 
Batch 0 / 20  time:  2025-03-22 02:38:29.308298 
Batch 1 / 20  time:  2025-03-22 02:43:05.449183 
Batch 2 / 20  time:  2025-03-22 02:47:41.972208 
Batch 3 / 20  time:  2025-03-22 02:52:17.914868 
Batch 4 / 20  time:  2025-03-22 02:56:53.701073 
Batch 5 / 20  time:  2025-03-22 03:01:29.46981 
Batch 6 / 20  time:  2025-03-22 03:06:06.660754 
Batch 7 / 20  time:  2025-03-22 03:10:43.586344 
Batch 8 / 20  time:  2025-03-22 03:15:19.177819 
Batch 9 / 20  time:  2025-03-22 03:19:54.506545 
Batch 10 / 20  time:  2025-03-22 03:24:30.116838 
Batch 11 / 20  time:  2025-03-22 03:29:04.439415 
Batch 12 / 20  time:  2025-03-22 03:33:40.027798 
Batch 13 / 20  time:  2025-03-22 03:38:15.38538 
Batch 14 / 20  time:  2025-03-22 03:42:51.835895 
Batch 15 / 20  time:  2025-03-22 03:47:26.433655 
Batch 16 / 20  time:  2025-03-22 03:52:02.441892 
Batch 17 / 20  time:  2025-03-22 03:56:37.042557 
Batch 18 / 20  time:  2025-03-22 04:01:11.635599 
Batch 19 / 20  time:  2025-03-22 04:05:49.809306 
Simulation 37 has concluded at: 2025-03-22 04:10:25.36217 
Simulation 38 has began at: 2025-03-22 04:10:25.370852 
Batch 0 / 20  time:  2025-03-22 04:10:25.374076 
Batch 1 / 20  time:  2025-03-22 04:14:59.980446 
Batch 2 / 20  time:  2025-03-22 04:19:35.460477 
Batch 3 / 20  time:  2025-03-22 04:24:10.060466 
Batch 4 / 20  time:  2025-03-22 04:28:44.92547 
Batch 5 / 20  time:  2025-03-22 04:33:21.255729 
Batch 6 / 20  time:  2025-03-22 04:37:56.506658 
Batch 7 / 20  time:  2025-03-22 04:42:31.541392 
Batch 8 / 20  time:  2025-03-22 04:47:06.783159 
Batch 9 / 20  time:  2025-03-22 04:51:41.669321 
Batch 10 / 20  time:  2025-03-22 04:56:16.508421 
Batch 11 / 20  time:  2025-03-22 05:00:51.79406 
Batch 12 / 20  time:  2025-03-22 05:05:29.206335 
Batch 13 / 20  time:  2025-03-22 05:10:04.599717 
Batch 14 / 20  time:  2025-03-22 05:14:43.284188 
Batch 15 / 20  time:  2025-03-22 05:19:21.394662 
Batch 16 / 20  time:  2025-03-22 05:23:55.345846 
Batch 17 / 20  time:  2025-03-22 05:28:31.362596 
Batch 18 / 20  time:  2025-03-22 05:33:06.89705 
Batch 19 / 20  time:  2025-03-22 05:37:41.526379 
Simulation 38 has concluded at: 2025-03-22 05:42:17.68079 
Simulation 39 has began at: 2025-03-22 05:42:17.689613 
Batch 0 / 20  time:  2025-03-22 05:42:17.692581 
Batch 1 / 20  time:  2025-03-22 05:46:53.141359 
Batch 2 / 20  time:  2025-03-22 05:51:28.094682 
Batch 3 / 20  time:  2025-03-22 05:56:03.368174 
Batch 4 / 20  time:  2025-03-22 06:00:39.136323 
Batch 5 / 20  time:  2025-03-22 06:05:16.033283 
Batch 6 / 20  time:  2025-03-22 06:09:53.198587 
Batch 7 / 20  time:  2025-03-22 06:14:29.259488 
Batch 8 / 20  time:  2025-03-22 06:19:04.24087 
Batch 9 / 20  time:  2025-03-22 06:23:44.315212 
Batch 10 / 20  time:  2025-03-22 06:28:20.637059 
Batch 11 / 20  time:  2025-03-22 06:32:55.245174 
Batch 12 / 20  time:  2025-03-22 06:37:31.951149 
Batch 13 / 20  time:  2025-03-22 06:42:08.291964 
Batch 14 / 20  time:  2025-03-22 06:46:42.759212 
Batch 15 / 20  time:  2025-03-22 06:51:17.614661 
Batch 16 / 20  time:  2025-03-22 06:55:53.643832 
Batch 17 / 20  time:  2025-03-22 07:00:29.382934 
Batch 18 / 20  time:  2025-03-22 07:05:05.40228 
Batch 19 / 20  time:  2025-03-22 07:09:40.566531 
Simulation 39 has concluded at: 2025-03-22 07:14:16.322901 
Simulation 40 has began at: 2025-03-22 07:14:16.332681 
Batch 0 / 20  time:  2025-03-22 07:14:16.335809 
Batch 1 / 20  time:  2025-03-22 07:18:52.454078 
Batch 2 / 20  time:  2025-03-22 07:23:28.552242 
Batch 3 / 20  time:  2025-03-22 07:28:04.86338 
Batch 4 / 20  time:  2025-03-22 07:32:40.657557 
Batch 5 / 20  time:  2025-03-22 07:37:16.927495 
Batch 6 / 20  time:  2025-03-22 07:41:54.712059 
Batch 7 / 20  time:  2025-03-22 07:46:30.565224 
Batch 8 / 20  time:  2025-03-22 07:51:07.032102 
Batch 9 / 20  time:  2025-03-22 07:55:42.874584 
Batch 10 / 20  time:  2025-03-22 08:00:19.701225 
Batch 11 / 20  time:  2025-03-22 08:04:55.108366 
Batch 12 / 20  time:  2025-03-22 08:09:36.595399 
Batch 13 / 20  time:  2025-03-22 08:14:13.730628 
Batch 14 / 20  time:  2025-03-22 08:18:50.347988 
Batch 15 / 20  time:  2025-03-22 08:23:24.939386 
Batch 16 / 20  time:  2025-03-22 08:28:01.312197 
Batch 17 / 20  time:  2025-03-22 08:32:36.185362 
Batch 18 / 20  time:  2025-03-22 08:37:12.210904 
Batch 19 / 20  time:  2025-03-22 08:41:49.832778 
Simulation 40 has concluded at: 2025-03-22 08:46:25.170676 
Simulation 41 has began at: 2025-03-22 08:46:25.179715 
Batch 0 / 20  time:  2025-03-22 08:46:25.183022 
Batch 1 / 20  time:  2025-03-22 08:51:00.653289 
Batch 2 / 20  time:  2025-03-22 08:55:36.953045 
Batch 3 / 20  time:  2025-03-22 09:00:11.743569 
Batch 4 / 20  time:  2025-03-22 09:04:46.633839 
Batch 5 / 20  time:  2025-03-22 09:09:23.47887 
Batch 6 / 20  time:  2025-03-22 09:13:59.158258 
Batch 7 / 20  time:  2025-03-22 09:18:32.711863 
Batch 8 / 20  time:  2025-03-22 09:23:08.665973 
Batch 9 / 20  time:  2025-03-22 09:27:44.086741 
