Wed Mar 19 18:59:16 -05 2025: Cargando módulo python/3.6.0_miniconda-4.3.11_gcc-11.2.0
Wed Mar 19 18:59:16 -05 2025: activando venv abc4sfa
Wed Mar 19 18:59:16 -05 2025: Ejecutando Rscript negacion_empirica/jobs/main_id=s1.R
Simulation 1 has began at: 2025-03-19 18:57:30.939369 
Batch 0 / 20  time:  2025-03-19 18:57:30.942099 
Batch 1 / 20  time:  2025-03-19 19:01:51.897007 
Batch 2 / 20  time:  2025-03-19 19:06:14.992 
Batch 3 / 20  time:  2025-03-19 19:10:34.108592 
Batch 4 / 20  time:  2025-03-19 19:14:55.671277 
Batch 5 / 20  time:  2025-03-19 19:19:15.061234 
Batch 6 / 20  time:  2025-03-19 19:23:40.33443 
Batch 7 / 20  time:  2025-03-19 19:28:03.535783 
Batch 8 / 20  time:  2025-03-19 19:32:24.648213 
Batch 9 / 20  time:  2025-03-19 19:36:49.002621 
Batch 10 / 20  time:  2025-03-19 19:41:07.141901 
Batch 11 / 20  time:  2025-03-19 19:45:25.011376 
Batch 12 / 20  time:  2025-03-19 19:49:40.044319 
Batch 13 / 20  time:  2025-03-19 19:53:56.451909 
Batch 14 / 20  time:  2025-03-19 19:58:15.702857 
Batch 15 / 20  time:  2025-03-19 20:02:35.063877 
Batch 16 / 20  time:  2025-03-19 20:06:55.649289 
Batch 17 / 20  time:  2025-03-19 20:11:12.424966 
Batch 18 / 20  time:  2025-03-19 20:15:33.179996 
Batch 19 / 20  time:  2025-03-19 20:19:56.271917 
Simulation 1 has concluded at: 2025-03-19 20:24:23.210924 
Simulation 2 has began at: 2025-03-19 20:24:23.234358 
Batch 0 / 20  time:  2025-03-19 20:24:23.4237 
Batch 1 / 20  time:  2025-03-19 20:28:41.623726 
Batch 2 / 20  time:  2025-03-19 20:33:00.950154 
Batch 3 / 20  time:  2025-03-19 20:37:19.356407 
Batch 4 / 20  time:  2025-03-19 20:41:37.684309 
Batch 5 / 20  time:  2025-03-19 20:45:57.037977 
Batch 6 / 20  time:  2025-03-19 20:50:14.976624 
Batch 7 / 20  time:  2025-03-19 20:54:31.446003 
Batch 8 / 20  time:  2025-03-19 20:58:47.323663 
Batch 9 / 20  time:  2025-03-19 21:03:06.838638 
Batch 10 / 20  time:  2025-03-19 21:07:26.45946 
Batch 11 / 20  time:  2025-03-19 21:11:43.464406 
Batch 12 / 20  time:  2025-03-19 21:15:59.488934 
Batch 13 / 20  time:  2025-03-19 21:20:19.676694 
Batch 14 / 20  time:  2025-03-19 21:24:38.169161 
Batch 15 / 20  time:  2025-03-19 21:28:56.640656 
Batch 16 / 20  time:  2025-03-19 21:33:15.490344 
Batch 17 / 20  time:  2025-03-19 21:37:35.883429 
Batch 18 / 20  time:  2025-03-19 21:41:56.177407 
Batch 19 / 20  time:  2025-03-19 21:46:18.490717 
Simulation 2 has concluded at: 2025-03-19 21:50:39.717153 
Simulation 3 has began at: 2025-03-19 21:50:39.739135 
Batch 0 / 20  time:  2025-03-19 21:50:39.745069 
Batch 1 / 20  time:  2025-03-19 21:54:57.716967 
Batch 2 / 20  time:  2025-03-19 21:59:16.379371 
Batch 3 / 20  time:  2025-03-19 22:03:34.592077 
Batch 4 / 20  time:  2025-03-19 22:07:52.103289 
Batch 5 / 20  time:  2025-03-19 22:12:08.653152 
Batch 6 / 20  time:  2025-03-19 22:16:26.216822 
Batch 7 / 20  time:  2025-03-19 22:20:44.092833 
Batch 8 / 20  time:  2025-03-19 22:25:01.045048 
Batch 9 / 20  time:  2025-03-19 22:29:18.876226 
Batch 10 / 20  time:  2025-03-19 22:33:38.096731 
Batch 11 / 20  time:  2025-03-19 22:37:54.028803 
Batch 12 / 20  time:  2025-03-19 22:42:18.613466 
Batch 13 / 20  time:  2025-03-19 22:46:44.689256 
Batch 14 / 20  time:  2025-03-19 22:51:01.983448 
Batch 15 / 20  time:  2025-03-19 22:55:21.004484 
Batch 16 / 20  time:  2025-03-19 22:59:39.908561 
Batch 17 / 20  time:  2025-03-19 23:03:59.524143 
Batch 18 / 20  time:  2025-03-19 23:08:19.609608 
Batch 19 / 20  time:  2025-03-19 23:12:38.486776 
Simulation 3 has concluded at: 2025-03-19 23:16:56.039753 
Simulation 4 has began at: 2025-03-19 23:16:56.041694 
Batch 0 / 20  time:  2025-03-19 23:16:56.046376 
Batch 1 / 20  time:  2025-03-19 23:21:14.978255 
Batch 2 / 20  time:  2025-03-19 23:25:33.800435 
Batch 3 / 20  time:  2025-03-19 23:29:52.275412 
Batch 4 / 20  time:  2025-03-19 23:34:13.394832 
Batch 5 / 20  time:  2025-03-19 23:38:32.10691 
Batch 6 / 20  time:  2025-03-19 23:42:49.737796 
Batch 7 / 20  time:  2025-03-19 23:47:08.141759 
Batch 8 / 20  time:  2025-03-19 23:51:26.376469 
Batch 9 / 20  time:  2025-03-19 23:55:43.183903 
Batch 10 / 20  time:  2025-03-20 00:00:01.118324 
Batch 11 / 20  time:  2025-03-20 00:04:21.335159 
Batch 12 / 20  time:  2025-03-20 00:08:38.022627 
Batch 13 / 20  time:  2025-03-20 00:12:56.646384 
Batch 14 / 20  time:  2025-03-20 00:17:16.086835 
Batch 15 / 20  time:  2025-03-20 00:21:32.80355 
Batch 16 / 20  time:  2025-03-20 00:25:51.522322 
Batch 17 / 20  time:  2025-03-20 00:30:11.491305 
Batch 18 / 20  time:  2025-03-20 00:34:31.558128 
Batch 19 / 20  time:  2025-03-20 00:38:49.806354 
Simulation 4 has concluded at: 2025-03-20 00:43:08.308367 
Simulation 5 has began at: 2025-03-20 00:43:08.310433 
Batch 0 / 20  time:  2025-03-20 00:43:08.313409 
Batch 1 / 20  time:  2025-03-20 00:47:26.065202 
Batch 2 / 20  time:  2025-03-20 00:51:44.554127 
Batch 3 / 20  time:  2025-03-20 00:56:03.149893 
Batch 4 / 20  time:  2025-03-20 01:00:21.953129 
Batch 5 / 20  time:  2025-03-20 01:04:42.763275 
Batch 6 / 20  time:  2025-03-20 01:09:02.11075 
Batch 7 / 20  time:  2025-03-20 01:13:19.868484 
Batch 8 / 20  time:  2025-03-20 01:17:38.737938 
Batch 9 / 20  time:  2025-03-20 01:21:57.197657 
Batch 10 / 20  time:  2025-03-20 01:26:15.76685 
Batch 11 / 20  time:  2025-03-20 01:30:38.684671 
Batch 12 / 20  time:  2025-03-20 01:35:02.653648 
Batch 13 / 20  time:  2025-03-20 01:39:21.362526 
Batch 14 / 20  time:  2025-03-20 01:43:40.759589 
Batch 15 / 20  time:  2025-03-20 01:48:00.029491 
Batch 16 / 20  time:  2025-03-20 01:52:18.183276 
Batch 17 / 20  time:  2025-03-20 01:56:39.038815 
Batch 18 / 20  time:  2025-03-20 02:01:01.506763 
Batch 19 / 20  time:  2025-03-20 02:05:21.520383 
Simulation 5 has concluded at: 2025-03-20 02:09:38.738438 
Simulation 6 has began at: 2025-03-20 02:09:38.740505 
Batch 0 / 20  time:  2025-03-20 02:09:38.743581 
Batch 1 / 20  time:  2025-03-20 02:13:56.311836 
Batch 2 / 20  time:  2025-03-20 02:18:13.29215 
Batch 3 / 20  time:  2025-03-20 02:22:31.013806 
Batch 4 / 20  time:  2025-03-20 02:26:49.161628 
Batch 5 / 20  time:  2025-03-20 02:31:06.731187 
Batch 6 / 20  time:  2025-03-20 02:35:26.706491 
Batch 7 / 20  time:  2025-03-20 02:39:43.969599 
Batch 8 / 20  time:  2025-03-20 02:44:01.151983 
Batch 9 / 20  time:  2025-03-20 02:48:19.969841 
Batch 10 / 20  time:  2025-03-20 02:52:37.935439 
Batch 11 / 20  time:  2025-03-20 02:56:53.819489 
Batch 12 / 20  time:  2025-03-20 03:01:11.54513 
Batch 13 / 20  time:  2025-03-20 03:05:29.959249 
Batch 14 / 20  time:  2025-03-20 03:09:45.796526 
Batch 15 / 20  time:  2025-03-20 03:14:02.695473 
Batch 16 / 20  time:  2025-03-20 03:18:19.220696 
Batch 17 / 20  time:  2025-03-20 03:22:35.866956 
Batch 18 / 20  time:  2025-03-20 03:26:53.175837 
Batch 19 / 20  time:  2025-03-20 03:31:10.49241 
Simulation 6 has concluded at: 2025-03-20 03:35:28.308105 
Simulation 7 has began at: 2025-03-20 03:35:28.310693 
Batch 0 / 20  time:  2025-03-20 03:35:28.313933 
Batch 1 / 20  time:  2025-03-20 03:39:44.724255 
Batch 2 / 20  time:  2025-03-20 03:44:00.445644 
Batch 3 / 20  time:  2025-03-20 03:48:16.218794 
Batch 4 / 20  time:  2025-03-20 03:52:33.106403 
Batch 5 / 20  time:  2025-03-20 03:56:49.382094 
Batch 6 / 20  time:  2025-03-20 04:01:07.389003 
Batch 7 / 20  time:  2025-03-20 04:05:25.4219 
Batch 8 / 20  time:  2025-03-20 04:09:41.440249 
Batch 9 / 20  time:  2025-03-20 04:13:57.060829 
Batch 10 / 20  time:  2025-03-20 04:18:14.201211 
Batch 11 / 20  time:  2025-03-20 04:22:32.054522 
Batch 12 / 20  time:  2025-03-20 04:26:47.628455 
Batch 13 / 20  time:  2025-03-20 04:31:04.918839 
Batch 14 / 20  time:  2025-03-20 04:35:23.00119 
Batch 15 / 20  time:  2025-03-20 04:39:38.720088 
Batch 16 / 20  time:  2025-03-20 04:43:54.880131 
Batch 17 / 20  time:  2025-03-20 04:48:11.763467 
Batch 18 / 20  time:  2025-03-20 04:52:26.928492 
Batch 19 / 20  time:  2025-03-20 04:56:42.095439 
Simulation 7 has concluded at: 2025-03-20 05:00:58.453494 
Simulation 8 has began at: 2025-03-20 05:00:58.456173 
Batch 0 / 20  time:  2025-03-20 05:00:58.458606 
Batch 1 / 20  time:  2025-03-20 05:05:14.472983 
Batch 2 / 20  time:  2025-03-20 05:09:31.37166 
Batch 3 / 20  time:  2025-03-20 05:13:47.795258 
Batch 4 / 20  time:  2025-03-20 05:18:03.721227 
Batch 5 / 20  time:  2025-03-20 05:22:20.368805 
Batch 6 / 20  time:  2025-03-20 05:26:36.179352 
Batch 7 / 20  time:  2025-03-20 05:30:51.501119 
Batch 8 / 20  time:  2025-03-20 05:35:08.431116 
Batch 9 / 20  time:  2025-03-20 05:39:24.421386 
Batch 10 / 20  time:  2025-03-20 05:43:41.01757 
Batch 11 / 20  time:  2025-03-20 05:47:57.948807 
Batch 12 / 20  time:  2025-03-20 05:52:13.812807 
Batch 13 / 20  time:  2025-03-20 05:56:28.447623 
Batch 14 / 20  time:  2025-03-20 06:00:46.205466 
Batch 15 / 20  time:  2025-03-20 06:05:04.13173 
Batch 16 / 20  time:  2025-03-20 06:09:19.060801 
Batch 17 / 20  time:  2025-03-20 06:13:34.235601 
Batch 18 / 20  time:  2025-03-20 06:17:50.327668 
Batch 19 / 20  time:  2025-03-20 06:22:05.089711 
Simulation 8 has concluded at: 2025-03-20 06:26:20.638064 
Simulation 9 has began at: 2025-03-20 06:26:20.64124 
Batch 0 / 20  time:  2025-03-20 06:26:20.645175 
Batch 1 / 20  time:  2025-03-20 06:30:38.15263 
Batch 2 / 20  time:  2025-03-20 06:34:57.417292 
Batch 3 / 20  time:  2025-03-20 06:39:13.153391 
Batch 4 / 20  time:  2025-03-20 06:43:28.548382 
Batch 5 / 20  time:  2025-03-20 06:47:43.237729 
Batch 6 / 20  time:  2025-03-20 06:51:59.707582 
Batch 7 / 20  time:  2025-03-20 06:56:15.646162 
Batch 8 / 20  time:  2025-03-20 07:00:32.739187 
Batch 9 / 20  time:  2025-03-20 07:04:50.135799 
Batch 10 / 20  time:  2025-03-20 07:09:05.424678 
Batch 11 / 20  time:  2025-03-20 07:13:19.796212 
Batch 12 / 20  time:  2025-03-20 07:17:36.379596 
Batch 13 / 20  time:  2025-03-20 07:21:53.701672 
Batch 14 / 20  time:  2025-03-20 07:26:09.846311 
Batch 15 / 20  time:  2025-03-20 07:30:26.063082 
Batch 16 / 20  time:  2025-03-20 07:34:44.371538 
Batch 17 / 20  time:  2025-03-20 07:38:59.599401 
Batch 18 / 20  time:  2025-03-20 07:43:16.386184 
Batch 19 / 20  time:  2025-03-20 07:47:32.776907 
Simulation 9 has concluded at: 2025-03-20 07:51:48.397522 
Simulation 10 has began at: 2025-03-20 07:51:48.400481 
Batch 0 / 20  time:  2025-03-20 07:51:48.402835 
Batch 1 / 20  time:  2025-03-20 07:56:05.033124 
Batch 2 / 20  time:  2025-03-20 08:00:22.251153 
Batch 3 / 20  time:  2025-03-20 08:04:38.941134 
Batch 4 / 20  time:  2025-03-20 08:08:54.816705 
Batch 5 / 20  time:  2025-03-20 08:13:10.410069 
Batch 6 / 20  time:  2025-03-20 08:17:26.052048 
Batch 7 / 20  time:  2025-03-20 08:21:42.331357 
Batch 8 / 20  time:  2025-03-20 08:25:59.257236 
Batch 9 / 20  time:  2025-03-20 08:30:13.598333 
Batch 10 / 20  time:  2025-03-20 08:34:30.321502 
Batch 11 / 20  time:  2025-03-20 08:38:47.56548 
Batch 12 / 20  time:  2025-03-20 08:43:02.571397 
Batch 13 / 20  time:  2025-03-20 08:47:17.626126 
Batch 14 / 20  time:  2025-03-20 08:51:32.790108 
Batch 15 / 20  time:  2025-03-20 08:55:47.339012 
Batch 16 / 20  time:  2025-03-20 09:00:03.084451 
Batch 17 / 20  time:  2025-03-20 09:04:21.551929 
Batch 18 / 20  time:  2025-03-20 09:08:40.624893 
Batch 19 / 20  time:  2025-03-20 09:12:56.284121 
Simulation 10 has concluded at: 2025-03-20 09:17:11.802132 
Simulation 11 has began at: 2025-03-20 09:17:11.836524 
Batch 0 / 20  time:  2025-03-20 09:17:11.839663 
Batch 1 / 20  time:  2025-03-20 09:21:27.045497 
Batch 2 / 20  time:  2025-03-20 09:25:43.120963 
Batch 3 / 20  time:  2025-03-20 09:30:01.449694 
Batch 4 / 20  time:  2025-03-20 09:34:20.03683 
Batch 5 / 20  time:  2025-03-20 09:38:45.099965 
Batch 6 / 20  time:  2025-03-20 09:43:01.385359 
Batch 7 / 20  time:  2025-03-20 09:47:17.101431 
Batch 8 / 20  time:  2025-03-20 09:51:33.452488 
Batch 9 / 20  time:  2025-03-20 09:55:50.840238 
Batch 10 / 20  time:  2025-03-20 10:00:11.558094 
Batch 11 / 20  time:  2025-03-20 10:04:29.142234 
Batch 12 / 20  time:  2025-03-20 10:08:49.992856 
Batch 13 / 20  time:  2025-03-20 10:13:06.071452 
Batch 14 / 20  time:  2025-03-20 10:17:22.249101 
Batch 15 / 20  time:  2025-03-20 10:21:39.460427 
Batch 16 / 20  time:  2025-03-20 10:25:54.366436 
Batch 17 / 20  time:  2025-03-20 10:30:10.613772 
Batch 18 / 20  time:  2025-03-20 10:34:28.327769 
Batch 19 / 20  time:  2025-03-20 10:38:42.547523 
Simulation 11 has concluded at: 2025-03-20 10:42:57.969477 
Simulation 12 has began at: 2025-03-20 10:42:57.981335 
Batch 0 / 20  time:  2025-03-20 10:42:57.983683 
Batch 1 / 20  time:  2025-03-20 10:47:14.040086 
Batch 2 / 20  time:  2025-03-20 10:51:32.089072 
Batch 3 / 20  time:  2025-03-20 10:55:51.13059 
Batch 4 / 20  time:  2025-03-20 11:00:07.87371 
Batch 5 / 20  time:  2025-03-20 11:04:24.559079 
Batch 6 / 20  time:  2025-03-20 11:08:40.48785 
Batch 7 / 20  time:  2025-03-20 11:12:56.974209 
Batch 8 / 20  time:  2025-03-20 11:17:13.465392 
Batch 9 / 20  time:  2025-03-20 11:21:28.305923 
Batch 10 / 20  time:  2025-03-20 11:25:45.97711 
Batch 11 / 20  time:  2025-03-20 11:30:02.715004 
Batch 12 / 20  time:  2025-03-20 11:34:20.843679 
Batch 13 / 20  time:  2025-03-20 11:38:37.402281 
Batch 14 / 20  time:  2025-03-20 11:42:55.568145 
Batch 15 / 20  time:  2025-03-20 11:47:11.423031 
Batch 16 / 20  time:  2025-03-20 11:51:28.463534 
Batch 17 / 20  time:  2025-03-20 11:55:43.951814 
Batch 18 / 20  time:  2025-03-20 12:00:02.043359 
Batch 19 / 20  time:  2025-03-20 12:04:18.697104 
Simulation 12 has concluded at: 2025-03-20 12:08:33.499818 
Simulation 13 has began at: 2025-03-20 12:08:33.503549 
Batch 0 / 20  time:  2025-03-20 12:08:33.506278 
Batch 1 / 20  time:  2025-03-20 12:12:47.937504 
Batch 2 / 20  time:  2025-03-20 12:17:04.732457 
Batch 3 / 20  time:  2025-03-20 12:21:21.008247 
Batch 4 / 20  time:  2025-03-20 12:25:38.178487 
Batch 5 / 20  time:  2025-03-20 12:29:55.401738 
Batch 6 / 20  time:  2025-03-20 12:34:13.53439 
Batch 7 / 20  time:  2025-03-20 12:38:30.645076 
Batch 8 / 20  time:  2025-03-20 12:42:52.649374 
Batch 9 / 20  time:  2025-03-20 12:47:41.834907 
Batch 10 / 20  time:  2025-03-20 12:51:58.828755 
Batch 11 / 20  time:  2025-03-20 12:56:14.319767 
Batch 12 / 20  time:  2025-03-20 13:00:33.257965 
Batch 13 / 20  time:  2025-03-20 13:04:51.969526 
Batch 14 / 20  time:  2025-03-20 13:09:08.129843 
Batch 15 / 20  time:  2025-03-20 13:13:24.86323 
Batch 16 / 20  time:  2025-03-20 13:17:41.349936 
Batch 17 / 20  time:  2025-03-20 13:21:58.376479 
Batch 18 / 20  time:  2025-03-20 13:26:16.112125 
Batch 19 / 20  time:  2025-03-20 13:30:33.960781 
Simulation 13 has concluded at: 2025-03-20 13:34:53.524047 
Simulation 14 has began at: 2025-03-20 13:34:53.537437 
Batch 0 / 20  time:  2025-03-20 13:34:53.539763 
Batch 1 / 20  time:  2025-03-20 13:39:11.468013 
Batch 2 / 20  time:  2025-03-20 13:43:29.995756 
Batch 3 / 20  time:  2025-03-20 13:47:45.001187 
Batch 4 / 20  time:  2025-03-20 13:52:01.615979 
Batch 5 / 20  time:  2025-03-20 13:56:17.443531 
Batch 6 / 20  time:  2025-03-20 14:00:35.174193 
Batch 7 / 20  time:  2025-03-20 14:04:52.722596 
Batch 8 / 20  time:  2025-03-20 14:09:08.060483 
Batch 9 / 20  time:  2025-03-20 14:13:23.848066 
Batch 10 / 20  time:  2025-03-20 14:17:39.266777 
Batch 11 / 20  time:  2025-03-20 14:21:55.497607 
Batch 12 / 20  time:  2025-03-20 14:26:14.175841 
Batch 13 / 20  time:  2025-03-20 14:30:32.016623 
Batch 14 / 20  time:  2025-03-20 14:34:53.372841 
Batch 15 / 20  time:  2025-03-20 14:39:13.54296 
Batch 16 / 20  time:  2025-03-20 14:43:31.896283 
Batch 17 / 20  time:  2025-03-20 14:47:48.296645 
Batch 18 / 20  time:  2025-03-20 14:52:05.184994 
Batch 19 / 20  time:  2025-03-20 14:56:19.665842 
Simulation 14 has concluded at: 2025-03-20 15:00:37.563299 
Simulation 15 has began at: 2025-03-20 15:00:37.674631 
Batch 0 / 20  time:  2025-03-20 15:00:37.67761 
Batch 1 / 20  time:  2025-03-20 15:04:55.92996 
Batch 2 / 20  time:  2025-03-20 15:09:12.179702 
Batch 3 / 20  time:  2025-03-20 15:13:27.933164 
Batch 4 / 20  time:  2025-03-20 15:17:43.388558 
Batch 5 / 20  time:  2025-03-20 15:21:59.614046 
Batch 6 / 20  time:  2025-03-20 15:26:17.586621 
Batch 7 / 20  time:  2025-03-20 15:30:33.614466 
Batch 8 / 20  time:  2025-03-20 15:34:49.867736 
Batch 9 / 20  time:  2025-03-20 15:39:05.180065 
Batch 10 / 20  time:  2025-03-20 15:43:26.054744 
Batch 11 / 20  time:  2025-03-20 15:47:42.845249 
Batch 12 / 20  time:  2025-03-20 15:51:58.709839 
Batch 13 / 20  time:  2025-03-20 15:56:14.654785 
Batch 14 / 20  time:  2025-03-20 16:00:31.161046 
Batch 15 / 20  time:  2025-03-20 16:04:48.090869 
Batch 16 / 20  time:  2025-03-20 16:09:04.835673 
Batch 17 / 20  time:  2025-03-20 16:13:18.859648 
Batch 18 / 20  time:  2025-03-20 16:17:35.300404 
Batch 19 / 20  time:  2025-03-20 16:21:51.728465 
Simulation 15 has concluded at: 2025-03-20 16:26:08.813167 
Simulation 16 has began at: 2025-03-20 16:26:08.817289 
Batch 0 / 20  time:  2025-03-20 16:26:08.820916 
Batch 1 / 20  time:  2025-03-20 16:30:25.993783 
Batch 2 / 20  time:  2025-03-20 16:34:44.286966 
Batch 3 / 20  time:  2025-03-20 16:38:58.578839 
Batch 4 / 20  time:  2025-03-20 16:43:15.53926 
Batch 5 / 20  time:  2025-03-20 16:47:30.712994 
Batch 6 / 20  time:  2025-03-20 16:51:46.617777 
Batch 7 / 20  time:  2025-03-20 16:56:02.512081 
Batch 8 / 20  time:  2025-03-20 17:00:18.991599 
Batch 9 / 20  time:  2025-03-20 17:04:36.409498 
Batch 10 / 20  time:  2025-03-20 17:08:54.269363 
Batch 11 / 20  time:  2025-03-20 17:13:09.83383 
Batch 12 / 20  time:  2025-03-20 17:17:25.030075 
Batch 13 / 20  time:  2025-03-20 17:21:41.691834 
Batch 14 / 20  time:  2025-03-20 17:25:58.146574 
Batch 15 / 20  time:  2025-03-20 17:30:16.13845 
Batch 16 / 20  time:  2025-03-20 17:34:35.593096 
Batch 17 / 20  time:  2025-03-20 17:38:53.256948 
Batch 18 / 20  time:  2025-03-20 17:43:09.427462 
Batch 19 / 20  time:  2025-03-20 17:47:24.748765 
Simulation 16 has concluded at: 2025-03-20 17:51:40.335582 
Simulation 17 has began at: 2025-03-20 17:51:40.339921 
Batch 0 / 20  time:  2025-03-20 17:51:40.342668 
Batch 1 / 20  time:  2025-03-20 17:55:55.606905 
Batch 2 / 20  time:  2025-03-20 18:00:13.637777 
Batch 3 / 20  time:  2025-03-20 18:04:31.57819 
Batch 4 / 20  time:  2025-03-20 18:08:47.54642 
Batch 5 / 20  time:  2025-03-20 18:13:07.325076 
Batch 6 / 20  time:  2025-03-20 18:17:22.572677 
Batch 7 / 20  time:  2025-03-20 18:21:35.918602 
Batch 8 / 20  time:  2025-03-20 18:25:50.46546 
Batch 9 / 20  time:  2025-03-20 18:30:08.023418 
Batch 10 / 20  time:  2025-03-20 18:34:24.395579 
Batch 11 / 20  time:  2025-03-20 18:38:38.684392 
Batch 12 / 20  time:  2025-03-20 18:42:55.081747 
Batch 13 / 20  time:  2025-03-20 18:47:09.774807 
Batch 14 / 20  time:  2025-03-20 18:51:26.062324 
Batch 15 / 20  time:  2025-03-20 18:55:40.800364 
Batch 16 / 20  time:  2025-03-20 18:59:54.846537 
Batch 17 / 20  time:  2025-03-20 19:04:13.010888 
Batch 18 / 20  time:  2025-03-20 19:08:29.183486 
Batch 19 / 20  time:  2025-03-20 19:12:43.40507 
Simulation 17 has concluded at: 2025-03-20 19:16:58.879905 
Simulation 18 has began at: 2025-03-20 19:16:58.920468 
Batch 0 / 20  time:  2025-03-20 19:16:58.92305 
Batch 1 / 20  time:  2025-03-20 19:21:14.841717 
Batch 2 / 20  time:  2025-03-20 19:25:29.280421 
Batch 3 / 20  time:  2025-03-20 19:29:45.076311 
Batch 4 / 20  time:  2025-03-20 19:34:02.27411 
Batch 5 / 20  time:  2025-03-20 19:38:16.913086 
Batch 6 / 20  time:  2025-03-20 19:42:32.949125 
Batch 7 / 20  time:  2025-03-20 19:46:48.763339 
Batch 8 / 20  time:  2025-03-20 19:51:04.476781 
Batch 9 / 20  time:  2025-03-20 19:55:19.981594 
Batch 10 / 20  time:  2025-03-20 19:59:36.129883 
Batch 11 / 20  time:  2025-03-20 20:03:51.357985 
Batch 12 / 20  time:  2025-03-20 20:08:11.116129 
Batch 13 / 20  time:  2025-03-20 20:12:28.725047 
Batch 14 / 20  time:  2025-03-20 20:16:51.999877 
Batch 15 / 20  time:  2025-03-20 20:21:06.90037 
Batch 16 / 20  time:  2025-03-20 20:25:22.383146 
Batch 17 / 20  time:  2025-03-20 20:29:39.562644 
Batch 18 / 20  time:  2025-03-20 20:33:56.81342 
Batch 19 / 20  time:  2025-03-20 20:38:13.402008 
Simulation 18 has concluded at: 2025-03-20 20:42:30.314287 
Simulation 19 has began at: 2025-03-20 20:42:30.318828 
Batch 0 / 20  time:  2025-03-20 20:42:30.322106 
Batch 1 / 20  time:  2025-03-20 20:46:46.602577 
Batch 2 / 20  time:  2025-03-20 20:51:02.968241 
Batch 3 / 20  time:  2025-03-20 20:55:20.49921 
Batch 4 / 20  time:  2025-03-20 20:59:38.21033 
Batch 5 / 20  time:  2025-03-20 21:03:54.268507 
Batch 6 / 20  time:  2025-03-20 21:08:17.579153 
Batch 7 / 20  time:  2025-03-20 21:12:37.396265 
Batch 8 / 20  time:  2025-03-20 21:16:53.429257 
Batch 9 / 20  time:  2025-03-20 21:21:10.483657 
Batch 10 / 20  time:  2025-03-20 21:25:30.055099 
Batch 11 / 20  time:  2025-03-20 21:29:45.814118 
Batch 12 / 20  time:  2025-03-20 21:34:07.717788 
Batch 13 / 20  time:  2025-03-20 21:38:24.70994 
Batch 14 / 20  time:  2025-03-20 21:42:41.317593 
Batch 15 / 20  time:  2025-03-20 21:46:56.956625 
Batch 16 / 20  time:  2025-03-20 21:51:12.896109 
Batch 17 / 20  time:  2025-03-20 21:55:29.316845 
Batch 18 / 20  time:  2025-03-20 21:59:53.506382 
Batch 19 / 20  time:  2025-03-20 22:04:14.862843 
Simulation 19 has concluded at: 2025-03-20 22:08:36.324721 
Simulation 20 has began at: 2025-03-20 22:08:36.37315 
Batch 0 / 20  time:  2025-03-20 22:08:36.37585 
Batch 1 / 20  time:  2025-03-20 22:12:51.196275 
Batch 2 / 20  time:  2025-03-20 22:17:12.853378 
Batch 3 / 20  time:  2025-03-20 22:21:27.654722 
Batch 4 / 20  time:  2025-03-20 22:25:46.446201 
Batch 5 / 20  time:  2025-03-20 22:30:02.966379 
Batch 6 / 20  time:  2025-03-20 22:34:20.387815 
Batch 7 / 20  time:  2025-03-20 22:38:37.529513 
Batch 8 / 20  time:  2025-03-20 22:42:58.135687 
Batch 9 / 20  time:  2025-03-20 22:47:14.630431 
Batch 10 / 20  time:  2025-03-20 22:51:30.135329 
Batch 11 / 20  time:  2025-03-20 22:55:49.38205 
Batch 12 / 20  time:  2025-03-20 23:00:05.388725 
Batch 13 / 20  time:  2025-03-20 23:04:23.175853 
Batch 14 / 20  time:  2025-03-20 23:08:45.464823 
Batch 15 / 20  time:  2025-03-20 23:13:04.007612 
Batch 16 / 20  time:  2025-03-20 23:17:25.430074 
Batch 17 / 20  time:  2025-03-20 23:21:45.573254 
Batch 18 / 20  time:  2025-03-20 23:26:07.765975 
Batch 19 / 20  time:  2025-03-20 23:30:29.837889 
Simulation 20 has concluded at: 2025-03-20 23:34:47.958926 
Simulation 21 has began at: 2025-03-20 23:34:47.963485 
Batch 0 / 20  time:  2025-03-20 23:34:47.967568 
Batch 1 / 20  time:  2025-03-20 23:39:08.19514 
Batch 2 / 20  time:  2025-03-20 23:43:26.606605 
Batch 3 / 20  time:  2025-03-20 23:47:47.098776 
Batch 4 / 20  time:  2025-03-20 23:52:02.523173 
Batch 5 / 20  time:  2025-03-20 23:56:19.245117 
Batch 6 / 20  time:  2025-03-21 00:00:40.035957 
Batch 7 / 20  time:  2025-03-21 00:04:58.611327 
Batch 8 / 20  time:  2025-03-21 00:09:13.99004 
Batch 9 / 20  time:  2025-03-21 00:13:33.736985 
Batch 10 / 20  time:  2025-03-21 00:17:49.629282 
Batch 11 / 20  time:  2025-03-21 00:22:07.724754 
Batch 12 / 20  time:  2025-03-21 00:26:24.313895 
Batch 13 / 20  time:  2025-03-21 00:30:43.555404 
Batch 14 / 20  time:  2025-03-21 00:35:07.247505 
Batch 15 / 20  time:  2025-03-21 00:39:21.810227 
Batch 16 / 20  time:  2025-03-21 00:43:36.62745 
Batch 17 / 20  time:  2025-03-21 00:47:58.107863 
Batch 18 / 20  time:  2025-03-21 00:52:18.773268 
Batch 19 / 20  time:  2025-03-21 00:56:35.934074 
Simulation 21 has concluded at: 2025-03-21 01:00:57.287493 
Simulation 22 has began at: 2025-03-21 01:00:57.292231 
Batch 0 / 20  time:  2025-03-21 01:00:57.294553 
Batch 1 / 20  time:  2025-03-21 01:05:17.224218 
Batch 2 / 20  time:  2025-03-21 01:09:36.058924 
Batch 3 / 20  time:  2025-03-21 01:13:55.763859 
Batch 4 / 20  time:  2025-03-21 01:18:13.571409 
Batch 5 / 20  time:  2025-03-21 01:22:34.491798 
Batch 6 / 20  time:  2025-03-21 01:26:52.588885 
Batch 7 / 20  time:  2025-03-21 01:31:10.384406 
Batch 8 / 20  time:  2025-03-21 01:35:28.980783 
Batch 9 / 20  time:  2025-03-21 01:39:47.084997 
Batch 10 / 20  time:  2025-03-21 01:44:02.65625 
Batch 11 / 20  time:  2025-03-21 01:48:24.990776 
Batch 12 / 20  time:  2025-03-21 01:52:46.538915 
Batch 13 / 20  time:  2025-03-21 01:57:06.537788 
Batch 14 / 20  time:  2025-03-21 02:01:30.626 
Batch 15 / 20  time:  2025-03-21 02:05:49.848526 
Batch 16 / 20  time:  2025-03-21 02:10:11.654265 
Batch 17 / 20  time:  2025-03-21 02:14:32.129236 
Batch 18 / 20  time:  2025-03-21 02:18:56.078138 
Batch 19 / 20  time:  2025-03-21 02:23:14.150641 
Simulation 22 has concluded at: 2025-03-21 02:27:35.051186 
Simulation 23 has began at: 2025-03-21 02:27:35.056341 
Batch 0 / 20  time:  2025-03-21 02:27:35.059328 
Batch 1 / 20  time:  2025-03-21 02:31:58.98617 
Batch 2 / 20  time:  2025-03-21 02:36:18.26115 
Batch 3 / 20  time:  2025-03-21 02:40:35.222236 
Batch 4 / 20  time:  2025-03-21 02:44:51.799253 
Batch 5 / 20  time:  2025-03-21 02:49:07.542493 
Batch 6 / 20  time:  2025-03-21 02:53:24.553344 
Batch 7 / 20  time:  2025-03-21 02:57:42.029166 
Batch 8 / 20  time:  2025-03-21 03:02:01.994246 
Batch 9 / 20  time:  2025-03-21 03:06:24.380396 
Batch 10 / 20  time:  2025-03-21 03:10:48.697358 
Batch 11 / 20  time:  2025-03-21 03:15:12.448348 
Batch 12 / 20  time:  2025-03-21 03:19:31.96897 
Batch 13 / 20  time:  2025-03-21 03:23:54.026324 
Batch 14 / 20  time:  2025-03-21 03:28:10.752249 
Batch 15 / 20  time:  2025-03-21 03:32:35.672013 
Batch 16 / 20  time:  2025-03-21 03:36:57.195481 
Batch 17 / 20  time:  2025-03-21 03:41:15.832116 
Batch 18 / 20  time:  2025-03-21 03:45:38.847611 
Batch 19 / 20  time:  2025-03-21 03:50:00.514188 
Simulation 23 has concluded at: 2025-03-21 03:54:19.470218 
Simulation 24 has began at: 2025-03-21 03:54:19.486251 
Batch 0 / 20  time:  2025-03-21 03:54:19.493183 
Batch 1 / 20  time:  2025-03-21 03:58:42.426965 
Batch 2 / 20  time:  2025-03-21 04:03:08.87336 
Batch 3 / 20  time:  2025-03-21 04:07:38.872078 
Batch 4 / 20  time:  2025-03-21 04:12:00.60331 
Batch 5 / 20  time:  2025-03-21 04:16:22.444345 
Batch 6 / 20  time:  2025-03-21 04:20:46.702438 
Batch 7 / 20  time:  2025-03-21 04:25:09.051889 
Batch 8 / 20  time:  2025-03-21 04:29:32.98425 
Batch 9 / 20  time:  2025-03-21 04:33:56.839027 
Batch 10 / 20  time:  2025-03-21 04:38:14.800142 
Batch 11 / 20  time:  2025-03-21 04:42:33.228977 
Batch 12 / 20  time:  2025-03-21 04:46:51.923667 
Batch 13 / 20  time:  2025-03-21 04:51:10.802235 
Batch 14 / 20  time:  2025-03-21 04:55:31.340542 
Batch 15 / 20  time:  2025-03-21 04:59:54.646667 
Batch 16 / 20  time:  2025-03-21 05:04:14.509655 
Batch 17 / 20  time:  2025-03-21 05:08:31.47767 
Batch 18 / 20  time:  2025-03-21 05:12:50.454863 
Batch 19 / 20  time:  2025-03-21 05:17:09.14382 
Simulation 24 has concluded at: 2025-03-21 05:21:27.032681 
Simulation 25 has began at: 2025-03-21 05:21:27.056529 
Batch 0 / 20  time:  2025-03-21 05:21:27.058917 
Batch 1 / 20  time:  2025-03-21 05:25:46.828171 
Batch 2 / 20  time:  2025-03-21 05:30:11.057563 
Batch 3 / 20  time:  2025-03-21 05:34:32.818697 
Batch 4 / 20  time:  2025-03-21 05:38:54.301277 
Batch 5 / 20  time:  2025-03-21 05:43:11.432851 
Batch 6 / 20  time:  2025-03-21 05:47:27.811891 
Batch 7 / 20  time:  2025-03-21 05:51:48.704704 
Batch 8 / 20  time:  2025-03-21 05:56:11.493568 
Batch 9 / 20  time:  2025-03-21 06:00:32.502624 
Batch 10 / 20  time:  2025-03-21 06:04:52.664535 
Batch 11 / 20  time:  2025-03-21 06:09:11.665879 
Batch 12 / 20  time:  2025-03-21 06:13:30.880939 
Batch 13 / 20  time:  2025-03-21 06:17:53.24045 
Batch 14 / 20  time:  2025-03-21 06:22:17.275148 
Batch 15 / 20  time:  2025-03-21 06:26:34.351494 
Batch 16 / 20  time:  2025-03-21 06:30:52.389655 
Batch 17 / 20  time:  2025-03-21 06:35:12.04676 
Batch 18 / 20  time:  2025-03-21 06:39:29.522651 
Batch 19 / 20  time:  2025-03-21 06:43:47.037181 
Simulation 25 has concluded at: 2025-03-21 06:48:03.43067 
Simulation 26 has began at: 2025-03-21 06:48:03.446995 
Batch 0 / 20  time:  2025-03-21 06:48:03.44934 
Batch 1 / 20  time:  2025-03-21 06:52:20.601479 
Batch 2 / 20  time:  2025-03-21 06:56:41.933021 
Batch 3 / 20  time:  2025-03-21 07:00:59.775446 
Batch 4 / 20  time:  2025-03-21 07:05:22.681636 
Batch 5 / 20  time:  2025-03-21 07:09:46.530371 
Batch 6 / 20  time:  2025-03-21 07:14:09.508204 
Batch 7 / 20  time:  2025-03-21 07:18:31.677528 
Batch 8 / 20  time:  2025-03-21 07:22:46.671921 
Batch 9 / 20  time:  2025-03-21 07:27:00.023113 
Batch 10 / 20  time:  2025-03-21 07:31:15.777103 
Batch 11 / 20  time:  2025-03-21 07:35:31.377219 
Batch 12 / 20  time:  2025-03-21 07:39:46.981091 
Batch 13 / 20  time:  2025-03-21 07:44:04.394525 
Batch 14 / 20  time:  2025-03-21 07:48:24.232349 
Batch 15 / 20  time:  2025-03-21 07:52:42.265336 
Batch 16 / 20  time:  2025-03-21 07:57:01.134334 
Batch 17 / 20  time:  2025-03-21 08:01:19.835888 
Batch 18 / 20  time:  2025-03-21 08:05:36.648781 
Batch 19 / 20  time:  2025-03-21 08:09:53.17564 
Simulation 26 has concluded at: 2025-03-21 08:14:10.616054 
Simulation 27 has began at: 2025-03-21 08:14:10.621626 
Batch 0 / 20  time:  2025-03-21 08:14:10.624738 
Batch 1 / 20  time:  2025-03-21 08:18:26.526118 
Batch 2 / 20  time:  2025-03-21 08:22:42.003538 
Batch 3 / 20  time:  2025-03-21 08:26:58.814384 
Batch 4 / 20  time:  2025-03-21 08:31:17.019559 
Batch 5 / 20  time:  2025-03-21 08:35:33.055995 
Batch 6 / 20  time:  2025-03-21 08:39:48.764632 
Batch 7 / 20  time:  2025-03-21 08:44:03.685143 
Batch 8 / 20  time:  2025-03-21 08:48:21.423889 
Batch 9 / 20  time:  2025-03-21 08:52:38.417293 
Batch 10 / 20  time:  2025-03-21 08:56:53.040236 
Batch 11 / 20  time:  2025-03-21 09:01:07.994699 
Batch 12 / 20  time:  2025-03-21 09:05:26.665479 
Batch 13 / 20  time:  2025-03-21 09:09:43.582151 
Batch 14 / 20  time:  2025-03-21 09:14:00.349206 
Batch 15 / 20  time:  2025-03-21 09:18:21.181519 
Batch 16 / 20  time:  2025-03-21 09:22:43.440682 
Batch 17 / 20  time:  2025-03-21 09:27:02.763755 
Batch 18 / 20  time:  2025-03-21 09:31:20.315609 
Batch 19 / 20  time:  2025-03-21 09:35:36.942724 
Simulation 27 has concluded at: 2025-03-21 09:39:53.614746 
Simulation 28 has began at: 2025-03-21 09:39:53.648577 
Batch 0 / 20  time:  2025-03-21 09:39:53.651156 
Batch 1 / 20  time:  2025-03-21 09:44:14.35901 
Batch 2 / 20  time:  2025-03-21 09:48:41.801969 
Batch 3 / 20  time:  2025-03-21 09:53:03.996866 
Batch 4 / 20  time:  2025-03-21 09:57:26.531749 
Batch 5 / 20  time:  2025-03-21 10:01:52.112022 
Batch 6 / 20  time:  2025-03-21 10:06:11.435654 
Batch 7 / 20  time:  2025-03-21 10:10:27.752373 
Batch 8 / 20  time:  2025-03-21 10:14:46.895525 
Batch 9 / 20  time:  2025-03-21 10:19:12.288351 
Batch 10 / 20  time:  2025-03-21 10:23:35.477862 
Batch 11 / 20  time:  2025-03-21 10:28:01.532007 
Batch 12 / 20  time:  2025-03-21 10:32:21.412184 
Batch 13 / 20  time:  2025-03-21 10:36:37.490385 
Batch 14 / 20  time:  2025-03-21 10:40:56.514591 
Batch 15 / 20  time:  2025-03-21 10:45:14.565511 
Batch 16 / 20  time:  2025-03-21 10:49:38.893423 
Batch 17 / 20  time:  2025-03-21 10:53:57.30266 
Batch 18 / 20  time:  2025-03-21 10:58:15.274297 
Batch 19 / 20  time:  2025-03-21 11:02:41.724192 
Simulation 28 has concluded at: 2025-03-21 11:07:00.65332 
Simulation 29 has began at: 2025-03-21 11:07:00.685715 
Batch 0 / 20  time:  2025-03-21 11:07:00.689042 
Batch 1 / 20  time:  2025-03-21 11:11:19.804718 
Batch 2 / 20  time:  2025-03-21 11:15:36.581231 
Batch 3 / 20  time:  2025-03-21 11:20:02.10543 
Batch 4 / 20  time:  2025-03-21 11:24:20.652393 
Batch 5 / 20  time:  2025-03-21 11:28:39.62676 
Batch 6 / 20  time:  2025-03-21 11:33:00.96475 
Batch 7 / 20  time:  2025-03-21 11:37:24.564515 
Batch 8 / 20  time:  2025-03-21 11:41:49.883336 
Batch 9 / 20  time:  2025-03-21 11:46:09.749937 
Batch 10 / 20  time:  2025-03-21 11:50:32.548195 
Batch 11 / 20  time:  2025-03-21 11:54:54.386794 
Batch 12 / 20  time:  2025-03-21 11:59:14.942175 
Batch 13 / 20  time:  2025-03-21 12:03:34.40269 
Batch 14 / 20  time:  2025-03-21 12:07:53.223709 
Batch 15 / 20  time:  2025-03-21 12:12:13.14722 
Batch 16 / 20  time:  2025-03-21 12:16:30.89034 
Batch 17 / 20  time:  2025-03-21 12:20:47.227709 
Batch 18 / 20  time:  2025-03-21 12:25:04.223603 
Batch 19 / 20  time:  2025-03-21 12:29:21.635713 
Simulation 29 has concluded at: 2025-03-21 12:33:40.68985 
Simulation 30 has began at: 2025-03-21 12:33:40.715632 
Batch 0 / 20  time:  2025-03-21 12:33:40.718293 
Batch 1 / 20  time:  2025-03-21 12:37:58.100255 
Batch 2 / 20  time:  2025-03-21 12:42:16.551825 
Batch 3 / 20  time:  2025-03-21 12:46:40.913731 
Batch 4 / 20  time:  2025-03-21 12:51:02.099104 
Batch 5 / 20  time:  2025-03-21 12:55:23.255552 
Batch 6 / 20  time:  2025-03-21 12:59:46.029219 
Batch 7 / 20  time:  2025-03-21 13:04:09.366223 
Batch 8 / 20  time:  2025-03-21 13:08:28.359997 
Batch 9 / 20  time:  2025-03-21 13:12:44.154762 
Batch 10 / 20  time:  2025-03-21 13:17:03.205135 
Batch 11 / 20  time:  2025-03-21 13:21:20.911937 
Batch 12 / 20  time:  2025-03-21 13:25:35.908525 
Batch 13 / 20  time:  2025-03-21 13:29:53.492537 
Batch 14 / 20  time:  2025-03-21 13:34:12.996298 
Batch 15 / 20  time:  2025-03-21 13:38:31.265255 
Batch 16 / 20  time:  2025-03-21 13:42:54.739792 
Batch 17 / 20  time:  2025-03-21 13:47:13.071819 
Batch 18 / 20  time:  2025-03-21 13:51:32.016166 
Batch 19 / 20  time:  2025-03-21 13:55:48.662522 
Simulation 30 has concluded at: 2025-03-21 14:00:13.200424 
Simulation 31 has began at: 2025-03-21 14:00:13.222891 
Batch 0 / 20  time:  2025-03-21 14:00:13.225194 
Batch 1 / 20  time:  2025-03-21 14:04:34.375223 
Batch 2 / 20  time:  2025-03-21 14:08:53.303172 
Batch 3 / 20  time:  2025-03-21 14:13:10.000552 
Batch 4 / 20  time:  2025-03-21 14:17:28.279683 
Batch 5 / 20  time:  2025-03-21 14:21:54.063062 
Batch 6 / 20  time:  2025-03-21 14:26:13.195105 
Batch 7 / 20  time:  2025-03-21 14:30:30.386358 
Batch 8 / 20  time:  2025-03-21 14:34:47.129197 
Batch 9 / 20  time:  2025-03-21 14:39:06.347111 
Batch 10 / 20  time:  2025-03-21 14:43:24.72455 
Batch 11 / 20  time:  2025-03-21 14:47:46.717177 
Batch 12 / 20  time:  2025-03-21 14:52:10.906698 
Batch 13 / 20  time:  2025-03-21 14:56:27.902923 
Batch 14 / 20  time:  2025-03-21 15:00:45.525597 
Batch 15 / 20  time:  2025-03-21 15:05:07.127119 
Batch 16 / 20  time:  2025-03-21 15:09:25.587275 
Batch 17 / 20  time:  2025-03-21 15:13:42.758766 
Batch 18 / 20  time:  2025-03-21 15:18:00.435527 
Batch 19 / 20  time:  2025-03-21 15:22:16.0068 
Simulation 31 has concluded at: 2025-03-21 15:26:33.282047 
Simulation 32 has began at: 2025-03-21 15:26:33.288623 
Batch 0 / 20  time:  2025-03-21 15:26:33.290921 
Batch 1 / 20  time:  2025-03-21 15:30:48.466073 
Batch 2 / 20  time:  2025-03-21 15:35:03.771457 
Batch 3 / 20  time:  2025-03-21 15:39:18.353009 
Batch 4 / 20  time:  2025-03-21 15:43:32.376387 
Batch 5 / 20  time:  2025-03-21 15:47:47.403665 
Batch 6 / 20  time:  2025-03-21 15:52:02.815949 
Batch 7 / 20  time:  2025-03-21 15:56:26.832565 
Batch 8 / 20  time:  2025-03-21 16:00:45.258158 
Batch 9 / 20  time:  2025-03-21 16:05:07.246544 
Batch 10 / 20  time:  2025-03-21 16:09:25.074908 
Batch 11 / 20  time:  2025-03-21 16:13:40.733695 
Batch 12 / 20  time:  2025-03-21 16:18:06.891912 
Batch 13 / 20  time:  2025-03-21 16:22:22.294846 
Batch 14 / 20  time:  2025-03-21 16:26:39.381336 
Batch 15 / 20  time:  2025-03-21 16:30:54.883948 
Batch 16 / 20  time:  2025-03-21 16:35:12.621427 
Batch 17 / 20  time:  2025-03-21 16:39:29.891504 
Batch 18 / 20  time:  2025-03-21 16:43:45.560096 
Batch 19 / 20  time:  2025-03-21 16:48:03.089212 
Simulation 32 has concluded at: 2025-03-21 16:52:18.464775 
Simulation 33 has began at: 2025-03-21 16:52:18.471723 
Batch 0 / 20  time:  2025-03-21 16:52:18.504636 
Batch 1 / 20  time:  2025-03-21 16:56:37.934103 
Batch 2 / 20  time:  2025-03-21 17:00:54.745913 
Batch 3 / 20  time:  2025-03-21 17:05:12.334488 
Batch 4 / 20  time:  2025-03-21 17:09:28.291144 
Batch 5 / 20  time:  2025-03-21 17:13:51.306439 
Batch 6 / 20  time:  2025-03-21 17:18:06.163711 
Batch 7 / 20  time:  2025-03-21 17:22:23.681176 
Batch 8 / 20  time:  2025-03-21 17:26:39.169178 
Batch 9 / 20  time:  2025-03-21 17:30:54.308608 
Batch 10 / 20  time:  2025-03-21 17:35:08.279132 
Batch 11 / 20  time:  2025-03-21 17:39:22.226137 
Batch 12 / 20  time:  2025-03-21 17:43:38.399076 
Batch 13 / 20  time:  2025-03-21 17:47:52.353756 
Batch 14 / 20  time:  2025-03-21 17:52:07.031346 
Batch 15 / 20  time:  2025-03-21 17:56:21.223736 
Batch 16 / 20  time:  2025-03-21 18:00:36.740077 
Batch 17 / 20  time:  2025-03-21 18:04:53.041363 
Batch 18 / 20  time:  2025-03-21 18:09:08.974293 
Batch 19 / 20  time:  2025-03-21 18:13:23.015129 
Simulation 33 has concluded at: 2025-03-21 18:17:44.867479 
Simulation 34 has began at: 2025-03-21 18:17:44.874224 
Batch 0 / 20  time:  2025-03-21 18:17:44.876878 
Batch 1 / 20  time:  2025-03-21 18:22:00.098253 
Batch 2 / 20  time:  2025-03-21 18:26:16.764926 
Batch 3 / 20  time:  2025-03-21 18:30:38.636846 
Batch 4 / 20  time:  2025-03-21 18:34:54.971853 
Batch 5 / 20  time:  2025-03-21 18:39:10.897714 
Batch 6 / 20  time:  2025-03-21 18:43:29.045412 
Batch 7 / 20  time:  2025-03-21 18:47:48.341863 
Batch 8 / 20  time:  2025-03-21 18:52:10.096459 
Batch 9 / 20  time:  2025-03-21 18:56:27.993861 
Batch 10 / 20  time:  2025-03-21 19:00:46.965787 
Batch 11 / 20  time:  2025-03-21 19:05:03.189978 
Batch 12 / 20  time:  2025-03-21 19:09:20.122483 
Batch 13 / 20  time:  2025-03-21 19:13:36.157544 
Batch 14 / 20  time:  2025-03-21 19:17:50.929227 
Batch 15 / 20  time:  2025-03-21 19:22:13.084027 
Batch 16 / 20  time:  2025-03-21 19:26:33.244754 
Batch 17 / 20  time:  2025-03-21 19:30:48.545493 
Batch 18 / 20  time:  2025-03-21 19:35:03.988778 
Batch 19 / 20  time:  2025-03-21 19:39:19.535865 
Simulation 34 has concluded at: 2025-03-21 19:43:35.128769 
Simulation 35 has began at: 2025-03-21 19:43:35.164353 
Batch 0 / 20  time:  2025-03-21 19:43:35.166909 
Batch 1 / 20  time:  2025-03-21 19:47:52.471202 
Batch 2 / 20  time:  2025-03-21 19:52:07.69561 
Batch 3 / 20  time:  2025-03-21 19:56:24.086474 
Batch 4 / 20  time:  2025-03-21 20:00:39.859861 
Batch 5 / 20  time:  2025-03-21 20:04:56.357354 
Batch 6 / 20  time:  2025-03-21 20:09:14.588556 
Batch 7 / 20  time:  2025-03-21 20:13:29.065943 
Batch 8 / 20  time:  2025-03-21 20:17:43.860635 
Batch 9 / 20  time:  2025-03-21 20:21:59.052782 
Batch 10 / 20  time:  2025-03-21 20:26:13.273681 
Batch 11 / 20  time:  2025-03-21 20:30:27.658655 
Batch 12 / 20  time:  2025-03-21 20:34:43.582638 
Batch 13 / 20  time:  2025-03-21 20:38:58.376883 
Batch 14 / 20  time:  2025-03-21 20:43:15.608545 
Batch 15 / 20  time:  2025-03-21 20:47:32.131066 
Batch 16 / 20  time:  2025-03-21 20:51:51.893062 
Batch 17 / 20  time:  2025-03-21 20:56:08.448531 
Batch 18 / 20  time:  2025-03-21 21:00:24.312544 
Batch 19 / 20  time:  2025-03-21 21:04:39.722833 
Simulation 35 has concluded at: 2025-03-21 21:08:54.824018 
Simulation 36 has began at: 2025-03-21 21:08:54.83108 
Batch 0 / 20  time:  2025-03-21 21:08:54.833401 
Batch 1 / 20  time:  2025-03-21 21:13:09.441089 
Batch 2 / 20  time:  2025-03-21 21:17:23.72331 
Batch 3 / 20  time:  2025-03-21 21:21:48.033829 
Batch 4 / 20  time:  2025-03-21 21:26:07.617599 
Batch 5 / 20  time:  2025-03-21 21:30:29.366771 
Batch 6 / 20  time:  2025-03-21 21:34:47.11998 
Batch 7 / 20  time:  2025-03-21 21:39:07.745932 
Batch 8 / 20  time:  2025-03-21 21:43:28.911595 
Batch 9 / 20  time:  2025-03-21 21:47:51.762594 
Batch 10 / 20  time:  2025-03-21 21:52:15.014615 
Batch 11 / 20  time:  2025-03-21 21:56:36.740236 
Batch 12 / 20  time:  2025-03-21 22:00:58.078229 
Batch 13 / 20  time:  2025-03-21 22:05:20.902784 
Batch 14 / 20  time:  2025-03-21 22:09:42.928393 
Batch 15 / 20  time:  2025-03-21 22:14:04.204731 
Batch 16 / 20  time:  2025-03-21 22:18:21.451997 
Batch 17 / 20  time:  2025-03-21 22:22:43.564505 
Batch 18 / 20  time:  2025-03-21 22:27:08.143013 
Batch 19 / 20  time:  2025-03-21 22:31:26.13742 
Simulation 36 has concluded at: 2025-03-21 22:35:48.041997 
Simulation 37 has began at: 2025-03-21 22:35:48.049332 
Batch 0 / 20  time:  2025-03-21 22:35:48.051908 
Batch 1 / 20  time:  2025-03-21 22:40:04.46645 
Batch 2 / 20  time:  2025-03-21 22:44:24.732159 
Batch 3 / 20  time:  2025-03-21 22:48:41.844467 
Batch 4 / 20  time:  2025-03-21 22:53:00.652645 
Batch 5 / 20  time:  2025-03-21 22:57:17.824385 
Batch 6 / 20  time:  2025-03-21 23:01:35.480237 
Batch 7 / 20  time:  2025-03-21 23:05:52.657364 
Batch 8 / 20  time:  2025-03-21 23:10:09.553076 
Batch 9 / 20  time:  2025-03-21 23:14:25.673778 
Batch 10 / 20  time:  2025-03-21 23:18:44.898831 
Batch 11 / 20  time:  2025-03-21 23:23:01.050385 
Batch 12 / 20  time:  2025-03-21 23:27:18.847159 
Batch 13 / 20  time:  2025-03-21 23:31:36.337738 
Batch 14 / 20  time:  2025-03-21 23:35:53.120528 
Batch 15 / 20  time:  2025-03-21 23:40:07.636645 
Batch 16 / 20  time:  2025-03-21 23:44:24.209122 
Batch 17 / 20  time:  2025-03-21 23:48:39.450674 
Batch 18 / 20  time:  2025-03-21 23:52:54.420995 
Batch 19 / 20  time:  2025-03-21 23:57:09.435469 
Simulation 37 has concluded at: 2025-03-22 00:01:28.926486 
Simulation 38 has began at: 2025-03-22 00:01:28.933682 
Batch 0 / 20  time:  2025-03-22 00:01:28.936017 
Batch 1 / 20  time:  2025-03-22 00:05:48.425615 
Batch 2 / 20  time:  2025-03-22 00:10:08.652637 
Batch 3 / 20  time:  2025-03-22 00:14:29.405223 
Batch 4 / 20  time:  2025-03-22 00:18:44.159257 
Batch 5 / 20  time:  2025-03-22 00:22:59.815879 
Batch 6 / 20  time:  2025-03-22 00:27:16.726744 
Batch 7 / 20  time:  2025-03-22 00:31:31.338228 
Batch 8 / 20  time:  2025-03-22 00:35:47.921884 
Batch 9 / 20  time:  2025-03-22 00:40:02.216673 
Batch 10 / 20  time:  2025-03-22 00:44:17.827015 
Batch 11 / 20  time:  2025-03-22 00:48:32.425529 
Batch 12 / 20  time:  2025-03-22 00:52:48.2007 
Batch 13 / 20  time:  2025-03-22 00:57:02.066234 
Batch 14 / 20  time:  2025-03-22 01:01:18.745529 
Batch 15 / 20  time:  2025-03-22 01:05:35.527688 
Batch 16 / 20  time:  2025-03-22 01:09:56.417946 
Batch 17 / 20  time:  2025-03-22 01:14:11.98617 
Batch 18 / 20  time:  2025-03-22 01:18:27.454431 
Batch 19 / 20  time:  2025-03-22 01:22:42.225563 
Simulation 38 has concluded at: 2025-03-22 01:27:00.017903 
Simulation 39 has began at: 2025-03-22 01:27:00.025606 
Batch 0 / 20  time:  2025-03-22 01:27:00.02819 
Batch 1 / 20  time:  2025-03-22 01:31:19.863966 
Batch 2 / 20  time:  2025-03-22 01:35:34.815181 
Batch 3 / 20  time:  2025-03-22 01:39:49.705773 
Batch 4 / 20  time:  2025-03-22 01:44:06.317731 
Batch 5 / 20  time:  2025-03-22 01:48:20.79206 
Batch 6 / 20  time:  2025-03-22 01:52:38.293044 
Batch 7 / 20  time:  2025-03-22 01:56:53.246698 
Batch 8 / 20  time:  2025-03-22 02:01:08.694046 
Batch 9 / 20  time:  2025-03-22 02:05:24.500312 
Batch 10 / 20  time:  2025-03-22 02:09:40.448931 
Batch 11 / 20  time:  2025-03-22 02:13:54.395602 
Batch 12 / 20  time:  2025-03-22 02:18:14.28646 
Batch 13 / 20  time:  2025-03-22 02:22:34.938945 
Batch 14 / 20  time:  2025-03-22 02:26:48.764163 
Batch 15 / 20  time:  2025-03-22 02:31:04.196078 
Batch 16 / 20  time:  2025-03-22 02:35:22.460205 
Batch 17 / 20  time:  2025-03-22 02:39:37.489394 
Batch 18 / 20  time:  2025-03-22 02:43:53.558077 
Batch 19 / 20  time:  2025-03-22 02:48:14.930468 
Simulation 39 has concluded at: 2025-03-22 02:52:33.957113 
Simulation 40 has began at: 2025-03-22 02:52:33.964908 
Batch 0 / 20  time:  2025-03-22 02:52:33.967393 
Batch 1 / 20  time:  2025-03-22 02:56:52.884419 
Batch 2 / 20  time:  2025-03-22 03:01:09.04248 
Batch 3 / 20  time:  2025-03-22 03:05:24.114278 
Batch 4 / 20  time:  2025-03-22 03:09:40.118048 
Batch 5 / 20  time:  2025-03-22 03:13:54.83877 
Batch 6 / 20  time:  2025-03-22 03:18:10.949766 
Batch 7 / 20  time:  2025-03-22 03:22:26.575647 
Batch 8 / 20  time:  2025-03-22 03:26:41.670436 
Batch 9 / 20  time:  2025-03-22 03:30:58.130168 
Batch 10 / 20  time:  2025-03-22 03:35:20.314202 
Batch 11 / 20  time:  2025-03-22 03:39:37.771314 
Batch 12 / 20  time:  2025-03-22 03:43:53.879657 
Batch 13 / 20  time:  2025-03-22 03:48:16.572884 
Batch 14 / 20  time:  2025-03-22 03:52:36.365007 
Batch 15 / 20  time:  2025-03-22 03:56:55.620041 
Batch 16 / 20  time:  2025-03-22 04:01:12.193455 
Batch 17 / 20  time:  2025-03-22 04:05:28.233495 
Batch 18 / 20  time:  2025-03-22 04:09:43.197301 
Batch 19 / 20  time:  2025-03-22 04:14:00.968128 
Simulation 40 has concluded at: 2025-03-22 04:18:18.902637 
Simulation 41 has began at: 2025-03-22 04:18:18.910507 
Batch 0 / 20  time:  2025-03-22 04:18:18.912945 
Batch 1 / 20  time:  2025-03-22 04:22:33.187571 
Batch 2 / 20  time:  2025-03-22 04:26:52.075649 
Batch 3 / 20  time:  2025-03-22 04:31:09.461752 
Batch 4 / 20  time:  2025-03-22 04:35:25.494419 
Batch 5 / 20  time:  2025-03-22 04:39:40.514392 
Batch 6 / 20  time:  2025-03-22 04:43:56.676315 
Batch 7 / 20  time:  2025-03-22 04:48:11.150072 
Batch 8 / 20  time:  2025-03-22 04:52:32.221328 
Batch 9 / 20  time:  2025-03-22 04:56:55.208784 
Batch 10 / 20  time:  2025-03-22 05:01:22.356592 
Batch 11 / 20  time:  2025-03-22 05:05:46.842165 
Batch 12 / 20  time:  2025-03-22 05:10:05.576967 
Batch 13 / 20  time:  2025-03-22 05:14:28.51745 
Batch 14 / 20  time:  2025-03-22 05:18:44.996378 
Batch 15 / 20  time:  2025-03-22 05:22:59.537159 
Batch 16 / 20  time:  2025-03-22 05:27:13.571427 
Batch 17 / 20  time:  2025-03-22 05:31:29.182994 
Batch 18 / 20  time:  2025-03-22 05:35:45.392534 
Batch 19 / 20  time:  2025-03-22 05:39:59.020604 
Simulation 41 has concluded at: 2025-03-22 05:44:14.881361 
Simulation 42 has began at: 2025-03-22 05:44:14.889627 
Batch 0 / 20  time:  2025-03-22 05:44:14.892261 
Batch 1 / 20  time:  2025-03-22 05:48:30.131559 
Batch 2 / 20  time:  2025-03-22 05:52:44.507371 
Batch 3 / 20  time:  2025-03-22 05:56:58.575123 
Batch 4 / 20  time:  2025-03-22 06:01:15.846505 
Batch 5 / 20  time:  2025-03-22 06:05:35.514399 
Batch 6 / 20  time:  2025-03-22 06:09:52.403176 
Batch 7 / 20  time:  2025-03-22 06:14:11.332662 
Batch 8 / 20  time:  2025-03-22 06:18:31.704241 
Batch 9 / 20  time:  2025-03-22 06:22:51.83611 
Batch 10 / 20  time:  2025-03-22 06:27:13.731005 
Batch 11 / 20  time:  2025-03-22 06:31:31.453385 
Batch 12 / 20  time:  2025-03-22 06:35:47.832498 
Batch 13 / 20  time:  2025-03-22 06:40:10.190007 
Batch 14 / 20  time:  2025-03-22 06:44:24.755828 
Batch 15 / 20  time:  2025-03-22 06:48:40.300369 
Batch 16 / 20  time:  2025-03-22 06:52:55.475331 
Batch 17 / 20  time:  2025-03-22 06:57:10.172787 
Batch 18 / 20  time:  2025-03-22 07:01:28.32502 
Batch 19 / 20  time:  2025-03-22 07:05:49.9307 
Simulation 42 has concluded at: 2025-03-22 07:10:07.725078 
Simulation 43 has began at: 2025-03-22 07:10:07.764565 
Batch 0 / 20  time:  2025-03-22 07:10:07.769187 
Batch 1 / 20  time:  2025-03-22 07:14:24.107858 
Batch 2 / 20  time:  2025-03-22 07:18:48.134026 
Batch 3 / 20  time:  2025-03-22 07:23:08.293119 
Batch 4 / 20  time:  2025-03-22 07:27:26.411656 
Batch 5 / 20  time:  2025-03-22 07:31:47.101783 
Batch 6 / 20  time:  2025-03-22 07:36:04.873197 
Batch 7 / 20  time:  2025-03-22 07:40:21.255449 
Batch 8 / 20  time:  2025-03-22 07:44:45.321372 
Batch 9 / 20  time:  2025-03-22 07:49:02.503421 
Batch 10 / 20  time:  2025-03-22 07:53:19.174323 
Batch 11 / 20  time:  2025-03-22 07:57:35.978324 
Batch 12 / 20  time:  2025-03-22 08:01:52.814104 
Batch 13 / 20  time:  2025-03-22 08:06:11.591703 
Batch 14 / 20  time:  2025-03-22 08:10:32.966874 
Batch 15 / 20  time:  2025-03-22 08:14:51.225304 
Batch 16 / 20  time:  2025-03-22 08:19:11.550643 
Batch 17 / 20  time:  2025-03-22 08:23:31.358661 
Batch 18 / 20  time:  2025-03-22 08:27:47.393718 
Batch 19 / 20  time:  2025-03-22 08:32:03.942982 
Simulation 43 has concluded at: 2025-03-22 08:36:20.709347 
Simulation 44 has began at: 2025-03-22 08:36:20.717494 
Batch 0 / 20  time:  2025-03-22 08:36:20.719838 
Batch 1 / 20  time:  2025-03-22 08:40:37.320171 
Batch 2 / 20  time:  2025-03-22 08:44:55.296873 
Batch 3 / 20  time:  2025-03-22 08:49:10.484192 
Batch 4 / 20  time:  2025-03-22 08:53:26.721349 
Batch 5 / 20  time:  2025-03-22 08:57:42.099774 
Batch 6 / 20  time:  2025-03-22 09:01:57.540496 
Batch 7 / 20  time:  2025-03-22 09:06:12.908687 
Batch 8 / 20  time:  2025-03-22 09:10:28.986686 
Batch 9 / 20  time:  2025-03-22 09:14:44.071818 
Batch 10 / 20  time:  2025-03-22 09:18:59.717248 
Batch 11 / 20  time:  2025-03-22 09:23:24.252845 
Batch 12 / 20  time:  2025-03-22 09:27:41.044754 
Batch 13 / 20  time:  2025-03-22 09:31:56.40861 
Batch 14 / 20  time:  2025-03-22 09:36:13.206483 
Batch 15 / 20  time:  2025-03-22 09:40:27.749201 
Batch 16 / 20  time:  2025-03-22 09:44:42.984834 
Batch 17 / 20  time:  2025-03-22 09:48:58.112524 
Batch 18 / 20  time:  2025-03-22 09:53:13.029431 
Batch 19 / 20  time:  2025-03-22 09:57:27.51391 
Simulation 44 has concluded at: 2025-03-22 10:01:44.297917 
Simulation 45 has began at: 2025-03-22 10:01:44.306389 
Batch 0 / 20  time:  2025-03-22 10:01:44.308779 
Batch 1 / 20  time:  2025-03-22 10:06:01.811269 
Batch 2 / 20  time:  2025-03-22 10:10:20.161108 
Batch 3 / 20  time:  2025-03-22 10:14:37.526109 
