Wed Mar 19 18:59:16 -05 2025: Cargando módulo python/3.6.0_miniconda-4.3.11_gcc-11.2.0
Wed Mar 19 18:59:16 -05 2025: activando venv abc4sfa
Wed Mar 19 18:59:16 -05 2025: Ejecutando Rscript negacion_empirica/jobs/main_id=s14.R
Simulation 1 has began at: 2025-03-19 18:57:42.82936 
Batch 0 / 20  time:  2025-03-19 18:57:42.831709 
Batch 1 / 20  time:  2025-03-19 19:02:19.011017 
Batch 2 / 20  time:  2025-03-19 19:06:56.238213 
Batch 3 / 20  time:  2025-03-19 19:11:30.970875 
Batch 4 / 20  time:  2025-03-19 19:16:04.752734 
Batch 5 / 20  time:  2025-03-19 19:20:38.610077 
Batch 6 / 20  time:  2025-03-19 19:25:15.340441 
Batch 7 / 20  time:  2025-03-19 19:29:48.868181 
Batch 8 / 20  time:  2025-03-19 19:34:25.485556 
Batch 9 / 20  time:  2025-03-19 19:38:58.355258 
Batch 10 / 20  time:  2025-03-19 19:43:31.159008 
Batch 11 / 20  time:  2025-03-19 19:48:06.094681 
Batch 12 / 20  time:  2025-03-19 19:52:37.895487 
Batch 13 / 20  time:  2025-03-19 19:57:11.441946 
Batch 14 / 20  time:  2025-03-19 20:01:44.491099 
Batch 15 / 20  time:  2025-03-19 20:06:20.158996 
Batch 16 / 20  time:  2025-03-19 20:10:51.957655 
Batch 17 / 20  time:  2025-03-19 20:15:25.207382 
Batch 18 / 20  time:  2025-03-19 20:20:01.716156 
Batch 19 / 20  time:  2025-03-19 20:24:36.545624 
Simulation 1 has concluded at: 2025-03-19 20:29:11.28582 
Simulation 2 has began at: 2025-03-19 20:29:11.288768 
Batch 0 / 20  time:  2025-03-19 20:29:11.336393 
Batch 1 / 20  time:  2025-03-19 20:33:45.005283 
Batch 2 / 20  time:  2025-03-19 20:38:16.580377 
Batch 3 / 20  time:  2025-03-19 20:42:46.693204 
Batch 4 / 20  time:  2025-03-19 20:47:13.699985 
Batch 5 / 20  time:  2025-03-19 20:51:43.717421 
Batch 6 / 20  time:  2025-03-19 20:56:14.492565 
Batch 7 / 20  time:  2025-03-19 21:00:45.725892 
Batch 8 / 20  time:  2025-03-19 21:05:17.163966 
Batch 9 / 20  time:  2025-03-19 21:09:46.438594 
Batch 10 / 20  time:  2025-03-19 21:14:12.260258 
Batch 11 / 20  time:  2025-03-19 21:18:40.766318 
Batch 12 / 20  time:  2025-03-19 21:23:09.373837 
Batch 13 / 20  time:  2025-03-19 21:27:33.749471 
Batch 14 / 20  time:  2025-03-19 21:32:01.304709 
Batch 15 / 20  time:  2025-03-19 21:36:27.955961 
Batch 16 / 20  time:  2025-03-19 21:40:53.094089 
Batch 17 / 20  time:  2025-03-19 21:45:19.083214 
Batch 18 / 20  time:  2025-03-19 21:49:46.383388 
Batch 19 / 20  time:  2025-03-19 21:54:12.800138 
Simulation 2 has concluded at: 2025-03-19 21:58:37.288339 
Simulation 3 has began at: 2025-03-19 21:58:37.290533 
Batch 0 / 20  time:  2025-03-19 21:58:37.311802 
Batch 1 / 20  time:  2025-03-19 22:03:03.503597 
Batch 2 / 20  time:  2025-03-19 22:07:31.306267 
Batch 3 / 20  time:  2025-03-19 22:11:56.096105 
Batch 4 / 20  time:  2025-03-19 22:16:21.541231 
Batch 5 / 20  time:  2025-03-19 22:20:46.207561 
Batch 6 / 20  time:  2025-03-19 22:25:11.040782 
Batch 7 / 20  time:  2025-03-19 22:29:37.08142 
Batch 8 / 20  time:  2025-03-19 22:34:02.280071 
Batch 9 / 20  time:  2025-03-19 22:38:28.905454 
Batch 10 / 20  time:  2025-03-19 22:42:54.210969 
Batch 11 / 20  time:  2025-03-19 22:47:17.752704 
Batch 12 / 20  time:  2025-03-19 22:51:41.747399 
Batch 13 / 20  time:  2025-03-19 22:56:06.661156 
Batch 14 / 20  time:  2025-03-19 23:00:30.277097 
Batch 15 / 20  time:  2025-03-19 23:04:55.417892 
Batch 16 / 20  time:  2025-03-19 23:09:19.964944 
Batch 17 / 20  time:  2025-03-19 23:13:45.098453 
Batch 18 / 20  time:  2025-03-19 23:18:09.082555 
Batch 19 / 20  time:  2025-03-19 23:22:34.322639 
Simulation 3 has concluded at: 2025-03-19 23:26:56.868988 
Simulation 4 has began at: 2025-03-19 23:26:56.871395 
Batch 0 / 20  time:  2025-03-19 23:26:56.877613 
Batch 1 / 20  time:  2025-03-19 23:31:21.764156 
Batch 2 / 20  time:  2025-03-19 23:35:46.853263 
Batch 3 / 20  time:  2025-03-19 23:40:11.10173 
Batch 4 / 20  time:  2025-03-19 23:44:37.50439 
Batch 5 / 20  time:  2025-03-19 23:49:05.033519 
Batch 6 / 20  time:  2025-03-19 23:53:39.908225 
Batch 7 / 20  time:  2025-03-19 23:58:06.536346 
Batch 8 / 20  time:  2025-03-20 00:02:33.155174 
Batch 9 / 20  time:  2025-03-20 00:06:56.596936 
Batch 10 / 20  time:  2025-03-20 00:11:21.822523 
Batch 11 / 20  time:  2025-03-20 00:15:47.85589 
Batch 12 / 20  time:  2025-03-20 00:20:13.095484 
Batch 13 / 20  time:  2025-03-20 00:24:38.571067 
Batch 14 / 20  time:  2025-03-20 00:29:02.64781 
Batch 15 / 20  time:  2025-03-20 00:33:25.566866 
Batch 16 / 20  time:  2025-03-20 00:37:50.801084 
Batch 17 / 20  time:  2025-03-20 00:42:14.405016 
Batch 18 / 20  time:  2025-03-20 00:46:37.483535 
Batch 19 / 20  time:  2025-03-20 00:51:00.467454 
Simulation 4 has concluded at: 2025-03-20 00:55:25.486541 
Simulation 5 has began at: 2025-03-20 00:55:25.488617 
Batch 0 / 20  time:  2025-03-20 00:55:25.493635 
Batch 1 / 20  time:  2025-03-20 00:59:47.453221 
Batch 2 / 20  time:  2025-03-20 01:04:12.849418 
Batch 3 / 20  time:  2025-03-20 01:08:36.181343 
Batch 4 / 20  time:  2025-03-20 01:12:58.780036 
Batch 5 / 20  time:  2025-03-20 01:17:24.135327 
Batch 6 / 20  time:  2025-03-20 01:21:48.241504 
Batch 7 / 20  time:  2025-03-20 01:26:11.307389 
Batch 8 / 20  time:  2025-03-20 01:30:35.804085 
Batch 9 / 20  time:  2025-03-20 01:35:01.506801 
Batch 10 / 20  time:  2025-03-20 01:39:23.190956 
Batch 11 / 20  time:  2025-03-20 01:43:46.567574 
Batch 12 / 20  time:  2025-03-20 01:48:10.829344 
Batch 13 / 20  time:  2025-03-20 01:52:32.145846 
Batch 14 / 20  time:  2025-03-20 01:56:55.580889 
Batch 15 / 20  time:  2025-03-20 02:01:19.220499 
Batch 16 / 20  time:  2025-03-20 02:05:40.995459 
Batch 17 / 20  time:  2025-03-20 02:10:04.157711 
Batch 18 / 20  time:  2025-03-20 02:14:28.901006 
Batch 19 / 20  time:  2025-03-20 02:18:50.577173 
Simulation 5 has concluded at: 2025-03-20 02:23:14.7067 
Simulation 6 has began at: 2025-03-20 02:23:14.708582 
Batch 0 / 20  time:  2025-03-20 02:23:14.711595 
Batch 1 / 20  time:  2025-03-20 02:27:38.069895 
Batch 2 / 20  time:  2025-03-20 02:32:00.294577 
Batch 3 / 20  time:  2025-03-20 02:36:24.683072 
Batch 4 / 20  time:  2025-03-20 02:40:48.619353 
Batch 5 / 20  time:  2025-03-20 02:45:15.270259 
Batch 6 / 20  time:  2025-03-20 02:49:42.217403 
Batch 7 / 20  time:  2025-03-20 02:54:06.495872 
Batch 8 / 20  time:  2025-03-20 02:58:35.297652 
Batch 9 / 20  time:  2025-03-20 03:03:04.147389 
Batch 10 / 20  time:  2025-03-20 03:07:28.679332 
Batch 11 / 20  time:  2025-03-20 03:11:50.962126 
Batch 12 / 20  time:  2025-03-20 03:16:16.737758 
Batch 13 / 20  time:  2025-03-20 03:20:40.293852 
Batch 14 / 20  time:  2025-03-20 03:25:14.834942 
Batch 15 / 20  time:  2025-03-20 03:29:41.974586 
Batch 16 / 20  time:  2025-03-20 03:34:05.974639 
Batch 17 / 20  time:  2025-03-20 03:38:29.939168 
Batch 18 / 20  time:  2025-03-20 03:42:54.32567 
Batch 19 / 20  time:  2025-03-20 03:47:19.099556 
Simulation 6 has concluded at: 2025-03-20 03:51:40.766063 
Simulation 7 has began at: 2025-03-20 03:51:40.768814 
Batch 0 / 20  time:  2025-03-20 03:51:40.777154 
Batch 1 / 20  time:  2025-03-20 03:56:05.106139 
Batch 2 / 20  time:  2025-03-20 04:00:28.14174 
Batch 3 / 20  time:  2025-03-20 04:04:51.995689 
Batch 4 / 20  time:  2025-03-20 04:09:15.58126 
Batch 5 / 20  time:  2025-03-20 04:13:40.901829 
Batch 6 / 20  time:  2025-03-20 04:18:05.530384 
Batch 7 / 20  time:  2025-03-20 04:22:29.190491 
Batch 8 / 20  time:  2025-03-20 04:26:52.905474 
Batch 9 / 20  time:  2025-03-20 04:31:15.720922 
Batch 10 / 20  time:  2025-03-20 04:35:39.600934 
Batch 11 / 20  time:  2025-03-20 04:40:03.586896 
Batch 12 / 20  time:  2025-03-20 04:44:25.237004 
Batch 13 / 20  time:  2025-03-20 04:48:47.759371 
Batch 14 / 20  time:  2025-03-20 04:53:10.969522 
Batch 15 / 20  time:  2025-03-20 04:57:33.398341 
Batch 16 / 20  time:  2025-03-20 05:01:56.881025 
Batch 17 / 20  time:  2025-03-20 05:06:17.804677 
Batch 18 / 20  time:  2025-03-20 05:10:56.447829 
Batch 19 / 20  time:  2025-03-20 05:15:28.924036 
Simulation 7 has concluded at: 2025-03-20 05:19:50.554747 
Simulation 8 has began at: 2025-03-20 05:19:50.59688 
Batch 0 / 20  time:  2025-03-20 05:19:50.607961 
Batch 1 / 20  time:  2025-03-20 05:24:18.136246 
Batch 2 / 20  time:  2025-03-20 05:28:39.098488 
Batch 3 / 20  time:  2025-03-20 05:33:00.218015 
Batch 4 / 20  time:  2025-03-20 05:37:20.529662 
Batch 5 / 20  time:  2025-03-20 05:41:42.393371 
Batch 6 / 20  time:  2025-03-20 05:46:02.529547 
Batch 7 / 20  time:  2025-03-20 05:50:21.893248 
Batch 8 / 20  time:  2025-03-20 05:54:40.97773 
Batch 9 / 20  time:  2025-03-20 05:59:01.681822 
Batch 10 / 20  time:  2025-03-20 06:03:21.210754 
Batch 11 / 20  time:  2025-03-20 06:07:41.160602 
Batch 12 / 20  time:  2025-03-20 06:12:03.444305 
Batch 13 / 20  time:  2025-03-20 06:16:21.932507 
Batch 14 / 20  time:  2025-03-20 06:20:42.239358 
Batch 15 / 20  time:  2025-03-20 06:25:03.222032 
Batch 16 / 20  time:  2025-03-20 06:29:25.524522 
Batch 17 / 20  time:  2025-03-20 06:33:47.769763 
Batch 18 / 20  time:  2025-03-20 06:38:08.086422 
Batch 19 / 20  time:  2025-03-20 06:42:31.127146 
Simulation 8 has concluded at: 2025-03-20 06:46:50.082207 
Simulation 9 has began at: 2025-03-20 06:46:50.085075 
Batch 0 / 20  time:  2025-03-20 06:46:50.087715 
Batch 1 / 20  time:  2025-03-20 06:51:10.22626 
Batch 2 / 20  time:  2025-03-20 06:55:31.961866 
Batch 3 / 20  time:  2025-03-20 06:59:53.989933 
Batch 4 / 20  time:  2025-03-20 07:04:15.82068 
Batch 5 / 20  time:  2025-03-20 07:08:36.103642 
Batch 6 / 20  time:  2025-03-20 07:12:55.89366 
Batch 7 / 20  time:  2025-03-20 07:17:14.246762 
Batch 8 / 20  time:  2025-03-20 07:21:31.76577 
Batch 9 / 20  time:  2025-03-20 07:25:49.370676 
Batch 10 / 20  time:  2025-03-20 07:30:08.704254 
Batch 11 / 20  time:  2025-03-20 07:34:33.413325 
Batch 12 / 20  time:  2025-03-20 07:38:56.1157 
Batch 13 / 20  time:  2025-03-20 07:43:15.398241 
Batch 14 / 20  time:  2025-03-20 07:47:32.528788 
Batch 15 / 20  time:  2025-03-20 07:51:51.276287 
Batch 16 / 20  time:  2025-03-20 07:56:08.516261 
Batch 17 / 20  time:  2025-03-20 08:00:27.526774 
Batch 18 / 20  time:  2025-03-20 08:04:47.313668 
Batch 19 / 20  time:  2025-03-20 08:09:04.165189 
Simulation 9 has concluded at: 2025-03-20 08:13:20.52921 
Simulation 10 has began at: 2025-03-20 08:13:20.532264 
Batch 0 / 20  time:  2025-03-20 08:13:20.548029 
Batch 1 / 20  time:  2025-03-20 08:17:38.302527 
Batch 2 / 20  time:  2025-03-20 08:21:56.731849 
Batch 3 / 20  time:  2025-03-20 08:26:14.548816 
Batch 4 / 20  time:  2025-03-20 08:30:33.92767 
Batch 5 / 20  time:  2025-03-20 08:34:53.46254 
Batch 6 / 20  time:  2025-03-20 08:39:11.381063 
Batch 7 / 20  time:  2025-03-20 08:43:29.613707 
Batch 8 / 20  time:  2025-03-20 08:47:49.703822 
Batch 9 / 20  time:  2025-03-20 08:52:06.185552 
Batch 10 / 20  time:  2025-03-20 08:56:23.736726 
Batch 11 / 20  time:  2025-03-20 09:00:42.398688 
Batch 12 / 20  time:  2025-03-20 09:05:03.532908 
Batch 13 / 20  time:  2025-03-20 09:09:21.917292 
Batch 14 / 20  time:  2025-03-20 09:13:41.754316 
Batch 15 / 20  time:  2025-03-20 09:17:57.727386 
Batch 16 / 20  time:  2025-03-20 09:22:14.330814 
Batch 17 / 20  time:  2025-03-20 09:26:30.786522 
Batch 18 / 20  time:  2025-03-20 09:30:48.71625 
Batch 19 / 20  time:  2025-03-20 09:35:06.726222 
Simulation 10 has concluded at: 2025-03-20 09:39:24.422458 
Simulation 11 has began at: 2025-03-20 09:39:24.42592 
Batch 0 / 20  time:  2025-03-20 09:39:24.432827 
Batch 1 / 20  time:  2025-03-20 09:43:40.607132 
Batch 2 / 20  time:  2025-03-20 09:47:57.451306 
Batch 3 / 20  time:  2025-03-20 09:52:14.323416 
Batch 4 / 20  time:  2025-03-20 09:56:32.641134 
Batch 5 / 20  time:  2025-03-20 10:00:50.916796 
Batch 6 / 20  time:  2025-03-20 10:05:08.419171 
Batch 7 / 20  time:  2025-03-20 10:09:27.639459 
Batch 8 / 20  time:  2025-03-20 10:13:45.133714 
Batch 9 / 20  time:  2025-03-20 10:18:02.675138 
Batch 10 / 20  time:  2025-03-20 10:22:23.240911 
Batch 11 / 20  time:  2025-03-20 10:26:41.313039 
Batch 12 / 20  time:  2025-03-20 10:30:59.898365 
Batch 13 / 20  time:  2025-03-20 10:35:17.6141 
Batch 14 / 20  time:  2025-03-20 10:39:36.730254 
Batch 15 / 20  time:  2025-03-20 10:44:00.085917 
Batch 16 / 20  time:  2025-03-20 10:48:23.445688 
Batch 17 / 20  time:  2025-03-20 10:52:44.970872 
Batch 18 / 20  time:  2025-03-20 10:57:06.353881 
Batch 19 / 20  time:  2025-03-20 11:01:25.142561 
Simulation 11 has concluded at: 2025-03-20 11:05:50.395525 
Simulation 12 has began at: 2025-03-20 11:05:50.399228 
Batch 0 / 20  time:  2025-03-20 11:05:50.410619 
Batch 1 / 20  time:  2025-03-20 11:10:14.561423 
Batch 2 / 20  time:  2025-03-20 11:14:37.147642 
Batch 3 / 20  time:  2025-03-20 11:18:56.395433 
Batch 4 / 20  time:  2025-03-20 11:23:14.050245 
Batch 5 / 20  time:  2025-03-20 11:27:32.794128 
Batch 6 / 20  time:  2025-03-20 11:31:50.301257 
Batch 7 / 20  time:  2025-03-20 11:36:08.298905 
Batch 8 / 20  time:  2025-03-20 11:40:27.39956 
Batch 9 / 20  time:  2025-03-20 11:44:45.476076 
Batch 10 / 20  time:  2025-03-20 11:49:09.104687 
Batch 11 / 20  time:  2025-03-20 11:53:27.202739 
Batch 12 / 20  time:  2025-03-20 11:57:42.967636 
Batch 13 / 20  time:  2025-03-20 12:02:00.361331 
Batch 14 / 20  time:  2025-03-20 12:06:18.415267 
Batch 15 / 20  time:  2025-03-20 12:10:35.264705 
Batch 16 / 20  time:  2025-03-20 12:14:52.373505 
Batch 17 / 20  time:  2025-03-20 12:19:08.704476 
Batch 18 / 20  time:  2025-03-20 12:23:25.39002 
Batch 19 / 20  time:  2025-03-20 12:27:43.158034 
Simulation 12 has concluded at: 2025-03-20 12:31:59.308915 
Simulation 13 has began at: 2025-03-20 12:31:59.320876 
Batch 0 / 20  time:  2025-03-20 12:31:59.325285 
Batch 1 / 20  time:  2025-03-20 12:36:15.304103 
Batch 2 / 20  time:  2025-03-20 12:40:33.696951 
Batch 3 / 20  time:  2025-03-20 12:44:50.930524 
Batch 4 / 20  time:  2025-03-20 12:49:07.11777 
Batch 5 / 20  time:  2025-03-20 12:53:24.76693 
Batch 6 / 20  time:  2025-03-20 12:57:42.971246 
Batch 7 / 20  time:  2025-03-20 13:02:00.039855 
Batch 8 / 20  time:  2025-03-20 13:06:17.108101 
Batch 9 / 20  time:  2025-03-20 13:10:32.740374 
Batch 10 / 20  time:  2025-03-20 13:14:48.56894 
Batch 11 / 20  time:  2025-03-20 13:19:04.209292 
Batch 12 / 20  time:  2025-03-20 13:23:20.338526 
Batch 13 / 20  time:  2025-03-20 13:27:36.211632 
Batch 14 / 20  time:  2025-03-20 13:31:52.889848 
Batch 15 / 20  time:  2025-03-20 13:36:09.342969 
Batch 16 / 20  time:  2025-03-20 13:40:24.821495 
Batch 17 / 20  time:  2025-03-20 13:44:38.954864 
Batch 18 / 20  time:  2025-03-20 13:48:56.498007 
Batch 19 / 20  time:  2025-03-20 13:53:11.880745 
Simulation 13 has concluded at: 2025-03-20 13:57:26.869423 
Simulation 14 has began at: 2025-03-20 13:57:26.873234 
Batch 0 / 20  time:  2025-03-20 13:57:26.876033 
Batch 1 / 20  time:  2025-03-20 14:01:42.467667 
Batch 2 / 20  time:  2025-03-20 14:05:58.669684 
Batch 3 / 20  time:  2025-03-20 14:10:12.964827 
Batch 4 / 20  time:  2025-03-20 14:14:28.72536 
Batch 5 / 20  time:  2025-03-20 14:18:44.029541 
Batch 6 / 20  time:  2025-03-20 14:23:00.269857 
Batch 7 / 20  time:  2025-03-20 14:27:14.627486 
Batch 8 / 20  time:  2025-03-20 14:31:30.265187 
Batch 9 / 20  time:  2025-03-20 14:35:46.2427 
Batch 10 / 20  time:  2025-03-20 14:40:01.489604 
Batch 11 / 20  time:  2025-03-20 14:44:16.462199 
Batch 12 / 20  time:  2025-03-20 14:48:31.819135 
Batch 13 / 20  time:  2025-03-20 14:52:47.750672 
Batch 14 / 20  time:  2025-03-20 14:57:03.772408 
Batch 15 / 20  time:  2025-03-20 15:01:20.071501 
Batch 16 / 20  time:  2025-03-20 15:05:35.371201 
Batch 17 / 20  time:  2025-03-20 15:09:51.485104 
Batch 18 / 20  time:  2025-03-20 15:14:09.296811 
Batch 19 / 20  time:  2025-03-20 15:18:27.348335 
Simulation 14 has concluded at: 2025-03-20 15:22:43.199664 
Simulation 15 has began at: 2025-03-20 15:22:43.203606 
Batch 0 / 20  time:  2025-03-20 15:22:43.206023 
Batch 1 / 20  time:  2025-03-20 15:26:58.715025 
Batch 2 / 20  time:  2025-03-20 15:31:14.706326 
Batch 3 / 20  time:  2025-03-20 15:35:31.232445 
Batch 4 / 20  time:  2025-03-20 15:39:47.283251 
Batch 5 / 20  time:  2025-03-20 15:44:02.756851 
Batch 6 / 20  time:  2025-03-20 15:48:19.347098 
Batch 7 / 20  time:  2025-03-20 15:52:34.305201 
Batch 8 / 20  time:  2025-03-20 15:56:48.999422 
Batch 9 / 20  time:  2025-03-20 16:01:04.46917 
Batch 10 / 20  time:  2025-03-20 16:05:21.194841 
Batch 11 / 20  time:  2025-03-20 16:09:37.351405 
Batch 12 / 20  time:  2025-03-20 16:13:53.60544 
Batch 13 / 20  time:  2025-03-20 16:18:09.578888 
Batch 14 / 20  time:  2025-03-20 16:22:25.976913 
Batch 15 / 20  time:  2025-03-20 16:26:41.357888 
Batch 16 / 20  time:  2025-03-20 16:30:56.963064 
Batch 17 / 20  time:  2025-03-20 16:35:13.019714 
Batch 18 / 20  time:  2025-03-20 16:39:29.407733 
Batch 19 / 20  time:  2025-03-20 16:43:44.427896 
Simulation 15 has concluded at: 2025-03-20 16:47:58.94714 
Simulation 16 has began at: 2025-03-20 16:47:58.950948 
Batch 0 / 20  time:  2025-03-20 16:47:58.953239 
Batch 1 / 20  time:  2025-03-20 16:52:14.162644 
Batch 2 / 20  time:  2025-03-20 16:56:30.337745 
Batch 3 / 20  time:  2025-03-20 17:00:44.909761 
Batch 4 / 20  time:  2025-03-20 17:05:00.510413 
Batch 5 / 20  time:  2025-03-20 17:09:16.885576 
Batch 6 / 20  time:  2025-03-20 17:13:32.222548 
Batch 7 / 20  time:  2025-03-20 17:17:47.606354 
Batch 8 / 20  time:  2025-03-20 17:22:03.227208 
Batch 9 / 20  time:  2025-03-20 17:26:17.669661 
Batch 10 / 20  time:  2025-03-20 17:30:33.82304 
Batch 11 / 20  time:  2025-03-20 17:34:50.181944 
Batch 12 / 20  time:  2025-03-20 17:39:05.629763 
Batch 13 / 20  time:  2025-03-20 17:43:21.225873 
Batch 14 / 20  time:  2025-03-20 17:47:37.40985 
Batch 15 / 20  time:  2025-03-20 17:51:51.586517 
Batch 16 / 20  time:  2025-03-20 17:56:07.222097 
Batch 17 / 20  time:  2025-03-20 18:00:23.422346 
Batch 18 / 20  time:  2025-03-20 18:04:39.159842 
Batch 19 / 20  time:  2025-03-20 18:08:54.773785 
Simulation 16 has concluded at: 2025-03-20 18:13:10.711196 
Simulation 17 has began at: 2025-03-20 18:13:10.715227 
Batch 0 / 20  time:  2025-03-20 18:13:10.718254 
Batch 1 / 20  time:  2025-03-20 18:17:27.040763 
Batch 2 / 20  time:  2025-03-20 18:21:42.764362 
Batch 3 / 20  time:  2025-03-20 18:25:57.840033 
Batch 4 / 20  time:  2025-03-20 18:30:14.551866 
Batch 5 / 20  time:  2025-03-20 18:34:31.46877 
Batch 6 / 20  time:  2025-03-20 18:38:46.996176 
Batch 7 / 20  time:  2025-03-20 18:43:00.937534 
Batch 8 / 20  time:  2025-03-20 18:47:17.028573 
Batch 9 / 20  time:  2025-03-20 18:51:32.237176 
Batch 10 / 20  time:  2025-03-20 18:55:52.079261 
Batch 11 / 20  time:  2025-03-20 19:00:07.761527 
Batch 12 / 20  time:  2025-03-20 19:04:23.470711 
Batch 13 / 20  time:  2025-03-20 19:08:38.833184 
Batch 14 / 20  time:  2025-03-20 19:12:54.909557 
Batch 15 / 20  time:  2025-03-20 19:17:09.963608 
Batch 16 / 20  time:  2025-03-20 19:21:25.540843 
Batch 17 / 20  time:  2025-03-20 19:25:40.556954 
Batch 18 / 20  time:  2025-03-20 19:29:57.531764 
Batch 19 / 20  time:  2025-03-20 19:34:13.49801 
Simulation 17 has concluded at: 2025-03-20 19:38:28.745634 
Simulation 18 has began at: 2025-03-20 19:38:28.749635 
Batch 0 / 20  time:  2025-03-20 19:38:28.751918 
Batch 1 / 20  time:  2025-03-20 19:42:43.936455 
Batch 2 / 20  time:  2025-03-20 19:46:58.657226 
Batch 3 / 20  time:  2025-03-20 19:51:14.986437 
Batch 4 / 20  time:  2025-03-20 19:55:30.019964 
Batch 5 / 20  time:  2025-03-20 19:59:45.164872 
Batch 6 / 20  time:  2025-03-20 20:04:00.885019 
Batch 7 / 20  time:  2025-03-20 20:08:17.085388 
Batch 8 / 20  time:  2025-03-20 20:12:31.223662 
Batch 9 / 20  time:  2025-03-20 20:16:46.697864 
Batch 10 / 20  time:  2025-03-20 20:21:10.49122 
Batch 11 / 20  time:  2025-03-20 20:25:31.176752 
Batch 12 / 20  time:  2025-03-20 20:29:54.948203 
Batch 13 / 20  time:  2025-03-20 20:34:17.480566 
Batch 14 / 20  time:  2025-03-20 20:38:32.534753 
Batch 15 / 20  time:  2025-03-20 20:42:47.39972 
Batch 16 / 20  time:  2025-03-20 20:47:02.213294 
Batch 17 / 20  time:  2025-03-20 20:51:16.425317 
Batch 18 / 20  time:  2025-03-20 20:55:31.590973 
Batch 19 / 20  time:  2025-03-20 20:59:46.437997 
Simulation 18 has concluded at: 2025-03-20 21:04:02.30835 
Simulation 19 has began at: 2025-03-20 21:04:02.312479 
Batch 0 / 20  time:  2025-03-20 21:04:02.315242 
Batch 1 / 20  time:  2025-03-20 21:08:17.568798 
Batch 2 / 20  time:  2025-03-20 21:12:32.810098 
Batch 3 / 20  time:  2025-03-20 21:16:46.844521 
Batch 4 / 20  time:  2025-03-20 21:21:04.471341 
Batch 5 / 20  time:  2025-03-20 21:25:19.465855 
Batch 6 / 20  time:  2025-03-20 21:29:34.972927 
Batch 7 / 20  time:  2025-03-20 21:33:50.791188 
Batch 8 / 20  time:  2025-03-20 21:38:05.382835 
Batch 9 / 20  time:  2025-03-20 21:42:20.205688 
Batch 10 / 20  time:  2025-03-20 21:46:35.027499 
Batch 11 / 20  time:  2025-03-20 21:50:49.651038 
Batch 12 / 20  time:  2025-03-20 21:55:06.254574 
Batch 13 / 20  time:  2025-03-20 21:59:21.052644 
Batch 14 / 20  time:  2025-03-20 22:03:36.495688 
Batch 15 / 20  time:  2025-03-20 22:07:50.871994 
Batch 16 / 20  time:  2025-03-20 22:12:05.327281 
Batch 17 / 20  time:  2025-03-20 22:16:20.071627 
Batch 18 / 20  time:  2025-03-20 22:20:34.347206 
Batch 19 / 20  time:  2025-03-20 22:24:55.180897 
Simulation 19 has concluded at: 2025-03-20 22:29:10.584046 
Simulation 20 has began at: 2025-03-20 22:29:10.5884 
Batch 0 / 20  time:  2025-03-20 22:29:10.594029 
Batch 1 / 20  time:  2025-03-20 22:33:28.531549 
Batch 2 / 20  time:  2025-03-20 22:37:44.374622 
Batch 3 / 20  time:  2025-03-20 22:41:59.706651 
Batch 4 / 20  time:  2025-03-20 22:46:14.344905 
Batch 5 / 20  time:  2025-03-20 22:50:30.371803 
Batch 6 / 20  time:  2025-03-20 22:54:46.535449 
Batch 7 / 20  time:  2025-03-20 22:59:00.782527 
Batch 8 / 20  time:  2025-03-20 23:03:16.544983 
Batch 9 / 20  time:  2025-03-20 23:07:34.45488 
Batch 10 / 20  time:  2025-03-20 23:11:49.286896 
Batch 11 / 20  time:  2025-03-20 23:16:04.158919 
Batch 12 / 20  time:  2025-03-20 23:20:18.971735 
Batch 13 / 20  time:  2025-03-20 23:24:33.309009 
Batch 14 / 20  time:  2025-03-20 23:28:48.376956 
Batch 15 / 20  time:  2025-03-20 23:33:05.364496 
Batch 16 / 20  time:  2025-03-20 23:37:21.27204 
Batch 17 / 20  time:  2025-03-20 23:41:35.2031 
Batch 18 / 20  time:  2025-03-20 23:45:48.938413 
Batch 19 / 20  time:  2025-03-20 23:50:03.553779 
Simulation 20 has concluded at: 2025-03-20 23:54:18.482813 
Simulation 21 has began at: 2025-03-20 23:54:18.487547 
Batch 0 / 20  time:  2025-03-20 23:54:18.490347 
Batch 1 / 20  time:  2025-03-20 23:58:32.591527 
Batch 2 / 20  time:  2025-03-21 00:02:47.691397 
Batch 3 / 20  time:  2025-03-21 00:07:02.192467 
Batch 4 / 20  time:  2025-03-21 00:11:17.228062 
Batch 5 / 20  time:  2025-03-21 00:15:31.651243 
Batch 6 / 20  time:  2025-03-21 00:19:46.81799 
Batch 7 / 20  time:  2025-03-21 00:24:01.209411 
Batch 8 / 20  time:  2025-03-21 00:28:15.745443 
Batch 9 / 20  time:  2025-03-21 00:32:31.569052 
Batch 10 / 20  time:  2025-03-21 00:36:46.392947 
Batch 11 / 20  time:  2025-03-21 00:41:01.854605 
Batch 12 / 20  time:  2025-03-21 00:45:17.011826 
Batch 13 / 20  time:  2025-03-21 00:49:33.547079 
Batch 14 / 20  time:  2025-03-21 00:53:50.908353 
Batch 15 / 20  time:  2025-03-21 00:58:04.662039 
Batch 16 / 20  time:  2025-03-21 01:02:19.919905 
Batch 17 / 20  time:  2025-03-21 01:06:36.266501 
Batch 18 / 20  time:  2025-03-21 01:10:49.877059 
Batch 19 / 20  time:  2025-03-21 01:15:03.985281 
Simulation 21 has concluded at: 2025-03-21 01:19:19.011882 
Simulation 22 has began at: 2025-03-21 01:19:19.016784 
Batch 0 / 20  time:  2025-03-21 01:19:19.01959 
Batch 1 / 20  time:  2025-03-21 01:23:32.774597 
Batch 2 / 20  time:  2025-03-21 01:27:47.457921 
Batch 3 / 20  time:  2025-03-21 01:32:02.835385 
Batch 4 / 20  time:  2025-03-21 01:36:18.535492 
Batch 5 / 20  time:  2025-03-21 01:40:32.017155 
Batch 6 / 20  time:  2025-03-21 01:44:47.037828 
Batch 7 / 20  time:  2025-03-21 01:49:03.492276 
Batch 8 / 20  time:  2025-03-21 01:53:18.162032 
Batch 9 / 20  time:  2025-03-21 01:57:32.193255 
Batch 10 / 20  time:  2025-03-21 02:01:46.705415 
Batch 11 / 20  time:  2025-03-21 02:06:02.016207 
Batch 12 / 20  time:  2025-03-21 02:10:16.387513 
Batch 13 / 20  time:  2025-03-21 02:14:31.307025 
Batch 14 / 20  time:  2025-03-21 02:18:46.646786 
Batch 15 / 20  time:  2025-03-21 02:23:00.528433 
Batch 16 / 20  time:  2025-03-21 02:27:14.34163 
Batch 17 / 20  time:  2025-03-21 02:31:29.021412 
Batch 18 / 20  time:  2025-03-21 02:35:44.969315 
Batch 19 / 20  time:  2025-03-21 02:39:59.14201 
Simulation 22 has concluded at: 2025-03-21 02:44:13.857068 
Simulation 23 has began at: 2025-03-21 02:44:13.862396 
Batch 0 / 20  time:  2025-03-21 02:44:13.86477 
Batch 1 / 20  time:  2025-03-21 02:48:28.326917 
Batch 2 / 20  time:  2025-03-21 02:52:44.532208 
Batch 3 / 20  time:  2025-03-21 02:56:59.806294 
Batch 4 / 20  time:  2025-03-21 03:01:16.030546 
Batch 5 / 20  time:  2025-03-21 03:05:31.454132 
Batch 6 / 20  time:  2025-03-21 03:09:46.812042 
Batch 7 / 20  time:  2025-03-21 03:14:01.999358 
Batch 8 / 20  time:  2025-03-21 03:18:16.925428 
Batch 9 / 20  time:  2025-03-21 03:22:32.526447 
Batch 10 / 20  time:  2025-03-21 03:26:47.924286 
Batch 11 / 20  time:  2025-03-21 03:31:01.722651 
Batch 12 / 20  time:  2025-03-21 03:35:16.967606 
Batch 13 / 20  time:  2025-03-21 03:39:32.134374 
Batch 14 / 20  time:  2025-03-21 03:43:47.483906 
Batch 15 / 20  time:  2025-03-21 03:48:01.044425 
Batch 16 / 20  time:  2025-03-21 03:52:16.807635 
Batch 17 / 20  time:  2025-03-21 03:56:31.826499 
Batch 18 / 20  time:  2025-03-21 04:00:47.338106 
Batch 19 / 20  time:  2025-03-21 04:05:02.483869 
Simulation 23 has concluded at: 2025-03-21 04:09:17.565562 
Simulation 24 has began at: 2025-03-21 04:09:17.570758 
Batch 0 / 20  time:  2025-03-21 04:09:17.57547 
Batch 1 / 20  time:  2025-03-21 04:13:33.104743 
Batch 2 / 20  time:  2025-03-21 04:17:55.504202 
Batch 3 / 20  time:  2025-03-21 04:22:16.916669 
Batch 4 / 20  time:  2025-03-21 04:26:34.673216 
Batch 5 / 20  time:  2025-03-21 04:30:53.742013 
Batch 6 / 20  time:  2025-03-21 04:35:13.79577 
Batch 7 / 20  time:  2025-03-21 04:39:29.000943 
Batch 8 / 20  time:  2025-03-21 04:43:47.407329 
Batch 9 / 20  time:  2025-03-21 04:48:02.576501 
Batch 10 / 20  time:  2025-03-21 04:52:19.649337 
Batch 11 / 20  time:  2025-03-21 04:56:33.925839 
Batch 12 / 20  time:  2025-03-21 05:00:49.129463 
Batch 13 / 20  time:  2025-03-21 05:05:06.065551 
Batch 14 / 20  time:  2025-03-21 05:09:23.414441 
Batch 15 / 20  time:  2025-03-21 05:13:41.756757 
Batch 16 / 20  time:  2025-03-21 05:17:57.205105 
Batch 17 / 20  time:  2025-03-21 05:22:12.355973 
Batch 18 / 20  time:  2025-03-21 05:26:28.609222 
Batch 19 / 20  time:  2025-03-21 05:30:45.056872 
Simulation 24 has concluded at: 2025-03-21 05:35:01.33698 
Simulation 25 has began at: 2025-03-21 05:35:01.342527 
Batch 0 / 20  time:  2025-03-21 05:35:01.364808 
Batch 1 / 20  time:  2025-03-21 05:39:21.641509 
Batch 2 / 20  time:  2025-03-21 05:43:43.967551 
Batch 3 / 20  time:  2025-03-21 05:47:59.821612 
Batch 4 / 20  time:  2025-03-21 05:52:19.10534 
Batch 5 / 20  time:  2025-03-21 05:56:33.798218 
Batch 6 / 20  time:  2025-03-21 06:00:50.077379 
Batch 7 / 20  time:  2025-03-21 06:05:09.736874 
Batch 8 / 20  time:  2025-03-21 06:09:23.941926 
Batch 9 / 20  time:  2025-03-21 06:13:39.485964 
Batch 10 / 20  time:  2025-03-21 06:17:55.166283 
Batch 11 / 20  time:  2025-03-21 06:22:08.113823 
Batch 12 / 20  time:  2025-03-21 06:26:22.943297 
Batch 13 / 20  time:  2025-03-21 06:30:37.772653 
Batch 14 / 20  time:  2025-03-21 06:34:53.694657 
Batch 15 / 20  time:  2025-03-21 06:39:07.885483 
Batch 16 / 20  time:  2025-03-21 06:43:25.896558 
Batch 17 / 20  time:  2025-03-21 06:47:39.496347 
Batch 18 / 20  time:  2025-03-21 06:51:55.445698 
Batch 19 / 20  time:  2025-03-21 06:56:10.072188 
Simulation 25 has concluded at: 2025-03-21 07:00:25.317479 
Simulation 26 has began at: 2025-03-21 07:00:25.331555 
Batch 0 / 20  time:  2025-03-21 07:00:25.336694 
Batch 1 / 20  time:  2025-03-21 07:04:41.878331 
Batch 2 / 20  time:  2025-03-21 07:08:57.712659 
Batch 3 / 20  time:  2025-03-21 07:13:11.40725 
Batch 4 / 20  time:  2025-03-21 07:17:26.196353 
Batch 5 / 20  time:  2025-03-21 07:21:40.60218 
Batch 6 / 20  time:  2025-03-21 07:25:59.702475 
Batch 7 / 20  time:  2025-03-21 07:30:15.183879 
Batch 8 / 20  time:  2025-03-21 07:34:30.567908 
Batch 9 / 20  time:  2025-03-21 07:38:44.7366 
Batch 10 / 20  time:  2025-03-21 07:43:01.432527 
Batch 11 / 20  time:  2025-03-21 07:47:16.311483 
Batch 12 / 20  time:  2025-03-21 07:51:30.860722 
Batch 13 / 20  time:  2025-03-21 07:55:44.988088 
Batch 14 / 20  time:  2025-03-21 08:00:00.399431 
Batch 15 / 20  time:  2025-03-21 08:04:19.561609 
Batch 16 / 20  time:  2025-03-21 08:08:35.24947 
Batch 17 / 20  time:  2025-03-21 08:12:50.079836 
Batch 18 / 20  time:  2025-03-21 08:17:03.889801 
Batch 19 / 20  time:  2025-03-21 08:21:18.435447 
Simulation 26 has concluded at: 2025-03-21 08:25:33.590937 
Simulation 27 has began at: 2025-03-21 08:25:33.59644 
Batch 0 / 20  time:  2025-03-21 08:25:33.599506 
Batch 1 / 20  time:  2025-03-21 08:29:47.25358 
Batch 2 / 20  time:  2025-03-21 08:34:07.202488 
Batch 3 / 20  time:  2025-03-21 08:38:21.406093 
Batch 4 / 20  time:  2025-03-21 08:42:36.006927 
Batch 5 / 20  time:  2025-03-21 08:46:49.855653 
Batch 6 / 20  time:  2025-03-21 08:51:04.229534 
Batch 7 / 20  time:  2025-03-21 08:55:19.591625 
Batch 8 / 20  time:  2025-03-21 08:59:34.883785 
Batch 9 / 20  time:  2025-03-21 09:03:51.826672 
Batch 10 / 20  time:  2025-03-21 09:08:07.926933 
Batch 11 / 20  time:  2025-03-21 09:12:22.044689 
Batch 12 / 20  time:  2025-03-21 09:16:37.014968 
Batch 13 / 20  time:  2025-03-21 09:20:50.39021 
Batch 14 / 20  time:  2025-03-21 09:25:04.612577 
Batch 15 / 20  time:  2025-03-21 09:29:18.594709 
Batch 16 / 20  time:  2025-03-21 09:33:34.099469 
Batch 17 / 20  time:  2025-03-21 09:37:49.13333 
Batch 18 / 20  time:  2025-03-21 09:42:03.235271 
Batch 19 / 20  time:  2025-03-21 09:46:17.567146 
Simulation 27 has concluded at: 2025-03-21 09:50:31.654233 
Simulation 28 has began at: 2025-03-21 09:50:31.660053 
Batch 0 / 20  time:  2025-03-21 09:50:31.662522 
Batch 1 / 20  time:  2025-03-21 09:54:46.039208 
Batch 2 / 20  time:  2025-03-21 09:58:59.512532 
Batch 3 / 20  time:  2025-03-21 10:03:14.626539 
Batch 4 / 20  time:  2025-03-21 10:07:29.024403 
Batch 5 / 20  time:  2025-03-21 10:11:43.758693 
Batch 6 / 20  time:  2025-03-21 10:15:57.89471 
Batch 7 / 20  time:  2025-03-21 10:20:12.076894 
Batch 8 / 20  time:  2025-03-21 10:24:24.729501 
Batch 9 / 20  time:  2025-03-21 10:28:39.376192 
Batch 10 / 20  time:  2025-03-21 10:32:54.492738 
Batch 11 / 20  time:  2025-03-21 10:37:07.363838 
Batch 12 / 20  time:  2025-03-21 10:41:20.87081 
Batch 13 / 20  time:  2025-03-21 10:45:34.510387 
Batch 14 / 20  time:  2025-03-21 10:49:47.653958 
Batch 15 / 20  time:  2025-03-21 10:54:00.381977 
Batch 16 / 20  time:  2025-03-21 10:58:13.578983 
Batch 17 / 20  time:  2025-03-21 11:02:27.330259 
Batch 18 / 20  time:  2025-03-21 11:06:41.341884 
Batch 19 / 20  time:  2025-03-21 11:10:53.746415 
Simulation 28 has concluded at: 2025-03-21 11:15:05.743102 
Simulation 29 has began at: 2025-03-21 11:15:05.748799 
Batch 0 / 20  time:  2025-03-21 11:15:05.751062 
Batch 1 / 20  time:  2025-03-21 11:19:18.541196 
Batch 2 / 20  time:  2025-03-21 11:23:32.127361 
Batch 3 / 20  time:  2025-03-21 11:27:44.148625 
Batch 4 / 20  time:  2025-03-21 11:31:57.788382 
Batch 5 / 20  time:  2025-03-21 11:36:11.519511 
Batch 6 / 20  time:  2025-03-21 11:40:24.592802 
Batch 7 / 20  time:  2025-03-21 11:44:37.739361 
Batch 8 / 20  time:  2025-03-21 11:48:50.611527 
Batch 9 / 20  time:  2025-03-21 11:53:02.717439 
Batch 10 / 20  time:  2025-03-21 11:57:16.306319 
Batch 11 / 20  time:  2025-03-21 12:01:29.83128 
Batch 12 / 20  time:  2025-03-21 12:05:44.176263 
Batch 13 / 20  time:  2025-03-21 12:09:57.162362 
Batch 14 / 20  time:  2025-03-21 12:14:10.091509 
Batch 15 / 20  time:  2025-03-21 12:18:21.845186 
Batch 16 / 20  time:  2025-03-21 12:22:34.600363 
Batch 17 / 20  time:  2025-03-21 12:26:47.026313 
Batch 18 / 20  time:  2025-03-21 12:30:59.688441 
Batch 19 / 20  time:  2025-03-21 12:35:13.394446 
Simulation 29 has concluded at: 2025-03-21 12:39:28.264617 
Simulation 30 has began at: 2025-03-21 12:39:28.271074 
Batch 0 / 20  time:  2025-03-21 12:39:28.273625 
Batch 1 / 20  time:  2025-03-21 12:43:41.705569 
Batch 2 / 20  time:  2025-03-21 12:48:03.924328 
Batch 3 / 20  time:  2025-03-21 12:52:18.881007 
Batch 4 / 20  time:  2025-03-21 12:56:38.824811 
Batch 5 / 20  time:  2025-03-21 13:00:58.405729 
Batch 6 / 20  time:  2025-03-21 13:05:13.744318 
Batch 7 / 20  time:  2025-03-21 13:09:27.619312 
Batch 8 / 20  time:  2025-03-21 13:13:41.434703 
Batch 9 / 20  time:  2025-03-21 13:17:54.426671 
Batch 10 / 20  time:  2025-03-21 13:22:07.353664 
Batch 11 / 20  time:  2025-03-21 13:26:21.218201 
Batch 12 / 20  time:  2025-03-21 13:30:35.486241 
Batch 13 / 20  time:  2025-03-21 13:34:48.709105 
Batch 14 / 20  time:  2025-03-21 13:39:02.334158 
Batch 15 / 20  time:  2025-03-21 13:43:15.05854 
Batch 16 / 20  time:  2025-03-21 13:47:27.572197 
Batch 17 / 20  time:  2025-03-21 13:51:40.12407 
Batch 18 / 20  time:  2025-03-21 13:55:53.178124 
Batch 19 / 20  time:  2025-03-21 14:00:07.496442 
Simulation 30 has concluded at: 2025-03-21 14:04:21.69857 
Simulation 31 has began at: 2025-03-21 14:04:21.705098 
Batch 0 / 20  time:  2025-03-21 14:04:21.707514 
Batch 1 / 20  time:  2025-03-21 14:08:35.860271 
Batch 2 / 20  time:  2025-03-21 14:12:49.403222 
Batch 3 / 20  time:  2025-03-21 14:17:02.147112 
Batch 4 / 20  time:  2025-03-21 14:21:15.674475 
Batch 5 / 20  time:  2025-03-21 14:25:28.557992 
Batch 6 / 20  time:  2025-03-21 14:29:41.638527 
Batch 7 / 20  time:  2025-03-21 14:33:55.318773 
Batch 8 / 20  time:  2025-03-21 14:38:08.83246 
Batch 9 / 20  time:  2025-03-21 14:42:23.057202 
Batch 10 / 20  time:  2025-03-21 14:46:37.384413 
Batch 11 / 20  time:  2025-03-21 14:50:49.986565 
Batch 12 / 20  time:  2025-03-21 14:55:03.121375 
Batch 13 / 20  time:  2025-03-21 14:59:16.584188 
Batch 14 / 20  time:  2025-03-21 15:03:30.301485 
Batch 15 / 20  time:  2025-03-21 15:07:45.320223 
Batch 16 / 20  time:  2025-03-21 15:11:58.750296 
Batch 17 / 20  time:  2025-03-21 15:16:12.538434 
Batch 18 / 20  time:  2025-03-21 15:20:26.043095 
Batch 19 / 20  time:  2025-03-21 15:24:39.614138 
Simulation 31 has concluded at: 2025-03-21 15:28:54.222725 
Simulation 32 has began at: 2025-03-21 15:28:54.229068 
Batch 0 / 20  time:  2025-03-21 15:28:54.231681 
Batch 1 / 20  time:  2025-03-21 15:33:07.593908 
Batch 2 / 20  time:  2025-03-21 15:37:22.008128 
Batch 3 / 20  time:  2025-03-21 15:41:34.069392 
Batch 4 / 20  time:  2025-03-21 15:45:47.416354 
Batch 5 / 20  time:  2025-03-21 15:50:00.727208 
Batch 6 / 20  time:  2025-03-21 15:54:14.209623 
Batch 7 / 20  time:  2025-03-21 15:58:27.622066 
Batch 8 / 20  time:  2025-03-21 16:02:42.174438 
Batch 9 / 20  time:  2025-03-21 16:06:54.772127 
Batch 10 / 20  time:  2025-03-21 16:11:07.705027 
Batch 11 / 20  time:  2025-03-21 16:15:20.697641 
Batch 12 / 20  time:  2025-03-21 16:19:36.78573 
Batch 13 / 20  time:  2025-03-21 16:23:51.736932 
Batch 14 / 20  time:  2025-03-21 16:28:05.781672 
Batch 15 / 20  time:  2025-03-21 16:32:20.466715 
Batch 16 / 20  time:  2025-03-21 16:36:34.989264 
Batch 17 / 20  time:  2025-03-21 16:40:48.248636 
Batch 18 / 20  time:  2025-03-21 16:45:01.575383 
Batch 19 / 20  time:  2025-03-21 16:49:14.552393 
Simulation 32 has concluded at: 2025-03-21 16:53:28.248654 
Simulation 33 has began at: 2025-03-21 16:53:28.255185 
Batch 0 / 20  time:  2025-03-21 16:53:28.266992 
Batch 1 / 20  time:  2025-03-21 16:57:41.069068 
Batch 2 / 20  time:  2025-03-21 17:02:02.26201 
Batch 3 / 20  time:  2025-03-21 17:06:16.512738 
Batch 4 / 20  time:  2025-03-21 17:10:29.925722 
Batch 5 / 20  time:  2025-03-21 17:14:43.209059 
Batch 6 / 20  time:  2025-03-21 17:18:56.681078 
Batch 7 / 20  time:  2025-03-21 17:23:08.469744 
Batch 8 / 20  time:  2025-03-21 17:27:22.22802 
Batch 9 / 20  time:  2025-03-21 17:31:36.515574 
Batch 10 / 20  time:  2025-03-21 17:35:50.696835 
Batch 11 / 20  time:  2025-03-21 17:40:04.579275 
Batch 12 / 20  time:  2025-03-21 17:44:18.149307 
Batch 13 / 20  time:  2025-03-21 17:48:30.149583 
Batch 14 / 20  time:  2025-03-21 17:52:43.672496 
Batch 15 / 20  time:  2025-03-21 17:56:55.93642 
Batch 16 / 20  time:  2025-03-21 18:01:08.37354 
Batch 17 / 20  time:  2025-03-21 18:05:22.797765 
Batch 18 / 20  time:  2025-03-21 18:09:35.11229 
Batch 19 / 20  time:  2025-03-21 18:13:47.273494 
Simulation 33 has concluded at: 2025-03-21 18:18:00.649453 
Simulation 34 has began at: 2025-03-21 18:18:00.656268 
Batch 0 / 20  time:  2025-03-21 18:18:00.658843 
Batch 1 / 20  time:  2025-03-21 18:22:13.561633 
Batch 2 / 20  time:  2025-03-21 18:26:24.794477 
Batch 3 / 20  time:  2025-03-21 18:30:39.57513 
Batch 4 / 20  time:  2025-03-21 18:34:53.304035 
Batch 5 / 20  time:  2025-03-21 18:39:06.066576 
Batch 6 / 20  time:  2025-03-21 18:43:25.946327 
Batch 7 / 20  time:  2025-03-21 18:47:38.392539 
Batch 8 / 20  time:  2025-03-21 18:51:50.20083 
Batch 9 / 20  time:  2025-03-21 18:56:03.094922 
Batch 10 / 20  time:  2025-03-21 19:00:16.376718 
Batch 11 / 20  time:  2025-03-21 19:04:29.520241 
Batch 12 / 20  time:  2025-03-21 19:08:43.826088 
Batch 13 / 20  time:  2025-03-21 19:12:57.159833 
Batch 14 / 20  time:  2025-03-21 19:17:09.647599 
Batch 15 / 20  time:  2025-03-21 19:21:22.17259 
Batch 16 / 20  time:  2025-03-21 19:25:36.770921 
Batch 17 / 20  time:  2025-03-21 19:29:47.913598 
Batch 18 / 20  time:  2025-03-21 19:34:02.185097 
Batch 19 / 20  time:  2025-03-21 19:38:14.613823 
Simulation 34 has concluded at: 2025-03-21 19:42:28.474121 
Simulation 35 has began at: 2025-03-21 19:42:28.481104 
Batch 0 / 20  time:  2025-03-21 19:42:28.483387 
Batch 1 / 20  time:  2025-03-21 19:46:41.627875 
Batch 2 / 20  time:  2025-03-21 19:50:54.800561 
Batch 3 / 20  time:  2025-03-21 19:55:06.296756 
Batch 4 / 20  time:  2025-03-21 19:59:18.800001 
Batch 5 / 20  time:  2025-03-21 20:03:32.058386 
Batch 6 / 20  time:  2025-03-21 20:07:45.340113 
Batch 7 / 20  time:  2025-03-21 20:11:59.213224 
Batch 8 / 20  time:  2025-03-21 20:16:13.265652 
Batch 9 / 20  time:  2025-03-21 20:20:25.736769 
Batch 10 / 20  time:  2025-03-21 20:24:37.732686 
Batch 11 / 20  time:  2025-03-21 20:28:50.615101 
Batch 12 / 20  time:  2025-03-21 20:33:04.507275 
Batch 13 / 20  time:  2025-03-21 20:37:16.847245 
Batch 14 / 20  time:  2025-03-21 20:41:34.396002 
Batch 15 / 20  time:  2025-03-21 20:45:50.492116 
Batch 16 / 20  time:  2025-03-21 20:50:03.51838 
Batch 17 / 20  time:  2025-03-21 20:54:16.528998 
Batch 18 / 20  time:  2025-03-21 20:58:29.149834 
Batch 19 / 20  time:  2025-03-21 21:02:42.886209 
Simulation 35 has concluded at: 2025-03-21 21:06:55.935713 
Simulation 36 has began at: 2025-03-21 21:06:55.94247 
Batch 0 / 20  time:  2025-03-21 21:06:55.945116 
Batch 1 / 20  time:  2025-03-21 21:11:09.631858 
Batch 2 / 20  time:  2025-03-21 21:15:22.190121 
Batch 3 / 20  time:  2025-03-21 21:19:34.797793 
Batch 4 / 20  time:  2025-03-21 21:23:46.842542 
Batch 5 / 20  time:  2025-03-21 21:27:59.130352 
Batch 6 / 20  time:  2025-03-21 21:32:12.540667 
Batch 7 / 20  time:  2025-03-21 21:36:27.023796 
Batch 8 / 20  time:  2025-03-21 21:40:41.240775 
Batch 9 / 20  time:  2025-03-21 21:44:53.557064 
Batch 10 / 20  time:  2025-03-21 21:49:06.375089 
Batch 11 / 20  time:  2025-03-21 21:53:22.115364 
Batch 12 / 20  time:  2025-03-21 21:57:38.94703 
Batch 13 / 20  time:  2025-03-21 22:01:52.232764 
Batch 14 / 20  time:  2025-03-21 22:06:05.800066 
Batch 15 / 20  time:  2025-03-21 22:10:18.28205 
Batch 16 / 20  time:  2025-03-21 22:14:31.038882 
Batch 17 / 20  time:  2025-03-21 22:18:45.907184 
Batch 18 / 20  time:  2025-03-21 22:23:01.657353 
Batch 19 / 20  time:  2025-03-21 22:27:14.338621 
Simulation 36 has concluded at: 2025-03-21 22:31:27.593183 
Simulation 37 has began at: 2025-03-21 22:31:27.604476 
Batch 0 / 20  time:  2025-03-21 22:31:27.606996 
Batch 1 / 20  time:  2025-03-21 22:35:41.828217 
Batch 2 / 20  time:  2025-03-21 22:39:54.9126 
Batch 3 / 20  time:  2025-03-21 22:44:07.008921 
Batch 4 / 20  time:  2025-03-21 22:48:20.394956 
Batch 5 / 20  time:  2025-03-21 22:52:32.772481 
Batch 6 / 20  time:  2025-03-21 22:56:45.732011 
Batch 7 / 20  time:  2025-03-21 23:00:58.888933 
Batch 8 / 20  time:  2025-03-21 23:05:12.567538 
Batch 9 / 20  time:  2025-03-21 23:09:25.29565 
Batch 10 / 20  time:  2025-03-21 23:13:37.690777 
Batch 11 / 20  time:  2025-03-21 23:17:49.710075 
Batch 12 / 20  time:  2025-03-21 23:22:01.458429 
Batch 13 / 20  time:  2025-03-21 23:26:13.342186 
Batch 14 / 20  time:  2025-03-21 23:30:27.334399 
Batch 15 / 20  time:  2025-03-21 23:34:41.104256 
Batch 16 / 20  time:  2025-03-21 23:38:53.603574 
Batch 17 / 20  time:  2025-03-21 23:43:05.898717 
Batch 18 / 20  time:  2025-03-21 23:47:17.288977 
Batch 19 / 20  time:  2025-03-21 23:51:30.03519 
Simulation 37 has concluded at: 2025-03-21 23:55:42.563078 
Simulation 38 has began at: 2025-03-21 23:55:42.570416 
Batch 0 / 20  time:  2025-03-21 23:55:42.572808 
Batch 1 / 20  time:  2025-03-21 23:59:55.013338 
Batch 2 / 20  time:  2025-03-22 00:04:08.721018 
Batch 3 / 20  time:  2025-03-22 00:08:28.299936 
Batch 4 / 20  time:  2025-03-22 00:12:40.026051 
Batch 5 / 20  time:  2025-03-22 00:16:53.112742 
Batch 6 / 20  time:  2025-03-22 00:21:06.261624 
Batch 7 / 20  time:  2025-03-22 00:25:18.924639 
Batch 8 / 20  time:  2025-03-22 00:29:32.071513 
Batch 9 / 20  time:  2025-03-22 00:33:48.099664 
Batch 10 / 20  time:  2025-03-22 00:38:02.284475 
Batch 11 / 20  time:  2025-03-22 00:42:14.921755 
Batch 12 / 20  time:  2025-03-22 00:46:27.364871 
Batch 13 / 20  time:  2025-03-22 00:50:40.084247 
Batch 14 / 20  time:  2025-03-22 00:54:52.244645 
Batch 15 / 20  time:  2025-03-22 00:59:05.060723 
Batch 16 / 20  time:  2025-03-22 01:03:18.010058 
Batch 17 / 20  time:  2025-03-22 01:07:31.601733 
Batch 18 / 20  time:  2025-03-22 01:11:44.011914 
Batch 19 / 20  time:  2025-03-22 01:15:56.040836 
Simulation 38 has concluded at: 2025-03-22 01:20:09.481858 
Simulation 39 has began at: 2025-03-22 01:20:09.489567 
Batch 0 / 20  time:  2025-03-22 01:20:09.491966 
Batch 1 / 20  time:  2025-03-22 01:24:21.840934 
Batch 2 / 20  time:  2025-03-22 01:28:34.093802 
Batch 3 / 20  time:  2025-03-22 01:32:47.171269 
Batch 4 / 20  time:  2025-03-22 01:37:00.717235 
Batch 5 / 20  time:  2025-03-22 01:41:16.723805 
Batch 6 / 20  time:  2025-03-22 01:45:28.872535 
Batch 7 / 20  time:  2025-03-22 01:49:41.042897 
Batch 8 / 20  time:  2025-03-22 01:53:53.884323 
Batch 9 / 20  time:  2025-03-22 01:58:06.614235 
Batch 10 / 20  time:  2025-03-22 02:02:19.972666 
Batch 11 / 20  time:  2025-03-22 02:06:32.628828 
Batch 12 / 20  time:  2025-03-22 02:10:45.878442 
Batch 13 / 20  time:  2025-03-22 02:14:59.959051 
Batch 14 / 20  time:  2025-03-22 02:19:16.227998 
Batch 15 / 20  time:  2025-03-22 02:23:29.439203 
Batch 16 / 20  time:  2025-03-22 02:27:41.923748 
Batch 17 / 20  time:  2025-03-22 02:31:55.100577 
Batch 18 / 20  time:  2025-03-22 02:36:08.686406 
Batch 19 / 20  time:  2025-03-22 02:40:21.544656 
Simulation 39 has concluded at: 2025-03-22 02:44:33.470853 
Simulation 40 has began at: 2025-03-22 02:44:33.478789 
Batch 0 / 20  time:  2025-03-22 02:44:33.48123 
Batch 1 / 20  time:  2025-03-22 02:48:45.930579 
Batch 2 / 20  time:  2025-03-22 02:52:58.371131 
Batch 3 / 20  time:  2025-03-22 02:57:10.328692 
Batch 4 / 20  time:  2025-03-22 03:01:23.978986 
Batch 5 / 20  time:  2025-03-22 03:05:37.443556 
Batch 6 / 20  time:  2025-03-22 03:09:49.370464 
Batch 7 / 20  time:  2025-03-22 03:14:02.038099 
Batch 8 / 20  time:  2025-03-22 03:18:14.63096 
Batch 9 / 20  time:  2025-03-22 03:22:26.416019 
Batch 10 / 20  time:  2025-03-22 03:26:38.104175 
Batch 11 / 20  time:  2025-03-22 03:30:51.100053 
Batch 12 / 20  time:  2025-03-22 03:35:03.921292 
Batch 13 / 20  time:  2025-03-22 03:39:16.232491 
Batch 14 / 20  time:  2025-03-22 03:43:28.855916 
Batch 15 / 20  time:  2025-03-22 03:47:41.789081 
Batch 16 / 20  time:  2025-03-22 03:51:54.652338 
Batch 17 / 20  time:  2025-03-22 03:56:07.08569 
Batch 18 / 20  time:  2025-03-22 04:00:21.568005 
Batch 19 / 20  time:  2025-03-22 04:04:37.071658 
Simulation 40 has concluded at: 2025-03-22 04:08:49.853615 
Simulation 41 has began at: 2025-03-22 04:08:49.861606 
Batch 0 / 20  time:  2025-03-22 04:08:49.863801 
Batch 1 / 20  time:  2025-03-22 04:13:01.647378 
Batch 2 / 20  time:  2025-03-22 04:17:15.253486 
Batch 3 / 20  time:  2025-03-22 04:21:27.50206 
Batch 4 / 20  time:  2025-03-22 04:25:40.128622 
Batch 5 / 20  time:  2025-03-22 04:29:53.791489 
Batch 6 / 20  time:  2025-03-22 04:34:07.890608 
Batch 7 / 20  time:  2025-03-22 04:38:20.303127 
Batch 8 / 20  time:  2025-03-22 04:42:33.259341 
Batch 9 / 20  time:  2025-03-22 04:46:45.653184 
Batch 10 / 20  time:  2025-03-22 04:50:58.28028 
Batch 11 / 20  time:  2025-03-22 04:55:11.49161 
Batch 12 / 20  time:  2025-03-22 04:59:24.756577 
Batch 13 / 20  time:  2025-03-22 05:03:41.382691 
Batch 14 / 20  time:  2025-03-22 05:07:55.073131 
Batch 15 / 20  time:  2025-03-22 05:12:07.593744 
Batch 16 / 20  time:  2025-03-22 05:16:21.811489 
Batch 17 / 20  time:  2025-03-22 05:20:34.386984 
Batch 18 / 20  time:  2025-03-22 05:24:46.559086 
Batch 19 / 20  time:  2025-03-22 05:29:00.839738 
Simulation 41 has concluded at: 2025-03-22 05:33:14.765249 
Simulation 42 has began at: 2025-03-22 05:33:14.773982 
Batch 0 / 20  time:  2025-03-22 05:33:14.776581 
Batch 1 / 20  time:  2025-03-22 05:37:27.598618 
Batch 2 / 20  time:  2025-03-22 05:41:39.967533 
Batch 3 / 20  time:  2025-03-22 05:45:52.310374 
Batch 4 / 20  time:  2025-03-22 05:50:04.375078 
Batch 5 / 20  time:  2025-03-22 05:54:16.307631 
Batch 6 / 20  time:  2025-03-22 05:58:29.181291 
Batch 7 / 20  time:  2025-03-22 06:02:43.278552 
Batch 8 / 20  time:  2025-03-22 06:06:55.579906 
Batch 9 / 20  time:  2025-03-22 06:11:07.993095 
Batch 10 / 20  time:  2025-03-22 06:15:20.36687 
Batch 11 / 20  time:  2025-03-22 06:19:32.228055 
Batch 12 / 20  time:  2025-03-22 06:23:45.215333 
Batch 13 / 20  time:  2025-03-22 06:28:03.162548 
Batch 14 / 20  time:  2025-03-22 06:32:16.821424 
Batch 15 / 20  time:  2025-03-22 06:36:30.164163 
Batch 16 / 20  time:  2025-03-22 06:40:42.310655 
Batch 17 / 20  time:  2025-03-22 06:44:54.189596 
Batch 18 / 20  time:  2025-03-22 06:49:09.485204 
Batch 19 / 20  time:  2025-03-22 06:53:23.962818 
Simulation 42 has concluded at: 2025-03-22 06:57:35.968914 
Simulation 43 has began at: 2025-03-22 06:57:35.977294 
Batch 0 / 20  time:  2025-03-22 06:57:35.979538 
Batch 1 / 20  time:  2025-03-22 07:01:49.173169 
Batch 2 / 20  time:  2025-03-22 07:06:02.044529 
Batch 3 / 20  time:  2025-03-22 07:10:14.296542 
Batch 4 / 20  time:  2025-03-22 07:14:27.225673 
Batch 5 / 20  time:  2025-03-22 07:18:39.083362 
Batch 6 / 20  time:  2025-03-22 07:22:52.084627 
Batch 7 / 20  time:  2025-03-22 07:27:05.114977 
Batch 8 / 20  time:  2025-03-22 07:31:18.228766 
Batch 9 / 20  time:  2025-03-22 07:35:32.021056 
Batch 10 / 20  time:  2025-03-22 07:39:44.563632 
Batch 11 / 20  time:  2025-03-22 07:43:57.168306 
Batch 12 / 20  time:  2025-03-22 07:48:09.364662 
Batch 13 / 20  time:  2025-03-22 07:52:21.798596 
Batch 14 / 20  time:  2025-03-22 07:56:33.847928 
Batch 15 / 20  time:  2025-03-22 08:00:45.12813 
Batch 16 / 20  time:  2025-03-22 08:04:58.31164 
Batch 17 / 20  time:  2025-03-22 08:09:10.877047 
Batch 18 / 20  time:  2025-03-22 08:13:24.014315 
Batch 19 / 20  time:  2025-03-22 08:17:36.556712 
Simulation 43 has concluded at: 2025-03-22 08:21:48.967737 
Simulation 44 has began at: 2025-03-22 08:21:48.976072 
Batch 0 / 20  time:  2025-03-22 08:21:48.978414 
Batch 1 / 20  time:  2025-03-22 08:26:00.938396 
Batch 2 / 20  time:  2025-03-22 08:30:14.561947 
Batch 3 / 20  time:  2025-03-22 08:34:28.06237 
Batch 4 / 20  time:  2025-03-22 08:38:45.736596 
Batch 5 / 20  time:  2025-03-22 08:43:02.469452 
Batch 6 / 20  time:  2025-03-22 08:47:15.846137 
Batch 7 / 20  time:  2025-03-22 08:51:30.505112 
Batch 8 / 20  time:  2025-03-22 08:55:44.893856 
Batch 9 / 20  time:  2025-03-22 08:59:58.570482 
Batch 10 / 20  time:  2025-03-22 09:04:13.929144 
Batch 11 / 20  time:  2025-03-22 09:08:32.270185 
Batch 12 / 20  time:  2025-03-22 09:12:45.949572 
Batch 13 / 20  time:  2025-03-22 09:17:01.775482 
Batch 14 / 20  time:  2025-03-22 09:21:16.535566 
Batch 15 / 20  time:  2025-03-22 09:25:28.666387 
