Sat Mar 22 10:43:40 -05 2025: Cargando módulo python/3.6.0_miniconda-4.3.11_gcc-11.2.0
Sat Mar 22 10:43:40 -05 2025: activando venv abc4sfa
Sat Mar 22 10:43:40 -05 2025: Ejecutando Rscript tristeza_empirica/jobs/main_app_name=indonesianRice_time_limit_minutes=20000.R
[1] "/home/jdrengifoc/auto_apolo"
===========================================
Running ABC pipeline for application: indonesianRice 
OLS regression summary:

Call:
lm(formula = as.formula(formula_spec), data = data)

Residuals:
     Min       1Q   Median       3Q      Max 
-1.07569 -0.23715  0.01373  0.22644  1.44372 

Coefficients:
            Estimate Std. Error t value Pr(>|t|)    
(Intercept)  4.74806    0.19001  24.989  < 2e-16 ***
l_seed       0.15095    0.02650   5.697 1.59e-08 ***
l_urea       0.17341    0.01557  11.135  < 2e-16 ***
l_labour     0.25636    0.02868   8.940  < 2e-16 ***
l_land       0.43606    0.03051  14.290  < 2e-16 ***
DPTRUE       0.06170    0.02534   2.435   0.0151 *  
DV1TRUE      0.10582    0.02599   4.071 5.04e-05 ***
DV2TRUE      0.11323    0.05218   2.170   0.0302 *  
DSS          0.05126    0.02247   2.281   0.0227 *  
---
Signif. codes:  0 ‘***’ 0.001 ‘**’ 0.01 ‘*’ 0.05 ‘.’ 0.1 ‘ ’ 1

Residual standard error: 0.3525 on 1017 degrees of freedom
Multiple R-squared:  0.8753,	Adjusted R-squared:  0.8744 
F-statistic: 892.7 on 8 and 1017 DF,  p-value: < 2.2e-16

Observed summary statistics:
[1]  1.167895e-18  9.122601e-03  1.151608e-01 -3.364513e-03  4.656717e-02
Starting Accept-Reject ABC (AR) simulation...
AR chunk completed. Elapsed time: 11981.1 seconds
AR chunk completed. Elapsed time: 22900 seconds
AR chunk completed. Elapsed time: 33542.5 seconds
AR chunk completed. Elapsed time: 44095 seconds
AR chunk completed. Elapsed time: 54562.1 seconds
AR chunk completed. Elapsed time: 65027.4 seconds
AR chunk completed. Elapsed time: 75509.1 seconds
AR chunk completed. Elapsed time: 85945.8 seconds
AR chunk completed. Elapsed time: 96450.9 seconds
AR chunk completed. Elapsed time: 106934.6 seconds
AR chunk completed. Elapsed time: 117480.9 seconds
AR chunk completed. Elapsed time: 128046.8 seconds
AR chunk completed. Elapsed time: 138549 seconds
AR chunk completed. Elapsed time: 149057 seconds
AR chunk completed. Elapsed time: 159560.4 seconds
AR chunk completed. Elapsed time: 170057.3 seconds
AR chunk completed. Elapsed time: 180634.1 seconds
AR chunk completed. Elapsed time: 191048 seconds
AR chunk completed. Elapsed time: 201355.6 seconds
AR chunk completed. Elapsed time: 211559 seconds
AR chunk completed. Elapsed time: 221714 seconds
AR chunk completed. Elapsed time: 231795.6 seconds
AR chunk completed. Elapsed time: 241873.7 seconds
AR chunk completed. Elapsed time: 251956.4 seconds
AR chunk completed. Elapsed time: 262011.9 seconds
AR chunk completed. Elapsed time: 272087.1 seconds
