Sat Mar 22 10:43:40 -05 2025: Cargando módulo python/3.6.0_miniconda-4.3.11_gcc-11.2.0
Sat Mar 22 10:43:40 -05 2025: activando venv abc4sfa
Sat Mar 22 10:43:40 -05 2025: Ejecutando Rscript tristeza_empirica/jobs/main_app_name=spainDairy_time_limit_minutes=1800.R
[1] "/home/jdrengifoc/auto_apolo"
===========================================
Running ABC pipeline for application: spainDairy 
OLS regression summary:

Call:
lm(formula = as.formula(formula_spec), data = data)

Residuals:
     Min       1Q   Median       3Q      Max 
-0.58477 -0.07945  0.01169  0.09606  0.58481 

Coefficients:
            Estimate Std. Error  t value Pr(>|t|)    
(Intercept) 11.54705    0.01091 1058.706  < 2e-16 ***
X1           0.61447    0.02200   27.924  < 2e-16 ***
X2           0.01396    0.01168    1.195 0.232404    
X3           0.02771    0.01362    2.034 0.042107 *  
X4           0.44527    0.01238   35.977  < 2e-16 ***
X11          0.47106    0.14292    3.296 0.001004 ** 
X12         -0.08674    0.06160   -1.408 0.159333    
X13          0.19530    0.07250    2.694 0.007145 ** 
X14         -0.28287    0.07550   -3.747 0.000186 ***
X22         -0.08088    0.04924   -1.643 0.100691    
X23         -0.01240    0.04326   -0.287 0.774450    
X24          0.05551    0.03095    1.793 0.073110 .  
X33         -0.05034    0.09239   -0.545 0.585946    
X34         -0.06343    0.04039   -1.570 0.116596    
X44          0.17441    0.04555    3.829 0.000134 ***
YEAR_94      0.01690    0.01252    1.350 0.177224    
YEAR_95      0.03102    0.01263    2.457 0.014143 *  
YEAR_96      0.02864    0.01273    2.251 0.024554 *  
YEAR_97      0.02484    0.01283    1.936 0.053094 .  
YEAR_98      0.03391    0.01294    2.619 0.008901 ** 
---
Signif. codes:  0 ‘***’ 0.001 ‘**’ 0.01 ‘*’ 0.05 ‘.’ 0.1 ‘ ’ 1

Residual standard error: 0.1386 on 1462 degrees of freedom
Multiple R-squared:  0.9542,	Adjusted R-squared:  0.9536 
F-statistic:  1602 on 19 and 1462 DF,  p-value: < 2.2e-16

Observed summary statistics:
[1]  6.092613e-19  1.246085e-02  6.762830e-03 -1.129532e-03  1.364566e-03
Starting Accept-Reject ABC (AR) simulation...
AR chunk completed. Elapsed time: 24391.6 seconds
AR chunk completed. Elapsed time: 47396.4 seconds
AR chunk completed. Elapsed time: 70138.4 seconds
AR chunk completed. Elapsed time: 92838.9 seconds
AR chunk completed. Elapsed time: 115659 seconds
Starting MCMC ABC simulation...
MCMC chunk completed. Elapsed time: 67731.8 seconds
MCMC chunk completed. Elapsed time: 133475.2 seconds
Starting SMC ABC simulation...
