Sun Apr  6 12:32:29 -05 2025: Cargando módulo python/3.6.0_miniconda-4.3.11_gcc-11.2.0
Sun Apr  6 12:32:29 -05 2025: activando venv abc4sfa
Sun Apr  6 12:32:29 -05 2025: Ejecutando Rscript abc4sfa/2_empirical_applications/jobs/main_app_name=usElectricity_time_limit_minutes=900.R
===========================================
Running ABC pipeline for application: usElectricity 
OLS regression summary:

Call:
lm(formula = as.formula(formula_spec), data = data)

Residuals:
     Min       1Q   Median       3Q      Max 
-1.09165 -0.12353  0.05194  0.17800  0.49278 

Coefficients:
                    Estimate Std. Error t value Pr(>|t|)    
(Intercept)          6.97690    1.90638   3.660 0.000270 ***
l_fuel              -0.29748    0.38266  -0.777 0.437155    
l_labor              2.08515    0.31681   6.582 8.59e-11 ***
l_k                 -0.40203    0.45336  -0.887 0.375476    
I(0.5 * l_fuel^2)   -0.28187    0.06562  -4.295 1.97e-05 ***
I(l_fuel * l_labor)  0.03296    0.05889   0.560 0.575875    
I(l_fuel * l_k)      0.28790    0.06074   4.740 2.55e-06 ***
I(0.5 * l_labor^2)   0.11167    0.05225   2.137 0.032879 *  
I(l_labor * l_k)    -0.23954    0.05604  -4.275 2.16e-05 ***
I(0.5 * l_k^2)      -0.06028    0.08400  -0.718 0.473185    
year_87              0.09867    0.04247   2.323 0.020412 *  
year_88              0.08727    0.04234   2.061 0.039629 *  
year_89              0.14496    0.04243   3.417 0.000667 ***
year_90              0.14564    0.04239   3.436 0.000622 ***
year_91              0.13183    0.04241   3.108 0.001950 ** 
year_92              0.12897    0.04253   3.032 0.002507 ** 
year_93              0.11695    0.04257   2.747 0.006150 ** 
year_94              0.14870    0.04276   3.477 0.000535 ***
year_95              0.16226    0.04316   3.760 0.000183 ***
year_96              0.20236    0.04354   4.647 3.95e-06 ***
---
Signif. codes:  0 ‘***’ 0.001 ‘**’ 0.01 ‘*’ 0.05 ‘.’ 0.1 ‘ ’ 1

Residual standard error: 0.2533 on 771 degrees of freedom
Multiple R-squared:  0.9278,	Adjusted R-squared:  0.926 
F-statistic: 521.2 on 19 and 771 DF,  p-value: < 2.2e-16

Observed summary statistics:
[1]  1.998270e-18  5.035337e-02  1.380994e-02 -1.682214e-02  1.700320e-02
Starting SMC ABC simulation...
