Tue Mar 25 22:38:35 -05 2025: Cargando módulo python/3.6.0_miniconda-4.3.11_gcc-11.2.0
Tue Mar 25 22:38:35 -05 2025: activando venv abc4sfa
Tue Mar 25 22:38:35 -05 2025: Ejecutando Rscript abc4sfa/2_empirical_applications/jobs/main_app_name=swissRailWays_time_limit_minutes=20000.R
===========================================
Running ABC pipeline for application: swissRailWays 
OLS regression summary:

Call:
lm(formula = as.formula(formula_spec), data = data)

Residuals:
     Min       1Q   Median       3Q      Max 
-0.61614 -0.21961 -0.01386  0.18123  0.90094 

Coefficients:
             Estimate Std. Error t value Pr(>|t|)    
(Intercept) -8.782396   1.141383  -7.695 6.05e-14 ***
LNQ2         0.496475   0.017716  28.024  < 2e-16 ***
LNQ3         0.036456   0.006600   5.524 4.99e-08 ***
LNNET        0.414493   0.035493  11.678  < 2e-16 ***
LNSTOP      -0.118820   0.039379  -3.017  0.00266 ** 
LNPK         0.181311   0.030527   5.939 4.91e-09 ***
LNPL         0.656586   0.088486   7.420 4.13e-13 ***
YEAR_86      0.007664   0.062983   0.122  0.90319    
YEAR_87     -0.010728   0.063037  -0.170  0.86493    
YEAR_88      0.002466   0.063160   0.039  0.96887    
YEAR_89      0.022099   0.063435   0.348  0.72768    
YEAR_90      0.016295   0.063961   0.255  0.79900    
YEAR_91      0.014238   0.064607   0.220  0.82566    
YEAR_92      0.033358   0.064518   0.517  0.60533    
YEAR_93      0.012870   0.063637   0.202  0.83979    
YEAR_94     -0.009963   0.063316  -0.157  0.87502    
YEAR_95      0.012072   0.063819   0.189  0.85003    
YEAR_96      0.011549   0.064547   0.179  0.85806    
YEAR_97      0.012444   0.067061   0.186  0.85285    
---
Signif. codes:  0 ‘***’ 0.001 ‘**’ 0.01 ‘*’ 0.05 ‘.’ 0.1 ‘ ’ 1

Residual standard error: 0.3052 on 586 degrees of freedom
Multiple R-squared:  0.9255,	Adjusted R-squared:  0.9232 
F-statistic: 404.6 on 18 and 586 DF,  p-value: < 2.2e-16

Observed summary statistics:
[1] 2.962650e-18 8.344611e-02 9.712792e-03 1.131080e-02 2.403833e-02
Starting Accept-Reject ABC (AR) simulation...
AR chunk completed. Elapsed time: 20750.8 seconds
AR chunk completed. Elapsed time: 40389.9 seconds
AR chunk completed. Elapsed time: 59735.4 seconds
AR chunk completed. Elapsed time: 79050.2 seconds
AR chunk completed. Elapsed time: 98409.1 seconds
AR chunk completed. Elapsed time: 117769.8 seconds
AR chunk completed. Elapsed time: 137051.1 seconds
AR chunk completed. Elapsed time: 156329 seconds
AR chunk completed. Elapsed time: 175621.9 seconds
AR chunk completed. Elapsed time: 194890.2 seconds
AR chunk completed. Elapsed time: 214151.8 seconds
AR chunk completed. Elapsed time: 233436.4 seconds
AR chunk completed. Elapsed time: 252755.6 seconds
AR chunk completed. Elapsed time: 272047.6 seconds
AR chunk completed. Elapsed time: 291336.9 seconds
AR chunk completed. Elapsed time: 310635.9 seconds
AR chunk completed. Elapsed time: 329946 seconds
AR chunk completed. Elapsed time: 349223.8 seconds
AR chunk completed. Elapsed time: 368417.7 seconds
AR chunk completed. Elapsed time: 387593.7 seconds
AR chunk completed. Elapsed time: 406737.9 seconds
AR chunk completed. Elapsed time: 425829.8 seconds
