Tue Mar 25 22:38:35 -05 2025: Cargando módulo python/3.6.0_miniconda-4.3.11_gcc-11.2.0
Tue Mar 25 22:38:35 -05 2025: activando venv abc4sfa
Tue Mar 25 22:38:35 -05 2025: Ejecutando Rscript abc4sfa/2_empirical_applications/jobs/main_app_name=indonesianRice_time_limit_minutes=20000.R
===========================================
Running ABC pipeline for application: indonesianRice 
OLS regression summary:

Call:
lm(formula = as.formula(formula_spec), data = data)

Residuals:
     Min       1Q   Median       3Q      Max 
-1.07569 -0.23715  0.01373  0.22644  1.44372 

Coefficients:
            Estimate Std. Error t value Pr(>|t|)    
(Intercept)  4.74806    0.19001  24.989  < 2e-16 ***
l_seed       0.15095    0.02650   5.697 1.59e-08 ***
l_urea       0.17341    0.01557  11.135  < 2e-16 ***
l_labour     0.25636    0.02868   8.940  < 2e-16 ***
l_land       0.43606    0.03051  14.290  < 2e-16 ***
DPTRUE       0.06170    0.02534   2.435   0.0151 *  
DV1TRUE      0.10582    0.02599   4.071 5.04e-05 ***
DV2TRUE      0.11323    0.05218   2.170   0.0302 *  
DSS          0.05126    0.02247   2.281   0.0227 *  
---
Signif. codes:  0 ‘***’ 0.001 ‘**’ 0.01 ‘*’ 0.05 ‘.’ 0.1 ‘ ’ 1

Residual standard error: 0.3525 on 1017 degrees of freedom
Multiple R-squared:  0.8753,	Adjusted R-squared:  0.8744 
F-statistic: 892.7 on 8 and 1017 DF,  p-value: < 2.2e-16

Observed summary statistics:
[1]  1.167895e-18  9.122601e-03  1.151608e-01 -3.364513e-03  4.656717e-02
Starting Accept-Reject ABC (AR) simulation...
AR chunk completed. Elapsed time: 10971.2 seconds
AR chunk completed. Elapsed time: 21308.7 seconds
AR chunk completed. Elapsed time: 31625.2 seconds
AR chunk completed. Elapsed time: 41719.5 seconds
AR chunk completed. Elapsed time: 51784.5 seconds
AR chunk completed. Elapsed time: 61853.1 seconds
AR chunk completed. Elapsed time: 71931.9 seconds
AR chunk completed. Elapsed time: 81998.8 seconds
AR chunk completed. Elapsed time: 92075.6 seconds
AR chunk completed. Elapsed time: 102163.5 seconds
AR chunk completed. Elapsed time: 112271.5 seconds
AR chunk completed. Elapsed time: 122347.5 seconds
AR chunk completed. Elapsed time: 132413.3 seconds
AR chunk completed. Elapsed time: 142457 seconds
AR chunk completed. Elapsed time: 152507.1 seconds
AR chunk completed. Elapsed time: 162551.7 seconds
AR chunk completed. Elapsed time: 172600.8 seconds
AR chunk completed. Elapsed time: 182649.4 seconds
AR chunk completed. Elapsed time: 192702.3 seconds
AR chunk completed. Elapsed time: 202757.2 seconds
AR chunk completed. Elapsed time: 212814.6 seconds
AR chunk completed. Elapsed time: 222870 seconds
AR chunk completed. Elapsed time: 232929.7 seconds
AR chunk completed. Elapsed time: 242991.3 seconds
AR chunk completed. Elapsed time: 253060.3 seconds
AR chunk completed. Elapsed time: 263123.1 seconds
AR chunk completed. Elapsed time: 273185.5 seconds
AR chunk completed. Elapsed time: 283256.6 seconds
AR chunk completed. Elapsed time: 293320.5 seconds
AR chunk completed. Elapsed time: 303395.9 seconds
AR chunk completed. Elapsed time: 313465.8 seconds
AR chunk completed. Elapsed time: 323538 seconds
AR chunk completed. Elapsed time: 333603.3 seconds
AR chunk completed. Elapsed time: 343653.3 seconds
AR chunk completed. Elapsed time: 353683.6 seconds
AR chunk completed. Elapsed time: 363692.2 seconds
AR chunk completed. Elapsed time: 373684.7 seconds
AR chunk completed. Elapsed time: 383654.7 seconds
AR chunk completed. Elapsed time: 393626.8 seconds
AR chunk completed. Elapsed time: 403584.7 seconds
AR chunk completed. Elapsed time: 413544.4 seconds
AR chunk completed. Elapsed time: 423499.9 seconds
