Tue Mar 25 22:38:35 -05 2025: Cargando módulo python/3.6.0_miniconda-4.3.11_gcc-11.2.0
Tue Mar 25 22:38:35 -05 2025: activando venv abc4sfa
Tue Mar 25 22:38:35 -05 2025: Ejecutando Rscript abc4sfa/2_empirical_applications/jobs/main_app_name=usBanks_time_limit_minutes=20000.R
===========================================
Running ABC pipeline for application: usBanks 
OLS regression summary:

Call:
lm(formula = as.formula(formula_spec), data = data)

Residuals:
     Min       1Q   Median       3Q      Max 
-0.88959 -0.12510  0.00173  0.12689  1.04174 

Coefficients:
                            Estimate Std. Error t value Pr(>|t|)    
(Intercept)                -1.256921   0.994832  -1.263 0.206697    
log(w1/w3)                  1.082712   0.220183   4.917 1.01e-06 ***
log(w2/w3)                  0.893897   0.114784   7.788 1.58e-14 ***
I((log(w1/w3))^2)          -0.039383   0.018432  -2.137 0.032852 *  
I((log(w2/w3))^2)           0.032740   0.004937   6.631 5.22e-11 ***
I(log(w1/w3) * log(w2/w3)) -0.067339   0.015255  -4.414 1.11e-05 ***
log(y1)                    -0.015282   0.106485  -0.144 0.885909    
log(y2)                    -0.331205   0.165460  -2.002 0.045562 *  
log(y3)                     1.129049   0.204104   5.532 3.97e-08 ***
log(y4)                    -0.227738   0.292347  -0.779 0.436149    
log(y5)                     0.220166   0.140771   1.564 0.118108    
I((log(y1))^2)              0.009061   0.003083   2.939 0.003364 ** 
I((log(y2))^2)              0.034058   0.010544   3.230 0.001275 ** 
I((log(y3))^2)             -0.009154   0.022984  -0.398 0.690495    
I((log(y4))^2)             -0.143699   0.042596  -3.374 0.000768 ***
I((log(y5))^2)             -0.013288   0.006816  -1.950 0.051469 .  
I(log(y1) * log(y2))       -0.061493   0.014095  -4.363 1.41e-05 ***
I(log(y1) * log(y3))       -0.025565   0.011861  -2.155 0.031358 *  
I(log(y1) * log(y4))        0.052663   0.019831   2.656 0.008032 ** 
I(log(y1) * log(y5))        0.024077   0.007408   3.250 0.001189 ** 
I(log(y2) * log(y3))       -0.032726   0.027285  -1.199 0.230628    
I(log(y2) * log(y4))        0.093407   0.034304   2.723 0.006574 ** 
I(log(y2) * log(y5))       -0.023064   0.015158  -1.522 0.128412    
I(log(y3) * log(y4))        0.077767   0.055968   1.389 0.164968    
I(log(y3) * log(y5))        0.016298   0.015224   1.071 0.284626    
I(log(y4) * log(y5))        0.003702   0.024994   0.148 0.882278    
I(log(y1) * log(w1/w3))     0.036889   0.012506   2.950 0.003249 ** 
I(log(y1) * log(w2/w3))     0.022211   0.008191   2.712 0.006798 ** 
I(log(y2) * log(w1/w3))     0.010743   0.024759   0.434 0.664449    
I(log(y2) * log(w2/w3))    -0.002364   0.014645  -0.161 0.871817    
I(log(y3) * log(w1/w3))    -0.120755   0.030150  -4.005 6.62e-05 ***
I(log(y3) * log(w2/w3))     0.187210   0.016953  11.043  < 2e-16 ***
I(log(y4) * log(w1/w3))     0.115461   0.038102   3.030 0.002500 ** 
I(log(y4) * log(w2/w3))    -0.109978   0.024001  -4.582 5.13e-06 ***
I(log(y5) * log(w1/w3))    -0.044972   0.018461  -2.436 0.015007 *  
I(log(y5) * log(w2/w3))    -0.101903   0.011520  -8.846  < 2e-16 ***
trend                      -0.044952   0.003936 -11.422  < 2e-16 ***
---
Signif. codes:  0 ‘***’ 0.001 ‘**’ 0.01 ‘*’ 0.05 ‘.’ 0.1 ‘ ’ 1

Residual standard error: 0.2237 on 1091 degrees of freedom
Multiple R-squared:  0.9733,	Adjusted R-squared:  0.9724 
F-statistic:  1105 on 36 and 1091 DF,  p-value: < 2.2e-16

Observed summary statistics:
[1] 1.868951e-18 2.734397e-02 2.271415e-02 1.845330e-03 1.143514e-02
Starting Accept-Reject ABC (AR) simulation...
AR chunk completed. Elapsed time: 23330 seconds
AR chunk completed. Elapsed time: 45266.6 seconds
AR chunk completed. Elapsed time: 66892.3 seconds
AR chunk completed. Elapsed time: 88502.5 seconds
AR chunk completed. Elapsed time: 110187.5 seconds
AR chunk completed. Elapsed time: 131806.2 seconds
AR chunk completed. Elapsed time: 153352.6 seconds
AR chunk completed. Elapsed time: 174880.2 seconds
AR chunk completed. Elapsed time: 196448.2 seconds
AR chunk completed. Elapsed time: 217978.5 seconds
AR chunk completed. Elapsed time: 239568.7 seconds
AR chunk completed. Elapsed time: 261127.2 seconds
AR chunk completed. Elapsed time: 282714.3 seconds
AR chunk completed. Elapsed time: 304273.9 seconds
AR chunk completed. Elapsed time: 325878.6 seconds
AR chunk completed. Elapsed time: 347431.9 seconds
AR chunk completed. Elapsed time: 368871.6 seconds
AR chunk completed. Elapsed time: 390216.1 seconds
AR chunk completed. Elapsed time: 411527 seconds
AR chunk completed. Elapsed time: 432794.5 seconds
